/home/rod-0310/Escritorio/examen_ws/install/ejer2_py/lib/python3.10/site-packages/ejer2_py/nodo5.py
/home/rod-0310/Escritorio/examen_ws/install/ejer2_py/lib/python3.10/site-packages/ejer2_py/nodo3.py
/home/rod-0310/Escritorio/examen_ws/install/ejer2_py/lib/python3.10/site-packages/ejer2_py/__init__.py
/home/rod-0310/Escritorio/examen_ws/install/ejer2_py/lib/python3.10/site-packages/ejer2_py/nodo2.py
/home/rod-0310/Escritorio/examen_ws/install/ejer2_py/lib/python3.10/site-packages/ejer2_py/nodo1.py
/home/rod-0310/Escritorio/examen_ws/install/ejer2_py/lib/python3.10/site-packages/ejer2_py/nodo4.py
/home/rod-0310/Escritorio/examen_ws/install/ejer2_py/lib/python3.10/site-packages/ejer2_py/__pycache__/nodo5.cpython-310.pyc
/home/rod-0310/Escritorio/examen_ws/install/ejer2_py/lib/python3.10/site-packages/ejer2_py/__pycache__/nodo3.cpython-310.pyc
/home/rod-0310/Escritorio/examen_ws/install/ejer2_py/lib/python3.10/site-packages/ejer2_py/__pycache__/__init__.cpython-310.pyc
/home/rod-0310/Escritorio/examen_ws/install/ejer2_py/lib/python3.10/site-packages/ejer2_py/__pycache__/nodo2.cpython-310.pyc
/home/rod-0310/Escritorio/examen_ws/install/ejer2_py/lib/python3.10/site-packages/ejer2_py/__pycache__/nodo1.cpython-310.pyc
/home/rod-0310/Escritorio/examen_ws/install/ejer2_py/lib/python3.10/site-packages/ejer2_py/__pycache__/nodo4.cpython-310.pyc
/home/rod-0310/Escritorio/examen_ws/install/ejer2_py/share/ament_index/resource_index/packages/ejer2_py
/home/rod-0310/Escritorio/examen_ws/install/ejer2_py/share/ejer2_py/package.xml
/home/rod-0310/Escritorio/examen_ws/install/ejer2_py/lib/python3.10/site-packages/ejer2_py-0.0.0-py3.10.egg-info/top_level.txt
/home/rod-0310/Escritorio/examen_ws/install/ejer2_py/lib/python3.10/site-packages/ejer2_py-0.0.0-py3.10.egg-info/dependency_links.txt
/home/rod-0310/Escritorio/examen_ws/install/ejer2_py/lib/python3.10/site-packages/ejer2_py-0.0.0-py3.10.egg-info/requires.txt
/home/rod-0310/Escritorio/examen_ws/install/ejer2_py/lib/python3.10/site-packages/ejer2_py-0.0.0-py3.10.egg-info/SOURCES.txt
/home/rod-0310/Escritorio/examen_ws/install/ejer2_py/lib/python3.10/site-packages/ejer2_py-0.0.0-py3.10.egg-info/entry_points.txt
/home/rod-0310/Escritorio/examen_ws/install/ejer2_py/lib/python3.10/site-packages/ejer2_py-0.0.0-py3.10.egg-info/PKG-INFO
/home/rod-0310/Escritorio/examen_ws/install/ejer2_py/lib/python3.10/site-packages/ejer2_py-0.0.0-py3.10.egg-info/zip-safe
/home/rod-0310/Escritorio/examen_ws/install/ejer2_py/lib/ejer2_py/filtro
/home/rod-0310/Escritorio/examen_ws/install/ejer2_py/lib/ejer2_py/sensor_1
/home/rod-0310/Escritorio/examen_ws/install/ejer2_py/lib/ejer2_py/sensor_2
/home/rod-0310/Escritorio/examen_ws/install/ejer2_py/lib/ejer2_py/sensor_3
/home/rod-0310/Escritorio/examen_ws/install/ejer2_py/lib/ejer2_py/sensor_prom
