[0.555s] Invoking command in '/home/rod-0310/Escritorio/examen_ws/src/ejer3_py': AMENT_PREFIX_PATH=/home/rod-0310/Escritorio/examen_ws/install/examen_interface:${AMENT_PREFIX_PATH} CMAKE_PREFIX_PATH=/home/rod-0310/Escritorio/examen_ws/install/examen_interface LD_LIBRARY_PATH=/home/rod-0310/Escritorio/examen_ws/install/examen_interface/lib:${LD_LIBRARY_PATH} PYTHONPATH=/home/rod-0310/Escritorio/examen_ws/build/ejer3_py/prefix_override:/usr/lib/python3/dist-packages/colcon_core/task/python/colcon_distutils_commands:/home/rod-0310/Escritorio/examen_ws/install/ejer3_py/lib/python3.10/site-packages:/home/rod-0310/Escritorio/examen_ws/install/examen_interface/local/lib/python3.10/dist-packages:${PYTHONPATH} /usr/bin/python3 -W ignore:setup.py install is deprecated -W ignore:easy_install command is deprecated setup.py egg_info --egg-base ../../build/ejer3_py build --build-base /home/rod-0310/Escritorio/examen_ws/build/ejer3_py/build install --record /home/rod-0310/Escritorio/examen_ws/build/ejer3_py/install.log --single-version-externally-managed install_data
[0.699s] running egg_info
[0.700s] writing ../../build/ejer3_py/ejer3_py.egg-info/PKG-INFO
[0.700s] writing dependency_links to ../../build/ejer3_py/ejer3_py.egg-info/dependency_links.txt
[0.700s] writing entry points to ../../build/ejer3_py/ejer3_py.egg-info/entry_points.txt
[0.700s] writing requirements to ../../build/ejer3_py/ejer3_py.egg-info/requires.txt
[0.700s] writing top-level names to ../../build/ejer3_py/ejer3_py.egg-info/top_level.txt
[0.701s] reading manifest file '../../build/ejer3_py/ejer3_py.egg-info/SOURCES.txt'
[0.702s] adding license file 'LICENSE'
[0.702s] writing manifest file '../../build/ejer3_py/ejer3_py.egg-info/SOURCES.txt'
[0.702s] running build
[0.702s] running build_py
[0.703s] running install
[0.703s] running install_lib
[0.703s] running install_data
[0.703s] running install_egg_info
[0.704s] removing '/home/rod-0310/Escritorio/examen_ws/install/ejer3_py/lib/python3.10/site-packages/ejer3_py-0.0.0-py3.10.egg-info' (and everything under it)
[0.704s] Copying ../../build/ejer3_py/ejer3_py.egg-info to /home/rod-0310/Escritorio/examen_ws/install/ejer3_py/lib/python3.10/site-packages/ejer3_py-0.0.0-py3.10.egg-info
[0.704s] running install_scripts
[0.718s] Installing KinematicsClient script to /home/rod-0310/Escritorio/examen_ws/install/ejer3_py/lib/ejer3_py
[0.718s] Installing KinematicsServer script to /home/rod-0310/Escritorio/examen_ws/install/ejer3_py/lib/ejer3_py
[0.718s] writing list of installed files to '/home/rod-0310/Escritorio/examen_ws/build/ejer3_py/install.log'
[0.736s] Invoked command in '/home/rod-0310/Escritorio/examen_ws/src/ejer3_py' returned '0': AMENT_PREFIX_PATH=/home/rod-0310/Escritorio/examen_ws/install/examen_interface:${AMENT_PREFIX_PATH} CMAKE_PREFIX_PATH=/home/rod-0310/Escritorio/examen_ws/install/examen_interface LD_LIBRARY_PATH=/home/rod-0310/Escritorio/examen_ws/install/examen_interface/lib:${LD_LIBRARY_PATH} PYTHONPATH=/home/rod-0310/Escritorio/examen_ws/build/ejer3_py/prefix_override:/usr/lib/python3/dist-packages/colcon_core/task/python/colcon_distutils_commands:/home/rod-0310/Escritorio/examen_ws/install/ejer3_py/lib/python3.10/site-packages:/home/rod-0310/Escritorio/examen_ws/install/examen_interface/local/lib/python3.10/dist-packages:${PYTHONPATH} /usr/bin/python3 -W ignore:setup.py install is deprecated -W ignore:easy_install command is deprecated setup.py egg_info --egg-base ../../build/ejer3_py build --build-base /home/rod-0310/Escritorio/examen_ws/build/ejer3_py/build install --record /home/rod-0310/Escritorio/examen_ws/build/ejer3_py/install.log --single-version-externally-managed install_data
