-- The C compiler identification is GNU 11.4.0
-- The CXX compiler identification is GNU 11.4.0
-- Detecting C compiler ABI info
-- Detecting C compiler ABI info - done
-- Check for working C compiler: /usr/bin/cc - skipped
-- Detecting C compile features
-- Detecting C compile features - done
-- Detecting CXX compiler ABI info
-- Detecting CXX compiler ABI info - done
-- Check for working CXX compiler: /usr/bin/c++ - skipped
-- Detecting CXX compile features
-- Detecting CXX compile features - done
-- Found ament_cmake: 1.3.11 (/opt/ros/humble/share/ament_cmake/cmake)
-- Found Python3: /usr/bin/python3 (found version "3.10.12") found components: Interpreter 
-- Found ament_lint_auto: 0.12.11 (/opt/ros/humble/share/ament_lint_auto/cmake)
-- Added test 'lint_cmake' to check CMake code style
-- Added test 'xmllint' to check XML markup files
-- Configuring done
-- Generating done
-- Build files have been written to: /home/rod-0310/Escritorio/practicasros_ws/build/recursos
-- Install configuration: ""
-- Installing: /home/rod-0310/Escritorio/practicasros_ws/install/recursos/share/ament_index/resource_index/package_run_dependencies/recursos
-- Installing: /home/rod-0310/Escritorio/practicasros_ws/install/recursos/share/ament_index/resource_index/parent_prefix_path/recursos
-- Installing: /home/rod-0310/Escritorio/practicasros_ws/install/recursos/share/recursos/environment/ament_prefix_path.sh
-- Installing: /home/rod-0310/Escritorio/practicasros_ws/install/recursos/share/recursos/environment/ament_prefix_path.dsv
-- Installing: /home/rod-0310/Escritorio/practicasros_ws/install/recursos/share/recursos/environment/path.sh
-- Installing: /home/rod-0310/Escritorio/practicasros_ws/install/recursos/share/recursos/environment/path.dsv
-- Installing: /home/rod-0310/Escritorio/practicasros_ws/install/recursos/share/recursos/local_setup.bash
-- Installing: /home/rod-0310/Escritorio/practicasros_ws/install/recursos/share/recursos/local_setup.sh
-- Installing: /home/rod-0310/Escritorio/practicasros_ws/install/recursos/share/recursos/local_setup.zsh
-- Installing: /home/rod-0310/Escritorio/practicasros_ws/install/recursos/share/recursos/local_setup.dsv
-- Installing: /home/rod-0310/Escritorio/practicasros_ws/install/recursos/share/recursos/package.dsv
-- Installing: /home/rod-0310/Escritorio/practicasros_ws/install/recursos/share/ament_index/resource_index/packages/recursos
-- Installing: /home/rod-0310/Escritorio/practicasros_ws/install/recursos/share/recursos/cmake/recursosConfig.cmake
-- Installing: /home/rod-0310/Escritorio/practicasros_ws/install/recursos/share/recursos/cmake/recursosConfig-version.cmake
-- Installing: /home/rod-0310/Escritorio/practicasros_ws/install/recursos/share/recursos/package.xml
