[0.474s] Invoking command in '/home/rod-0310/Escritorio/practicasros_ws/build/recursos': CMAKE_PREFIX_PATH=${CMAKE_PREFIX_PATH}:/home/rod-0310/Escritorio/practicasros_ws/src/install/practica1:/home/rod-0310/Escritorio/practicasros_ws/src/install/ejercicio3:/home/rod-0310/Escritorio/practicasros_ws/src/install/ejercicio2:/opt/ros/humble /usr/bin/cmake /home/rod-0310/Escritorio/practicasros_ws/src/recursos -DCMAKE_INSTALL_PREFIX=/home/rod-0310/Escritorio/practicasros_ws/install/recursos
[0.519s] -- The C compiler identification is GNU 11.4.0
[0.563s] -- The CXX compiler identification is GNU 11.4.0
[0.571s] -- Detecting C compiler ABI info
[0.634s] -- Detecting C compiler ABI info - done
[0.639s] -- Check for working C compiler: /usr/bin/cc - skipped
[0.639s] -- Detecting C compile features
[0.639s] -- Detecting C compile features - done
[0.642s] -- Detecting CXX compiler ABI info
[0.709s] -- Detecting CXX compiler ABI info - done
[0.714s] -- Check for working CXX compiler: /usr/bin/c++ - skipped
[0.714s] -- Detecting CXX compile features
[0.714s] -- Detecting CXX compile features - done
[0.716s] -- Found ament_cmake: 1.3.11 (/opt/ros/humble/share/ament_cmake/cmake)
[0.828s] -- Found Python3: /usr/bin/python3 (found version "3.10.12") found components: Interpreter 
[0.882s] -- Found ament_lint_auto: 0.12.11 (/opt/ros/humble/share/ament_lint_auto/cmake)
[0.933s] -- Added test 'lint_cmake' to check CMake code style
[0.934s] -- Added test 'xmllint' to check XML markup files
[0.934s] -- Configuring done
[0.936s] -- Generating done
[0.937s] -- Build files have been written to: /home/rod-0310/Escritorio/practicasros_ws/build/recursos
[0.941s] Invoked command in '/home/rod-0310/Escritorio/practicasros_ws/build/recursos' returned '0': CMAKE_PREFIX_PATH=${CMAKE_PREFIX_PATH}:/home/rod-0310/Escritorio/practicasros_ws/src/install/practica1:/home/rod-0310/Escritorio/practicasros_ws/src/install/ejercicio3:/home/rod-0310/Escritorio/practicasros_ws/src/install/ejercicio2:/opt/ros/humble /usr/bin/cmake /home/rod-0310/Escritorio/practicasros_ws/src/recursos -DCMAKE_INSTALL_PREFIX=/home/rod-0310/Escritorio/practicasros_ws/install/recursos
[0.942s] Invoking command in '/home/rod-0310/Escritorio/practicasros_ws/build/recursos': CMAKE_PREFIX_PATH=${CMAKE_PREFIX_PATH}:/home/rod-0310/Escritorio/practicasros_ws/src/install/practica1:/home/rod-0310/Escritorio/practicasros_ws/src/install/ejercicio3:/home/rod-0310/Escritorio/practicasros_ws/src/install/ejercicio2:/opt/ros/humble /usr/bin/cmake --build /home/rod-0310/Escritorio/practicasros_ws/build/recursos -- -j20 -l20
[0.968s] Invoked command in '/home/rod-0310/Escritorio/practicasros_ws/build/recursos' returned '0': CMAKE_PREFIX_PATH=${CMAKE_PREFIX_PATH}:/home/rod-0310/Escritorio/practicasros_ws/src/install/practica1:/home/rod-0310/Escritorio/practicasros_ws/src/install/ejercicio3:/home/rod-0310/Escritorio/practicasros_ws/src/install/ejercicio2:/opt/ros/humble /usr/bin/cmake --build /home/rod-0310/Escritorio/practicasros_ws/build/recursos -- -j20 -l20
[0.969s] Invoking command in '/home/rod-0310/Escritorio/practicasros_ws/build/recursos': CMAKE_PREFIX_PATH=${CMAKE_PREFIX_PATH}:/home/rod-0310/Escritorio/practicasros_ws/src/install/practica1:/home/rod-0310/Escritorio/practicasros_ws/src/install/ejercicio3:/home/rod-0310/Escritorio/practicasros_ws/src/install/ejercicio2:/opt/ros/humble /usr/bin/cmake --install /home/rod-0310/Escritorio/practicasros_ws/build/recursos
[0.978s] -- Install configuration: ""
[0.978s] -- Installing: /home/rod-0310/Escritorio/practicasros_ws/install/recursos/share/ament_index/resource_index/package_run_dependencies/recursos
[0.978s] -- Installing: /home/rod-0310/Escritorio/practicasros_ws/install/recursos/share/ament_index/resource_index/parent_prefix_path/recursos
[0.978s] -- Installing: /home/rod-0310/Escritorio/practicasros_ws/install/recursos/share/recursos/environment/ament_prefix_path.sh
[0.978s] -- Installing: /home/rod-0310/Escritorio/practicasros_ws/install/recursos/share/recursos/environment/ament_prefix_path.dsv
[0.979s] -- Installing: /home/rod-0310/Escritorio/practicasros_ws/install/recursos/share/recursos/environment/path.sh
[0.979s] -- Installing: /home/rod-0310/Escritorio/practicasros_ws/install/recursos/share/recursos/environment/path.dsv
[0.979s] -- Installing: /home/rod-0310/Escritorio/practicasros_ws/install/recursos/share/recursos/local_setup.bash
[0.979s] -- Installing: /home/rod-0310/Escritorio/practicasros_ws/install/recursos/share/recursos/local_setup.sh
[0.979s] -- Installing: /home/rod-0310/Escritorio/practicasros_ws/install/recursos/share/recursos/local_setup.zsh
[0.979s] -- Installing: /home/rod-0310/Escritorio/practicasros_ws/install/recursos/share/recursos/local_setup.dsv
[0.979s] -- Installing: /home/rod-0310/Escritorio/practicasros_ws/install/recursos/share/recursos/package.dsv
[0.980s] -- Installing: /home/rod-0310/Escritorio/practicasros_ws/install/recursos/share/ament_index/resource_index/packages/recursos
[0.980s] -- Installing: /home/rod-0310/Escritorio/practicasros_ws/install/recursos/share/recursos/cmake/recursosConfig.cmake
[0.980s] -- Installing: /home/rod-0310/Escritorio/practicasros_ws/install/recursos/share/recursos/cmake/recursosConfig-version.cmake
[0.980s] -- Installing: /home/rod-0310/Escritorio/practicasros_ws/install/recursos/share/recursos/package.xml
[0.982s] Invoked command in '/home/rod-0310/Escritorio/practicasros_ws/build/recursos' returned '0': CMAKE_PREFIX_PATH=${CMAKE_PREFIX_PATH}:/home/rod-0310/Escritorio/practicasros_ws/src/install/practica1:/home/rod-0310/Escritorio/practicasros_ws/src/install/ejercicio3:/home/rod-0310/Escritorio/practicasros_ws/src/install/ejercicio2:/opt/ros/humble /usr/bin/cmake --install /home/rod-0310/Escritorio/practicasros_ws/build/recursos
