[0.103s] DEBUG:colcon:Command line arguments: ['/usr/bin/colcon', 'list', '-p', '--base-paths', '/home/rod-0310/Escritorio/practicasros_ws']
[0.103s] DEBUG:colcon:Parsed command line arguments: Namespace(log_base=None, log_level=None, verb_name='list', build_base='build', ignore_user_meta=False, metas=['./colcon.meta'], base_paths=['/home/rod-0310/Escritorio/practicasros_ws'], packages_ignore=None, packages_ignore_regex=None, paths=None, packages_up_to=None, packages_up_to_regex=None, packages_above=None, packages_above_and_dependencies=None, packages_above_depth=None, packages_select_by_dep=None, packages_skip_by_dep=None, packages_skip_up_to=None, packages_select_build_failed=False, packages_skip_build_finished=False, packages_select_test_failures=False, packages_skip_test_passed=False, packages_select=None, packages_skip=None, packages_select_regex=None, packages_skip_regex=None, packages_start=None, packages_end=None, allow_overriding=[], topological_order=False, names_only=False, paths_only=True, topological_graph=False, topological_graph_dot=False, topological_graph_density=False, topological_graph_legend=False, topological_graph_dot_cluster=False, topological_graph_dot_include_skipped=False, mixin_files=None, mixin=None, verb_parser=<colcon_mixin.mixin.mixin_argument.MixinArgumentDecorator object at 0x7a5133f81120>, verb_extension=<colcon_package_information.verb.list.ListVerb object at 0x7a5133f80040>, main=<bound method ListVerb.main of <colcon_package_information.verb.list.ListVerb object at 0x7a5133f80040>>, mixin_verb=('list',))
[0.308s] Level 1:colcon.colcon_core.package_discovery:discover_packages(colcon_meta) check parameters
[0.309s] Level 1:colcon.colcon_core.package_discovery:discover_packages(recursive) check parameters
[0.309s] Level 1:colcon.colcon_core.package_discovery:discover_packages(ignore) check parameters
[0.309s] Level 1:colcon.colcon_core.package_discovery:discover_packages(path) check parameters
[0.309s] Level 1:colcon.colcon_core.package_discovery:discover_packages(recursive) discover
[0.309s] INFO:colcon.colcon_core.package_discovery:Crawling recursively for packages in '/home/rod-0310/Escritorio/practicasros_ws'
[0.309s] Level 1:colcon.colcon_core.package_identification:_identify(/home/rod-0310/Escritorio/practicasros_ws) by extensions ['ignore', 'ignore_ament_install']
[0.309s] Level 1:colcon.colcon_core.package_identification:_identify(/home/rod-0310/Escritorio/practicasros_ws) by extension 'ignore'
[0.309s] Level 1:colcon.colcon_core.package_identification:_identify(/home/rod-0310/Escritorio/practicasros_ws) by extension 'ignore_ament_install'
[0.309s] Level 1:colcon.colcon_core.package_identification:_identify(/home/rod-0310/Escritorio/practicasros_ws) by extensions ['colcon_pkg']
[0.309s] Level 1:colcon.colcon_core.package_identification:_identify(/home/rod-0310/Escritorio/practicasros_ws) by extension 'colcon_pkg'
[0.310s] Level 1:colcon.colcon_core.package_identification:_identify(/home/rod-0310/Escritorio/practicasros_ws) by extensions ['colcon_meta']
[0.310s] Level 1:colcon.colcon_core.package_identification:_identify(/home/rod-0310/Escritorio/practicasros_ws) by extension 'colcon_meta'
[0.310s] Level 1:colcon.colcon_core.package_identification:_identify(/home/rod-0310/Escritorio/practicasros_ws) by extensions ['ros']
[0.310s] Level 1:colcon.colcon_core.package_identification:_identify(/home/rod-0310/Escritorio/practicasros_ws) by extension 'ros'
[0.327s] Level 1:colcon.colcon_core.package_identification:_identify(/home/rod-0310/Escritorio/practicasros_ws) by extensions ['cmake', 'python']
[0.327s] Level 1:colcon.colcon_core.package_identification:_identify(/home/rod-0310/Escritorio/practicasros_ws) by extension 'cmake'
[0.327s] Level 1:colcon.colcon_core.package_identification:_identify(/home/rod-0310/Escritorio/practicasros_ws) by extension 'python'
[0.327s] Level 1:colcon.colcon_core.package_identification:_identify(/home/rod-0310/Escritorio/practicasros_ws) by extensions ['python_setup_py']
[0.327s] Level 1:colcon.colcon_core.package_identification:_identify(/home/rod-0310/Escritorio/practicasros_ws) by extension 'python_setup_py'
[0.327s] Level 1:colcon.colcon_core.package_identification:_identify(/home/rod-0310/Escritorio/practicasros_ws/build) by extensions ['ignore', 'ignore_ament_install']
[0.328s] Level 1:colcon.colcon_core.package_identification:_identify(/home/rod-0310/Escritorio/practicasros_ws/build) by extension 'ignore'
[0.328s] Level 1:colcon.colcon_core.package_identification:_identify(/home/rod-0310/Escritorio/practicasros_ws/build) ignored
[0.328s] Level 1:colcon.colcon_core.package_identification:_identify(/home/rod-0310/Escritorio/practicasros_ws/install) by extensions ['ignore', 'ignore_ament_install']
[0.328s] Level 1:colcon.colcon_core.package_identification:_identify(/home/rod-0310/Escritorio/practicasros_ws/install) by extension 'ignore'
[0.328s] Level 1:colcon.colcon_core.package_identification:_identify(/home/rod-0310/Escritorio/practicasros_ws/install) ignored
[0.328s] Level 1:colcon.colcon_core.package_identification:_identify(/home/rod-0310/Escritorio/practicasros_ws/log) by extensions ['ignore', 'ignore_ament_install']
[0.328s] Level 1:colcon.colcon_core.package_identification:_identify(/home/rod-0310/Escritorio/practicasros_ws/log) by extension 'ignore'
[0.329s] Level 1:colcon.colcon_core.package_identification:_identify(/home/rod-0310/Escritorio/practicasros_ws/log) ignored
[0.329s] Level 1:colcon.colcon_core.package_identification:_identify(/home/rod-0310/Escritorio/practicasros_ws/src) by extensions ['ignore', 'ignore_ament_install']
[0.329s] Level 1:colcon.colcon_core.package_identification:_identify(/home/rod-0310/Escritorio/practicasros_ws/src) by extension 'ignore'
[0.329s] Level 1:colcon.colcon_core.package_identification:_identify(/home/rod-0310/Escritorio/practicasros_ws/src) by extension 'ignore_ament_install'
[0.329s] Level 1:colcon.colcon_core.package_identification:_identify(/home/rod-0310/Escritorio/practicasros_ws/src) by extensions ['colcon_pkg']
[0.329s] Level 1:colcon.colcon_core.package_identification:_identify(/home/rod-0310/Escritorio/practicasros_ws/src) by extension 'colcon_pkg'
[0.329s] Level 1:colcon.colcon_core.package_identification:_identify(/home/rod-0310/Escritorio/practicasros_ws/src) by extensions ['colcon_meta']
[0.329s] Level 1:colcon.colcon_core.package_identification:_identify(/home/rod-0310/Escritorio/practicasros_ws/src) by extension 'colcon_meta'
[0.329s] Level 1:colcon.colcon_core.package_identification:_identify(/home/rod-0310/Escritorio/practicasros_ws/src) by extensions ['ros']
[0.329s] Level 1:colcon.colcon_core.package_identification:_identify(/home/rod-0310/Escritorio/practicasros_ws/src) by extension 'ros'
[0.329s] Level 1:colcon.colcon_core.package_identification:_identify(/home/rod-0310/Escritorio/practicasros_ws/src) by extensions ['cmake', 'python']
[0.329s] Level 1:colcon.colcon_core.package_identification:_identify(/home/rod-0310/Escritorio/practicasros_ws/src) by extension 'cmake'
[0.330s] Level 1:colcon.colcon_core.package_identification:_identify(/home/rod-0310/Escritorio/practicasros_ws/src) by extension 'python'
[0.330s] Level 1:colcon.colcon_core.package_identification:_identify(/home/rod-0310/Escritorio/practicasros_ws/src) by extensions ['python_setup_py']
[0.330s] Level 1:colcon.colcon_core.package_identification:_identify(/home/rod-0310/Escritorio/practicasros_ws/src) by extension 'python_setup_py'
[0.330s] Level 1:colcon.colcon_core.package_identification:_identify(/home/rod-0310/Escritorio/practicasros_ws/src/ejercicio2) by extensions ['ignore', 'ignore_ament_install']
[0.330s] Level 1:colcon.colcon_core.package_identification:_identify(/home/rod-0310/Escritorio/practicasros_ws/src/ejercicio2) by extension 'ignore'
[0.330s] Level 1:colcon.colcon_core.package_identification:_identify(/home/rod-0310/Escritorio/practicasros_ws/src/ejercicio2) by extension 'ignore_ament_install'
[0.330s] Level 1:colcon.colcon_core.package_identification:_identify(/home/rod-0310/Escritorio/practicasros_ws/src/ejercicio2) by extensions ['colcon_pkg']
[0.330s] Level 1:colcon.colcon_core.package_identification:_identify(/home/rod-0310/Escritorio/practicasros_ws/src/ejercicio2) by extension 'colcon_pkg'
[0.330s] Level 1:colcon.colcon_core.package_identification:_identify(/home/rod-0310/Escritorio/practicasros_ws/src/ejercicio2) by extensions ['colcon_meta']
[0.330s] Level 1:colcon.colcon_core.package_identification:_identify(/home/rod-0310/Escritorio/practicasros_ws/src/ejercicio2) by extension 'colcon_meta'
[0.330s] Level 1:colcon.colcon_core.package_identification:_identify(/home/rod-0310/Escritorio/practicasros_ws/src/ejercicio2) by extensions ['ros']
[0.330s] Level 1:colcon.colcon_core.package_identification:_identify(/home/rod-0310/Escritorio/practicasros_ws/src/ejercicio2) by extension 'ros'
[0.354s] DEBUG:colcon.colcon_core.package_identification:Package '/home/rod-0310/Escritorio/practicasros_ws/src/ejercicio2' with type 'ros.ament_python' and name 'ejercicio2'
[0.354s] Level 1:colcon.colcon_core.package_identification:_identify(/home/rod-0310/Escritorio/practicasros_ws/src/ejercicio2_cpp) by extensions ['ignore', 'ignore_ament_install']
[0.355s] Level 1:colcon.colcon_core.package_identification:_identify(/home/rod-0310/Escritorio/practicasros_ws/src/ejercicio2_cpp) by extension 'ignore'
[0.355s] Level 1:colcon.colcon_core.package_identification:_identify(/home/rod-0310/Escritorio/practicasros_ws/src/ejercicio2_cpp) by extension 'ignore_ament_install'
[0.355s] Level 1:colcon.colcon_core.package_identification:_identify(/home/rod-0310/Escritorio/practicasros_ws/src/ejercicio2_cpp) by extensions ['colcon_pkg']
[0.355s] Level 1:colcon.colcon_core.package_identification:_identify(/home/rod-0310/Escritorio/practicasros_ws/src/ejercicio2_cpp) by extension 'colcon_pkg'
[0.355s] Level 1:colcon.colcon_core.package_identification:_identify(/home/rod-0310/Escritorio/practicasros_ws/src/ejercicio2_cpp) by extensions ['colcon_meta']
[0.355s] Level 1:colcon.colcon_core.package_identification:_identify(/home/rod-0310/Escritorio/practicasros_ws/src/ejercicio2_cpp) by extension 'colcon_meta'
[0.355s] Level 1:colcon.colcon_core.package_identification:_identify(/home/rod-0310/Escritorio/practicasros_ws/src/ejercicio2_cpp) by extensions ['ros']
[0.355s] Level 1:colcon.colcon_core.package_identification:_identify(/home/rod-0310/Escritorio/practicasros_ws/src/ejercicio2_cpp) by extension 'ros'
[0.356s] DEBUG:colcon.colcon_core.package_identification:Package '/home/rod-0310/Escritorio/practicasros_ws/src/ejercicio2_cpp' with type 'ros.ament_cmake' and name 'ejercicio2_cpp'
[0.356s] Level 1:colcon.colcon_core.package_identification:_identify(/home/rod-0310/Escritorio/practicasros_ws/src/ejercicio3) by extensions ['ignore', 'ignore_ament_install']
[0.357s] Level 1:colcon.colcon_core.package_identification:_identify(/home/rod-0310/Escritorio/practicasros_ws/src/ejercicio3) by extension 'ignore'
[0.357s] Level 1:colcon.colcon_core.package_identification:_identify(/home/rod-0310/Escritorio/practicasros_ws/src/ejercicio3) by extension 'ignore_ament_install'
[0.357s] Level 1:colcon.colcon_core.package_identification:_identify(/home/rod-0310/Escritorio/practicasros_ws/src/ejercicio3) by extensions ['colcon_pkg']
[0.357s] Level 1:colcon.colcon_core.package_identification:_identify(/home/rod-0310/Escritorio/practicasros_ws/src/ejercicio3) by extension 'colcon_pkg'
[0.357s] Level 1:colcon.colcon_core.package_identification:_identify(/home/rod-0310/Escritorio/practicasros_ws/src/ejercicio3) by extensions ['colcon_meta']
[0.357s] Level 1:colcon.colcon_core.package_identification:_identify(/home/rod-0310/Escritorio/practicasros_ws/src/ejercicio3) by extension 'colcon_meta'
[0.357s] Level 1:colcon.colcon_core.package_identification:_identify(/home/rod-0310/Escritorio/practicasros_ws/src/ejercicio3) by extensions ['ros']
[0.357s] Level 1:colcon.colcon_core.package_identification:_identify(/home/rod-0310/Escritorio/practicasros_ws/src/ejercicio3) by extension 'ros'
[0.358s] DEBUG:colcon.colcon_core.package_identification:Package '/home/rod-0310/Escritorio/practicasros_ws/src/ejercicio3' with type 'ros.ament_python' and name 'ejercicio3'
[0.358s] Level 1:colcon.colcon_core.package_identification:_identify(/home/rod-0310/Escritorio/practicasros_ws/src/ejercicio3_cpp) by extensions ['ignore', 'ignore_ament_install']
[0.358s] Level 1:colcon.colcon_core.package_identification:_identify(/home/rod-0310/Escritorio/practicasros_ws/src/ejercicio3_cpp) by extension 'ignore'
[0.358s] Level 1:colcon.colcon_core.package_identification:_identify(/home/rod-0310/Escritorio/practicasros_ws/src/ejercicio3_cpp) by extension 'ignore_ament_install'
[0.359s] Level 1:colcon.colcon_core.package_identification:_identify(/home/rod-0310/Escritorio/practicasros_ws/src/ejercicio3_cpp) by extensions ['colcon_pkg']
[0.359s] Level 1:colcon.colcon_core.package_identification:_identify(/home/rod-0310/Escritorio/practicasros_ws/src/ejercicio3_cpp) by extension 'colcon_pkg'
[0.359s] Level 1:colcon.colcon_core.package_identification:_identify(/home/rod-0310/Escritorio/practicasros_ws/src/ejercicio3_cpp) by extensions ['colcon_meta']
[0.359s] Level 1:colcon.colcon_core.package_identification:_identify(/home/rod-0310/Escritorio/practicasros_ws/src/ejercicio3_cpp) by extension 'colcon_meta'
[0.359s] Level 1:colcon.colcon_core.package_identification:_identify(/home/rod-0310/Escritorio/practicasros_ws/src/ejercicio3_cpp) by extensions ['ros']
[0.359s] Level 1:colcon.colcon_core.package_identification:_identify(/home/rod-0310/Escritorio/practicasros_ws/src/ejercicio3_cpp) by extension 'ros'
[0.360s] DEBUG:colcon.colcon_core.package_identification:Package '/home/rod-0310/Escritorio/practicasros_ws/src/ejercicio3_cpp' with type 'ros.ament_cmake' and name 'ejercicio3_cpp'
[0.360s] Level 1:colcon.colcon_core.package_identification:_identify(/home/rod-0310/Escritorio/practicasros_ws/src/practica1) by extensions ['ignore', 'ignore_ament_install']
[0.360s] Level 1:colcon.colcon_core.package_identification:_identify(/home/rod-0310/Escritorio/practicasros_ws/src/practica1) by extension 'ignore'
[0.360s] Level 1:colcon.colcon_core.package_identification:_identify(/home/rod-0310/Escritorio/practicasros_ws/src/practica1) by extension 'ignore_ament_install'
[0.360s] Level 1:colcon.colcon_core.package_identification:_identify(/home/rod-0310/Escritorio/practicasros_ws/src/practica1) by extensions ['colcon_pkg']
[0.360s] Level 1:colcon.colcon_core.package_identification:_identify(/home/rod-0310/Escritorio/practicasros_ws/src/practica1) by extension 'colcon_pkg'
[0.360s] Level 1:colcon.colcon_core.package_identification:_identify(/home/rod-0310/Escritorio/practicasros_ws/src/practica1) by extensions ['colcon_meta']
[0.361s] Level 1:colcon.colcon_core.package_identification:_identify(/home/rod-0310/Escritorio/practicasros_ws/src/practica1) by extension 'colcon_meta'
[0.361s] Level 1:colcon.colcon_core.package_identification:_identify(/home/rod-0310/Escritorio/practicasros_ws/src/practica1) by extensions ['ros']
[0.361s] Level 1:colcon.colcon_core.package_identification:_identify(/home/rod-0310/Escritorio/practicasros_ws/src/practica1) by extension 'ros'
[0.362s] DEBUG:colcon.colcon_core.package_identification:Package '/home/rod-0310/Escritorio/practicasros_ws/src/practica1' with type 'ros.ament_python' and name 'practica1'
[0.362s] Level 1:colcon.colcon_core.package_identification:_identify(/home/rod-0310/Escritorio/practicasros_ws/src/practica1_cpp) by extensions ['ignore', 'ignore_ament_install']
[0.362s] Level 1:colcon.colcon_core.package_identification:_identify(/home/rod-0310/Escritorio/practicasros_ws/src/practica1_cpp) by extension 'ignore'
[0.362s] Level 1:colcon.colcon_core.package_identification:_identify(/home/rod-0310/Escritorio/practicasros_ws/src/practica1_cpp) by extension 'ignore_ament_install'
[0.362s] Level 1:colcon.colcon_core.package_identification:_identify(/home/rod-0310/Escritorio/practicasros_ws/src/practica1_cpp) by extensions ['colcon_pkg']
[0.362s] Level 1:colcon.colcon_core.package_identification:_identify(/home/rod-0310/Escritorio/practicasros_ws/src/practica1_cpp) by extension 'colcon_pkg'
[0.362s] Level 1:colcon.colcon_core.package_identification:_identify(/home/rod-0310/Escritorio/practicasros_ws/src/practica1_cpp) by extensions ['colcon_meta']
[0.362s] Level 1:colcon.colcon_core.package_identification:_identify(/home/rod-0310/Escritorio/practicasros_ws/src/practica1_cpp) by extension 'colcon_meta'
[0.363s] Level 1:colcon.colcon_core.package_identification:_identify(/home/rod-0310/Escritorio/practicasros_ws/src/practica1_cpp) by extensions ['ros']
[0.363s] Level 1:colcon.colcon_core.package_identification:_identify(/home/rod-0310/Escritorio/practicasros_ws/src/practica1_cpp) by extension 'ros'
[0.364s] DEBUG:colcon.colcon_core.package_identification:Package '/home/rod-0310/Escritorio/practicasros_ws/src/practica1_cpp' with type 'ros.ament_cmake' and name 'practica1_cpp'
[0.364s] Level 1:colcon.colcon_core.package_identification:_identify(/home/rod-0310/Escritorio/practicasros_ws/src/recursos) by extensions ['ignore', 'ignore_ament_install']
[0.364s] Level 1:colcon.colcon_core.package_identification:_identify(/home/rod-0310/Escritorio/practicasros_ws/src/recursos) by extension 'ignore'
[0.364s] Level 1:colcon.colcon_core.package_identification:_identify(/home/rod-0310/Escritorio/practicasros_ws/src/recursos) by extension 'ignore_ament_install'
[0.364s] Level 1:colcon.colcon_core.package_identification:_identify(/home/rod-0310/Escritorio/practicasros_ws/src/recursos) by extensions ['colcon_pkg']
[0.364s] Level 1:colcon.colcon_core.package_identification:_identify(/home/rod-0310/Escritorio/practicasros_ws/src/recursos) by extension 'colcon_pkg'
[0.364s] Level 1:colcon.colcon_core.package_identification:_identify(/home/rod-0310/Escritorio/practicasros_ws/src/recursos) by extensions ['colcon_meta']
[0.364s] Level 1:colcon.colcon_core.package_identification:_identify(/home/rod-0310/Escritorio/practicasros_ws/src/recursos) by extension 'colcon_meta'
[0.364s] Level 1:colcon.colcon_core.package_identification:_identify(/home/rod-0310/Escritorio/practicasros_ws/src/recursos) by extensions ['ros']
[0.365s] Level 1:colcon.colcon_core.package_identification:_identify(/home/rod-0310/Escritorio/practicasros_ws/src/recursos) by extension 'ros'
[0.365s] DEBUG:colcon.colcon_core.package_identification:Package '/home/rod-0310/Escritorio/practicasros_ws/src/recursos' with type 'ros.ament_cmake' and name 'recursos'
[0.366s] Level 1:colcon.colcon_core.package_discovery:discover_packages(recursive) using defaults
