running egg_info
creating ../../build/ejer2_py/ejer2_py.egg-info
writing ../../build/ejer2_py/ejer2_py.egg-info/PKG-INFO
writing dependency_links to ../../build/ejer2_py/ejer2_py.egg-info/dependency_links.txt
writing entry points to ../../build/ejer2_py/ejer2_py.egg-info/entry_points.txt
writing requirements to ../../build/ejer2_py/ejer2_py.egg-info/requires.txt
writing top-level names to ../../build/ejer2_py/ejer2_py.egg-info/top_level.txt
writing manifest file '../../build/ejer2_py/ejer2_py.egg-info/SOURCES.txt'
reading manifest file '../../build/ejer2_py/ejer2_py.egg-info/SOURCES.txt'
adding license file 'LICENSE'
writing manifest file '../../build/ejer2_py/ejer2_py.egg-info/SOURCES.txt'
running build
running build_py
creating /home/rod-0310/Escritorio/examen_ws/build/ejer2_py/build
creating /home/rod-0310/Escritorio/examen_ws/build/ejer2_py/build/lib
creating /home/rod-0310/Escritorio/examen_ws/build/ejer2_py/build/lib/ejer2_py
copying ejer2_py/__init__.py -> /home/rod-0310/Escritorio/examen_ws/build/ejer2_py/build/lib/ejer2_py
running install
running install_lib
creating /home/rod-0310/Escritorio/examen_ws/install/ejer2_py/lib/python3.10/site-packages/ejer2_py
copying /home/rod-0310/Escritorio/examen_ws/build/ejer2_py/build/lib/ejer2_py/__init__.py -> /home/rod-0310/Escritorio/examen_ws/install/ejer2_py/lib/python3.10/site-packages/ejer2_py
byte-compiling /home/rod-0310/Escritorio/examen_ws/install/ejer2_py/lib/python3.10/site-packages/ejer2_py/__init__.py to __init__.cpython-310.pyc
running install_data
creating /home/rod-0310/Escritorio/examen_ws/install/ejer2_py/share/ament_index
creating /home/rod-0310/Escritorio/examen_ws/install/ejer2_py/share/ament_index/resource_index
creating /home/rod-0310/Escritorio/examen_ws/install/ejer2_py/share/ament_index/resource_index/packages
copying resource/ejer2_py -> /home/rod-0310/Escritorio/examen_ws/install/ejer2_py/share/ament_index/resource_index/packages
copying package.xml -> /home/rod-0310/Escritorio/examen_ws/install/ejer2_py/share/ejer2_py
running install_egg_info
Copying ../../build/ejer2_py/ejer2_py.egg-info to /home/rod-0310/Escritorio/examen_ws/install/ejer2_py/lib/python3.10/site-packages/ejer2_py-0.0.0-py3.10.egg-info
running install_scripts
writing list of installed files to '/home/rod-0310/Escritorio/examen_ws/build/ejer2_py/install.log'
