[0.365s] Invoking command in '/home/rod-0310/Escritorio/examen_ws/src/ejer2_py': AMENT_PREFIX_PATH=/home/rod-0310/Escritorio/examen_ws/install/examen_interface:${AMENT_PREFIX_PATH} CMAKE_PREFIX_PATH=/home/rod-0310/Escritorio/examen_ws/install/examen_interface LD_LIBRARY_PATH=/home/rod-0310/Escritorio/examen_ws/install/examen_interface/lib:${LD_LIBRARY_PATH} PYTHONPATH=/home/rod-0310/Escritorio/examen_ws/build/ejer2_py/prefix_override:/usr/lib/python3/dist-packages/colcon_core/task/python/colcon_distutils_commands:/home/rod-0310/Escritorio/examen_ws/install/ejer2_py/lib/python3.10/site-packages:/home/rod-0310/Escritorio/examen_ws/install/examen_interface/local/lib/python3.10/dist-packages:${PYTHONPATH} /usr/bin/python3 -W ignore:setup.py install is deprecated -W ignore:easy_install command is deprecated setup.py egg_info --egg-base ../../build/ejer2_py build --build-base /home/rod-0310/Escritorio/examen_ws/build/ejer2_py/build install --record /home/rod-0310/Escritorio/examen_ws/build/ejer2_py/install.log --single-version-externally-managed install_data
[0.506s] running egg_info
[0.506s] creating ../../build/ejer2_py/ejer2_py.egg-info
[0.506s] writing ../../build/ejer2_py/ejer2_py.egg-info/PKG-INFO
[0.506s] writing dependency_links to ../../build/ejer2_py/ejer2_py.egg-info/dependency_links.txt
[0.506s] writing entry points to ../../build/ejer2_py/ejer2_py.egg-info/entry_points.txt
[0.506s] writing requirements to ../../build/ejer2_py/ejer2_py.egg-info/requires.txt
[0.506s] writing top-level names to ../../build/ejer2_py/ejer2_py.egg-info/top_level.txt
[0.506s] writing manifest file '../../build/ejer2_py/ejer2_py.egg-info/SOURCES.txt'
[0.507s] reading manifest file '../../build/ejer2_py/ejer2_py.egg-info/SOURCES.txt'
[0.507s] adding license file 'LICENSE'
[0.507s] writing manifest file '../../build/ejer2_py/ejer2_py.egg-info/SOURCES.txt'
[0.508s] running build
[0.508s] running build_py
[0.508s] creating /home/rod-0310/Escritorio/examen_ws/build/ejer2_py/build
[0.508s] creating /home/rod-0310/Escritorio/examen_ws/build/ejer2_py/build/lib
[0.508s] creating /home/rod-0310/Escritorio/examen_ws/build/ejer2_py/build/lib/ejer2_py
[0.508s] copying ejer2_py/__init__.py -> /home/rod-0310/Escritorio/examen_ws/build/ejer2_py/build/lib/ejer2_py
[0.508s] running install
[0.508s] running install_lib
[0.509s] creating /home/rod-0310/Escritorio/examen_ws/install/ejer2_py/lib/python3.10/site-packages/ejer2_py
[0.509s] copying /home/rod-0310/Escritorio/examen_ws/build/ejer2_py/build/lib/ejer2_py/__init__.py -> /home/rod-0310/Escritorio/examen_ws/install/ejer2_py/lib/python3.10/site-packages/ejer2_py
[0.509s] byte-compiling /home/rod-0310/Escritorio/examen_ws/install/ejer2_py/lib/python3.10/site-packages/ejer2_py/__init__.py to __init__.cpython-310.pyc
[0.509s] running install_data
[0.509s] creating /home/rod-0310/Escritorio/examen_ws/install/ejer2_py/share/ament_index
[0.509s] creating /home/rod-0310/Escritorio/examen_ws/install/ejer2_py/share/ament_index/resource_index
[0.509s] creating /home/rod-0310/Escritorio/examen_ws/install/ejer2_py/share/ament_index/resource_index/packages
[0.509s] copying resource/ejer2_py -> /home/rod-0310/Escritorio/examen_ws/install/ejer2_py/share/ament_index/resource_index/packages
[0.509s] copying package.xml -> /home/rod-0310/Escritorio/examen_ws/install/ejer2_py/share/ejer2_py
[0.509s] running install_egg_info
[0.510s] Copying ../../build/ejer2_py/ejer2_py.egg-info to /home/rod-0310/Escritorio/examen_ws/install/ejer2_py/lib/python3.10/site-packages/ejer2_py-0.0.0-py3.10.egg-info
[0.510s] running install_scripts
[0.522s] writing list of installed files to '/home/rod-0310/Escritorio/examen_ws/build/ejer2_py/install.log'
[0.536s] Invoked command in '/home/rod-0310/Escritorio/examen_ws/src/ejer2_py' returned '0': AMENT_PREFIX_PATH=/home/rod-0310/Escritorio/examen_ws/install/examen_interface:${AMENT_PREFIX_PATH} CMAKE_PREFIX_PATH=/home/rod-0310/Escritorio/examen_ws/install/examen_interface LD_LIBRARY_PATH=/home/rod-0310/Escritorio/examen_ws/install/examen_interface/lib:${LD_LIBRARY_PATH} PYTHONPATH=/home/rod-0310/Escritorio/examen_ws/build/ejer2_py/prefix_override:/usr/lib/python3/dist-packages/colcon_core/task/python/colcon_distutils_commands:/home/rod-0310/Escritorio/examen_ws/install/ejer2_py/lib/python3.10/site-packages:/home/rod-0310/Escritorio/examen_ws/install/examen_interface/local/lib/python3.10/dist-packages:${PYTHONPATH} /usr/bin/python3 -W ignore:setup.py install is deprecated -W ignore:easy_install command is deprecated setup.py egg_info --egg-base ../../build/ejer2_py build --build-base /home/rod-0310/Escritorio/examen_ws/build/ejer2_py/build install --record /home/rod-0310/Escritorio/examen_ws/build/ejer2_py/install.log --single-version-externally-managed install_data
