running egg_info
writing ../../build/ejer1_py/ejer1_py.egg-info/PKG-INFO
writing dependency_links to ../../build/ejer1_py/ejer1_py.egg-info/dependency_links.txt
writing entry points to ../../build/ejer1_py/ejer1_py.egg-info/entry_points.txt
writing requirements to ../../build/ejer1_py/ejer1_py.egg-info/requires.txt
writing top-level names to ../../build/ejer1_py/ejer1_py.egg-info/top_level.txt
reading manifest file '../../build/ejer1_py/ejer1_py.egg-info/SOURCES.txt'
adding license file 'LICENSE'
writing manifest file '../../build/ejer1_py/ejer1_py.egg-info/SOURCES.txt'
running build
running build_py
copying ejer1_py/publicador.py -> /home/rod-0310/Escritorio/examen_ws/build/ejer1_py/build/lib/ejer1_py
running install
running install_lib
copying /home/rod-0310/Escritorio/examen_ws/build/ejer1_py/build/lib/ejer1_py/publicador.py -> /home/rod-0310/Escritorio/examen_ws/install/ejer1_py/lib/python3.10/site-packages/ejer1_py
byte-compiling /home/rod-0310/Escritorio/examen_ws/install/ejer1_py/lib/python3.10/site-packages/ejer1_py/publicador.py to publicador.cpython-310.pyc
running install_data
running install_egg_info
removing '/home/rod-0310/Escritorio/examen_ws/install/ejer1_py/lib/python3.10/site-packages/ejer1_py-0.0.0-py3.10.egg-info' (and everything under it)
Copying ../../build/ejer1_py/ejer1_py.egg-info to /home/rod-0310/Escritorio/examen_ws/install/ejer1_py/lib/python3.10/site-packages/ejer1_py-0.0.0-py3.10.egg-info
running install_scripts
Installing publicador script to /home/rod-0310/Escritorio/examen_ws/install/ejer1_py/lib/ejer1_py
Installing suscriptor script to /home/rod-0310/Escritorio/examen_ws/install/ejer1_py/lib/ejer1_py
writing list of installed files to '/home/rod-0310/Escritorio/examen_ws/build/ejer1_py/install.log'
