running egg_info
writing ../../build/practica1/practica1.egg-info/PKG-INFO
writing dependency_links to ../../build/practica1/practica1.egg-info/dependency_links.txt
writing entry points to ../../build/practica1/practica1.egg-info/entry_points.txt
writing requirements to ../../build/practica1/practica1.egg-info/requires.txt
writing top-level names to ../../build/practica1/practica1.egg-info/top_level.txt
reading manifest file '../../build/practica1/practica1.egg-info/SOURCES.txt'
adding license file 'LICENSE'
writing manifest file '../../build/practica1/practica1.egg-info/SOURCES.txt'
running build
running build_py
copying practica1/nodo3.py -> /home/rod-0310/Escritorio/practicasros_ws/build/practica1/build/lib/practica1
copying practica1/nodo2.py -> /home/rod-0310/Escritorio/practicasros_ws/build/practica1/build/lib/practica1
copying practica1/nodo1.py -> /home/rod-0310/Escritorio/practicasros_ws/build/practica1/build/lib/practica1
running install
running install_lib
copying /home/rod-0310/Escritorio/practicasros_ws/build/practica1/build/lib/practica1/nodo3.py -> /home/rod-0310/Escritorio/practicasros_ws/install/practica1/lib/python3.10/site-packages/practica1
copying /home/rod-0310/Escritorio/practicasros_ws/build/practica1/build/lib/practica1/nodo2.py -> /home/rod-0310/Escritorio/practicasros_ws/install/practica1/lib/python3.10/site-packages/practica1
copying /home/rod-0310/Escritorio/practicasros_ws/build/practica1/build/lib/practica1/nodo1.py -> /home/rod-0310/Escritorio/practicasros_ws/install/practica1/lib/python3.10/site-packages/practica1
byte-compiling /home/rod-0310/Escritorio/practicasros_ws/install/practica1/lib/python3.10/site-packages/practica1/nodo3.py to nodo3.cpython-310.pyc
byte-compiling /home/rod-0310/Escritorio/practicasros_ws/install/practica1/lib/python3.10/site-packages/practica1/nodo2.py to nodo2.cpython-310.pyc
byte-compiling /home/rod-0310/Escritorio/practicasros_ws/install/practica1/lib/python3.10/site-packages/practica1/nodo1.py to nodo1.cpython-310.pyc
running install_data
running install_egg_info
removing '/home/rod-0310/Escritorio/practicasros_ws/install/practica1/lib/python3.10/site-packages/practica1-0.0.0-py3.10.egg-info' (and everything under it)
Copying ../../build/practica1/practica1.egg-info to /home/rod-0310/Escritorio/practicasros_ws/install/practica1/lib/python3.10/site-packages/practica1-0.0.0-py3.10.egg-info
running install_scripts
Installing nodo1 script to /home/rod-0310/Escritorio/practicasros_ws/install/practica1/lib/practica1
writing list of installed files to '/home/rod-0310/Escritorio/practicasros_ws/build/practica1/install.log'
