[0.369s] Invoking command in '/home/rod-0310/Escritorio/examen_ws/src/ejer1_py': PYTHONPATH=/home/rod-0310/Escritorio/examen_ws/build/ejer1_py/prefix_override:/usr/lib/python3/dist-packages/colcon_core/task/python/colcon_distutils_commands:/home/rod-0310/Escritorio/examen_ws/install/ejer1_py/lib/python3.10/site-packages:${PYTHONPATH} /usr/bin/python3 -W ignore:setup.py install is deprecated -W ignore:easy_install command is deprecated setup.py egg_info --egg-base ../../build/ejer1_py build --build-base /home/rod-0310/Escritorio/examen_ws/build/ejer1_py/build install --record /home/rod-0310/Escritorio/examen_ws/build/ejer1_py/install.log --single-version-externally-managed install_data
[0.514s] running egg_info
[0.514s] creating ../../build/ejer1_py/ejer1_py.egg-info
[0.514s] writing ../../build/ejer1_py/ejer1_py.egg-info/PKG-INFO
[0.514s] writing dependency_links to ../../build/ejer1_py/ejer1_py.egg-info/dependency_links.txt
[0.514s] writing entry points to ../../build/ejer1_py/ejer1_py.egg-info/entry_points.txt
[0.514s] writing requirements to ../../build/ejer1_py/ejer1_py.egg-info/requires.txt
[0.514s] writing top-level names to ../../build/ejer1_py/ejer1_py.egg-info/top_level.txt
[0.514s] writing manifest file '../../build/ejer1_py/ejer1_py.egg-info/SOURCES.txt'
[0.515s] reading manifest file '../../build/ejer1_py/ejer1_py.egg-info/SOURCES.txt'
[0.515s] adding license file 'LICENSE'
[0.515s] writing manifest file '../../build/ejer1_py/ejer1_py.egg-info/SOURCES.txt'
[0.516s] running build
[0.516s] running build_py
[0.516s] creating /home/rod-0310/Escritorio/examen_ws/build/ejer1_py/build
[0.516s] creating /home/rod-0310/Escritorio/examen_ws/build/ejer1_py/build/lib
[0.516s] creating /home/rod-0310/Escritorio/examen_ws/build/ejer1_py/build/lib/ejer1_py
[0.516s] copying ejer1_py/__init__.py -> /home/rod-0310/Escritorio/examen_ws/build/ejer1_py/build/lib/ejer1_py
[0.516s] copying ejer1_py/publicador.py -> /home/rod-0310/Escritorio/examen_ws/build/ejer1_py/build/lib/ejer1_py
[0.516s] copying ejer1_py/subscriptor.py -> /home/rod-0310/Escritorio/examen_ws/build/ejer1_py/build/lib/ejer1_py
[0.516s] running install
[0.516s] running install_lib
[0.516s] creating /home/rod-0310/Escritorio/examen_ws/install/ejer1_py/lib/python3.10/site-packages/ejer1_py
[0.516s] copying /home/rod-0310/Escritorio/examen_ws/build/ejer1_py/build/lib/ejer1_py/__init__.py -> /home/rod-0310/Escritorio/examen_ws/install/ejer1_py/lib/python3.10/site-packages/ejer1_py
[0.516s] copying /home/rod-0310/Escritorio/examen_ws/build/ejer1_py/build/lib/ejer1_py/publicador.py -> /home/rod-0310/Escritorio/examen_ws/install/ejer1_py/lib/python3.10/site-packages/ejer1_py
[0.516s] copying /home/rod-0310/Escritorio/examen_ws/build/ejer1_py/build/lib/ejer1_py/subscriptor.py -> /home/rod-0310/Escritorio/examen_ws/install/ejer1_py/lib/python3.10/site-packages/ejer1_py
[0.517s] byte-compiling /home/rod-0310/Escritorio/examen_ws/install/ejer1_py/lib/python3.10/site-packages/ejer1_py/__init__.py to __init__.cpython-310.pyc
[0.517s] byte-compiling /home/rod-0310/Escritorio/examen_ws/install/ejer1_py/lib/python3.10/site-packages/ejer1_py/publicador.py to publicador.cpython-310.pyc
[0.517s] byte-compiling /home/rod-0310/Escritorio/examen_ws/install/ejer1_py/lib/python3.10/site-packages/ejer1_py/subscriptor.py to subscriptor.cpython-310.pyc
[0.517s] running install_data
[0.517s] creating /home/rod-0310/Escritorio/examen_ws/install/ejer1_py/share/ament_index
[0.517s] creating /home/rod-0310/Escritorio/examen_ws/install/ejer1_py/share/ament_index/resource_index
[0.517s] creating /home/rod-0310/Escritorio/examen_ws/install/ejer1_py/share/ament_index/resource_index/packages
[0.517s] copying resource/ejer1_py -> /home/rod-0310/Escritorio/examen_ws/install/ejer1_py/share/ament_index/resource_index/packages
[0.517s] copying package.xml -> /home/rod-0310/Escritorio/examen_ws/install/ejer1_py/share/ejer1_py
[0.517s] running install_egg_info
[0.519s] Copying ../../build/ejer1_py/ejer1_py.egg-info to /home/rod-0310/Escritorio/examen_ws/install/ejer1_py/lib/python3.10/site-packages/ejer1_py-0.0.0-py3.10.egg-info
[0.519s] running install_scripts
[0.530s] Installing publicador script to /home/rod-0310/Escritorio/examen_ws/install/ejer1_py/lib/ejer1_py
[0.530s] Installing suscriptor script to /home/rod-0310/Escritorio/examen_ws/install/ejer1_py/lib/ejer1_py
[0.530s] writing list of installed files to '/home/rod-0310/Escritorio/examen_ws/build/ejer1_py/install.log'
[0.543s] Invoked command in '/home/rod-0310/Escritorio/examen_ws/src/ejer1_py' returned '0': PYTHONPATH=/home/rod-0310/Escritorio/examen_ws/build/ejer1_py/prefix_override:/usr/lib/python3/dist-packages/colcon_core/task/python/colcon_distutils_commands:/home/rod-0310/Escritorio/examen_ws/install/ejer1_py/lib/python3.10/site-packages:${PYTHONPATH} /usr/bin/python3 -W ignore:setup.py install is deprecated -W ignore:easy_install command is deprecated setup.py egg_info --egg-base ../../build/ejer1_py build --build-base /home/rod-0310/Escritorio/examen_ws/build/ejer1_py/build install --record /home/rod-0310/Escritorio/examen_ws/build/ejer1_py/install.log --single-version-externally-managed install_data
