[0.170s] Invoking command in '/home/rod-0310/Escritorio/practicasros_ws/build/ejercicio2_cpp': CMAKE_PREFIX_PATH=/opt/ros/humble /usr/bin/cmake --build /home/rod-0310/Escritorio/practicasros_ws/build/ejercicio2_cpp -- -j20 -l20
[0.354s] [35m[1mConsolidate compiler generated dependencies of target nodo1[0m
[0.355s] [35m[1mConsolidate compiler generated dependencies of target nodo2[0m
[0.355s] [ 16%] [32mBuilding CXX object CMakeFiles/nodo3.dir/src/nodo3.cpp.o[0m
[0.355s] [ 50%] Built target nodo1
[0.355s] [ 83%] Built target nodo2
[4.596s] [32m[1mLinking CXX executable nodo3[0m
[4.801s] Built target nodo3
[4.810s] Invoked command in '/home/rod-0310/Escritorio/practicasros_ws/build/ejercicio2_cpp' returned '0': CMAKE_PREFIX_PATH=/opt/ros/humble /usr/bin/cmake --build /home/rod-0310/Escritorio/practicasros_ws/build/ejercicio2_cpp -- -j20 -l20
[4.811s] Invoking command in '/home/rod-0310/Escritorio/practicasros_ws/build/ejercicio2_cpp': CMAKE_PREFIX_PATH=/opt/ros/humble /usr/bin/cmake --install /home/rod-0310/Escritorio/practicasros_ws/build/ejercicio2_cpp
[4.814s] -- Install configuration: ""
[4.814s] -- Up-to-date: /home/rod-0310/Escritorio/practicasros_ws/install/ejercicio2_cpp/lib/ejercicio2_cpp/nodo1
[4.814s] -- Up-to-date: /home/rod-0310/Escritorio/practicasros_ws/install/ejercicio2_cpp/lib/ejercicio2_cpp/nodo2
[4.814s] -- Installing: /home/rod-0310/Escritorio/practicasros_ws/install/ejercicio2_cpp/lib/ejercicio2_cpp/nodo3
[4.817s] -- Set runtime path of "/home/rod-0310/Escritorio/practicasros_ws/install/ejercicio2_cpp/lib/ejercicio2_cpp/nodo3" to ""
[4.817s] -- Up-to-date: /home/rod-0310/Escritorio/practicasros_ws/install/ejercicio2_cpp/share/ament_index/resource_index/package_run_dependencies/ejercicio2_cpp
[4.817s] -- Up-to-date: /home/rod-0310/Escritorio/practicasros_ws/install/ejercicio2_cpp/share/ament_index/resource_index/parent_prefix_path/ejercicio2_cpp
[4.817s] -- Up-to-date: /home/rod-0310/Escritorio/practicasros_ws/install/ejercicio2_cpp/share/ejercicio2_cpp/environment/ament_prefix_path.sh
[4.817s] -- Up-to-date: /home/rod-0310/Escritorio/practicasros_ws/install/ejercicio2_cpp/share/ejercicio2_cpp/environment/ament_prefix_path.dsv
[4.817s] -- Up-to-date: /home/rod-0310/Escritorio/practicasros_ws/install/ejercicio2_cpp/share/ejercicio2_cpp/environment/path.sh
[4.817s] -- Up-to-date: /home/rod-0310/Escritorio/practicasros_ws/install/ejercicio2_cpp/share/ejercicio2_cpp/environment/path.dsv
[4.817s] -- Up-to-date: /home/rod-0310/Escritorio/practicasros_ws/install/ejercicio2_cpp/share/ejercicio2_cpp/local_setup.bash
[4.817s] -- Up-to-date: /home/rod-0310/Escritorio/practicasros_ws/install/ejercicio2_cpp/share/ejercicio2_cpp/local_setup.sh
[4.817s] -- Up-to-date: /home/rod-0310/Escritorio/practicasros_ws/install/ejercicio2_cpp/share/ejercicio2_cpp/local_setup.zsh
[4.817s] -- Up-to-date: /home/rod-0310/Escritorio/practicasros_ws/install/ejercicio2_cpp/share/ejercicio2_cpp/local_setup.dsv
[4.817s] -- Installing: /home/rod-0310/Escritorio/practicasros_ws/install/ejercicio2_cpp/share/ejercicio2_cpp/package.dsv
[4.817s] -- Up-to-date: /home/rod-0310/Escritorio/practicasros_ws/install/ejercicio2_cpp/share/ament_index/resource_index/packages/ejercicio2_cpp
[4.817s] -- Up-to-date: /home/rod-0310/Escritorio/practicasros_ws/install/ejercicio2_cpp/share/ejercicio2_cpp/cmake/ejercicio2_cppConfig.cmake
[4.817s] -- Up-to-date: /home/rod-0310/Escritorio/practicasros_ws/install/ejercicio2_cpp/share/ejercicio2_cpp/cmake/ejercicio2_cppConfig-version.cmake
[4.817s] -- Up-to-date: /home/rod-0310/Escritorio/practicasros_ws/install/ejercicio2_cpp/share/ejercicio2_cpp/package.xml
[4.818s] Invoked command in '/home/rod-0310/Escritorio/practicasros_ws/build/ejercicio2_cpp' returned '0': CMAKE_PREFIX_PATH=/opt/ros/humble /usr/bin/cmake --install /home/rod-0310/Escritorio/practicasros_ws/build/ejercicio2_cpp
