[0.339s] Invoking command in '/home/rod-0310/Escritorio/practicasros_ws/build/practica1_cpp': CMAKE_PREFIX_PATH=/opt/ros/humble /usr/bin/cmake --build /home/rod-0310/Escritorio/practicasros_ws/build/practica1_cpp -- -j20 -l20
[0.375s] [ 33%] Built target nodo3
[0.375s] [ 66%] Built target nodo1
[0.375s] [100%] Built target nodo2
[0.381s] Invoked command in '/home/rod-0310/Escritorio/practicasros_ws/build/practica1_cpp' returned '0': CMAKE_PREFIX_PATH=/opt/ros/humble /usr/bin/cmake --build /home/rod-0310/Escritorio/practicasros_ws/build/practica1_cpp -- -j20 -l20
[0.382s] Invoking command in '/home/rod-0310/Escritorio/practicasros_ws/build/practica1_cpp': CMAKE_PREFIX_PATH=/opt/ros/humble /usr/bin/cmake --install /home/rod-0310/Escritorio/practicasros_ws/build/practica1_cpp
[0.386s] -- Install configuration: ""
[0.386s] -- Up-to-date: /home/rod-0310/Escritorio/practicasros_ws/install/practica1_cpp/lib/practica1_cpp/nodo1
[0.386s] -- Up-to-date: /home/rod-0310/Escritorio/practicasros_ws/install/practica1_cpp/lib/practica1_cpp/nodo2
[0.387s] -- Up-to-date: /home/rod-0310/Escritorio/practicasros_ws/install/practica1_cpp/lib/practica1_cpp/nodo3
[0.387s] -- Up-to-date: /home/rod-0310/Escritorio/practicasros_ws/install/practica1_cpp/share/ament_index/resource_index/package_run_dependencies/practica1_cpp
[0.387s] -- Up-to-date: /home/rod-0310/Escritorio/practicasros_ws/install/practica1_cpp/share/ament_index/resource_index/parent_prefix_path/practica1_cpp
[0.387s] -- Up-to-date: /home/rod-0310/Escritorio/practicasros_ws/install/practica1_cpp/share/practica1_cpp/environment/ament_prefix_path.sh
[0.387s] -- Up-to-date: /home/rod-0310/Escritorio/practicasros_ws/install/practica1_cpp/share/practica1_cpp/environment/ament_prefix_path.dsv
[0.387s] -- Up-to-date: /home/rod-0310/Escritorio/practicasros_ws/install/practica1_cpp/share/practica1_cpp/environment/path.sh
[0.387s] -- Up-to-date: /home/rod-0310/Escritorio/practicasros_ws/install/practica1_cpp/share/practica1_cpp/environment/path.dsv
[0.387s] -- Up-to-date: /home/rod-0310/Escritorio/practicasros_ws/install/practica1_cpp/share/practica1_cpp/local_setup.bash
[0.387s] -- Up-to-date: /home/rod-0310/Escritorio/practicasros_ws/install/practica1_cpp/share/practica1_cpp/local_setup.sh
[0.387s] -- Up-to-date: /home/rod-0310/Escritorio/practicasros_ws/install/practica1_cpp/share/practica1_cpp/local_setup.zsh
[0.387s] -- Up-to-date: /home/rod-0310/Escritorio/practicasros_ws/install/practica1_cpp/share/practica1_cpp/local_setup.dsv
[0.387s] -- Installing: /home/rod-0310/Escritorio/practicasros_ws/install/practica1_cpp/share/practica1_cpp/package.dsv
[0.387s] -- Up-to-date: /home/rod-0310/Escritorio/practicasros_ws/install/practica1_cpp/share/ament_index/resource_index/packages/practica1_cpp
[0.387s] -- Up-to-date: /home/rod-0310/Escritorio/practicasros_ws/install/practica1_cpp/share/practica1_cpp/cmake/practica1_cppConfig.cmake
[0.387s] -- Up-to-date: /home/rod-0310/Escritorio/practicasros_ws/install/practica1_cpp/share/practica1_cpp/cmake/practica1_cppConfig-version.cmake
[0.387s] -- Up-to-date: /home/rod-0310/Escritorio/practicasros_ws/install/practica1_cpp/share/practica1_cpp/package.xml
[0.401s] Invoked command in '/home/rod-0310/Escritorio/practicasros_ws/build/practica1_cpp' returned '0': CMAKE_PREFIX_PATH=/opt/ros/humble /usr/bin/cmake --install /home/rod-0310/Escritorio/practicasros_ws/build/practica1_cpp
