[0.189s] Invoking command in '/home/rod-0310/Escritorio/practicasros_ws/build/ejercicio3_cpp': CMAKE_PREFIX_PATH=/opt/ros/humble /usr/bin/cmake --build /home/rod-0310/Escritorio/practicasros_ws/build/ejercicio3_cpp -- -j20 -l20
[0.383s] -- Found ament_cmake: 1.3.11 (/opt/ros/humble/share/ament_cmake/cmake)
[0.383s] -- Found rclcpp: 16.0.11 (/opt/ros/humble/share/rclcpp/cmake)
[0.383s] -- Found rosidl_generator_c: 3.1.6 (/opt/ros/humble/share/rosidl_generator_c/cmake)
[0.383s] -- Found rosidl_adapter: 3.1.6 (/opt/ros/humble/share/rosidl_adapter/cmake)
[0.383s] -- Found rosidl_generator_cpp: 3.1.6 (/opt/ros/humble/share/rosidl_generator_cpp/cmake)
[0.383s] -- Using all available rosidl_typesupport_c: rosidl_typesupport_fastrtps_c;rosidl_typesupport_introspection_c
[0.383s] -- Using all available rosidl_typesupport_cpp: rosidl_typesupport_fastrtps_cpp;rosidl_typesupport_introspection_cpp
[0.383s] -- Found rmw_implementation_cmake: 6.1.2 (/opt/ros/humble/share/rmw_implementation_cmake/cmake)
[0.383s] -- Found rmw_fastrtps_cpp: 6.2.7 (/opt/ros/humble/share/rmw_fastrtps_cpp/cmake)
[0.457s] -- Using RMW implementation 'rmw_fastrtps_cpp' as default
[0.499s] [31mCMake Error at CMakeLists.txt:12 (find_package):
[0.499s]   By not providing "Findrecursos.cmake" in CMAKE_MODULE_PATH this project has
[0.499s]   asked CMake to find a package configuration file provided by "recursos",
[0.499s]   but CMake did not find one.
[0.499s] 
[0.499s]   Could not find a package configuration file provided by "recursos" with any
[0.499s]   of the following names:
[0.499s] 
[0.499s]     recursosConfig.cmake
[0.499s]     recursos-config.cmake
[0.499s] 
[0.499s]   Add the installation prefix of "recursos" to CMAKE_PREFIX_PATH or set
[0.499s]   "recursos_DIR" to a directory containing one of the above files.  If
[0.500s]   "recursos" provides a separate development package or SDK, be sure it has
[0.500s]   been installed.
[0.500s] 
[0.500s] [0m
[0.500s] -- Configuring incomplete, errors occurred!
[0.500s] See also "/home/rod-0310/Escritorio/practicasros_ws/build/ejercicio3_cpp/CMakeFiles/CMakeOutput.log".
[0.503s] gmake: *** [Makefile:226: cmake_check_build_system] Error 1
[0.649s] Invoked command in '/home/rod-0310/Escritorio/practicasros_ws/build/ejercicio3_cpp' returned '2': CMAKE_PREFIX_PATH=/opt/ros/humble /usr/bin/cmake --build /home/rod-0310/Escritorio/practicasros_ws/build/ejercicio3_cpp -- -j20 -l20
