[0.210s] Invoking command in '/home/rod-0310/Escritorio/practicasros_ws/build/ejercicio2_cpp': CMAKE_PREFIX_PATH=${CMAKE_PREFIX_PATH}:/home/rod-0310/Escritorio/practicasros_ws/install/practica1:/home/rod-0310/Escritorio/practicasros_ws/install/ejercicio2:/opt/ros/humble /usr/bin/cmake --build /home/rod-0310/Escritorio/practicasros_ws/build/ejercicio2_cpp -- -j20 -l20
[0.393s] Invoked command in '/home/rod-0310/Escritorio/practicasros_ws/build/ejercicio2_cpp' returned '0': CMAKE_PREFIX_PATH=${CMAKE_PREFIX_PATH}:/home/rod-0310/Escritorio/practicasros_ws/install/practica1:/home/rod-0310/Escritorio/practicasros_ws/install/ejercicio2:/opt/ros/humble /usr/bin/cmake --build /home/rod-0310/Escritorio/practicasros_ws/build/ejercicio2_cpp -- -j20 -l20
[0.402s] Invoking command in '/home/rod-0310/Escritorio/practicasros_ws/build/ejercicio2_cpp': CMAKE_PREFIX_PATH=${CMAKE_PREFIX_PATH}:/home/rod-0310/Escritorio/practicasros_ws/install/practica1:/home/rod-0310/Escritorio/practicasros_ws/install/ejercicio2:/opt/ros/humble /usr/bin/cmake --install /home/rod-0310/Escritorio/practicasros_ws/build/ejercicio2_cpp
[0.410s] -- Install configuration: ""
[0.410s] -- Up-to-date: /home/rod-0310/Escritorio/practicasros_ws/install/ejercicio2_cpp/share/ament_index/resource_index/package_run_dependencies/ejercicio2_cpp
[0.410s] -- Up-to-date: /home/rod-0310/Escritorio/practicasros_ws/install/ejercicio2_cpp/share/ament_index/resource_index/parent_prefix_path/ejercicio2_cpp
[0.411s] -- Up-to-date: /home/rod-0310/Escritorio/practicasros_ws/install/ejercicio2_cpp/share/ejercicio2_cpp/environment/ament_prefix_path.sh
[0.411s] -- Up-to-date: /home/rod-0310/Escritorio/practicasros_ws/install/ejercicio2_cpp/share/ejercicio2_cpp/environment/ament_prefix_path.dsv
[0.411s] -- Up-to-date: /home/rod-0310/Escritorio/practicasros_ws/install/ejercicio2_cpp/share/ejercicio2_cpp/environment/path.sh
[0.411s] -- Up-to-date: /home/rod-0310/Escritorio/practicasros_ws/install/ejercicio2_cpp/share/ejercicio2_cpp/environment/path.dsv
[0.411s] -- Up-to-date: /home/rod-0310/Escritorio/practicasros_ws/install/ejercicio2_cpp/share/ejercicio2_cpp/local_setup.bash
[0.411s] -- Up-to-date: /home/rod-0310/Escritorio/practicasros_ws/install/ejercicio2_cpp/share/ejercicio2_cpp/local_setup.sh
[0.411s] -- Up-to-date: /home/rod-0310/Escritorio/practicasros_ws/install/ejercicio2_cpp/share/ejercicio2_cpp/local_setup.zsh
[0.411s] -- Up-to-date: /home/rod-0310/Escritorio/practicasros_ws/install/ejercicio2_cpp/share/ejercicio2_cpp/local_setup.dsv
[0.411s] -- Installing: /home/rod-0310/Escritorio/practicasros_ws/install/ejercicio2_cpp/share/ejercicio2_cpp/package.dsv
[0.411s] -- Up-to-date: /home/rod-0310/Escritorio/practicasros_ws/install/ejercicio2_cpp/share/ament_index/resource_index/packages/ejercicio2_cpp
[0.411s] -- Up-to-date: /home/rod-0310/Escritorio/practicasros_ws/install/ejercicio2_cpp/share/ejercicio2_cpp/cmake/ejercicio2_cppConfig.cmake
[0.411s] -- Up-to-date: /home/rod-0310/Escritorio/practicasros_ws/install/ejercicio2_cpp/share/ejercicio2_cpp/cmake/ejercicio2_cppConfig-version.cmake
[0.411s] -- Up-to-date: /home/rod-0310/Escritorio/practicasros_ws/install/ejercicio2_cpp/share/ejercicio2_cpp/package.xml
[0.413s] Invoked command in '/home/rod-0310/Escritorio/practicasros_ws/build/ejercicio2_cpp' returned '0': CMAKE_PREFIX_PATH=${CMAKE_PREFIX_PATH}:/home/rod-0310/Escritorio/practicasros_ws/install/practica1:/home/rod-0310/Escritorio/practicasros_ws/install/ejercicio2:/opt/ros/humble /usr/bin/cmake --install /home/rod-0310/Escritorio/practicasros_ws/build/ejercicio2_cpp
