[0.144s] DEBUG:colcon:Command line arguments: ['/usr/bin/colcon', 'build']
[0.144s] DEBUG:colcon:Parsed command line arguments: Namespace(log_base=None, log_level=None, verb_name='build', build_base='build', install_base='install', merge_install=False, symlink_install=False, test_result_base=None, continue_on_error=False, executor='parallel', parallel_workers=20, event_handlers=None, ignore_user_meta=False, metas=['./colcon.meta'], base_paths=['.'], packages_ignore=None, packages_ignore_regex=None, paths=None, packages_up_to=None, packages_up_to_regex=None, packages_above=None, packages_above_and_dependencies=None, packages_above_depth=None, packages_select_by_dep=None, packages_skip_by_dep=None, packages_skip_up_to=None, packages_select_build_failed=False, packages_skip_build_finished=False, packages_select_test_failures=False, packages_skip_test_passed=False, packages_select=None, packages_skip=None, packages_select_regex=None, packages_skip_regex=None, packages_start=None, packages_end=None, allow_overriding=[], cmake_args=None, cmake_target=None, cmake_target_skip_unavailable=False, cmake_clean_cache=False, cmake_clean_first=False, cmake_force_configure=False, ament_cmake_args=None, catkin_cmake_args=None, catkin_skip_building_tests=False, mixin_files=None, mixin=None, verb_parser=<colcon_mixin.mixin.mixin_argument.MixinArgumentDecorator object at 0x764f4745ba00>, verb_extension=<colcon_core.verb.build.BuildVerb object at 0x764f4745b4c0>, main=<bound method BuildVerb.main of <colcon_core.verb.build.BuildVerb object at 0x764f4745b4c0>>, mixin_verb=('build',))
[0.395s] Level 1:colcon.colcon_core.package_discovery:discover_packages(colcon_meta) check parameters
[0.396s] Level 1:colcon.colcon_core.package_discovery:discover_packages(recursive) check parameters
[0.396s] Level 1:colcon.colcon_core.package_discovery:discover_packages(ignore) check parameters
[0.396s] Level 1:colcon.colcon_core.package_discovery:discover_packages(path) check parameters
[0.396s] Level 1:colcon.colcon_core.package_discovery:discover_packages(colcon_meta) discover
[0.396s] Level 1:colcon.colcon_core.package_discovery:discover_packages(recursive) discover
[0.396s] INFO:colcon.colcon_core.package_discovery:Crawling recursively for packages in '/home/rod-0310/Escritorio/practicasros_ws'
[0.396s] Level 1:colcon.colcon_core.package_identification:_identify(.) by extensions ['ignore', 'ignore_ament_install']
[0.396s] Level 1:colcon.colcon_core.package_identification:_identify(.) by extension 'ignore'
[0.396s] Level 1:colcon.colcon_core.package_identification:_identify(.) by extension 'ignore_ament_install'
[0.396s] Level 1:colcon.colcon_core.package_identification:_identify(.) by extensions ['colcon_pkg']
[0.396s] Level 1:colcon.colcon_core.package_identification:_identify(.) by extension 'colcon_pkg'
[0.396s] Level 1:colcon.colcon_core.package_identification:_identify(.) by extensions ['colcon_meta']
[0.397s] Level 1:colcon.colcon_core.package_identification:_identify(.) by extension 'colcon_meta'
[0.397s] Level 1:colcon.colcon_core.package_identification:_identify(.) by extensions ['ros']
[0.397s] Level 1:colcon.colcon_core.package_identification:_identify(.) by extension 'ros'
[0.427s] Level 1:colcon.colcon_core.package_identification:_identify(.) by extensions ['cmake', 'python']
[0.427s] Level 1:colcon.colcon_core.package_identification:_identify(.) by extension 'cmake'
[0.427s] Level 1:colcon.colcon_core.package_identification:_identify(.) by extension 'python'
[0.427s] Level 1:colcon.colcon_core.package_identification:_identify(.) by extensions ['python_setup_py']
[0.427s] Level 1:colcon.colcon_core.package_identification:_identify(.) by extension 'python_setup_py'
[0.427s] Level 1:colcon.colcon_core.package_identification:_identify(build) by extensions ['ignore', 'ignore_ament_install']
[0.428s] Level 1:colcon.colcon_core.package_identification:_identify(build) by extension 'ignore'
[0.428s] Level 1:colcon.colcon_core.package_identification:_identify(build) ignored
[0.428s] Level 1:colcon.colcon_core.package_identification:_identify(install) by extensions ['ignore', 'ignore_ament_install']
[0.428s] Level 1:colcon.colcon_core.package_identification:_identify(install) by extension 'ignore'
[0.428s] Level 1:colcon.colcon_core.package_identification:_identify(install) ignored
[0.428s] Level 1:colcon.colcon_core.package_identification:_identify(log) by extensions ['ignore', 'ignore_ament_install']
[0.428s] Level 1:colcon.colcon_core.package_identification:_identify(log) by extension 'ignore'
[0.428s] Level 1:colcon.colcon_core.package_identification:_identify(log) ignored
[0.428s] Level 1:colcon.colcon_core.package_identification:_identify(src) by extensions ['ignore', 'ignore_ament_install']
[0.429s] Level 1:colcon.colcon_core.package_identification:_identify(src) by extension 'ignore'
[0.429s] Level 1:colcon.colcon_core.package_identification:_identify(src) by extension 'ignore_ament_install'
[0.429s] Level 1:colcon.colcon_core.package_identification:_identify(src) by extensions ['colcon_pkg']
[0.429s] Level 1:colcon.colcon_core.package_identification:_identify(src) by extension 'colcon_pkg'
[0.429s] Level 1:colcon.colcon_core.package_identification:_identify(src) by extensions ['colcon_meta']
[0.429s] Level 1:colcon.colcon_core.package_identification:_identify(src) by extension 'colcon_meta'
[0.429s] Level 1:colcon.colcon_core.package_identification:_identify(src) by extensions ['ros']
[0.429s] Level 1:colcon.colcon_core.package_identification:_identify(src) by extension 'ros'
[0.429s] Level 1:colcon.colcon_core.package_identification:_identify(src) by extensions ['cmake', 'python']
[0.429s] Level 1:colcon.colcon_core.package_identification:_identify(src) by extension 'cmake'
[0.429s] Level 1:colcon.colcon_core.package_identification:_identify(src) by extension 'python'
[0.429s] Level 1:colcon.colcon_core.package_identification:_identify(src) by extensions ['python_setup_py']
[0.429s] Level 1:colcon.colcon_core.package_identification:_identify(src) by extension 'python_setup_py'
[0.429s] Level 1:colcon.colcon_core.package_identification:_identify(src/practica1) by extensions ['ignore', 'ignore_ament_install']
[0.429s] Level 1:colcon.colcon_core.package_identification:_identify(src/practica1) by extension 'ignore'
[0.429s] Level 1:colcon.colcon_core.package_identification:_identify(src/practica1) by extension 'ignore_ament_install'
[0.430s] Level 1:colcon.colcon_core.package_identification:_identify(src/practica1) by extensions ['colcon_pkg']
[0.430s] Level 1:colcon.colcon_core.package_identification:_identify(src/practica1) by extension 'colcon_pkg'
[0.430s] Level 1:colcon.colcon_core.package_identification:_identify(src/practica1) by extensions ['colcon_meta']
[0.430s] Level 1:colcon.colcon_core.package_identification:_identify(src/practica1) by extension 'colcon_meta'
[0.430s] Level 1:colcon.colcon_core.package_identification:_identify(src/practica1) by extensions ['ros']
[0.430s] Level 1:colcon.colcon_core.package_identification:_identify(src/practica1) by extension 'ros'
[0.433s] DEBUG:colcon.colcon_core.package_identification:Package 'src/practica1' with type 'ros.ament_python' and name 'practica1'
[0.433s] Level 1:colcon.colcon_core.package_identification:_identify(src/practica1_cpp) by extensions ['ignore', 'ignore_ament_install']
[0.433s] Level 1:colcon.colcon_core.package_identification:_identify(src/practica1_cpp) by extension 'ignore'
[0.433s] Level 1:colcon.colcon_core.package_identification:_identify(src/practica1_cpp) by extension 'ignore_ament_install'
[0.433s] Level 1:colcon.colcon_core.package_identification:_identify(src/practica1_cpp) by extensions ['colcon_pkg']
[0.433s] Level 1:colcon.colcon_core.package_identification:_identify(src/practica1_cpp) by extension 'colcon_pkg'
[0.433s] Level 1:colcon.colcon_core.package_identification:_identify(src/practica1_cpp) by extensions ['colcon_meta']
[0.433s] Level 1:colcon.colcon_core.package_identification:_identify(src/practica1_cpp) by extension 'colcon_meta'
[0.433s] Level 1:colcon.colcon_core.package_identification:_identify(src/practica1_cpp) by extensions ['ros']
[0.433s] Level 1:colcon.colcon_core.package_identification:_identify(src/practica1_cpp) by extension 'ros'
[0.434s] DEBUG:colcon.colcon_core.package_identification:Package 'src/practica1_cpp' with type 'ros.ament_cmake' and name 'practica1_cpp'
[0.434s] Level 1:colcon.colcon_core.package_discovery:discover_packages(recursive) using defaults
[0.434s] Level 1:colcon.colcon_core.package_discovery:discover_packages(ignore) discover
[0.434s] Level 1:colcon.colcon_core.package_discovery:discover_packages(ignore) using defaults
[0.434s] Level 1:colcon.colcon_core.package_discovery:discover_packages(path) discover
[0.434s] Level 1:colcon.colcon_core.package_discovery:discover_packages(path) using defaults
[0.461s] Level 1:colcon.colcon_core.package_discovery:discover_packages(prefix_path) check parameters
[0.461s] Level 1:colcon.colcon_core.package_discovery:discover_packages(prefix_path) discover
[0.464s] DEBUG:colcon.colcon_installed_package_information.package_discovery:Found 5 installed packages in /home/rod-0310/Escritorio/robotica_ws/install
[0.465s] DEBUG:colcon.colcon_installed_package_information.package_discovery:Found 271 installed packages in /opt/ros/humble
[0.469s] Level 1:colcon.colcon_core.package_discovery:discover_packages(prefix_path) using defaults
[0.515s] Level 5:colcon.colcon_core.verb:set package 'practica1' build argument 'cmake_args' from command line to 'None'
[0.515s] Level 5:colcon.colcon_core.verb:set package 'practica1' build argument 'cmake_target' from command line to 'None'
[0.515s] Level 5:colcon.colcon_core.verb:set package 'practica1' build argument 'cmake_target_skip_unavailable' from command line to 'False'
[0.515s] Level 5:colcon.colcon_core.verb:set package 'practica1' build argument 'cmake_clean_cache' from command line to 'False'
[0.515s] Level 5:colcon.colcon_core.verb:set package 'practica1' build argument 'cmake_clean_first' from command line to 'False'
[0.515s] Level 5:colcon.colcon_core.verb:set package 'practica1' build argument 'cmake_force_configure' from command line to 'False'
[0.515s] Level 5:colcon.colcon_core.verb:set package 'practica1' build argument 'ament_cmake_args' from command line to 'None'
[0.515s] Level 5:colcon.colcon_core.verb:set package 'practica1' build argument 'catkin_cmake_args' from command line to 'None'
[0.516s] Level 5:colcon.colcon_core.verb:set package 'practica1' build argument 'catkin_skip_building_tests' from command line to 'False'
[0.516s] DEBUG:colcon.colcon_core.verb:Building package 'practica1' with the following arguments: {'ament_cmake_args': None, 'build_base': '/home/rod-0310/Escritorio/practicasros_ws/build/practica1', 'catkin_cmake_args': None, 'catkin_skip_building_tests': False, 'cmake_args': None, 'cmake_clean_cache': False, 'cmake_clean_first': False, 'cmake_force_configure': False, 'cmake_target': None, 'cmake_target_skip_unavailable': False, 'install_base': '/home/rod-0310/Escritorio/practicasros_ws/install/practica1', 'merge_install': False, 'path': '/home/rod-0310/Escritorio/practicasros_ws/src/practica1', 'symlink_install': False, 'test_result_base': None}
[0.516s] Level 5:colcon.colcon_core.verb:set package 'practica1_cpp' build argument 'cmake_args' from command line to 'None'
[0.516s] Level 5:colcon.colcon_core.verb:set package 'practica1_cpp' build argument 'cmake_target' from command line to 'None'
[0.516s] Level 5:colcon.colcon_core.verb:set package 'practica1_cpp' build argument 'cmake_target_skip_unavailable' from command line to 'False'
[0.516s] Level 5:colcon.colcon_core.verb:set package 'practica1_cpp' build argument 'cmake_clean_cache' from command line to 'False'
[0.516s] Level 5:colcon.colcon_core.verb:set package 'practica1_cpp' build argument 'cmake_clean_first' from command line to 'False'
[0.516s] Level 5:colcon.colcon_core.verb:set package 'practica1_cpp' build argument 'cmake_force_configure' from command line to 'False'
[0.516s] Level 5:colcon.colcon_core.verb:set package 'practica1_cpp' build argument 'ament_cmake_args' from command line to 'None'
[0.516s] Level 5:colcon.colcon_core.verb:set package 'practica1_cpp' build argument 'catkin_cmake_args' from command line to 'None'
[0.516s] Level 5:colcon.colcon_core.verb:set package 'practica1_cpp' build argument 'catkin_skip_building_tests' from command line to 'False'
[0.516s] DEBUG:colcon.colcon_core.verb:Building package 'practica1_cpp' with the following arguments: {'ament_cmake_args': None, 'build_base': '/home/rod-0310/Escritorio/practicasros_ws/build/practica1_cpp', 'catkin_cmake_args': None, 'catkin_skip_building_tests': False, 'cmake_args': None, 'cmake_clean_cache': False, 'cmake_clean_first': False, 'cmake_force_configure': False, 'cmake_target': None, 'cmake_target_skip_unavailable': False, 'install_base': '/home/rod-0310/Escritorio/practicasros_ws/install/practica1_cpp', 'merge_install': False, 'path': '/home/rod-0310/Escritorio/practicasros_ws/src/practica1_cpp', 'symlink_install': False, 'test_result_base': None}
[0.517s] INFO:colcon.colcon_core.executor:Executing jobs using 'parallel' executor
[0.518s] DEBUG:colcon.colcon_parallel_executor.executor.parallel:run_until_complete
[0.519s] INFO:colcon.colcon_ros.task.ament_python.build:Building ROS package in '/home/rod-0310/Escritorio/practicasros_ws/src/practica1' with build type 'ament_python'
[0.519s] Level 1:colcon.colcon_core.shell:create_environment_hook('practica1', 'ament_prefix_path')
[0.522s] INFO:colcon.colcon_core.plugin_system:Skipping extension 'colcon_core.shell.bat': Not used on non-Windows systems
[0.523s] INFO:colcon.colcon_core.shell:Creating environment hook '/home/rod-0310/Escritorio/practicasros_ws/install/practica1/share/practica1/hook/ament_prefix_path.ps1'
[0.524s] INFO:colcon.colcon_core.shell:Creating environment descriptor '/home/rod-0310/Escritorio/practicasros_ws/install/practica1/share/practica1/hook/ament_prefix_path.dsv'
[0.524s] INFO:colcon.colcon_core.shell:Creating environment hook '/home/rod-0310/Escritorio/practicasros_ws/install/practica1/share/practica1/hook/ament_prefix_path.sh'
[0.526s] INFO:colcon.colcon_core.shell:Skip shell extension 'powershell' for command environment: Not usable outside of PowerShell
[0.526s] DEBUG:colcon.colcon_core.shell:Skip shell extension 'dsv' for command environment
[0.530s] INFO:colcon.colcon_ros.task.ament_cmake.build:Building ROS package in '/home/rod-0310/Escritorio/practicasros_ws/src/practica1_cpp' with build type 'ament_cmake'
[0.531s] INFO:colcon.colcon_cmake.task.cmake.build:Building CMake package in '/home/rod-0310/Escritorio/practicasros_ws/src/practica1_cpp'
[0.531s] INFO:colcon.colcon_core.shell:Skip shell extension 'powershell' for command environment: Not usable outside of PowerShell
[0.531s] DEBUG:colcon.colcon_core.shell:Skip shell extension 'dsv' for command environment
[0.936s] INFO:colcon.colcon_core.task.python.build:Building Python package in '/home/rod-0310/Escritorio/practicasros_ws/src/practica1'
[0.936s] INFO:colcon.colcon_core.shell:Skip shell extension 'powershell' for command environment: Not usable outside of PowerShell
[0.937s] DEBUG:colcon.colcon_core.shell:Skip shell extension 'dsv' for command environment
[0.950s] DEBUG:colcon.colcon_core.event_handler.log_command:Invoking command in '/home/rod-0310/Escritorio/practicasros_ws/build/practica1_cpp': CMAKE_PREFIX_PATH=${CMAKE_PREFIX_PATH}:/home/rod-0310/Escritorio/robotica_ws/install/py_srv:/home/rod-0310/Escritorio/robotica_ws/install/primer_paquete:/opt/ros/humble /usr/bin/cmake --build /home/rod-0310/Escritorio/practicasros_ws/build/practica1_cpp -- -j20 -l20
[1.017s] DEBUG:colcon.colcon_core.event_handler.log_command:Invoked command in '/home/rod-0310/Escritorio/practicasros_ws/build/practica1_cpp' returned '0': CMAKE_PREFIX_PATH=${CMAKE_PREFIX_PATH}:/home/rod-0310/Escritorio/robotica_ws/install/py_srv:/home/rod-0310/Escritorio/robotica_ws/install/primer_paquete:/opt/ros/humble /usr/bin/cmake --build /home/rod-0310/Escritorio/practicasros_ws/build/practica1_cpp -- -j20 -l20
[1.037s] DEBUG:colcon.colcon_core.event_handler.log_command:Invoking command in '/home/rod-0310/Escritorio/practicasros_ws/build/practica1_cpp': CMAKE_PREFIX_PATH=${CMAKE_PREFIX_PATH}:/home/rod-0310/Escritorio/robotica_ws/install/py_srv:/home/rod-0310/Escritorio/robotica_ws/install/primer_paquete:/opt/ros/humble /usr/bin/cmake --install /home/rod-0310/Escritorio/practicasros_ws/build/practica1_cpp
[1.056s] Level 1:colcon.colcon_core.environment:create_environment_scripts_only(practica1_cpp)
[1.058s] DEBUG:colcon.colcon_core.event_handler.log_command:Invoked command in '/home/rod-0310/Escritorio/practicasros_ws/build/practica1_cpp' returned '0': CMAKE_PREFIX_PATH=${CMAKE_PREFIX_PATH}:/home/rod-0310/Escritorio/robotica_ws/install/py_srv:/home/rod-0310/Escritorio/robotica_ws/install/primer_paquete:/opt/ros/humble /usr/bin/cmake --install /home/rod-0310/Escritorio/practicasros_ws/build/practica1_cpp
[1.061s] Level 1:colcon.colcon_core.environment:checking '/home/rod-0310/Escritorio/practicasros_ws/install/practica1_cpp' for CMake module files
[1.062s] Level 1:colcon.colcon_core.environment:checking '/home/rod-0310/Escritorio/practicasros_ws/install/practica1_cpp' for CMake config files
[1.063s] Level 1:colcon.colcon_core.shell:create_environment_hook('practica1_cpp', 'cmake_prefix_path')
[1.063s] INFO:colcon.colcon_core.shell:Creating environment hook '/home/rod-0310/Escritorio/practicasros_ws/install/practica1_cpp/share/practica1_cpp/hook/cmake_prefix_path.ps1'
[1.064s] INFO:colcon.colcon_core.shell:Creating environment descriptor '/home/rod-0310/Escritorio/practicasros_ws/install/practica1_cpp/share/practica1_cpp/hook/cmake_prefix_path.dsv'
[1.065s] INFO:colcon.colcon_core.shell:Creating environment hook '/home/rod-0310/Escritorio/practicasros_ws/install/practica1_cpp/share/practica1_cpp/hook/cmake_prefix_path.sh'
[1.066s] Level 1:colcon.colcon_core.environment:checking '/home/rod-0310/Escritorio/practicasros_ws/install/practica1_cpp/bin'
[1.066s] Level 1:colcon.colcon_core.environment:checking '/home/rod-0310/Escritorio/practicasros_ws/install/practica1_cpp/lib/pkgconfig/practica1_cpp.pc'
[1.067s] Level 1:colcon.colcon_core.environment:checking '/home/rod-0310/Escritorio/practicasros_ws/install/practica1_cpp/lib/python3.10/site-packages'
[1.067s] Level 1:colcon.colcon_core.environment:checking '/home/rod-0310/Escritorio/practicasros_ws/install/practica1_cpp/bin'
[1.067s] INFO:colcon.colcon_core.shell:Creating package script '/home/rod-0310/Escritorio/practicasros_ws/install/practica1_cpp/share/practica1_cpp/package.ps1'
[1.069s] INFO:colcon.colcon_core.shell:Creating package descriptor '/home/rod-0310/Escritorio/practicasros_ws/install/practica1_cpp/share/practica1_cpp/package.dsv'
[1.069s] INFO:colcon.colcon_core.shell:Creating package script '/home/rod-0310/Escritorio/practicasros_ws/install/practica1_cpp/share/practica1_cpp/package.sh'
[1.071s] INFO:colcon.colcon_core.shell:Creating package script '/home/rod-0310/Escritorio/practicasros_ws/install/practica1_cpp/share/practica1_cpp/package.bash'
[1.072s] INFO:colcon.colcon_core.shell:Creating package script '/home/rod-0310/Escritorio/practicasros_ws/install/practica1_cpp/share/practica1_cpp/package.zsh'
[1.073s] Level 1:colcon.colcon_core.environment:create_file_with_runtime_dependencies(/home/rod-0310/Escritorio/practicasros_ws/install/practica1_cpp/share/colcon-core/packages/practica1_cpp)
[1.074s] Level 1:colcon.colcon_core.environment:create_environment_scripts_only(practica1_cpp)
[1.074s] Level 1:colcon.colcon_core.environment:checking '/home/rod-0310/Escritorio/practicasros_ws/install/practica1_cpp' for CMake module files
[1.075s] Level 1:colcon.colcon_core.environment:checking '/home/rod-0310/Escritorio/practicasros_ws/install/practica1_cpp' for CMake config files
[1.075s] Level 1:colcon.colcon_core.shell:create_environment_hook('practica1_cpp', 'cmake_prefix_path')
[1.075s] INFO:colcon.colcon_core.shell:Creating environment hook '/home/rod-0310/Escritorio/practicasros_ws/install/practica1_cpp/share/practica1_cpp/hook/cmake_prefix_path.ps1'
[1.076s] INFO:colcon.colcon_core.shell:Creating environment descriptor '/home/rod-0310/Escritorio/practicasros_ws/install/practica1_cpp/share/practica1_cpp/hook/cmake_prefix_path.dsv'
[1.077s] INFO:colcon.colcon_core.shell:Creating environment hook '/home/rod-0310/Escritorio/practicasros_ws/install/practica1_cpp/share/practica1_cpp/hook/cmake_prefix_path.sh'
[1.078s] Level 1:colcon.colcon_core.environment:checking '/home/rod-0310/Escritorio/practicasros_ws/install/practica1_cpp/bin'
[1.078s] Level 1:colcon.colcon_core.environment:checking '/home/rod-0310/Escritorio/practicasros_ws/install/practica1_cpp/lib/pkgconfig/practica1_cpp.pc'
[1.078s] Level 1:colcon.colcon_core.environment:checking '/home/rod-0310/Escritorio/practicasros_ws/install/practica1_cpp/lib/python3.10/site-packages'
[1.078s] Level 1:colcon.colcon_core.environment:checking '/home/rod-0310/Escritorio/practicasros_ws/install/practica1_cpp/bin'
[1.079s] INFO:colcon.colcon_core.shell:Creating package script '/home/rod-0310/Escritorio/practicasros_ws/install/practica1_cpp/share/practica1_cpp/package.ps1'
[1.080s] INFO:colcon.colcon_core.shell:Creating package descriptor '/home/rod-0310/Escritorio/practicasros_ws/install/practica1_cpp/share/practica1_cpp/package.dsv'
[1.080s] INFO:colcon.colcon_core.shell:Creating package script '/home/rod-0310/Escritorio/practicasros_ws/install/practica1_cpp/share/practica1_cpp/package.sh'
[1.081s] INFO:colcon.colcon_core.shell:Creating package script '/home/rod-0310/Escritorio/practicasros_ws/install/practica1_cpp/share/practica1_cpp/package.bash'
[1.081s] INFO:colcon.colcon_core.shell:Creating package script '/home/rod-0310/Escritorio/practicasros_ws/install/practica1_cpp/share/practica1_cpp/package.zsh'
[1.082s] Level 1:colcon.colcon_core.environment:create_file_with_runtime_dependencies(/home/rod-0310/Escritorio/practicasros_ws/install/practica1_cpp/share/colcon-core/packages/practica1_cpp)
[1.546s] DEBUG:colcon.colcon_core.event_handler.log_command:Invoking command in '/home/rod-0310/Escritorio/practicasros_ws/src/practica1': PYTHONPATH=/home/rod-0310/Escritorio/practicasros_ws/build/practica1/prefix_override:/usr/lib/python3/dist-packages/colcon_core/task/python/colcon_distutils_commands:/home/rod-0310/Escritorio/practicasros_ws/install/practica1/lib/python3.10/site-packages:${PYTHONPATH} /usr/bin/python3 -W ignore:setup.py install is deprecated -W ignore:easy_install command is deprecated setup.py egg_info --egg-base ../../build/practica1 build --build-base /home/rod-0310/Escritorio/practicasros_ws/build/practica1/build install --record /home/rod-0310/Escritorio/practicasros_ws/build/practica1/install.log --single-version-externally-managed install_data
[2.003s] Level 1:colcon.colcon_core.environment:checking '/home/rod-0310/Escritorio/practicasros_ws/install/practica1' for CMake module files
[2.004s] DEBUG:colcon.colcon_core.event_handler.log_command:Invoked command in '/home/rod-0310/Escritorio/practicasros_ws/src/practica1' returned '0': PYTHONPATH=/home/rod-0310/Escritorio/practicasros_ws/build/practica1/prefix_override:/usr/lib/python3/dist-packages/colcon_core/task/python/colcon_distutils_commands:/home/rod-0310/Escritorio/practicasros_ws/install/practica1/lib/python3.10/site-packages:${PYTHONPATH} /usr/bin/python3 -W ignore:setup.py install is deprecated -W ignore:easy_install command is deprecated setup.py egg_info --egg-base ../../build/practica1 build --build-base /home/rod-0310/Escritorio/practicasros_ws/build/practica1/build install --record /home/rod-0310/Escritorio/practicasros_ws/build/practica1/install.log --single-version-externally-managed install_data
[2.004s] Level 1:colcon.colcon_core.environment:checking '/home/rod-0310/Escritorio/practicasros_ws/install/practica1' for CMake config files
[2.005s] Level 1:colcon.colcon_core.environment:checking '/home/rod-0310/Escritorio/practicasros_ws/install/practica1/lib'
[2.005s] Level 1:colcon.colcon_core.environment:checking '/home/rod-0310/Escritorio/practicasros_ws/install/practica1/bin'
[2.005s] Level 1:colcon.colcon_core.environment:checking '/home/rod-0310/Escritorio/practicasros_ws/install/practica1/lib/pkgconfig/practica1.pc'
[2.006s] Level 1:colcon.colcon_core.environment:checking '/home/rod-0310/Escritorio/practicasros_ws/install/practica1/lib/python3.10/site-packages'
[2.006s] Level 1:colcon.colcon_core.shell:create_environment_hook('practica1', 'pythonpath')
[2.006s] INFO:colcon.colcon_core.shell:Creating environment hook '/home/rod-0310/Escritorio/practicasros_ws/install/practica1/share/practica1/hook/pythonpath.ps1'
[2.007s] INFO:colcon.colcon_core.shell:Creating environment descriptor '/home/rod-0310/Escritorio/practicasros_ws/install/practica1/share/practica1/hook/pythonpath.dsv'
[2.008s] INFO:colcon.colcon_core.shell:Creating environment hook '/home/rod-0310/Escritorio/practicasros_ws/install/practica1/share/practica1/hook/pythonpath.sh'
[2.008s] Level 1:colcon.colcon_core.environment:checking '/home/rod-0310/Escritorio/practicasros_ws/install/practica1/bin'
[2.009s] Level 1:colcon.colcon_core.environment:create_environment_scripts_only(practica1)
[2.009s] INFO:colcon.colcon_core.shell:Creating package script '/home/rod-0310/Escritorio/practicasros_ws/install/practica1/share/practica1/package.ps1'
[2.010s] INFO:colcon.colcon_core.shell:Creating package descriptor '/home/rod-0310/Escritorio/practicasros_ws/install/practica1/share/practica1/package.dsv'
[2.011s] INFO:colcon.colcon_core.shell:Creating package script '/home/rod-0310/Escritorio/practicasros_ws/install/practica1/share/practica1/package.sh'
[2.011s] INFO:colcon.colcon_core.shell:Creating package script '/home/rod-0310/Escritorio/practicasros_ws/install/practica1/share/practica1/package.bash'
[2.012s] INFO:colcon.colcon_core.shell:Creating package script '/home/rod-0310/Escritorio/practicasros_ws/install/practica1/share/practica1/package.zsh'
[2.013s] Level 1:colcon.colcon_core.environment:create_file_with_runtime_dependencies(/home/rod-0310/Escritorio/practicasros_ws/install/practica1/share/colcon-core/packages/practica1)
[2.013s] DEBUG:colcon.colcon_parallel_executor.executor.parallel:closing loop
[2.014s] DEBUG:colcon.colcon_parallel_executor.executor.parallel:loop closed
[2.014s] DEBUG:colcon.colcon_parallel_executor.executor.parallel:run_until_complete finished with '0'
[2.014s] DEBUG:colcon.colcon_core.event_reactor:joining thread
[2.024s] INFO:colcon.colcon_core.plugin_system:Skipping extension 'colcon_notification.desktop_notification.terminal_notifier': Not used on non-Darwin systems
[2.025s] INFO:colcon.colcon_core.plugin_system:Skipping extension 'colcon_notification.desktop_notification.win32': Not used on non-Windows systems
[2.025s] INFO:colcon.colcon_notification.desktop_notification:Sending desktop notification using 'notify2'
[2.042s] DEBUG:colcon.colcon_core.event_reactor:joined thread
[2.043s] INFO:colcon.colcon_core.shell:Creating prefix script '/home/rod-0310/Escritorio/practicasros_ws/install/local_setup.ps1'
[2.044s] INFO:colcon.colcon_core.shell:Creating prefix util module '/home/rod-0310/Escritorio/practicasros_ws/install/_local_setup_util_ps1.py'
[2.046s] INFO:colcon.colcon_core.shell:Creating prefix chain script '/home/rod-0310/Escritorio/practicasros_ws/install/setup.ps1'
[2.047s] INFO:colcon.colcon_core.shell:Creating prefix script '/home/rod-0310/Escritorio/practicasros_ws/install/local_setup.sh'
[2.048s] INFO:colcon.colcon_core.shell:Creating prefix util module '/home/rod-0310/Escritorio/practicasros_ws/install/_local_setup_util_sh.py'
[2.049s] INFO:colcon.colcon_core.shell:Creating prefix chain script '/home/rod-0310/Escritorio/practicasros_ws/install/setup.sh'
[2.050s] INFO:colcon.colcon_core.shell:Creating prefix script '/home/rod-0310/Escritorio/practicasros_ws/install/local_setup.bash'
[2.051s] INFO:colcon.colcon_core.shell:Creating prefix chain script '/home/rod-0310/Escritorio/practicasros_ws/install/setup.bash'
[2.053s] INFO:colcon.colcon_core.shell:Creating prefix script '/home/rod-0310/Escritorio/practicasros_ws/install/local_setup.zsh'
[2.054s] INFO:colcon.colcon_core.shell:Creating prefix chain script '/home/rod-0310/Escritorio/practicasros_ws/install/setup.zsh'
