[0.010s] Invoking command in '/home/rod-0310/Escritorio/examen_ws/build/examen_interface': CMAKE_PREFIX_PATH=/opt/ros/humble /usr/bin/cmake --build /home/rod-0310/Escritorio/examen_ws/build/examen_interface -- -j20 -l20
[0.033s] -- Found ament_cmake: 1.3.11 (/opt/ros/humble/share/ament_cmake/cmake)
[0.133s] -- Found geometry_msgs: 4.2.4 (/opt/ros/humble/share/geometry_msgs/cmake)
[0.149s] -- Found rosidl_generator_c: 3.1.6 (/opt/ros/humble/share/rosidl_generator_c/cmake)
[0.151s] -- Found rosidl_adapter: 3.1.6 (/opt/ros/humble/share/rosidl_adapter/cmake)
[0.154s] -- Found rosidl_generator_cpp: 3.1.6 (/opt/ros/humble/share/rosidl_generator_cpp/cmake)
[0.160s] -- Using all available rosidl_typesupport_c: rosidl_typesupport_fastrtps_c;rosidl_typesupport_introspection_c
[0.168s] -- Using all available rosidl_typesupport_cpp: rosidl_typesupport_fastrtps_cpp;rosidl_typesupport_introspection_cpp
[0.190s] -- Found rosidl_default_generators: 1.2.0 (/opt/ros/humble/share/rosidl_default_generators/cmake)
[0.402s] -- Found ament_cmake_ros: 0.10.0 (/opt/ros/humble/share/ament_cmake_ros/cmake)
[0.705s] -- Using all available rosidl_typesupport_c: rosidl_typesupport_fastrtps_c;rosidl_typesupport_introspection_c
[0.817s] -- Using all available rosidl_typesupport_cpp: rosidl_typesupport_fastrtps_cpp;rosidl_typesupport_introspection_cpp
[0.835s] -- Found python_cmake_module: 0.10.0 (/opt/ros/humble/share/python_cmake_module/cmake)
[0.857s] -- Using PYTHON_EXECUTABLE: /usr/bin/python3
[0.857s] -- Using PYTHON_INCLUDE_DIRS: /usr/include/python3.10
[0.857s] -- Using PYTHON_LIBRARIES: /usr/lib/x86_64-linux-gnu/libpython3.10.so
[0.876s] -- Found ament_lint_auto: 0.12.11 (/opt/ros/humble/share/ament_lint_auto/cmake)
[0.881s] -- Added test 'lint_cmake' to check CMake code style
[0.881s] -- Added test 'xmllint' to check XML markup files
[0.882s] -- Configuring done
[0.901s] -- Generating done
[0.911s] -- Build files have been written to: /home/rod-0310/Escritorio/examen_ws/build/examen_interface
[0.932s] [35m[1mConsolidate compiler generated dependencies of target examen_interface__rosidl_generator_c[0m
[0.941s] [  3%] Built target examen_interface__cpp
[0.943s] [ 12%] Built target examen_interface__rosidl_generator_c
[0.952s] [35m[1mConsolidate compiler generated dependencies of target examen_interface__rosidl_typesupport_cpp[0m
[0.953s] [ 12%] Built target ament_cmake_python_copy_examen_interface
[0.954s] [35m[1mConsolidate compiler generated dependencies of target examen_interface__rosidl_typesupport_fastrtps_cpp[0m
[0.954s] [35m[1mConsolidate compiler generated dependencies of target examen_interface__rosidl_typesupport_introspection_cpp[0m
[0.954s] [35m[1mConsolidate compiler generated dependencies of target examen_interface__rosidl_typesupport_introspection_c[0m
[0.957s] [35m[1mConsolidate compiler generated dependencies of target examen_interface__rosidl_typesupport_fastrtps_c[0m
[0.958s] [35m[1mConsolidate compiler generated dependencies of target examen_interface__rosidl_typesupport_c[0m
[0.967s] [ 22%] Built target examen_interface__rosidl_typesupport_cpp
[0.969s] [ 32%] Built target examen_interface__rosidl_typesupport_introspection_c
[0.969s] [ 41%] Built target examen_interface__rosidl_typesupport_fastrtps_cpp
[0.971s] [ 51%] Built target examen_interface__rosidl_typesupport_introspection_cpp
[0.972s] [ 61%] Built target examen_interface__rosidl_typesupport_fastrtps_c
[0.972s] [ 70%] Built target examen_interface__rosidl_typesupport_c
[0.990s] [ 70%] Built target examen_interface
[1.009s] [ 74%] Built target examen_interface__py
[1.019s] [35m[1mConsolidate compiler generated dependencies of target examen_interface__rosidl_generator_py[0m
[1.030s] [ 80%] Built target examen_interface__rosidl_generator_py
[1.042s] [35m[1mConsolidate compiler generated dependencies of target examen_interface__rosidl_typesupport_introspection_c__pyext[0m
[1.042s] [35m[1mConsolidate compiler generated dependencies of target examen_interface__rosidl_typesupport_fastrtps_c__pyext[0m
[1.042s] [35m[1mConsolidate compiler generated dependencies of target examen_interface__rosidl_typesupport_c__pyext[0m
[1.053s] [ 87%] Built target examen_interface__rosidl_typesupport_introspection_c__pyext
[1.055s] [ 93%] Built target examen_interface__rosidl_typesupport_fastrtps_c__pyext
[1.057s] [100%] Built target examen_interface__rosidl_typesupport_c__pyext
[1.139s] running egg_info
[1.139s] writing examen_interface.egg-info/PKG-INFO
[1.139s] writing dependency_links to examen_interface.egg-info/dependency_links.txt
[1.139s] writing top-level names to examen_interface.egg-info/top_level.txt
[1.141s] reading manifest file 'examen_interface.egg-info/SOURCES.txt'
[1.141s] writing manifest file 'examen_interface.egg-info/SOURCES.txt'
[1.159s] [100%] Built target ament_cmake_python_build_examen_interface_egg
[1.168s] Invoked command in '/home/rod-0310/Escritorio/examen_ws/build/examen_interface' returned '0': CMAKE_PREFIX_PATH=/opt/ros/humble /usr/bin/cmake --build /home/rod-0310/Escritorio/examen_ws/build/examen_interface -- -j20 -l20
[1.176s] Invoking command in '/home/rod-0310/Escritorio/examen_ws/build/examen_interface': CMAKE_PREFIX_PATH=/opt/ros/humble /usr/bin/cmake --install /home/rod-0310/Escritorio/examen_ws/build/examen_interface
[1.183s] -- Install configuration: ""
[1.183s] -- Up-to-date: /home/rod-0310/Escritorio/examen_ws/install/examen_interface/share/ament_index/resource_index/rosidl_interfaces/examen_interface
[1.183s] -- Up-to-date: /home/rod-0310/Escritorio/examen_ws/install/examen_interface/include/examen_interface/examen_interface
[1.184s] -- Up-to-date: /home/rod-0310/Escritorio/examen_ws/install/examen_interface/include/examen_interface/examen_interface/msg
[1.184s] -- Up-to-date: /home/rod-0310/Escritorio/examen_ws/install/examen_interface/include/examen_interface/examen_interface/msg/detail
[1.184s] -- Up-to-date: /home/rod-0310/Escritorio/examen_ws/install/examen_interface/include/examen_interface/examen_interface/msg/detail/num__functions.c
[1.184s] -- Up-to-date: /home/rod-0310/Escritorio/examen_ws/install/examen_interface/include/examen_interface/examen_interface/msg/detail/num__functions.h
[1.184s] -- Up-to-date: /home/rod-0310/Escritorio/examen_ws/install/examen_interface/include/examen_interface/examen_interface/msg/detail/num__struct.h
[1.184s] -- Up-to-date: /home/rod-0310/Escritorio/examen_ws/install/examen_interface/include/examen_interface/examen_interface/msg/detail/num__type_support.h
[1.184s] -- Up-to-date: /home/rod-0310/Escritorio/examen_ws/install/examen_interface/include/examen_interface/examen_interface/msg/num.h
[1.184s] -- Up-to-date: /home/rod-0310/Escritorio/examen_ws/install/examen_interface/include/examen_interface/examen_interface/msg/rosidl_generator_c__visibility_control.h
[1.184s] -- Up-to-date: /home/rod-0310/Escritorio/examen_ws/install/examen_interface/share/examen_interface/environment/library_path.sh
[1.184s] -- Installing: /home/rod-0310/Escritorio/examen_ws/install/examen_interface/share/examen_interface/environment/library_path.dsv
[1.184s] -- Up-to-date: /home/rod-0310/Escritorio/examen_ws/install/examen_interface/lib/libexamen_interface__rosidl_generator_c.so
[1.184s] -- Up-to-date: /home/rod-0310/Escritorio/examen_ws/install/examen_interface/include/examen_interface/examen_interface
[1.184s] -- Up-to-date: /home/rod-0310/Escritorio/examen_ws/install/examen_interface/include/examen_interface/examen_interface/msg
[1.184s] -- Up-to-date: /home/rod-0310/Escritorio/examen_ws/install/examen_interface/include/examen_interface/examen_interface/msg/rosidl_typesupport_fastrtps_c__visibility_control.h
[1.184s] -- Up-to-date: /home/rod-0310/Escritorio/examen_ws/install/examen_interface/include/examen_interface/examen_interface/msg/detail
[1.185s] -- Up-to-date: /home/rod-0310/Escritorio/examen_ws/install/examen_interface/include/examen_interface/examen_interface/msg/detail/num__rosidl_typesupport_fastrtps_c.h
[1.185s] -- Up-to-date: /home/rod-0310/Escritorio/examen_ws/install/examen_interface/lib/libexamen_interface__rosidl_typesupport_fastrtps_c.so
[1.185s] -- Up-to-date: /home/rod-0310/Escritorio/examen_ws/install/examen_interface/include/examen_interface/examen_interface
[1.185s] -- Up-to-date: /home/rod-0310/Escritorio/examen_ws/install/examen_interface/include/examen_interface/examen_interface/msg
[1.185s] -- Up-to-date: /home/rod-0310/Escritorio/examen_ws/install/examen_interface/include/examen_interface/examen_interface/msg/rosidl_generator_cpp__visibility_control.hpp
[1.185s] -- Up-to-date: /home/rod-0310/Escritorio/examen_ws/install/examen_interface/include/examen_interface/examen_interface/msg/num.hpp
[1.185s] -- Up-to-date: /home/rod-0310/Escritorio/examen_ws/install/examen_interface/include/examen_interface/examen_interface/msg/detail
[1.185s] -- Up-to-date: /home/rod-0310/Escritorio/examen_ws/install/examen_interface/include/examen_interface/examen_interface/msg/detail/num__builder.hpp
[1.185s] -- Up-to-date: /home/rod-0310/Escritorio/examen_ws/install/examen_interface/include/examen_interface/examen_interface/msg/detail/num__type_support.hpp
[1.185s] -- Up-to-date: /home/rod-0310/Escritorio/examen_ws/install/examen_interface/include/examen_interface/examen_interface/msg/detail/num__traits.hpp
[1.185s] -- Up-to-date: /home/rod-0310/Escritorio/examen_ws/install/examen_interface/include/examen_interface/examen_interface/msg/detail/num__struct.hpp
[1.185s] -- Up-to-date: /home/rod-0310/Escritorio/examen_ws/install/examen_interface/include/examen_interface/examen_interface
[1.185s] -- Up-to-date: /home/rod-0310/Escritorio/examen_ws/install/examen_interface/include/examen_interface/examen_interface/msg
[1.185s] -- Up-to-date: /home/rod-0310/Escritorio/examen_ws/install/examen_interface/include/examen_interface/examen_interface/msg/rosidl_typesupport_fastrtps_cpp__visibility_control.h
[1.185s] -- Up-to-date: /home/rod-0310/Escritorio/examen_ws/install/examen_interface/include/examen_interface/examen_interface/msg/detail
[1.185s] -- Up-to-date: /home/rod-0310/Escritorio/examen_ws/install/examen_interface/include/examen_interface/examen_interface/msg/detail/num__rosidl_typesupport_fastrtps_cpp.hpp
[1.185s] -- Up-to-date: /home/rod-0310/Escritorio/examen_ws/install/examen_interface/include/examen_interface/examen_interface/msg/detail/dds_fastrtps
[1.185s] -- Up-to-date: /home/rod-0310/Escritorio/examen_ws/install/examen_interface/lib/libexamen_interface__rosidl_typesupport_fastrtps_cpp.so
[1.185s] -- Up-to-date: /home/rod-0310/Escritorio/examen_ws/install/examen_interface/include/examen_interface/examen_interface
[1.185s] -- Up-to-date: /home/rod-0310/Escritorio/examen_ws/install/examen_interface/include/examen_interface/examen_interface/msg
[1.185s] -- Up-to-date: /home/rod-0310/Escritorio/examen_ws/install/examen_interface/include/examen_interface/examen_interface/msg/rosidl_typesupport_introspection_c__visibility_control.h
[1.186s] -- Up-to-date: /home/rod-0310/Escritorio/examen_ws/install/examen_interface/include/examen_interface/examen_interface/msg/detail
[1.186s] -- Up-to-date: /home/rod-0310/Escritorio/examen_ws/install/examen_interface/include/examen_interface/examen_interface/msg/detail/num__type_support.c
[1.186s] -- Up-to-date: /home/rod-0310/Escritorio/examen_ws/install/examen_interface/include/examen_interface/examen_interface/msg/detail/num__rosidl_typesupport_introspection_c.h
[1.186s] -- Up-to-date: /home/rod-0310/Escritorio/examen_ws/install/examen_interface/lib/libexamen_interface__rosidl_typesupport_introspection_c.so
[1.186s] -- Up-to-date: /home/rod-0310/Escritorio/examen_ws/install/examen_interface/lib/libexamen_interface__rosidl_typesupport_c.so
[1.186s] -- Up-to-date: /home/rod-0310/Escritorio/examen_ws/install/examen_interface/include/examen_interface/examen_interface
[1.186s] -- Up-to-date: /home/rod-0310/Escritorio/examen_ws/install/examen_interface/include/examen_interface/examen_interface/msg
[1.186s] -- Up-to-date: /home/rod-0310/Escritorio/examen_ws/install/examen_interface/include/examen_interface/examen_interface/msg/detail
[1.186s] -- Up-to-date: /home/rod-0310/Escritorio/examen_ws/install/examen_interface/include/examen_interface/examen_interface/msg/detail/num__rosidl_typesupport_introspection_cpp.hpp
[1.186s] -- Up-to-date: /home/rod-0310/Escritorio/examen_ws/install/examen_interface/include/examen_interface/examen_interface/msg/detail/num__type_support.cpp
[1.186s] -- Up-to-date: /home/rod-0310/Escritorio/examen_ws/install/examen_interface/lib/libexamen_interface__rosidl_typesupport_introspection_cpp.so
[1.186s] -- Up-to-date: /home/rod-0310/Escritorio/examen_ws/install/examen_interface/lib/libexamen_interface__rosidl_typesupport_cpp.so
[1.186s] -- Up-to-date: /home/rod-0310/Escritorio/examen_ws/install/examen_interface/share/examen_interface/environment/pythonpath.sh
[1.186s] -- Installing: /home/rod-0310/Escritorio/examen_ws/install/examen_interface/share/examen_interface/environment/pythonpath.dsv
[1.186s] -- Up-to-date: /home/rod-0310/Escritorio/examen_ws/install/examen_interface/local/lib/python3.10/dist-packages/examen_interface-0.0.0-py3.10.egg-info
[1.186s] -- Installing: /home/rod-0310/Escritorio/examen_ws/install/examen_interface/local/lib/python3.10/dist-packages/examen_interface-0.0.0-py3.10.egg-info/top_level.txt
[1.186s] -- Installing: /home/rod-0310/Escritorio/examen_ws/install/examen_interface/local/lib/python3.10/dist-packages/examen_interface-0.0.0-py3.10.egg-info/dependency_links.txt
[1.186s] -- Installing: /home/rod-0310/Escritorio/examen_ws/install/examen_interface/local/lib/python3.10/dist-packages/examen_interface-0.0.0-py3.10.egg-info/SOURCES.txt
[1.187s] -- Installing: /home/rod-0310/Escritorio/examen_ws/install/examen_interface/local/lib/python3.10/dist-packages/examen_interface-0.0.0-py3.10.egg-info/PKG-INFO
[1.187s] -- Up-to-date: /home/rod-0310/Escritorio/examen_ws/install/examen_interface/local/lib/python3.10/dist-packages/examen_interface
[1.187s] -- Up-to-date: /home/rod-0310/Escritorio/examen_ws/install/examen_interface/local/lib/python3.10/dist-packages/examen_interface/_examen_interface_s.ep.rosidl_typesupport_c.c
[1.187s] -- Up-to-date: /home/rod-0310/Escritorio/examen_ws/install/examen_interface/local/lib/python3.10/dist-packages/examen_interface/_examen_interface_s.ep.rosidl_typesupport_fastrtps_c.c
[1.187s] -- Installing: /home/rod-0310/Escritorio/examen_ws/install/examen_interface/local/lib/python3.10/dist-packages/examen_interface/__init__.py
[1.187s] -- Up-to-date: /home/rod-0310/Escritorio/examen_ws/install/examen_interface/local/lib/python3.10/dist-packages/examen_interface/examen_interface_s__rosidl_typesupport_fastrtps_c.cpython-310-x86_64-linux-gnu.so
[1.187s] -- Up-to-date: /home/rod-0310/Escritorio/examen_ws/install/examen_interface/local/lib/python3.10/dist-packages/examen_interface/_examen_interface_s.ep.rosidl_typesupport_introspection_c.c
[1.187s] -- Up-to-date: /home/rod-0310/Escritorio/examen_ws/install/examen_interface/local/lib/python3.10/dist-packages/examen_interface/msg
[1.187s] -- Up-to-date: /home/rod-0310/Escritorio/examen_ws/install/examen_interface/local/lib/python3.10/dist-packages/examen_interface/msg/__init__.py
[1.187s] -- Up-to-date: /home/rod-0310/Escritorio/examen_ws/install/examen_interface/local/lib/python3.10/dist-packages/examen_interface/msg/_num.py
[1.187s] -- Up-to-date: /home/rod-0310/Escritorio/examen_ws/install/examen_interface/local/lib/python3.10/dist-packages/examen_interface/msg/_num_s.c
[1.187s] -- Up-to-date: /home/rod-0310/Escritorio/examen_ws/install/examen_interface/local/lib/python3.10/dist-packages/examen_interface/examen_interface_s__rosidl_typesupport_c.cpython-310-x86_64-linux-gnu.so
[1.187s] -- Up-to-date: /home/rod-0310/Escritorio/examen_ws/install/examen_interface/local/lib/python3.10/dist-packages/examen_interface/examen_interface_s__rosidl_typesupport_introspection_c.cpython-310-x86_64-linux-gnu.so
[1.187s] -- Up-to-date: /home/rod-0310/Escritorio/examen_ws/install/examen_interface/local/lib/python3.10/dist-packages/examen_interface/libexamen_interface__rosidl_generator_py.so
[1.208s] Listing '/home/rod-0310/Escritorio/examen_ws/install/examen_interface/local/lib/python3.10/dist-packages/examen_interface'...
[1.208s] Compiling '/home/rod-0310/Escritorio/examen_ws/install/examen_interface/local/lib/python3.10/dist-packages/examen_interface/__init__.py'...
[1.208s] Listing '/home/rod-0310/Escritorio/examen_ws/install/examen_interface/local/lib/python3.10/dist-packages/examen_interface/msg'...
[1.211s] -- Up-to-date: /home/rod-0310/Escritorio/examen_ws/install/examen_interface/local/lib/python3.10/dist-packages/examen_interface/examen_interface_s__rosidl_typesupport_fastrtps_c.cpython-310-x86_64-linux-gnu.so
[1.211s] -- Up-to-date: /home/rod-0310/Escritorio/examen_ws/install/examen_interface/local/lib/python3.10/dist-packages/examen_interface/examen_interface_s__rosidl_typesupport_introspection_c.cpython-310-x86_64-linux-gnu.so
[1.211s] -- Up-to-date: /home/rod-0310/Escritorio/examen_ws/install/examen_interface/local/lib/python3.10/dist-packages/examen_interface/examen_interface_s__rosidl_typesupport_c.cpython-310-x86_64-linux-gnu.so
[1.212s] -- Up-to-date: /home/rod-0310/Escritorio/examen_ws/install/examen_interface/lib/libexamen_interface__rosidl_generator_py.so
[1.212s] -- Up-to-date: /home/rod-0310/Escritorio/examen_ws/install/examen_interface/share/examen_interface/msg/Num.idl
[1.212s] -- Up-to-date: /home/rod-0310/Escritorio/examen_ws/install/examen_interface/share/examen_interface/msg/Num.msg
[1.212s] -- Up-to-date: /home/rod-0310/Escritorio/examen_ws/install/examen_interface/share/ament_index/resource_index/package_run_dependencies/examen_interface
[1.212s] -- Installing: /home/rod-0310/Escritorio/examen_ws/install/examen_interface/share/ament_index/resource_index/parent_prefix_path/examen_interface
[1.212s] -- Up-to-date: /home/rod-0310/Escritorio/examen_ws/install/examen_interface/share/examen_interface/environment/ament_prefix_path.sh
[1.212s] -- Installing: /home/rod-0310/Escritorio/examen_ws/install/examen_interface/share/examen_interface/environment/ament_prefix_path.dsv
[1.212s] -- Up-to-date: /home/rod-0310/Escritorio/examen_ws/install/examen_interface/share/examen_interface/environment/path.sh
[1.212s] -- Installing: /home/rod-0310/Escritorio/examen_ws/install/examen_interface/share/examen_interface/environment/path.dsv
[1.213s] -- Up-to-date: /home/rod-0310/Escritorio/examen_ws/install/examen_interface/share/examen_interface/local_setup.bash
[1.213s] -- Up-to-date: /home/rod-0310/Escritorio/examen_ws/install/examen_interface/share/examen_interface/local_setup.sh
[1.213s] -- Up-to-date: /home/rod-0310/Escritorio/examen_ws/install/examen_interface/share/examen_interface/local_setup.zsh
[1.213s] -- Installing: /home/rod-0310/Escritorio/examen_ws/install/examen_interface/share/examen_interface/local_setup.dsv
[1.213s] -- Installing: /home/rod-0310/Escritorio/examen_ws/install/examen_interface/share/examen_interface/package.dsv
[1.213s] -- Up-to-date: /home/rod-0310/Escritorio/examen_ws/install/examen_interface/share/ament_index/resource_index/packages/examen_interface
[1.213s] -- Up-to-date: /home/rod-0310/Escritorio/examen_ws/install/examen_interface/share/examen_interface/cmake/export_examen_interface__rosidl_generator_cExport.cmake
[1.213s] -- Up-to-date: /home/rod-0310/Escritorio/examen_ws/install/examen_interface/share/examen_interface/cmake/export_examen_interface__rosidl_generator_cExport-noconfig.cmake
[1.213s] -- Up-to-date: /home/rod-0310/Escritorio/examen_ws/install/examen_interface/share/examen_interface/cmake/export_examen_interface__rosidl_typesupport_fastrtps_cExport.cmake
[1.213s] -- Up-to-date: /home/rod-0310/Escritorio/examen_ws/install/examen_interface/share/examen_interface/cmake/export_examen_interface__rosidl_typesupport_fastrtps_cExport-noconfig.cmake
[1.213s] -- Up-to-date: /home/rod-0310/Escritorio/examen_ws/install/examen_interface/share/examen_interface/cmake/export_examen_interface__rosidl_generator_cppExport.cmake
[1.213s] -- Up-to-date: /home/rod-0310/Escritorio/examen_ws/install/examen_interface/share/examen_interface/cmake/export_examen_interface__rosidl_typesupport_fastrtps_cppExport.cmake
[1.213s] -- Up-to-date: /home/rod-0310/Escritorio/examen_ws/install/examen_interface/share/examen_interface/cmake/export_examen_interface__rosidl_typesupport_fastrtps_cppExport-noconfig.cmake
[1.213s] -- Up-to-date: /home/rod-0310/Escritorio/examen_ws/install/examen_interface/share/examen_interface/cmake/examen_interface__rosidl_typesupport_introspection_cExport.cmake
[1.213s] -- Up-to-date: /home/rod-0310/Escritorio/examen_ws/install/examen_interface/share/examen_interface/cmake/examen_interface__rosidl_typesupport_introspection_cExport-noconfig.cmake
[1.213s] -- Up-to-date: /home/rod-0310/Escritorio/examen_ws/install/examen_interface/share/examen_interface/cmake/examen_interface__rosidl_typesupport_cExport.cmake
[1.213s] -- Up-to-date: /home/rod-0310/Escritorio/examen_ws/install/examen_interface/share/examen_interface/cmake/examen_interface__rosidl_typesupport_cExport-noconfig.cmake
[1.213s] -- Up-to-date: /home/rod-0310/Escritorio/examen_ws/install/examen_interface/share/examen_interface/cmake/examen_interface__rosidl_typesupport_introspection_cppExport.cmake
[1.213s] -- Up-to-date: /home/rod-0310/Escritorio/examen_ws/install/examen_interface/share/examen_interface/cmake/examen_interface__rosidl_typesupport_introspection_cppExport-noconfig.cmake
[1.213s] -- Up-to-date: /home/rod-0310/Escritorio/examen_ws/install/examen_interface/share/examen_interface/cmake/examen_interface__rosidl_typesupport_cppExport.cmake
[1.213s] -- Up-to-date: /home/rod-0310/Escritorio/examen_ws/install/examen_interface/share/examen_interface/cmake/examen_interface__rosidl_typesupport_cppExport-noconfig.cmake
[1.213s] -- Up-to-date: /home/rod-0310/Escritorio/examen_ws/install/examen_interface/share/examen_interface/cmake/export_examen_interface__rosidl_generator_pyExport.cmake
[1.213s] -- Up-to-date: /home/rod-0310/Escritorio/examen_ws/install/examen_interface/share/examen_interface/cmake/export_examen_interface__rosidl_generator_pyExport-noconfig.cmake
[1.213s] -- Up-to-date: /home/rod-0310/Escritorio/examen_ws/install/examen_interface/share/examen_interface/cmake/rosidl_cmake-extras.cmake
[1.214s] -- Up-to-date: /home/rod-0310/Escritorio/examen_ws/install/examen_interface/share/examen_interface/cmake/ament_cmake_export_dependencies-extras.cmake
[1.214s] -- Up-to-date: /home/rod-0310/Escritorio/examen_ws/install/examen_interface/share/examen_interface/cmake/ament_cmake_export_include_directories-extras.cmake
[1.214s] -- Up-to-date: /home/rod-0310/Escritorio/examen_ws/install/examen_interface/share/examen_interface/cmake/ament_cmake_export_libraries-extras.cmake
[1.214s] -- Up-to-date: /home/rod-0310/Escritorio/examen_ws/install/examen_interface/share/examen_interface/cmake/ament_cmake_export_targets-extras.cmake
[1.214s] -- Up-to-date: /home/rod-0310/Escritorio/examen_ws/install/examen_interface/share/examen_interface/cmake/rosidl_cmake_export_typesupport_targets-extras.cmake
[1.214s] -- Up-to-date: /home/rod-0310/Escritorio/examen_ws/install/examen_interface/share/examen_interface/cmake/rosidl_cmake_export_typesupport_libraries-extras.cmake
[1.214s] -- Up-to-date: /home/rod-0310/Escritorio/examen_ws/install/examen_interface/share/examen_interface/cmake/examen_interfaceConfig.cmake
[1.214s] -- Up-to-date: /home/rod-0310/Escritorio/examen_ws/install/examen_interface/share/examen_interface/cmake/examen_interfaceConfig-version.cmake
[1.214s] -- Up-to-date: /home/rod-0310/Escritorio/examen_ws/install/examen_interface/share/examen_interface/package.xml
[1.215s] Invoked command in '/home/rod-0310/Escritorio/examen_ws/build/examen_interface' returned '0': CMAKE_PREFIX_PATH=/opt/ros/humble /usr/bin/cmake --install /home/rod-0310/Escritorio/examen_ws/build/examen_interface
