[0.154s] Invoking command in '/home/rod-0310/Escritorio/practicasros_ws/build/practica1_cpp': CMAKE_PREFIX_PATH=/opt/ros/humble /usr/bin/cmake --build /home/rod-0310/Escritorio/practicasros_ws/build/practica1_cpp -- -j20 -l20
[0.170s] -- Found ament_cmake: 1.3.11 (/opt/ros/humble/share/ament_cmake/cmake)
[0.246s] -- Found rclcpp: 16.0.11 (/opt/ros/humble/share/rclcpp/cmake)
[0.263s] -- Found rosidl_generator_c: 3.1.6 (/opt/ros/humble/share/rosidl_generator_c/cmake)
[0.264s] -- Found rosidl_adapter: 3.1.6 (/opt/ros/humble/share/rosidl_adapter/cmake)
[0.267s] -- Found rosidl_generator_cpp: 3.1.6 (/opt/ros/humble/share/rosidl_generator_cpp/cmake)
[0.272s] -- Using all available rosidl_typesupport_c: rosidl_typesupport_fastrtps_c;rosidl_typesupport_introspection_c
[0.279s] -- Using all available rosidl_typesupport_cpp: rosidl_typesupport_fastrtps_cpp;rosidl_typesupport_introspection_cpp
[0.296s] -- Found rmw_implementation_cmake: 6.1.2 (/opt/ros/humble/share/rmw_implementation_cmake/cmake)
[0.296s] -- Found rmw_fastrtps_cpp: 6.2.7 (/opt/ros/humble/share/rmw_fastrtps_cpp/cmake)
[0.359s] -- Using RMW implementation 'rmw_fastrtps_cpp' as default
[0.387s] -- Found ament_lint_auto: 0.12.11 (/opt/ros/humble/share/ament_lint_auto/cmake)
[0.428s] -- Added test 'cppcheck' to perform static code analysis on C / C++ code
[0.428s] -- Configured cppcheck include dirs: 
[0.428s] -- Configured cppcheck exclude dirs and/or files: 
[0.430s] -- Added test 'lint_cmake' to check CMake code style
[0.433s] -- Added test 'uncrustify' to check C / C++ code style
[0.433s] -- Configured uncrustify additional arguments: 
[0.433s] -- Added test 'xmllint' to check XML markup files
[0.433s] -- Configuring done
[0.438s] -- Generating done
[0.439s] -- Build files have been written to: /home/rod-0310/Escritorio/practicasros_ws/build/practica1_cpp
[0.460s] [ 50%] [32mBuilding CXX object CMakeFiles/nodo1.dir/src/nodo1.cpp.o[0m
[2.667s] [100%] [32m[1mLinking CXX executable nodo1[0m
[2.774s] [100%] Built target nodo1
[2.782s] Invoked command in '/home/rod-0310/Escritorio/practicasros_ws/build/practica1_cpp' returned '0': CMAKE_PREFIX_PATH=/opt/ros/humble /usr/bin/cmake --build /home/rod-0310/Escritorio/practicasros_ws/build/practica1_cpp -- -j20 -l20
[2.788s] Invoking command in '/home/rod-0310/Escritorio/practicasros_ws/build/practica1_cpp': CMAKE_PREFIX_PATH=/opt/ros/humble /usr/bin/cmake --install /home/rod-0310/Escritorio/practicasros_ws/build/practica1_cpp
[2.793s] -- Install configuration: ""
[2.793s] -- Installing: /home/rod-0310/Escritorio/practicasros_ws/install/practica1_cpp/lib/practica1_cpp/nodo1
[2.794s] -- Set runtime path of "/home/rod-0310/Escritorio/practicasros_ws/install/practica1_cpp/lib/practica1_cpp/nodo1" to ""
[2.794s] -- Up-to-date: /home/rod-0310/Escritorio/practicasros_ws/install/practica1_cpp/share/ament_index/resource_index/package_run_dependencies/practica1_cpp
[2.794s] -- Up-to-date: /home/rod-0310/Escritorio/practicasros_ws/install/practica1_cpp/share/ament_index/resource_index/parent_prefix_path/practica1_cpp
[2.794s] -- Up-to-date: /home/rod-0310/Escritorio/practicasros_ws/install/practica1_cpp/share/practica1_cpp/environment/ament_prefix_path.sh
[2.794s] -- Installing: /home/rod-0310/Escritorio/practicasros_ws/install/practica1_cpp/share/practica1_cpp/environment/ament_prefix_path.dsv
[2.794s] -- Up-to-date: /home/rod-0310/Escritorio/practicasros_ws/install/practica1_cpp/share/practica1_cpp/environment/path.sh
[2.794s] -- Installing: /home/rod-0310/Escritorio/practicasros_ws/install/practica1_cpp/share/practica1_cpp/environment/path.dsv
[2.794s] -- Up-to-date: /home/rod-0310/Escritorio/practicasros_ws/install/practica1_cpp/share/practica1_cpp/local_setup.bash
[2.794s] -- Up-to-date: /home/rod-0310/Escritorio/practicasros_ws/install/practica1_cpp/share/practica1_cpp/local_setup.sh
[2.794s] -- Up-to-date: /home/rod-0310/Escritorio/practicasros_ws/install/practica1_cpp/share/practica1_cpp/local_setup.zsh
[2.794s] -- Installing: /home/rod-0310/Escritorio/practicasros_ws/install/practica1_cpp/share/practica1_cpp/local_setup.dsv
[2.794s] -- Installing: /home/rod-0310/Escritorio/practicasros_ws/install/practica1_cpp/share/practica1_cpp/package.dsv
[2.794s] -- Up-to-date: /home/rod-0310/Escritorio/practicasros_ws/install/practica1_cpp/share/ament_index/resource_index/packages/practica1_cpp
[2.794s] -- Up-to-date: /home/rod-0310/Escritorio/practicasros_ws/install/practica1_cpp/share/practica1_cpp/cmake/practica1_cppConfig.cmake
[2.794s] -- Up-to-date: /home/rod-0310/Escritorio/practicasros_ws/install/practica1_cpp/share/practica1_cpp/cmake/practica1_cppConfig-version.cmake
[2.794s] -- Up-to-date: /home/rod-0310/Escritorio/practicasros_ws/install/practica1_cpp/share/practica1_cpp/package.xml
[2.796s] Invoked command in '/home/rod-0310/Escritorio/practicasros_ws/build/practica1_cpp' returned '0': CMAKE_PREFIX_PATH=/opt/ros/humble /usr/bin/cmake --install /home/rod-0310/Escritorio/practicasros_ws/build/practica1_cpp
