[0.010s] Invoking command in '/home/rod-0310/Escritorio/examen_ws/build/examen_interface': CMAKE_PREFIX_PATH=${CMAKE_PREFIX_PATH}:/home/rod-0310/Escritorio/examen_ws/install/ejer2_py:/home/rod-0310/Escritorio/examen_ws/install/ejer1_py:/opt/ros/humble /usr/bin/cmake --build /home/rod-0310/Escritorio/examen_ws/build/examen_interface -- -j20 -l20
[0.059s] [ 12%] Built target examen_interface__cpp
[0.059s] [ 12%] Built target examen_interface__rosidl_generator_c
[0.069s] [ 12%] Built target ament_cmake_python_copy_examen_interface
[0.080s] [ 22%] Built target examen_interface__rosidl_typesupport_introspection_c
[0.081s] [ 32%] Built target examen_interface__rosidl_typesupport_introspection_cpp
[0.083s] [ 41%] Built target examen_interface__rosidl_typesupport_c
[0.083s] [ 58%] Built target examen_interface__rosidl_typesupport_fastrtps_c
[0.084s] [ 61%] Built target examen_interface__rosidl_typesupport_cpp
[0.089s] [ 70%] Built target examen_interface__rosidl_typesupport_fastrtps_cpp
[0.109s] [ 70%] Built target examen_interface
[0.137s] [ 74%] Built target examen_interface__py
[0.159s] [ 80%] Built target examen_interface__rosidl_generator_py
[0.181s] [ 87%] Built target examen_interface__rosidl_typesupport_c__pyext
[0.182s] [ 93%] Built target examen_interface__rosidl_typesupport_fastrtps_c__pyext
[0.182s] [100%] Built target examen_interface__rosidl_typesupport_introspection_c__pyext
[0.282s] running egg_info
[0.283s] writing examen_interface.egg-info/PKG-INFO
[0.283s] writing dependency_links to examen_interface.egg-info/dependency_links.txt
[0.283s] writing top-level names to examen_interface.egg-info/top_level.txt
[0.285s] reading manifest file 'examen_interface.egg-info/SOURCES.txt'
[0.285s] writing manifest file 'examen_interface.egg-info/SOURCES.txt'
[0.304s] [100%] Built target ament_cmake_python_build_examen_interface_egg
[0.314s] Invoked command in '/home/rod-0310/Escritorio/examen_ws/build/examen_interface' returned '0': CMAKE_PREFIX_PATH=${CMAKE_PREFIX_PATH}:/home/rod-0310/Escritorio/examen_ws/install/ejer2_py:/home/rod-0310/Escritorio/examen_ws/install/ejer1_py:/opt/ros/humble /usr/bin/cmake --build /home/rod-0310/Escritorio/examen_ws/build/examen_interface -- -j20 -l20
[0.322s] Invoking command in '/home/rod-0310/Escritorio/examen_ws/build/examen_interface': CMAKE_PREFIX_PATH=${CMAKE_PREFIX_PATH}:/home/rod-0310/Escritorio/examen_ws/install/ejer2_py:/home/rod-0310/Escritorio/examen_ws/install/ejer1_py:/opt/ros/humble /usr/bin/cmake --install /home/rod-0310/Escritorio/examen_ws/build/examen_interface
[0.329s] -- Install configuration: ""
[0.329s] -- Up-to-date: /home/rod-0310/Escritorio/examen_ws/install/examen_interface/share/ament_index/resource_index/rosidl_interfaces/examen_interface
[0.330s] -- Up-to-date: /home/rod-0310/Escritorio/examen_ws/install/examen_interface/include/examen_interface/examen_interface
[0.330s] -- Up-to-date: /home/rod-0310/Escritorio/examen_ws/install/examen_interface/include/examen_interface/examen_interface/msg
[0.330s] -- Up-to-date: /home/rod-0310/Escritorio/examen_ws/install/examen_interface/include/examen_interface/examen_interface/msg/detail
[0.331s] -- Up-to-date: /home/rod-0310/Escritorio/examen_ws/install/examen_interface/include/examen_interface/examen_interface/msg/detail/num__functions.c
[0.331s] -- Up-to-date: /home/rod-0310/Escritorio/examen_ws/install/examen_interface/include/examen_interface/examen_interface/msg/detail/num__functions.h
[0.331s] -- Up-to-date: /home/rod-0310/Escritorio/examen_ws/install/examen_interface/include/examen_interface/examen_interface/msg/detail/num__struct.h
[0.331s] -- Up-to-date: /home/rod-0310/Escritorio/examen_ws/install/examen_interface/include/examen_interface/examen_interface/msg/detail/num__type_support.h
[0.331s] -- Up-to-date: /home/rod-0310/Escritorio/examen_ws/install/examen_interface/include/examen_interface/examen_interface/msg/num.h
[0.331s] -- Up-to-date: /home/rod-0310/Escritorio/examen_ws/install/examen_interface/include/examen_interface/examen_interface/msg/rosidl_generator_c__visibility_control.h
[0.332s] -- Up-to-date: /home/rod-0310/Escritorio/examen_ws/install/examen_interface/share/examen_interface/environment/library_path.sh
[0.332s] -- Up-to-date: /home/rod-0310/Escritorio/examen_ws/install/examen_interface/share/examen_interface/environment/library_path.dsv
[0.332s] -- Up-to-date: /home/rod-0310/Escritorio/examen_ws/install/examen_interface/lib/libexamen_interface__rosidl_generator_c.so
[0.332s] -- Up-to-date: /home/rod-0310/Escritorio/examen_ws/install/examen_interface/include/examen_interface/examen_interface
[0.332s] -- Up-to-date: /home/rod-0310/Escritorio/examen_ws/install/examen_interface/include/examen_interface/examen_interface/msg
[0.332s] -- Up-to-date: /home/rod-0310/Escritorio/examen_ws/install/examen_interface/include/examen_interface/examen_interface/msg/rosidl_typesupport_fastrtps_c__visibility_control.h
[0.332s] -- Up-to-date: /home/rod-0310/Escritorio/examen_ws/install/examen_interface/include/examen_interface/examen_interface/msg/detail
[0.333s] -- Up-to-date: /home/rod-0310/Escritorio/examen_ws/install/examen_interface/include/examen_interface/examen_interface/msg/detail/num__rosidl_typesupport_fastrtps_c.h
[0.333s] -- Up-to-date: /home/rod-0310/Escritorio/examen_ws/install/examen_interface/lib/libexamen_interface__rosidl_typesupport_fastrtps_c.so
[0.333s] -- Up-to-date: /home/rod-0310/Escritorio/examen_ws/install/examen_interface/include/examen_interface/examen_interface
[0.333s] -- Up-to-date: /home/rod-0310/Escritorio/examen_ws/install/examen_interface/include/examen_interface/examen_interface/msg
[0.333s] -- Up-to-date: /home/rod-0310/Escritorio/examen_ws/install/examen_interface/include/examen_interface/examen_interface/msg/rosidl_generator_cpp__visibility_control.hpp
[0.333s] -- Up-to-date: /home/rod-0310/Escritorio/examen_ws/install/examen_interface/include/examen_interface/examen_interface/msg/num.hpp
[0.333s] -- Up-to-date: /home/rod-0310/Escritorio/examen_ws/install/examen_interface/include/examen_interface/examen_interface/msg/detail
[0.333s] -- Up-to-date: /home/rod-0310/Escritorio/examen_ws/install/examen_interface/include/examen_interface/examen_interface/msg/detail/num__builder.hpp
[0.333s] -- Up-to-date: /home/rod-0310/Escritorio/examen_ws/install/examen_interface/include/examen_interface/examen_interface/msg/detail/num__type_support.hpp
[0.333s] -- Up-to-date: /home/rod-0310/Escritorio/examen_ws/install/examen_interface/include/examen_interface/examen_interface/msg/detail/num__traits.hpp
[0.334s] -- Up-to-date: /home/rod-0310/Escritorio/examen_ws/install/examen_interface/include/examen_interface/examen_interface/msg/detail/num__struct.hpp
[0.334s] -- Up-to-date: /home/rod-0310/Escritorio/examen_ws/install/examen_interface/include/examen_interface/examen_interface
[0.334s] -- Up-to-date: /home/rod-0310/Escritorio/examen_ws/install/examen_interface/include/examen_interface/examen_interface/msg
[0.334s] -- Up-to-date: /home/rod-0310/Escritorio/examen_ws/install/examen_interface/include/examen_interface/examen_interface/msg/rosidl_typesupport_fastrtps_cpp__visibility_control.h
[0.334s] -- Up-to-date: /home/rod-0310/Escritorio/examen_ws/install/examen_interface/include/examen_interface/examen_interface/msg/detail
[0.334s] -- Up-to-date: /home/rod-0310/Escritorio/examen_ws/install/examen_interface/include/examen_interface/examen_interface/msg/detail/num__rosidl_typesupport_fastrtps_cpp.hpp
[0.334s] -- Up-to-date: /home/rod-0310/Escritorio/examen_ws/install/examen_interface/include/examen_interface/examen_interface/msg/detail/dds_fastrtps
[0.334s] -- Up-to-date: /home/rod-0310/Escritorio/examen_ws/install/examen_interface/lib/libexamen_interface__rosidl_typesupport_fastrtps_cpp.so
[0.334s] -- Up-to-date: /home/rod-0310/Escritorio/examen_ws/install/examen_interface/include/examen_interface/examen_interface
[0.334s] -- Up-to-date: /home/rod-0310/Escritorio/examen_ws/install/examen_interface/include/examen_interface/examen_interface/msg
[0.334s] -- Up-to-date: /home/rod-0310/Escritorio/examen_ws/install/examen_interface/include/examen_interface/examen_interface/msg/rosidl_typesupport_introspection_c__visibility_control.h
[0.335s] -- Up-to-date: /home/rod-0310/Escritorio/examen_ws/install/examen_interface/include/examen_interface/examen_interface/msg/detail
[0.335s] -- Up-to-date: /home/rod-0310/Escritorio/examen_ws/install/examen_interface/include/examen_interface/examen_interface/msg/detail/num__type_support.c
[0.335s] -- Up-to-date: /home/rod-0310/Escritorio/examen_ws/install/examen_interface/include/examen_interface/examen_interface/msg/detail/num__rosidl_typesupport_introspection_c.h
[0.335s] -- Up-to-date: /home/rod-0310/Escritorio/examen_ws/install/examen_interface/lib/libexamen_interface__rosidl_typesupport_introspection_c.so
[0.335s] -- Up-to-date: /home/rod-0310/Escritorio/examen_ws/install/examen_interface/lib/libexamen_interface__rosidl_typesupport_c.so
[0.335s] -- Up-to-date: /home/rod-0310/Escritorio/examen_ws/install/examen_interface/include/examen_interface/examen_interface
[0.335s] -- Up-to-date: /home/rod-0310/Escritorio/examen_ws/install/examen_interface/include/examen_interface/examen_interface/msg
[0.335s] -- Up-to-date: /home/rod-0310/Escritorio/examen_ws/install/examen_interface/include/examen_interface/examen_interface/msg/detail
[0.335s] -- Up-to-date: /home/rod-0310/Escritorio/examen_ws/install/examen_interface/include/examen_interface/examen_interface/msg/detail/num__rosidl_typesupport_introspection_cpp.hpp
[0.335s] -- Up-to-date: /home/rod-0310/Escritorio/examen_ws/install/examen_interface/include/examen_interface/examen_interface/msg/detail/num__type_support.cpp
[0.335s] -- Up-to-date: /home/rod-0310/Escritorio/examen_ws/install/examen_interface/lib/libexamen_interface__rosidl_typesupport_introspection_cpp.so
[0.335s] -- Up-to-date: /home/rod-0310/Escritorio/examen_ws/install/examen_interface/lib/libexamen_interface__rosidl_typesupport_cpp.so
[0.336s] -- Up-to-date: /home/rod-0310/Escritorio/examen_ws/install/examen_interface/share/examen_interface/environment/pythonpath.sh
[0.336s] -- Up-to-date: /home/rod-0310/Escritorio/examen_ws/install/examen_interface/share/examen_interface/environment/pythonpath.dsv
[0.336s] -- Up-to-date: /home/rod-0310/Escritorio/examen_ws/install/examen_interface/local/lib/python3.10/dist-packages/examen_interface-0.0.0-py3.10.egg-info
[0.336s] -- Installing: /home/rod-0310/Escritorio/examen_ws/install/examen_interface/local/lib/python3.10/dist-packages/examen_interface-0.0.0-py3.10.egg-info/top_level.txt
[0.336s] -- Installing: /home/rod-0310/Escritorio/examen_ws/install/examen_interface/local/lib/python3.10/dist-packages/examen_interface-0.0.0-py3.10.egg-info/dependency_links.txt
[0.336s] -- Installing: /home/rod-0310/Escritorio/examen_ws/install/examen_interface/local/lib/python3.10/dist-packages/examen_interface-0.0.0-py3.10.egg-info/SOURCES.txt
[0.336s] -- Installing: /home/rod-0310/Escritorio/examen_ws/install/examen_interface/local/lib/python3.10/dist-packages/examen_interface-0.0.0-py3.10.egg-info/PKG-INFO
[0.336s] -- Up-to-date: /home/rod-0310/Escritorio/examen_ws/install/examen_interface/local/lib/python3.10/dist-packages/examen_interface
[0.336s] -- Up-to-date: /home/rod-0310/Escritorio/examen_ws/install/examen_interface/local/lib/python3.10/dist-packages/examen_interface/_examen_interface_s.ep.rosidl_typesupport_c.c
[0.336s] -- Up-to-date: /home/rod-0310/Escritorio/examen_ws/install/examen_interface/local/lib/python3.10/dist-packages/examen_interface/_examen_interface_s.ep.rosidl_typesupport_fastrtps_c.c
[0.336s] -- Up-to-date: /home/rod-0310/Escritorio/examen_ws/install/examen_interface/local/lib/python3.10/dist-packages/examen_interface/__init__.py
[0.336s] -- Up-to-date: /home/rod-0310/Escritorio/examen_ws/install/examen_interface/local/lib/python3.10/dist-packages/examen_interface/examen_interface_s__rosidl_typesupport_fastrtps_c.cpython-310-x86_64-linux-gnu.so
[0.337s] -- Up-to-date: /home/rod-0310/Escritorio/examen_ws/install/examen_interface/local/lib/python3.10/dist-packages/examen_interface/_examen_interface_s.ep.rosidl_typesupport_introspection_c.c
[0.337s] -- Up-to-date: /home/rod-0310/Escritorio/examen_ws/install/examen_interface/local/lib/python3.10/dist-packages/examen_interface/msg
[0.337s] -- Up-to-date: /home/rod-0310/Escritorio/examen_ws/install/examen_interface/local/lib/python3.10/dist-packages/examen_interface/msg/__init__.py
[0.337s] -- Up-to-date: /home/rod-0310/Escritorio/examen_ws/install/examen_interface/local/lib/python3.10/dist-packages/examen_interface/msg/_num.py
[0.337s] -- Up-to-date: /home/rod-0310/Escritorio/examen_ws/install/examen_interface/local/lib/python3.10/dist-packages/examen_interface/msg/_num_s.c
[0.337s] -- Up-to-date: /home/rod-0310/Escritorio/examen_ws/install/examen_interface/local/lib/python3.10/dist-packages/examen_interface/examen_interface_s__rosidl_typesupport_c.cpython-310-x86_64-linux-gnu.so
[0.337s] -- Up-to-date: /home/rod-0310/Escritorio/examen_ws/install/examen_interface/local/lib/python3.10/dist-packages/examen_interface/examen_interface_s__rosidl_typesupport_introspection_c.cpython-310-x86_64-linux-gnu.so
[0.337s] -- Up-to-date: /home/rod-0310/Escritorio/examen_ws/install/examen_interface/local/lib/python3.10/dist-packages/examen_interface/libexamen_interface__rosidl_generator_py.so
[0.362s] Listing '/home/rod-0310/Escritorio/examen_ws/install/examen_interface/local/lib/python3.10/dist-packages/examen_interface'...
[0.363s] Listing '/home/rod-0310/Escritorio/examen_ws/install/examen_interface/local/lib/python3.10/dist-packages/examen_interface/msg'...
[0.367s] -- Up-to-date: /home/rod-0310/Escritorio/examen_ws/install/examen_interface/local/lib/python3.10/dist-packages/examen_interface/examen_interface_s__rosidl_typesupport_fastrtps_c.cpython-310-x86_64-linux-gnu.so
[0.368s] -- Up-to-date: /home/rod-0310/Escritorio/examen_ws/install/examen_interface/local/lib/python3.10/dist-packages/examen_interface/examen_interface_s__rosidl_typesupport_introspection_c.cpython-310-x86_64-linux-gnu.so
[0.368s] -- Up-to-date: /home/rod-0310/Escritorio/examen_ws/install/examen_interface/local/lib/python3.10/dist-packages/examen_interface/examen_interface_s__rosidl_typesupport_c.cpython-310-x86_64-linux-gnu.so
[0.368s] -- Up-to-date: /home/rod-0310/Escritorio/examen_ws/install/examen_interface/lib/libexamen_interface__rosidl_generator_py.so
[0.368s] -- Up-to-date: /home/rod-0310/Escritorio/examen_ws/install/examen_interface/share/examen_interface/msg/Num.idl
[0.368s] -- Up-to-date: /home/rod-0310/Escritorio/examen_ws/install/examen_interface/share/examen_interface/msg/Num.msg
[0.368s] -- Up-to-date: /home/rod-0310/Escritorio/examen_ws/install/examen_interface/share/ament_index/resource_index/package_run_dependencies/examen_interface
[0.369s] -- Up-to-date: /home/rod-0310/Escritorio/examen_ws/install/examen_interface/share/ament_index/resource_index/parent_prefix_path/examen_interface
[0.369s] -- Up-to-date: /home/rod-0310/Escritorio/examen_ws/install/examen_interface/share/examen_interface/environment/ament_prefix_path.sh
[0.369s] -- Up-to-date: /home/rod-0310/Escritorio/examen_ws/install/examen_interface/share/examen_interface/environment/ament_prefix_path.dsv
[0.369s] -- Up-to-date: /home/rod-0310/Escritorio/examen_ws/install/examen_interface/share/examen_interface/environment/path.sh
[0.369s] -- Up-to-date: /home/rod-0310/Escritorio/examen_ws/install/examen_interface/share/examen_interface/environment/path.dsv
[0.369s] -- Up-to-date: /home/rod-0310/Escritorio/examen_ws/install/examen_interface/share/examen_interface/local_setup.bash
[0.369s] -- Up-to-date: /home/rod-0310/Escritorio/examen_ws/install/examen_interface/share/examen_interface/local_setup.sh
[0.369s] -- Up-to-date: /home/rod-0310/Escritorio/examen_ws/install/examen_interface/share/examen_interface/local_setup.zsh
[0.369s] -- Up-to-date: /home/rod-0310/Escritorio/examen_ws/install/examen_interface/share/examen_interface/local_setup.dsv
[0.370s] -- Installing: /home/rod-0310/Escritorio/examen_ws/install/examen_interface/share/examen_interface/package.dsv
[0.370s] -- Up-to-date: /home/rod-0310/Escritorio/examen_ws/install/examen_interface/share/ament_index/resource_index/packages/examen_interface
[0.370s] -- Up-to-date: /home/rod-0310/Escritorio/examen_ws/install/examen_interface/share/examen_interface/cmake/export_examen_interface__rosidl_generator_cExport.cmake
[0.370s] -- Up-to-date: /home/rod-0310/Escritorio/examen_ws/install/examen_interface/share/examen_interface/cmake/export_examen_interface__rosidl_generator_cExport-noconfig.cmake
[0.370s] -- Up-to-date: /home/rod-0310/Escritorio/examen_ws/install/examen_interface/share/examen_interface/cmake/export_examen_interface__rosidl_typesupport_fastrtps_cExport.cmake
[0.370s] -- Up-to-date: /home/rod-0310/Escritorio/examen_ws/install/examen_interface/share/examen_interface/cmake/export_examen_interface__rosidl_typesupport_fastrtps_cExport-noconfig.cmake
[0.370s] -- Up-to-date: /home/rod-0310/Escritorio/examen_ws/install/examen_interface/share/examen_interface/cmake/export_examen_interface__rosidl_generator_cppExport.cmake
[0.370s] -- Up-to-date: /home/rod-0310/Escritorio/examen_ws/install/examen_interface/share/examen_interface/cmake/export_examen_interface__rosidl_typesupport_fastrtps_cppExport.cmake
[0.370s] -- Up-to-date: /home/rod-0310/Escritorio/examen_ws/install/examen_interface/share/examen_interface/cmake/export_examen_interface__rosidl_typesupport_fastrtps_cppExport-noconfig.cmake
[0.371s] -- Up-to-date: /home/rod-0310/Escritorio/examen_ws/install/examen_interface/share/examen_interface/cmake/examen_interface__rosidl_typesupport_introspection_cExport.cmake
[0.371s] -- Up-to-date: /home/rod-0310/Escritorio/examen_ws/install/examen_interface/share/examen_interface/cmake/examen_interface__rosidl_typesupport_introspection_cExport-noconfig.cmake
[0.371s] -- Up-to-date: /home/rod-0310/Escritorio/examen_ws/install/examen_interface/share/examen_interface/cmake/examen_interface__rosidl_typesupport_cExport.cmake
[0.372s] -- Up-to-date: /home/rod-0310/Escritorio/examen_ws/install/examen_interface/share/examen_interface/cmake/examen_interface__rosidl_typesupport_cExport-noconfig.cmake
[0.372s] -- Up-to-date: /home/rod-0310/Escritorio/examen_ws/install/examen_interface/share/examen_interface/cmake/examen_interface__rosidl_typesupport_introspection_cppExport.cmake
[0.372s] -- Up-to-date: /home/rod-0310/Escritorio/examen_ws/install/examen_interface/share/examen_interface/cmake/examen_interface__rosidl_typesupport_introspection_cppExport-noconfig.cmake
[0.373s] -- Up-to-date: /home/rod-0310/Escritorio/examen_ws/install/examen_interface/share/examen_interface/cmake/examen_interface__rosidl_typesupport_cppExport.cmake
[0.373s] -- Up-to-date: /home/rod-0310/Escritorio/examen_ws/install/examen_interface/share/examen_interface/cmake/examen_interface__rosidl_typesupport_cppExport-noconfig.cmake
[0.373s] -- Up-to-date: /home/rod-0310/Escritorio/examen_ws/install/examen_interface/share/examen_interface/cmake/export_examen_interface__rosidl_generator_pyExport.cmake
[0.373s] -- Up-to-date: /home/rod-0310/Escritorio/examen_ws/install/examen_interface/share/examen_interface/cmake/export_examen_interface__rosidl_generator_pyExport-noconfig.cmake
[0.373s] -- Up-to-date: /home/rod-0310/Escritorio/examen_ws/install/examen_interface/share/examen_interface/cmake/rosidl_cmake-extras.cmake
[0.374s] -- Up-to-date: /home/rod-0310/Escritorio/examen_ws/install/examen_interface/share/examen_interface/cmake/ament_cmake_export_dependencies-extras.cmake
[0.374s] -- Up-to-date: /home/rod-0310/Escritorio/examen_ws/install/examen_interface/share/examen_interface/cmake/ament_cmake_export_include_directories-extras.cmake
[0.374s] -- Up-to-date: /home/rod-0310/Escritorio/examen_ws/install/examen_interface/share/examen_interface/cmake/ament_cmake_export_libraries-extras.cmake
[0.374s] -- Up-to-date: /home/rod-0310/Escritorio/examen_ws/install/examen_interface/share/examen_interface/cmake/ament_cmake_export_targets-extras.cmake
[0.374s] -- Up-to-date: /home/rod-0310/Escritorio/examen_ws/install/examen_interface/share/examen_interface/cmake/rosidl_cmake_export_typesupport_targets-extras.cmake
[0.375s] -- Up-to-date: /home/rod-0310/Escritorio/examen_ws/install/examen_interface/share/examen_interface/cmake/rosidl_cmake_export_typesupport_libraries-extras.cmake
[0.375s] -- Up-to-date: /home/rod-0310/Escritorio/examen_ws/install/examen_interface/share/examen_interface/cmake/examen_interfaceConfig.cmake
[0.375s] -- Up-to-date: /home/rod-0310/Escritorio/examen_ws/install/examen_interface/share/examen_interface/cmake/examen_interfaceConfig-version.cmake
[0.375s] -- Up-to-date: /home/rod-0310/Escritorio/examen_ws/install/examen_interface/share/examen_interface/package.xml
[0.376s] Invoked command in '/home/rod-0310/Escritorio/examen_ws/build/examen_interface' returned '0': CMAKE_PREFIX_PATH=${CMAKE_PREFIX_PATH}:/home/rod-0310/Escritorio/examen_ws/install/ejer2_py:/home/rod-0310/Escritorio/examen_ws/install/ejer1_py:/opt/ros/humble /usr/bin/cmake --install /home/rod-0310/Escritorio/examen_ws/build/examen_interface
