[0.192s] Invoking command in '/home/rod-0310/Escritorio/practicasros_ws/build/practica1_cpp': CMAKE_PREFIX_PATH=${CMAKE_PREFIX_PATH}:/home/rod-0310/Escritorio/practicasros_ws/install/practica1:/opt/ros/humble /usr/bin/cmake --build /home/rod-0310/Escritorio/practicasros_ws/build/practica1_cpp -- -j20 -l20
[0.227s] [35m[1mConsolidate compiler generated dependencies of target nodo3[0m
[0.227s] [35m[1mConsolidate compiler generated dependencies of target nodo2[0m
[0.239s] [ 33%] Built target nodo1
[0.241s] [ 66%] [32mBuilding CXX object CMakeFiles/nodo2.dir/src/nodo2.cpp.o[0m
[0.241s] [ 66%] [32mBuilding CXX object CMakeFiles/nodo3.dir/src/nodo3.cpp.o[0m
[6.355s] [ 83%] [32m[1mLinking CXX executable nodo2[0m
[6.534s] [100%] [32m[1mLinking CXX executable nodo3[0m
[6.663s] [100%] Built target nodo2
[6.824s] [100%] Built target nodo3
[6.834s] Invoked command in '/home/rod-0310/Escritorio/practicasros_ws/build/practica1_cpp' returned '0': CMAKE_PREFIX_PATH=${CMAKE_PREFIX_PATH}:/home/rod-0310/Escritorio/practicasros_ws/install/practica1:/opt/ros/humble /usr/bin/cmake --build /home/rod-0310/Escritorio/practicasros_ws/build/practica1_cpp -- -j20 -l20
[6.843s] Invoking command in '/home/rod-0310/Escritorio/practicasros_ws/build/practica1_cpp': CMAKE_PREFIX_PATH=${CMAKE_PREFIX_PATH}:/home/rod-0310/Escritorio/practicasros_ws/install/practica1:/opt/ros/humble /usr/bin/cmake --install /home/rod-0310/Escritorio/practicasros_ws/build/practica1_cpp
[6.849s] -- Install configuration: ""
[6.849s] -- Up-to-date: /home/rod-0310/Escritorio/practicasros_ws/install/practica1_cpp/lib/practica1_cpp/nodo1
[6.849s] -- Installing: /home/rod-0310/Escritorio/practicasros_ws/install/practica1_cpp/lib/practica1_cpp/nodo2
[6.852s] -- Set runtime path of "/home/rod-0310/Escritorio/practicasros_ws/install/practica1_cpp/lib/practica1_cpp/nodo2" to ""
[6.852s] -- Installing: /home/rod-0310/Escritorio/practicasros_ws/install/practica1_cpp/lib/practica1_cpp/nodo3
[6.855s] -- Set runtime path of "/home/rod-0310/Escritorio/practicasros_ws/install/practica1_cpp/lib/practica1_cpp/nodo3" to ""
[6.855s] -- Up-to-date: /home/rod-0310/Escritorio/practicasros_ws/install/practica1_cpp/share/ament_index/resource_index/package_run_dependencies/practica1_cpp
[6.855s] -- Up-to-date: /home/rod-0310/Escritorio/practicasros_ws/install/practica1_cpp/share/ament_index/resource_index/parent_prefix_path/practica1_cpp
[6.855s] -- Up-to-date: /home/rod-0310/Escritorio/practicasros_ws/install/practica1_cpp/share/practica1_cpp/environment/ament_prefix_path.sh
[6.855s] -- Up-to-date: /home/rod-0310/Escritorio/practicasros_ws/install/practica1_cpp/share/practica1_cpp/environment/ament_prefix_path.dsv
[6.855s] -- Up-to-date: /home/rod-0310/Escritorio/practicasros_ws/install/practica1_cpp/share/practica1_cpp/environment/path.sh
[6.855s] -- Up-to-date: /home/rod-0310/Escritorio/practicasros_ws/install/practica1_cpp/share/practica1_cpp/environment/path.dsv
[6.855s] -- Up-to-date: /home/rod-0310/Escritorio/practicasros_ws/install/practica1_cpp/share/practica1_cpp/local_setup.bash
[6.855s] -- Up-to-date: /home/rod-0310/Escritorio/practicasros_ws/install/practica1_cpp/share/practica1_cpp/local_setup.sh
[6.855s] -- Up-to-date: /home/rod-0310/Escritorio/practicasros_ws/install/practica1_cpp/share/practica1_cpp/local_setup.zsh
[6.855s] -- Up-to-date: /home/rod-0310/Escritorio/practicasros_ws/install/practica1_cpp/share/practica1_cpp/local_setup.dsv
[6.855s] -- Installing: /home/rod-0310/Escritorio/practicasros_ws/install/practica1_cpp/share/practica1_cpp/package.dsv
[6.855s] -- Up-to-date: /home/rod-0310/Escritorio/practicasros_ws/install/practica1_cpp/share/ament_index/resource_index/packages/practica1_cpp
[6.855s] -- Up-to-date: /home/rod-0310/Escritorio/practicasros_ws/install/practica1_cpp/share/practica1_cpp/cmake/practica1_cppConfig.cmake
[6.855s] -- Up-to-date: /home/rod-0310/Escritorio/practicasros_ws/install/practica1_cpp/share/practica1_cpp/cmake/practica1_cppConfig-version.cmake
[6.855s] -- Up-to-date: /home/rod-0310/Escritorio/practicasros_ws/install/practica1_cpp/share/practica1_cpp/package.xml
[6.857s] Invoked command in '/home/rod-0310/Escritorio/practicasros_ws/build/practica1_cpp' returned '0': CMAKE_PREFIX_PATH=${CMAKE_PREFIX_PATH}:/home/rod-0310/Escritorio/practicasros_ws/install/practica1:/opt/ros/humble /usr/bin/cmake --install /home/rod-0310/Escritorio/practicasros_ws/build/practica1_cpp
