/home/rod-0310/Escritorio/practicasros_ws/install/practica1/lib/python3.10/site-packages/practica1/nodo3.py
/home/rod-0310/Escritorio/practicasros_ws/install/practica1/lib/python3.10/site-packages/practica1/__init__.py
/home/rod-0310/Escritorio/practicasros_ws/install/practica1/lib/python3.10/site-packages/practica1/nodo2.py
/home/rod-0310/Escritorio/practicasros_ws/install/practica1/lib/python3.10/site-packages/practica1/nodo1.py
/home/rod-0310/Escritorio/practicasros_ws/install/practica1/lib/python3.10/site-packages/practica1/__pycache__/nodo3.cpython-310.pyc
/home/rod-0310/Escritorio/practicasros_ws/install/practica1/lib/python3.10/site-packages/practica1/__pycache__/__init__.cpython-310.pyc
/home/rod-0310/Escritorio/practicasros_ws/install/practica1/lib/python3.10/site-packages/practica1/__pycache__/nodo2.cpython-310.pyc
/home/rod-0310/Escritorio/practicasros_ws/install/practica1/lib/python3.10/site-packages/practica1/__pycache__/nodo1.cpython-310.pyc
/home/rod-0310/Escritorio/practicasros_ws/install/practica1/share/ament_index/resource_index/packages/practica1
/home/rod-0310/Escritorio/practicasros_ws/install/practica1/share/practica1/package.xml
/home/rod-0310/Escritorio/practicasros_ws/install/practica1/lib/python3.10/site-packages/practica1-0.0.0-py3.10.egg-info/top_level.txt
/home/rod-0310/Escritorio/practicasros_ws/install/practica1/lib/python3.10/site-packages/practica1-0.0.0-py3.10.egg-info/dependency_links.txt
/home/rod-0310/Escritorio/practicasros_ws/install/practica1/lib/python3.10/site-packages/practica1-0.0.0-py3.10.egg-info/requires.txt
/home/rod-0310/Escritorio/practicasros_ws/install/practica1/lib/python3.10/site-packages/practica1-0.0.0-py3.10.egg-info/SOURCES.txt
/home/rod-0310/Escritorio/practicasros_ws/install/practica1/lib/python3.10/site-packages/practica1-0.0.0-py3.10.egg-info/entry_points.txt
/home/rod-0310/Escritorio/practicasros_ws/install/practica1/lib/python3.10/site-packages/practica1-0.0.0-py3.10.egg-info/PKG-INFO
/home/rod-0310/Escritorio/practicasros_ws/install/practica1/lib/python3.10/site-packages/practica1-0.0.0-py3.10.egg-info/zip-safe
/home/rod-0310/Escritorio/practicasros_ws/install/practica1/lib/practica1/nodo1
/home/rod-0310/Escritorio/practicasros_ws/install/practica1/lib/practica1/nodo2
/home/rod-0310/Escritorio/practicasros_ws/install/practica1/lib/practica1/nodo3
