[0.178s] Invoking command in '/home/rod-0310/Escritorio/practicasros_ws/build/ejercicio2_cpp': CMAKE_PREFIX_PATH=/opt/ros/humble /usr/bin/cmake --build /home/rod-0310/Escritorio/practicasros_ws/build/ejercicio2_cpp -- -j20 -l20
[0.343s] [ 66%] Built target nodo2
[0.345s] [ 66%] Built target nodo3
[0.345s] [100%] Built target nodo1
[0.347s] Invoked command in '/home/rod-0310/Escritorio/practicasros_ws/build/ejercicio2_cpp' returned '0': CMAKE_PREFIX_PATH=/opt/ros/humble /usr/bin/cmake --build /home/rod-0310/Escritorio/practicasros_ws/build/ejercicio2_cpp -- -j20 -l20
[0.353s] Invoking command in '/home/rod-0310/Escritorio/practicasros_ws/build/ejercicio2_cpp': CMAKE_PREFIX_PATH=/opt/ros/humble /usr/bin/cmake --install /home/rod-0310/Escritorio/practicasros_ws/build/ejercicio2_cpp
[0.359s] -- Install configuration: ""
[0.359s] -- Up-to-date: /home/rod-0310/Escritorio/practicasros_ws/install/ejercicio2_cpp/lib/ejercicio2_cpp/nodo1
[0.359s] -- Up-to-date: /home/rod-0310/Escritorio/practicasros_ws/install/ejercicio2_cpp/lib/ejercicio2_cpp/nodo2
[0.359s] -- Up-to-date: /home/rod-0310/Escritorio/practicasros_ws/install/ejercicio2_cpp/lib/ejercicio2_cpp/nodo3
[0.359s] -- Up-to-date: /home/rod-0310/Escritorio/practicasros_ws/install/ejercicio2_cpp/share/ament_index/resource_index/package_run_dependencies/ejercicio2_cpp
[0.359s] -- Up-to-date: /home/rod-0310/Escritorio/practicasros_ws/install/ejercicio2_cpp/share/ament_index/resource_index/parent_prefix_path/ejercicio2_cpp
[0.359s] -- Up-to-date: /home/rod-0310/Escritorio/practicasros_ws/install/ejercicio2_cpp/share/ejercicio2_cpp/environment/ament_prefix_path.sh
[0.359s] -- Up-to-date: /home/rod-0310/Escritorio/practicasros_ws/install/ejercicio2_cpp/share/ejercicio2_cpp/environment/ament_prefix_path.dsv
[0.359s] -- Up-to-date: /home/rod-0310/Escritorio/practicasros_ws/install/ejercicio2_cpp/share/ejercicio2_cpp/environment/path.sh
[0.359s] -- Up-to-date: /home/rod-0310/Escritorio/practicasros_ws/install/ejercicio2_cpp/share/ejercicio2_cpp/environment/path.dsv
[0.359s] -- Up-to-date: /home/rod-0310/Escritorio/practicasros_ws/install/ejercicio2_cpp/share/ejercicio2_cpp/local_setup.bash
[0.360s] -- Up-to-date: /home/rod-0310/Escritorio/practicasros_ws/install/ejercicio2_cpp/share/ejercicio2_cpp/local_setup.sh
[0.360s] -- Up-to-date: /home/rod-0310/Escritorio/practicasros_ws/install/ejercicio2_cpp/share/ejercicio2_cpp/local_setup.zsh
[0.360s] -- Up-to-date: /home/rod-0310/Escritorio/practicasros_ws/install/ejercicio2_cpp/share/ejercicio2_cpp/local_setup.dsv
[0.360s] -- Installing: /home/rod-0310/Escritorio/practicasros_ws/install/ejercicio2_cpp/share/ejercicio2_cpp/package.dsv
[0.360s] -- Up-to-date: /home/rod-0310/Escritorio/practicasros_ws/install/ejercicio2_cpp/share/ament_index/resource_index/packages/ejercicio2_cpp
[0.360s] -- Up-to-date: /home/rod-0310/Escritorio/practicasros_ws/install/ejercicio2_cpp/share/ejercicio2_cpp/cmake/ejercicio2_cppConfig.cmake
[0.360s] -- Up-to-date: /home/rod-0310/Escritorio/practicasros_ws/install/ejercicio2_cpp/share/ejercicio2_cpp/cmake/ejercicio2_cppConfig-version.cmake
[0.360s] -- Up-to-date: /home/rod-0310/Escritorio/practicasros_ws/install/ejercicio2_cpp/share/ejercicio2_cpp/package.xml
[0.361s] Invoked command in '/home/rod-0310/Escritorio/practicasros_ws/build/ejercicio2_cpp' returned '0': CMAKE_PREFIX_PATH=/opt/ros/humble /usr/bin/cmake --install /home/rod-0310/Escritorio/practicasros_ws/build/ejercicio2_cpp
