running egg_info
writing ../../build/ejer2_py/ejer2_py.egg-info/PKG-INFO
writing dependency_links to ../../build/ejer2_py/ejer2_py.egg-info/dependency_links.txt
writing entry points to ../../build/ejer2_py/ejer2_py.egg-info/entry_points.txt
writing requirements to ../../build/ejer2_py/ejer2_py.egg-info/requires.txt
writing top-level names to ../../build/ejer2_py/ejer2_py.egg-info/top_level.txt
reading manifest file '../../build/ejer2_py/ejer2_py.egg-info/SOURCES.txt'
adding license file 'LICENSE'
writing manifest file '../../build/ejer2_py/ejer2_py.egg-info/SOURCES.txt'
running build
running build_py
running install
running install_lib
running install_data
running install_egg_info
removing '/home/rod-0310/Escritorio/examen_ws/install/ejer2_py/lib/python3.10/site-packages/ejer2_py-0.0.0-py3.10.egg-info' (and everything under it)
Copying ../../build/ejer2_py/ejer2_py.egg-info to /home/rod-0310/Escritorio/examen_ws/install/ejer2_py/lib/python3.10/site-packages/ejer2_py-0.0.0-py3.10.egg-info
running install_scripts
Installing sensor_1 script to /home/rod-0310/Escritorio/examen_ws/install/ejer2_py/lib/ejer2_py
writing list of installed files to '/home/rod-0310/Escritorio/examen_ws/build/ejer2_py/install.log'
