[0.056s] DEBUG:colcon:Command line arguments: ['/usr/bin/colcon', 'build']
[0.056s] DEBUG:colcon:Parsed command line arguments: Namespace(log_base=None, log_level=None, verb_name='build', build_base='build', install_base='install', merge_install=False, symlink_install=False, test_result_base=None, continue_on_error=False, executor='parallel', parallel_workers=20, event_handlers=None, ignore_user_meta=False, metas=['./colcon.meta'], base_paths=['.'], packages_ignore=None, packages_ignore_regex=None, paths=None, packages_up_to=None, packages_up_to_regex=None, packages_above=None, packages_above_and_dependencies=None, packages_above_depth=None, packages_select_by_dep=None, packages_skip_by_dep=None, packages_skip_up_to=None, packages_select_build_failed=False, packages_skip_build_finished=False, packages_select_test_failures=False, packages_skip_test_passed=False, packages_select=None, packages_skip=None, packages_select_regex=None, packages_skip_regex=None, packages_start=None, packages_end=None, allow_overriding=[], cmake_args=None, cmake_target=None, cmake_target_skip_unavailable=False, cmake_clean_cache=False, cmake_clean_first=False, cmake_force_configure=False, ament_cmake_args=None, catkin_cmake_args=None, catkin_skip_building_tests=False, mixin_files=None, mixin=None, verb_parser=<colcon_mixin.mixin.mixin_argument.MixinArgumentDecorator object at 0x785e0cf6f520>, verb_extension=<colcon_core.verb.build.BuildVerb object at 0x785e0cf6efe0>, main=<bound method BuildVerb.main of <colcon_core.verb.build.BuildVerb object at 0x785e0cf6efe0>>, mixin_verb=('build',))
[0.157s] Level 1:colcon.colcon_core.package_discovery:discover_packages(colcon_meta) check parameters
[0.157s] Level 1:colcon.colcon_core.package_discovery:discover_packages(recursive) check parameters
[0.157s] Level 1:colcon.colcon_core.package_discovery:discover_packages(ignore) check parameters
[0.157s] Level 1:colcon.colcon_core.package_discovery:discover_packages(path) check parameters
[0.157s] Level 1:colcon.colcon_core.package_discovery:discover_packages(colcon_meta) discover
[0.157s] Level 1:colcon.colcon_core.package_discovery:discover_packages(recursive) discover
[0.157s] INFO:colcon.colcon_core.package_discovery:Crawling recursively for packages in '/home/rod-0310/Escritorio/examen_ws'
[0.158s] Level 1:colcon.colcon_core.package_identification:_identify(.) by extensions ['ignore', 'ignore_ament_install']
[0.158s] Level 1:colcon.colcon_core.package_identification:_identify(.) by extension 'ignore'
[0.158s] Level 1:colcon.colcon_core.package_identification:_identify(.) by extension 'ignore_ament_install'
[0.158s] Level 1:colcon.colcon_core.package_identification:_identify(.) by extensions ['colcon_pkg']
[0.158s] Level 1:colcon.colcon_core.package_identification:_identify(.) by extension 'colcon_pkg'
[0.158s] Level 1:colcon.colcon_core.package_identification:_identify(.) by extensions ['colcon_meta']
[0.158s] Level 1:colcon.colcon_core.package_identification:_identify(.) by extension 'colcon_meta'
[0.158s] Level 1:colcon.colcon_core.package_identification:_identify(.) by extensions ['ros']
[0.158s] Level 1:colcon.colcon_core.package_identification:_identify(.) by extension 'ros'
[0.168s] Level 1:colcon.colcon_core.package_identification:_identify(.) by extensions ['cmake', 'python']
[0.168s] Level 1:colcon.colcon_core.package_identification:_identify(.) by extension 'cmake'
[0.168s] Level 1:colcon.colcon_core.package_identification:_identify(.) by extension 'python'
[0.168s] Level 1:colcon.colcon_core.package_identification:_identify(.) by extensions ['python_setup_py']
[0.168s] Level 1:colcon.colcon_core.package_identification:_identify(.) by extension 'python_setup_py'
[0.168s] Level 1:colcon.colcon_core.package_identification:_identify(build) by extensions ['ignore', 'ignore_ament_install']
[0.169s] Level 1:colcon.colcon_core.package_identification:_identify(build) by extension 'ignore'
[0.169s] Level 1:colcon.colcon_core.package_identification:_identify(build) ignored
[0.169s] Level 1:colcon.colcon_core.package_identification:_identify(install) by extensions ['ignore', 'ignore_ament_install']
[0.169s] Level 1:colcon.colcon_core.package_identification:_identify(install) by extension 'ignore'
[0.169s] Level 1:colcon.colcon_core.package_identification:_identify(install) ignored
[0.169s] Level 1:colcon.colcon_core.package_identification:_identify(log) by extensions ['ignore', 'ignore_ament_install']
[0.169s] Level 1:colcon.colcon_core.package_identification:_identify(log) by extension 'ignore'
[0.169s] Level 1:colcon.colcon_core.package_identification:_identify(log) ignored
[0.169s] Level 1:colcon.colcon_core.package_identification:_identify(src) by extensions ['ignore', 'ignore_ament_install']
[0.169s] Level 1:colcon.colcon_core.package_identification:_identify(src) by extension 'ignore'
[0.169s] Level 1:colcon.colcon_core.package_identification:_identify(src) by extension 'ignore_ament_install'
[0.169s] Level 1:colcon.colcon_core.package_identification:_identify(src) by extensions ['colcon_pkg']
[0.169s] Level 1:colcon.colcon_core.package_identification:_identify(src) by extension 'colcon_pkg'
[0.169s] Level 1:colcon.colcon_core.package_identification:_identify(src) by extensions ['colcon_meta']
[0.169s] Level 1:colcon.colcon_core.package_identification:_identify(src) by extension 'colcon_meta'
[0.169s] Level 1:colcon.colcon_core.package_identification:_identify(src) by extensions ['ros']
[0.169s] Level 1:colcon.colcon_core.package_identification:_identify(src) by extension 'ros'
[0.169s] Level 1:colcon.colcon_core.package_identification:_identify(src) by extensions ['cmake', 'python']
[0.169s] Level 1:colcon.colcon_core.package_identification:_identify(src) by extension 'cmake'
[0.169s] Level 1:colcon.colcon_core.package_identification:_identify(src) by extension 'python'
[0.169s] Level 1:colcon.colcon_core.package_identification:_identify(src) by extensions ['python_setup_py']
[0.169s] Level 1:colcon.colcon_core.package_identification:_identify(src) by extension 'python_setup_py'
[0.169s] Level 1:colcon.colcon_core.package_identification:_identify(src/ejer1_py) by extensions ['ignore', 'ignore_ament_install']
[0.169s] Level 1:colcon.colcon_core.package_identification:_identify(src/ejer1_py) by extension 'ignore'
[0.169s] Level 1:colcon.colcon_core.package_identification:_identify(src/ejer1_py) by extension 'ignore_ament_install'
[0.169s] Level 1:colcon.colcon_core.package_identification:_identify(src/ejer1_py) by extensions ['colcon_pkg']
[0.169s] Level 1:colcon.colcon_core.package_identification:_identify(src/ejer1_py) by extension 'colcon_pkg'
[0.169s] Level 1:colcon.colcon_core.package_identification:_identify(src/ejer1_py) by extensions ['colcon_meta']
[0.169s] Level 1:colcon.colcon_core.package_identification:_identify(src/ejer1_py) by extension 'colcon_meta'
[0.169s] Level 1:colcon.colcon_core.package_identification:_identify(src/ejer1_py) by extensions ['ros']
[0.169s] Level 1:colcon.colcon_core.package_identification:_identify(src/ejer1_py) by extension 'ros'
[0.171s] DEBUG:colcon.colcon_core.package_identification:Package 'src/ejer1_py' with type 'ros.ament_python' and name 'ejer1_py'
[0.171s] Level 1:colcon.colcon_core.package_identification:_identify(src/ejer2_py) by extensions ['ignore', 'ignore_ament_install']
[0.171s] Level 1:colcon.colcon_core.package_identification:_identify(src/ejer2_py) by extension 'ignore'
[0.171s] Level 1:colcon.colcon_core.package_identification:_identify(src/ejer2_py) by extension 'ignore_ament_install'
[0.171s] Level 1:colcon.colcon_core.package_identification:_identify(src/ejer2_py) by extensions ['colcon_pkg']
[0.171s] Level 1:colcon.colcon_core.package_identification:_identify(src/ejer2_py) by extension 'colcon_pkg'
[0.171s] Level 1:colcon.colcon_core.package_identification:_identify(src/ejer2_py) by extensions ['colcon_meta']
[0.171s] Level 1:colcon.colcon_core.package_identification:_identify(src/ejer2_py) by extension 'colcon_meta'
[0.171s] Level 1:colcon.colcon_core.package_identification:_identify(src/ejer2_py) by extensions ['ros']
[0.171s] Level 1:colcon.colcon_core.package_identification:_identify(src/ejer2_py) by extension 'ros'
[0.171s] DEBUG:colcon.colcon_core.package_identification:Package 'src/ejer2_py' with type 'ros.ament_python' and name 'ejer2_py'
[0.171s] Level 1:colcon.colcon_core.package_identification:_identify(src/examen_interface) by extensions ['ignore', 'ignore_ament_install']
[0.171s] Level 1:colcon.colcon_core.package_identification:_identify(src/examen_interface) by extension 'ignore'
[0.171s] Level 1:colcon.colcon_core.package_identification:_identify(src/examen_interface) by extension 'ignore_ament_install'
[0.171s] Level 1:colcon.colcon_core.package_identification:_identify(src/examen_interface) by extensions ['colcon_pkg']
[0.171s] Level 1:colcon.colcon_core.package_identification:_identify(src/examen_interface) by extension 'colcon_pkg'
[0.171s] Level 1:colcon.colcon_core.package_identification:_identify(src/examen_interface) by extensions ['colcon_meta']
[0.171s] Level 1:colcon.colcon_core.package_identification:_identify(src/examen_interface) by extension 'colcon_meta'
[0.171s] Level 1:colcon.colcon_core.package_identification:_identify(src/examen_interface) by extensions ['ros']
[0.171s] Level 1:colcon.colcon_core.package_identification:_identify(src/examen_interface) by extension 'ros'
[0.172s] DEBUG:colcon.colcon_core.package_identification:Package 'src/examen_interface' with type 'ros.ament_cmake' and name 'examen_interface'
[0.172s] Level 1:colcon.colcon_core.package_discovery:discover_packages(recursive) using defaults
[0.172s] Level 1:colcon.colcon_core.package_discovery:discover_packages(ignore) discover
[0.172s] Level 1:colcon.colcon_core.package_discovery:discover_packages(ignore) using defaults
[0.172s] Level 1:colcon.colcon_core.package_discovery:discover_packages(path) discover
[0.172s] Level 1:colcon.colcon_core.package_discovery:discover_packages(path) using defaults
[0.182s] Level 1:colcon.colcon_core.package_discovery:discover_packages(prefix_path) check parameters
[0.182s] Level 1:colcon.colcon_core.package_discovery:discover_packages(prefix_path) discover
[0.183s] DEBUG:colcon.colcon_installed_package_information.package_discovery:Found 2 installed packages in /home/rod-0310/Escritorio/examen_ws/install
[0.184s] DEBUG:colcon.colcon_installed_package_information.package_discovery:Found 271 installed packages in /opt/ros/humble
[0.185s] Level 1:colcon.colcon_core.package_discovery:discover_packages(prefix_path) using defaults
[0.201s] Level 5:colcon.colcon_core.verb:set package 'ejer1_py' build argument 'cmake_args' from command line to 'None'
[0.201s] Level 5:colcon.colcon_core.verb:set package 'ejer1_py' build argument 'cmake_target' from command line to 'None'
[0.201s] Level 5:colcon.colcon_core.verb:set package 'ejer1_py' build argument 'cmake_target_skip_unavailable' from command line to 'False'
[0.202s] Level 5:colcon.colcon_core.verb:set package 'ejer1_py' build argument 'cmake_clean_cache' from command line to 'False'
[0.202s] Level 5:colcon.colcon_core.verb:set package 'ejer1_py' build argument 'cmake_clean_first' from command line to 'False'
[0.202s] Level 5:colcon.colcon_core.verb:set package 'ejer1_py' build argument 'cmake_force_configure' from command line to 'False'
[0.202s] Level 5:colcon.colcon_core.verb:set package 'ejer1_py' build argument 'ament_cmake_args' from command line to 'None'
[0.202s] Level 5:colcon.colcon_core.verb:set package 'ejer1_py' build argument 'catkin_cmake_args' from command line to 'None'
[0.202s] Level 5:colcon.colcon_core.verb:set package 'ejer1_py' build argument 'catkin_skip_building_tests' from command line to 'False'
[0.202s] DEBUG:colcon.colcon_core.verb:Building package 'ejer1_py' with the following arguments: {'ament_cmake_args': None, 'build_base': '/home/rod-0310/Escritorio/examen_ws/build/ejer1_py', 'catkin_cmake_args': None, 'catkin_skip_building_tests': False, 'cmake_args': None, 'cmake_clean_cache': False, 'cmake_clean_first': False, 'cmake_force_configure': False, 'cmake_target': None, 'cmake_target_skip_unavailable': False, 'install_base': '/home/rod-0310/Escritorio/examen_ws/install/ejer1_py', 'merge_install': False, 'path': '/home/rod-0310/Escritorio/examen_ws/src/ejer1_py', 'symlink_install': False, 'test_result_base': None}
[0.202s] Level 5:colcon.colcon_core.verb:set package 'examen_interface' build argument 'cmake_args' from command line to 'None'
[0.202s] Level 5:colcon.colcon_core.verb:set package 'examen_interface' build argument 'cmake_target' from command line to 'None'
[0.202s] Level 5:colcon.colcon_core.verb:set package 'examen_interface' build argument 'cmake_target_skip_unavailable' from command line to 'False'
[0.202s] Level 5:colcon.colcon_core.verb:set package 'examen_interface' build argument 'cmake_clean_cache' from command line to 'False'
[0.202s] Level 5:colcon.colcon_core.verb:set package 'examen_interface' build argument 'cmake_clean_first' from command line to 'False'
[0.202s] Level 5:colcon.colcon_core.verb:set package 'examen_interface' build argument 'cmake_force_configure' from command line to 'False'
[0.202s] Level 5:colcon.colcon_core.verb:set package 'examen_interface' build argument 'ament_cmake_args' from command line to 'None'
[0.202s] Level 5:colcon.colcon_core.verb:set package 'examen_interface' build argument 'catkin_cmake_args' from command line to 'None'
[0.202s] Level 5:colcon.colcon_core.verb:set package 'examen_interface' build argument 'catkin_skip_building_tests' from command line to 'False'
[0.202s] DEBUG:colcon.colcon_core.verb:Building package 'examen_interface' with the following arguments: {'ament_cmake_args': None, 'build_base': '/home/rod-0310/Escritorio/examen_ws/build/examen_interface', 'catkin_cmake_args': None, 'catkin_skip_building_tests': False, 'cmake_args': None, 'cmake_clean_cache': False, 'cmake_clean_first': False, 'cmake_force_configure': False, 'cmake_target': None, 'cmake_target_skip_unavailable': False, 'install_base': '/home/rod-0310/Escritorio/examen_ws/install/examen_interface', 'merge_install': False, 'path': '/home/rod-0310/Escritorio/examen_ws/src/examen_interface', 'symlink_install': False, 'test_result_base': None}
[0.202s] Level 5:colcon.colcon_core.verb:set package 'ejer2_py' build argument 'cmake_args' from command line to 'None'
[0.202s] Level 5:colcon.colcon_core.verb:set package 'ejer2_py' build argument 'cmake_target' from command line to 'None'
[0.202s] Level 5:colcon.colcon_core.verb:set package 'ejer2_py' build argument 'cmake_target_skip_unavailable' from command line to 'False'
[0.202s] Level 5:colcon.colcon_core.verb:set package 'ejer2_py' build argument 'cmake_clean_cache' from command line to 'False'
[0.202s] Level 5:colcon.colcon_core.verb:set package 'ejer2_py' build argument 'cmake_clean_first' from command line to 'False'
[0.202s] Level 5:colcon.colcon_core.verb:set package 'ejer2_py' build argument 'cmake_force_configure' from command line to 'False'
[0.202s] Level 5:colcon.colcon_core.verb:set package 'ejer2_py' build argument 'ament_cmake_args' from command line to 'None'
[0.202s] Level 5:colcon.colcon_core.verb:set package 'ejer2_py' build argument 'catkin_cmake_args' from command line to 'None'
[0.202s] Level 5:colcon.colcon_core.verb:set package 'ejer2_py' build argument 'catkin_skip_building_tests' from command line to 'False'
[0.202s] DEBUG:colcon.colcon_core.verb:Building package 'ejer2_py' with the following arguments: {'ament_cmake_args': None, 'build_base': '/home/rod-0310/Escritorio/examen_ws/build/ejer2_py', 'catkin_cmake_args': None, 'catkin_skip_building_tests': False, 'cmake_args': None, 'cmake_clean_cache': False, 'cmake_clean_first': False, 'cmake_force_configure': False, 'cmake_target': None, 'cmake_target_skip_unavailable': False, 'install_base': '/home/rod-0310/Escritorio/examen_ws/install/ejer2_py', 'merge_install': False, 'path': '/home/rod-0310/Escritorio/examen_ws/src/ejer2_py', 'symlink_install': False, 'test_result_base': None}
[0.202s] INFO:colcon.colcon_core.executor:Executing jobs using 'parallel' executor
[0.203s] DEBUG:colcon.colcon_parallel_executor.executor.parallel:run_until_complete
[0.203s] INFO:colcon.colcon_ros.task.ament_cmake.build:Building ROS package in '/home/rod-0310/Escritorio/examen_ws/src/examen_interface' with build type 'ament_cmake'
[0.203s] INFO:colcon.colcon_cmake.task.cmake.build:Building CMake package in '/home/rod-0310/Escritorio/examen_ws/src/examen_interface'
[0.204s] INFO:colcon.colcon_core.plugin_system:Skipping extension 'colcon_core.shell.bat': Not used on non-Windows systems
[0.204s] INFO:colcon.colcon_core.shell:Skip shell extension 'powershell' for command environment: Not usable outside of PowerShell
[0.204s] DEBUG:colcon.colcon_core.shell:Skip shell extension 'dsv' for command environment
[0.206s] INFO:colcon.colcon_ros.task.ament_python.build:Building ROS package in '/home/rod-0310/Escritorio/examen_ws/src/ejer1_py' with build type 'ament_python'
[0.206s] Level 1:colcon.colcon_core.shell:create_environment_hook('ejer1_py', 'ament_prefix_path')
[0.206s] INFO:colcon.colcon_core.shell:Creating environment hook '/home/rod-0310/Escritorio/examen_ws/install/ejer1_py/share/ejer1_py/hook/ament_prefix_path.ps1'
[0.206s] INFO:colcon.colcon_core.shell:Creating environment descriptor '/home/rod-0310/Escritorio/examen_ws/install/ejer1_py/share/ejer1_py/hook/ament_prefix_path.dsv'
[0.207s] INFO:colcon.colcon_core.shell:Creating environment hook '/home/rod-0310/Escritorio/examen_ws/install/ejer1_py/share/ejer1_py/hook/ament_prefix_path.sh'
[0.207s] INFO:colcon.colcon_core.shell:Skip shell extension 'powershell' for command environment: Not usable outside of PowerShell
[0.207s] DEBUG:colcon.colcon_core.shell:Skip shell extension 'dsv' for command environment
[0.212s] DEBUG:colcon.colcon_core.event_handler.log_command:Invoking command in '/home/rod-0310/Escritorio/examen_ws/build/examen_interface': CMAKE_PREFIX_PATH=/home/rod-0310/Escritorio/examen_ws/install/ejer1_py:/opt/ros/humble /usr/bin/cmake --build /home/rod-0310/Escritorio/examen_ws/build/examen_interface -- -j20 -l20
[0.364s] INFO:colcon.colcon_core.task.python.build:Building Python package in '/home/rod-0310/Escritorio/examen_ws/src/ejer1_py'
[0.364s] INFO:colcon.colcon_core.shell:Skip shell extension 'powershell' for command environment: Not usable outside of PowerShell
[0.365s] DEBUG:colcon.colcon_core.shell:Skip shell extension 'dsv' for command environment
[0.589s] DEBUG:colcon.colcon_core.event_handler.log_command:Invoking command in '/home/rod-0310/Escritorio/examen_ws/src/ejer1_py': PYTHONPATH=/home/rod-0310/Escritorio/examen_ws/build/ejer1_py/prefix_override:/usr/lib/python3/dist-packages/colcon_core/task/python/colcon_distutils_commands:/home/rod-0310/Escritorio/examen_ws/install/ejer1_py/lib/python3.10/site-packages:${PYTHONPATH} /usr/bin/python3 -W ignore:setup.py install is deprecated -W ignore:easy_install command is deprecated setup.py egg_info --egg-base ../../build/ejer1_py build --build-base /home/rod-0310/Escritorio/examen_ws/build/ejer1_py/build install --record /home/rod-0310/Escritorio/examen_ws/build/ejer1_py/install.log --single-version-externally-managed install_data
[0.766s] DEBUG:colcon.colcon_core.event_handler.log_command:Invoked command in '/home/rod-0310/Escritorio/examen_ws/src/ejer1_py' returned '0': PYTHONPATH=/home/rod-0310/Escritorio/examen_ws/build/ejer1_py/prefix_override:/usr/lib/python3/dist-packages/colcon_core/task/python/colcon_distutils_commands:/home/rod-0310/Escritorio/examen_ws/install/ejer1_py/lib/python3.10/site-packages:${PYTHONPATH} /usr/bin/python3 -W ignore:setup.py install is deprecated -W ignore:easy_install command is deprecated setup.py egg_info --egg-base ../../build/ejer1_py build --build-base /home/rod-0310/Escritorio/examen_ws/build/ejer1_py/build install --record /home/rod-0310/Escritorio/examen_ws/build/ejer1_py/install.log --single-version-externally-managed install_data
[0.767s] Level 1:colcon.colcon_core.environment:checking '/home/rod-0310/Escritorio/examen_ws/install/ejer1_py' for CMake module files
[0.767s] Level 1:colcon.colcon_core.environment:checking '/home/rod-0310/Escritorio/examen_ws/install/ejer1_py' for CMake config files
[0.768s] Level 1:colcon.colcon_core.environment:checking '/home/rod-0310/Escritorio/examen_ws/install/ejer1_py/lib'
[0.768s] Level 1:colcon.colcon_core.environment:checking '/home/rod-0310/Escritorio/examen_ws/install/ejer1_py/bin'
[0.768s] Level 1:colcon.colcon_core.environment:checking '/home/rod-0310/Escritorio/examen_ws/install/ejer1_py/lib/pkgconfig/ejer1_py.pc'
[0.768s] Level 1:colcon.colcon_core.environment:checking '/home/rod-0310/Escritorio/examen_ws/install/ejer1_py/lib/python3.10/site-packages'
[0.768s] Level 1:colcon.colcon_core.shell:create_environment_hook('ejer1_py', 'pythonpath')
[0.768s] INFO:colcon.colcon_core.shell:Creating environment hook '/home/rod-0310/Escritorio/examen_ws/install/ejer1_py/share/ejer1_py/hook/pythonpath.ps1'
[0.769s] INFO:colcon.colcon_core.shell:Creating environment descriptor '/home/rod-0310/Escritorio/examen_ws/install/ejer1_py/share/ejer1_py/hook/pythonpath.dsv'
[0.769s] INFO:colcon.colcon_core.shell:Creating environment hook '/home/rod-0310/Escritorio/examen_ws/install/ejer1_py/share/ejer1_py/hook/pythonpath.sh'
[0.769s] Level 1:colcon.colcon_core.environment:checking '/home/rod-0310/Escritorio/examen_ws/install/ejer1_py/bin'
[0.769s] Level 1:colcon.colcon_core.environment:create_environment_scripts_only(ejer1_py)
[0.769s] INFO:colcon.colcon_core.shell:Creating package script '/home/rod-0310/Escritorio/examen_ws/install/ejer1_py/share/ejer1_py/package.ps1'
[0.770s] INFO:colcon.colcon_core.shell:Creating package descriptor '/home/rod-0310/Escritorio/examen_ws/install/ejer1_py/share/ejer1_py/package.dsv'
[0.770s] INFO:colcon.colcon_core.shell:Creating package script '/home/rod-0310/Escritorio/examen_ws/install/ejer1_py/share/ejer1_py/package.sh'
[0.770s] INFO:colcon.colcon_core.shell:Creating package script '/home/rod-0310/Escritorio/examen_ws/install/ejer1_py/share/ejer1_py/package.bash'
[0.771s] INFO:colcon.colcon_core.shell:Creating package script '/home/rod-0310/Escritorio/examen_ws/install/ejer1_py/share/ejer1_py/package.zsh'
[0.771s] Level 1:colcon.colcon_core.environment:create_file_with_runtime_dependencies(/home/rod-0310/Escritorio/examen_ws/install/ejer1_py/share/colcon-core/packages/ejer1_py)
[2.049s] DEBUG:colcon.colcon_core.event_handler.log_command:Invoked command in '/home/rod-0310/Escritorio/examen_ws/build/examen_interface' returned '0': CMAKE_PREFIX_PATH=/home/rod-0310/Escritorio/examen_ws/install/ejer1_py:/opt/ros/humble /usr/bin/cmake --build /home/rod-0310/Escritorio/examen_ws/build/examen_interface -- -j20 -l20
[2.055s] DEBUG:colcon.colcon_core.event_handler.log_command:Invoking command in '/home/rod-0310/Escritorio/examen_ws/build/examen_interface': CMAKE_PREFIX_PATH=/home/rod-0310/Escritorio/examen_ws/install/ejer1_py:/opt/ros/humble /usr/bin/cmake --install /home/rod-0310/Escritorio/examen_ws/build/examen_interface
[2.090s] Level 1:colcon.colcon_core.environment:create_environment_scripts_only(examen_interface)
[2.091s] DEBUG:colcon.colcon_core.event_handler.log_command:Invoked command in '/home/rod-0310/Escritorio/examen_ws/build/examen_interface' returned '0': CMAKE_PREFIX_PATH=/home/rod-0310/Escritorio/examen_ws/install/ejer1_py:/opt/ros/humble /usr/bin/cmake --install /home/rod-0310/Escritorio/examen_ws/build/examen_interface
[2.091s] Level 1:colcon.colcon_core.environment:checking '/home/rod-0310/Escritorio/examen_ws/install/examen_interface' for CMake module files
[2.091s] Level 1:colcon.colcon_core.environment:checking '/home/rod-0310/Escritorio/examen_ws/install/examen_interface' for CMake config files
[2.091s] Level 1:colcon.colcon_core.shell:create_environment_hook('examen_interface', 'cmake_prefix_path')
[2.092s] INFO:colcon.colcon_core.shell:Creating environment hook '/home/rod-0310/Escritorio/examen_ws/install/examen_interface/share/examen_interface/hook/cmake_prefix_path.ps1'
[2.092s] INFO:colcon.colcon_core.shell:Creating environment descriptor '/home/rod-0310/Escritorio/examen_ws/install/examen_interface/share/examen_interface/hook/cmake_prefix_path.dsv'
[2.092s] INFO:colcon.colcon_core.shell:Creating environment hook '/home/rod-0310/Escritorio/examen_ws/install/examen_interface/share/examen_interface/hook/cmake_prefix_path.sh'
[2.092s] Level 1:colcon.colcon_core.environment:checking '/home/rod-0310/Escritorio/examen_ws/install/examen_interface/lib'
[2.092s] Level 1:colcon.colcon_core.shell:create_environment_hook('examen_interface', 'ld_library_path_lib')
[2.093s] INFO:colcon.colcon_core.shell:Creating environment hook '/home/rod-0310/Escritorio/examen_ws/install/examen_interface/share/examen_interface/hook/ld_library_path_lib.ps1'
[2.093s] INFO:colcon.colcon_core.shell:Creating environment descriptor '/home/rod-0310/Escritorio/examen_ws/install/examen_interface/share/examen_interface/hook/ld_library_path_lib.dsv'
[2.093s] INFO:colcon.colcon_core.shell:Creating environment hook '/home/rod-0310/Escritorio/examen_ws/install/examen_interface/share/examen_interface/hook/ld_library_path_lib.sh'
[2.093s] Level 1:colcon.colcon_core.environment:checking '/home/rod-0310/Escritorio/examen_ws/install/examen_interface/bin'
[2.093s] Level 1:colcon.colcon_core.environment:checking '/home/rod-0310/Escritorio/examen_ws/install/examen_interface/lib/pkgconfig/examen_interface.pc'
[2.093s] Level 1:colcon.colcon_core.environment:checking '/home/rod-0310/Escritorio/examen_ws/install/examen_interface/lib/python3.10/site-packages'
[2.093s] Level 1:colcon.colcon_core.environment:checking '/home/rod-0310/Escritorio/examen_ws/install/examen_interface/bin'
[2.094s] INFO:colcon.colcon_core.shell:Creating package script '/home/rod-0310/Escritorio/examen_ws/install/examen_interface/share/examen_interface/package.ps1'
[2.094s] INFO:colcon.colcon_core.shell:Creating package descriptor '/home/rod-0310/Escritorio/examen_ws/install/examen_interface/share/examen_interface/package.dsv'
[2.094s] INFO:colcon.colcon_core.shell:Creating package script '/home/rod-0310/Escritorio/examen_ws/install/examen_interface/share/examen_interface/package.sh'
[2.094s] INFO:colcon.colcon_core.shell:Creating package script '/home/rod-0310/Escritorio/examen_ws/install/examen_interface/share/examen_interface/package.bash'
[2.094s] INFO:colcon.colcon_core.shell:Creating package script '/home/rod-0310/Escritorio/examen_ws/install/examen_interface/share/examen_interface/package.zsh'
[2.095s] Level 1:colcon.colcon_core.environment:create_file_with_runtime_dependencies(/home/rod-0310/Escritorio/examen_ws/install/examen_interface/share/colcon-core/packages/examen_interface)
[2.095s] Level 1:colcon.colcon_core.environment:create_environment_scripts_only(examen_interface)
[2.095s] Level 1:colcon.colcon_core.environment:checking '/home/rod-0310/Escritorio/examen_ws/install/examen_interface' for CMake module files
[2.095s] Level 1:colcon.colcon_core.environment:checking '/home/rod-0310/Escritorio/examen_ws/install/examen_interface' for CMake config files
[2.095s] Level 1:colcon.colcon_core.shell:create_environment_hook('examen_interface', 'cmake_prefix_path')
[2.095s] INFO:colcon.colcon_core.shell:Creating environment hook '/home/rod-0310/Escritorio/examen_ws/install/examen_interface/share/examen_interface/hook/cmake_prefix_path.ps1'
[2.096s] INFO:colcon.colcon_core.shell:Creating environment descriptor '/home/rod-0310/Escritorio/examen_ws/install/examen_interface/share/examen_interface/hook/cmake_prefix_path.dsv'
[2.096s] INFO:colcon.colcon_core.shell:Creating environment hook '/home/rod-0310/Escritorio/examen_ws/install/examen_interface/share/examen_interface/hook/cmake_prefix_path.sh'
[2.096s] Level 1:colcon.colcon_core.environment:checking '/home/rod-0310/Escritorio/examen_ws/install/examen_interface/lib'
[2.096s] Level 1:colcon.colcon_core.shell:create_environment_hook('examen_interface', 'ld_library_path_lib')
[2.096s] INFO:colcon.colcon_core.shell:Creating environment hook '/home/rod-0310/Escritorio/examen_ws/install/examen_interface/share/examen_interface/hook/ld_library_path_lib.ps1'
[2.096s] INFO:colcon.colcon_core.shell:Creating environment descriptor '/home/rod-0310/Escritorio/examen_ws/install/examen_interface/share/examen_interface/hook/ld_library_path_lib.dsv'
[2.097s] INFO:colcon.colcon_core.shell:Creating environment hook '/home/rod-0310/Escritorio/examen_ws/install/examen_interface/share/examen_interface/hook/ld_library_path_lib.sh'
[2.097s] Level 1:colcon.colcon_core.environment:checking '/home/rod-0310/Escritorio/examen_ws/install/examen_interface/bin'
[2.097s] Level 1:colcon.colcon_core.environment:checking '/home/rod-0310/Escritorio/examen_ws/install/examen_interface/lib/pkgconfig/examen_interface.pc'
[2.097s] Level 1:colcon.colcon_core.environment:checking '/home/rod-0310/Escritorio/examen_ws/install/examen_interface/lib/python3.10/site-packages'
[2.097s] Level 1:colcon.colcon_core.environment:checking '/home/rod-0310/Escritorio/examen_ws/install/examen_interface/bin'
[2.097s] INFO:colcon.colcon_core.shell:Creating package script '/home/rod-0310/Escritorio/examen_ws/install/examen_interface/share/examen_interface/package.ps1'
[2.097s] INFO:colcon.colcon_core.shell:Creating package descriptor '/home/rod-0310/Escritorio/examen_ws/install/examen_interface/share/examen_interface/package.dsv'
[2.098s] INFO:colcon.colcon_core.shell:Creating package script '/home/rod-0310/Escritorio/examen_ws/install/examen_interface/share/examen_interface/package.sh'
[2.098s] INFO:colcon.colcon_core.shell:Creating package script '/home/rod-0310/Escritorio/examen_ws/install/examen_interface/share/examen_interface/package.bash'
[2.098s] INFO:colcon.colcon_core.shell:Creating package script '/home/rod-0310/Escritorio/examen_ws/install/examen_interface/share/examen_interface/package.zsh'
[2.098s] Level 1:colcon.colcon_core.environment:create_file_with_runtime_dependencies(/home/rod-0310/Escritorio/examen_ws/install/examen_interface/share/colcon-core/packages/examen_interface)
[2.098s] INFO:colcon.colcon_ros.task.ament_python.build:Building ROS package in '/home/rod-0310/Escritorio/examen_ws/src/ejer2_py' with build type 'ament_python'
[2.099s] Level 1:colcon.colcon_core.shell:create_environment_hook('ejer2_py', 'ament_prefix_path')
[2.099s] INFO:colcon.colcon_core.shell:Creating environment hook '/home/rod-0310/Escritorio/examen_ws/install/ejer2_py/share/ejer2_py/hook/ament_prefix_path.ps1'
[2.099s] INFO:colcon.colcon_core.shell:Creating environment descriptor '/home/rod-0310/Escritorio/examen_ws/install/ejer2_py/share/ejer2_py/hook/ament_prefix_path.dsv'
[2.099s] INFO:colcon.colcon_core.shell:Creating environment hook '/home/rod-0310/Escritorio/examen_ws/install/ejer2_py/share/ejer2_py/hook/ament_prefix_path.sh'
[2.099s] INFO:colcon.colcon_core.shell:Skip shell extension 'powershell' for command environment: Not usable outside of PowerShell
[2.099s] DEBUG:colcon.colcon_core.shell:Skip shell extension 'dsv' for command environment
[2.254s] INFO:colcon.colcon_core.task.python.build:Building Python package in '/home/rod-0310/Escritorio/examen_ws/src/ejer2_py'
[2.255s] INFO:colcon.colcon_core.shell:Skip shell extension 'powershell' for command environment: Not usable outside of PowerShell
[2.255s] DEBUG:colcon.colcon_core.shell:Skip shell extension 'dsv' for command environment
[2.464s] DEBUG:colcon.colcon_core.event_handler.log_command:Invoking command in '/home/rod-0310/Escritorio/examen_ws/src/ejer2_py': AMENT_PREFIX_PATH=/home/rod-0310/Escritorio/examen_ws/install/examen_interface:${AMENT_PREFIX_PATH} CMAKE_PREFIX_PATH=/home/rod-0310/Escritorio/examen_ws/install/examen_interface LD_LIBRARY_PATH=/home/rod-0310/Escritorio/examen_ws/install/examen_interface/lib:${LD_LIBRARY_PATH} PYTHONPATH=/home/rod-0310/Escritorio/examen_ws/build/ejer2_py/prefix_override:/usr/lib/python3/dist-packages/colcon_core/task/python/colcon_distutils_commands:/home/rod-0310/Escritorio/examen_ws/install/ejer2_py/lib/python3.10/site-packages:/home/rod-0310/Escritorio/examen_ws/install/examen_interface/local/lib/python3.10/dist-packages:${PYTHONPATH} /usr/bin/python3 -W ignore:setup.py install is deprecated -W ignore:easy_install command is deprecated setup.py egg_info --egg-base ../../build/ejer2_py build --build-base /home/rod-0310/Escritorio/examen_ws/build/ejer2_py/build install --record /home/rod-0310/Escritorio/examen_ws/build/ejer2_py/install.log --single-version-externally-managed install_data
[2.635s] Level 1:colcon.colcon_core.environment:checking '/home/rod-0310/Escritorio/examen_ws/install/ejer2_py' for CMake module files
[2.635s] DEBUG:colcon.colcon_core.event_handler.log_command:Invoked command in '/home/rod-0310/Escritorio/examen_ws/src/ejer2_py' returned '0': AMENT_PREFIX_PATH=/home/rod-0310/Escritorio/examen_ws/install/examen_interface:${AMENT_PREFIX_PATH} CMAKE_PREFIX_PATH=/home/rod-0310/Escritorio/examen_ws/install/examen_interface LD_LIBRARY_PATH=/home/rod-0310/Escritorio/examen_ws/install/examen_interface/lib:${LD_LIBRARY_PATH} PYTHONPATH=/home/rod-0310/Escritorio/examen_ws/build/ejer2_py/prefix_override:/usr/lib/python3/dist-packages/colcon_core/task/python/colcon_distutils_commands:/home/rod-0310/Escritorio/examen_ws/install/ejer2_py/lib/python3.10/site-packages:/home/rod-0310/Escritorio/examen_ws/install/examen_interface/local/lib/python3.10/dist-packages:${PYTHONPATH} /usr/bin/python3 -W ignore:setup.py install is deprecated -W ignore:easy_install command is deprecated setup.py egg_info --egg-base ../../build/ejer2_py build --build-base /home/rod-0310/Escritorio/examen_ws/build/ejer2_py/build install --record /home/rod-0310/Escritorio/examen_ws/build/ejer2_py/install.log --single-version-externally-managed install_data
[2.635s] Level 1:colcon.colcon_core.environment:checking '/home/rod-0310/Escritorio/examen_ws/install/ejer2_py' for CMake config files
[2.635s] Level 1:colcon.colcon_core.environment:checking '/home/rod-0310/Escritorio/examen_ws/install/ejer2_py/lib'
[2.635s] Level 1:colcon.colcon_core.environment:checking '/home/rod-0310/Escritorio/examen_ws/install/ejer2_py/bin'
[2.635s] Level 1:colcon.colcon_core.environment:checking '/home/rod-0310/Escritorio/examen_ws/install/ejer2_py/lib/pkgconfig/ejer2_py.pc'
[2.636s] Level 1:colcon.colcon_core.environment:checking '/home/rod-0310/Escritorio/examen_ws/install/ejer2_py/lib/python3.10/site-packages'
[2.636s] Level 1:colcon.colcon_core.shell:create_environment_hook('ejer2_py', 'pythonpath')
[2.636s] INFO:colcon.colcon_core.shell:Creating environment hook '/home/rod-0310/Escritorio/examen_ws/install/ejer2_py/share/ejer2_py/hook/pythonpath.ps1'
[2.636s] INFO:colcon.colcon_core.shell:Creating environment descriptor '/home/rod-0310/Escritorio/examen_ws/install/ejer2_py/share/ejer2_py/hook/pythonpath.dsv'
[2.636s] INFO:colcon.colcon_core.shell:Creating environment hook '/home/rod-0310/Escritorio/examen_ws/install/ejer2_py/share/ejer2_py/hook/pythonpath.sh'
[2.636s] Level 1:colcon.colcon_core.environment:checking '/home/rod-0310/Escritorio/examen_ws/install/ejer2_py/bin'
[2.636s] Level 1:colcon.colcon_core.environment:create_environment_scripts_only(ejer2_py)
[2.637s] INFO:colcon.colcon_core.shell:Creating package script '/home/rod-0310/Escritorio/examen_ws/install/ejer2_py/share/ejer2_py/package.ps1'
[2.637s] INFO:colcon.colcon_core.shell:Creating package descriptor '/home/rod-0310/Escritorio/examen_ws/install/ejer2_py/share/ejer2_py/package.dsv'
[2.637s] INFO:colcon.colcon_core.shell:Creating package script '/home/rod-0310/Escritorio/examen_ws/install/ejer2_py/share/ejer2_py/package.sh'
[2.637s] INFO:colcon.colcon_core.shell:Creating package script '/home/rod-0310/Escritorio/examen_ws/install/ejer2_py/share/ejer2_py/package.bash'
[2.637s] INFO:colcon.colcon_core.shell:Creating package script '/home/rod-0310/Escritorio/examen_ws/install/ejer2_py/share/ejer2_py/package.zsh'
[2.638s] Level 1:colcon.colcon_core.environment:create_file_with_runtime_dependencies(/home/rod-0310/Escritorio/examen_ws/install/ejer2_py/share/colcon-core/packages/ejer2_py)
[2.638s] DEBUG:colcon.colcon_parallel_executor.executor.parallel:closing loop
[2.638s] DEBUG:colcon.colcon_parallel_executor.executor.parallel:loop closed
[2.638s] DEBUG:colcon.colcon_parallel_executor.executor.parallel:run_until_complete finished with '0'
[2.638s] DEBUG:colcon.colcon_core.event_reactor:joining thread
[2.641s] INFO:colcon.colcon_core.plugin_system:Skipping extension 'colcon_notification.desktop_notification.terminal_notifier': Not used on non-Darwin systems
[2.641s] INFO:colcon.colcon_core.plugin_system:Skipping extension 'colcon_notification.desktop_notification.win32': Not used on non-Windows systems
[2.641s] INFO:colcon.colcon_notification.desktop_notification:Sending desktop notification using 'notify2'
[2.648s] DEBUG:colcon.colcon_core.event_reactor:joined thread
[2.648s] INFO:colcon.colcon_core.shell:Creating prefix script '/home/rod-0310/Escritorio/examen_ws/install/local_setup.ps1'
[2.649s] INFO:colcon.colcon_core.shell:Creating prefix util module '/home/rod-0310/Escritorio/examen_ws/install/_local_setup_util_ps1.py'
[2.649s] INFO:colcon.colcon_core.shell:Creating prefix chain script '/home/rod-0310/Escritorio/examen_ws/install/setup.ps1'
[2.650s] INFO:colcon.colcon_core.shell:Creating prefix script '/home/rod-0310/Escritorio/examen_ws/install/local_setup.sh'
[2.650s] INFO:colcon.colcon_core.shell:Creating prefix util module '/home/rod-0310/Escritorio/examen_ws/install/_local_setup_util_sh.py'
[2.650s] INFO:colcon.colcon_core.shell:Creating prefix chain script '/home/rod-0310/Escritorio/examen_ws/install/setup.sh'
[2.651s] INFO:colcon.colcon_core.shell:Creating prefix script '/home/rod-0310/Escritorio/examen_ws/install/local_setup.bash'
[2.651s] INFO:colcon.colcon_core.shell:Creating prefix chain script '/home/rod-0310/Escritorio/examen_ws/install/setup.bash'
[2.652s] INFO:colcon.colcon_core.shell:Creating prefix script '/home/rod-0310/Escritorio/examen_ws/install/local_setup.zsh'
[2.652s] INFO:colcon.colcon_core.shell:Creating prefix chain script '/home/rod-0310/Escritorio/examen_ws/install/setup.zsh'
