[0.539s] Invoking command in '/home/rod-0310/Escritorio/examen_ws/src/ejer3_py': PYTHONPATH=/home/rod-0310/Escritorio/examen_ws/build/ejer3_py/prefix_override:/usr/lib/python3/dist-packages/colcon_core/task/python/colcon_distutils_commands:/home/rod-0310/Escritorio/examen_ws/install/ejer3_py/lib/python3.10/site-packages:${PYTHONPATH} /usr/bin/python3 -W ignore:setup.py install is deprecated -W ignore:easy_install command is deprecated setup.py egg_info --egg-base ../../build/ejer3_py build --build-base /home/rod-0310/Escritorio/examen_ws/build/ejer3_py/build install --record /home/rod-0310/Escritorio/examen_ws/build/ejer3_py/install.log --single-version-externally-managed install_data
[0.681s] running egg_info
[0.682s] writing ../../build/ejer3_py/ejer3_py.egg-info/PKG-INFO
[0.682s] writing dependency_links to ../../build/ejer3_py/ejer3_py.egg-info/dependency_links.txt
[0.682s] writing entry points to ../../build/ejer3_py/ejer3_py.egg-info/entry_points.txt
[0.682s] writing requirements to ../../build/ejer3_py/ejer3_py.egg-info/requires.txt
[0.682s] writing top-level names to ../../build/ejer3_py/ejer3_py.egg-info/top_level.txt
[0.683s] reading manifest file '../../build/ejer3_py/ejer3_py.egg-info/SOURCES.txt'
[0.683s] adding license file 'LICENSE'
[0.683s] writing manifest file '../../build/ejer3_py/ejer3_py.egg-info/SOURCES.txt'
[0.683s] running build
[0.683s] running build_py
[0.684s] running install
[0.684s] running install_lib
[0.684s] running install_data
[0.684s] running install_egg_info
[0.685s] removing '/home/rod-0310/Escritorio/examen_ws/install/ejer3_py/lib/python3.10/site-packages/ejer3_py-0.0.0-py3.10.egg-info' (and everything under it)
[0.686s] Copying ../../build/ejer3_py/ejer3_py.egg-info to /home/rod-0310/Escritorio/examen_ws/install/ejer3_py/lib/python3.10/site-packages/ejer3_py-0.0.0-py3.10.egg-info
[0.686s] running install_scripts
[0.699s] Installing KinematicsClient script to /home/rod-0310/Escritorio/examen_ws/install/ejer3_py/lib/ejer3_py
[0.699s] Installing KinematicsServer script to /home/rod-0310/Escritorio/examen_ws/install/ejer3_py/lib/ejer3_py
[0.699s] writing list of installed files to '/home/rod-0310/Escritorio/examen_ws/build/ejer3_py/install.log'
[0.719s] Invoked command in '/home/rod-0310/Escritorio/examen_ws/src/ejer3_py' returned '0': PYTHONPATH=/home/rod-0310/Escritorio/examen_ws/build/ejer3_py/prefix_override:/usr/lib/python3/dist-packages/colcon_core/task/python/colcon_distutils_commands:/home/rod-0310/Escritorio/examen_ws/install/ejer3_py/lib/python3.10/site-packages:${PYTHONPATH} /usr/bin/python3 -W ignore:setup.py install is deprecated -W ignore:easy_install command is deprecated setup.py egg_info --egg-base ../../build/ejer3_py build --build-base /home/rod-0310/Escritorio/examen_ws/build/ejer3_py/build install --record /home/rod-0310/Escritorio/examen_ws/build/ejer3_py/install.log --single-version-externally-managed install_data
