[0.584s] Invoking command in '/home/rod-0310/Escritorio/examen_ws/src/ejer1_py': PYTHONPATH=/home/rod-0310/Escritorio/examen_ws/build/ejer1_py/prefix_override:/usr/lib/python3/dist-packages/colcon_core/task/python/colcon_distutils_commands:/home/rod-0310/Escritorio/examen_ws/install/ejer1_py/lib/python3.10/site-packages:${PYTHONPATH} /usr/bin/python3 -W ignore:setup.py install is deprecated -W ignore:easy_install command is deprecated setup.py egg_info --egg-base ../../build/ejer1_py build --build-base /home/rod-0310/Escritorio/examen_ws/build/ejer1_py/build install --record /home/rod-0310/Escritorio/examen_ws/build/ejer1_py/install.log --single-version-externally-managed install_data
[0.836s] running egg_info
[0.836s] writing ../../build/ejer1_py/ejer1_py.egg-info/PKG-INFO
[0.836s] writing dependency_links to ../../build/ejer1_py/ejer1_py.egg-info/dependency_links.txt
[0.837s] writing entry points to ../../build/ejer1_py/ejer1_py.egg-info/entry_points.txt
[0.837s] writing requirements to ../../build/ejer1_py/ejer1_py.egg-info/requires.txt
[0.837s] writing top-level names to ../../build/ejer1_py/ejer1_py.egg-info/top_level.txt
[0.838s] reading manifest file '../../build/ejer1_py/ejer1_py.egg-info/SOURCES.txt'
[0.838s] adding license file 'LICENSE'
[0.839s] writing manifest file '../../build/ejer1_py/ejer1_py.egg-info/SOURCES.txt'
[0.839s] running build
[0.839s] running build_py
[0.840s] running install
[0.840s] running install_lib
[0.841s] running install_data
[0.841s] running install_egg_info
[0.843s] removing '/home/rod-0310/Escritorio/examen_ws/install/ejer1_py/lib/python3.10/site-packages/ejer1_py-0.0.0-py3.10.egg-info' (and everything under it)
[0.843s] Copying ../../build/ejer1_py/ejer1_py.egg-info to /home/rod-0310/Escritorio/examen_ws/install/ejer1_py/lib/python3.10/site-packages/ejer1_py-0.0.0-py3.10.egg-info
[0.844s] running install_scripts
[0.863s] Installing publicador script to /home/rod-0310/Escritorio/examen_ws/install/ejer1_py/lib/ejer1_py
[0.863s] Installing suscriptor script to /home/rod-0310/Escritorio/examen_ws/install/ejer1_py/lib/ejer1_py
[0.863s] writing list of installed files to '/home/rod-0310/Escritorio/examen_ws/build/ejer1_py/install.log'
[0.885s] Invoked command in '/home/rod-0310/Escritorio/examen_ws/src/ejer1_py' returned '0': PYTHONPATH=/home/rod-0310/Escritorio/examen_ws/build/ejer1_py/prefix_override:/usr/lib/python3/dist-packages/colcon_core/task/python/colcon_distutils_commands:/home/rod-0310/Escritorio/examen_ws/install/ejer1_py/lib/python3.10/site-packages:${PYTHONPATH} /usr/bin/python3 -W ignore:setup.py install is deprecated -W ignore:easy_install command is deprecated setup.py egg_info --egg-base ../../build/ejer1_py build --build-base /home/rod-0310/Escritorio/examen_ws/build/ejer1_py/build install --record /home/rod-0310/Escritorio/examen_ws/build/ejer1_py/install.log --single-version-externally-managed install_data
