[0.056s] DEBUG:colcon:Command line arguments: ['/usr/bin/colcon', 'build', '--packages-select', 'recursos']
[0.056s] DEBUG:colcon:Parsed command line arguments: Namespace(log_base=None, log_level=None, verb_name='build', build_base='build', install_base='install', merge_install=False, symlink_install=False, test_result_base=None, continue_on_error=False, executor='parallel', parallel_workers=20, event_handlers=None, ignore_user_meta=False, metas=['./colcon.meta'], base_paths=['.'], packages_ignore=None, packages_ignore_regex=None, paths=None, packages_up_to=None, packages_up_to_regex=None, packages_above=None, packages_above_and_dependencies=None, packages_above_depth=None, packages_select_by_dep=None, packages_skip_by_dep=None, packages_skip_up_to=None, packages_select_build_failed=False, packages_skip_build_finished=False, packages_select_test_failures=False, packages_skip_test_passed=False, packages_select=['recursos'], packages_skip=None, packages_select_regex=None, packages_skip_regex=None, packages_start=None, packages_end=None, allow_overriding=[], cmake_args=None, cmake_target=None, cmake_target_skip_unavailable=False, cmake_clean_cache=False, cmake_clean_first=False, cmake_force_configure=False, ament_cmake_args=None, catkin_cmake_args=None, catkin_skip_building_tests=False, mixin_files=None, mixin=None, verb_parser=<colcon_mixin.mixin.mixin_argument.MixinArgumentDecorator object at 0x766efc65f280>, verb_extension=<colcon_core.verb.build.BuildVerb object at 0x766efc65ed40>, main=<bound method BuildVerb.main of <colcon_core.verb.build.BuildVerb object at 0x766efc65ed40>>, mixin_verb=('build',))
[0.157s] Level 1:colcon.colcon_core.package_discovery:discover_packages(colcon_meta) check parameters
[0.157s] Level 1:colcon.colcon_core.package_discovery:discover_packages(recursive) check parameters
[0.157s] Level 1:colcon.colcon_core.package_discovery:discover_packages(ignore) check parameters
[0.157s] Level 1:colcon.colcon_core.package_discovery:discover_packages(path) check parameters
[0.157s] Level 1:colcon.colcon_core.package_discovery:discover_packages(colcon_meta) discover
[0.158s] Level 1:colcon.colcon_core.package_discovery:discover_packages(recursive) discover
[0.158s] INFO:colcon.colcon_core.package_discovery:Crawling recursively for packages in '/home/rod-0310/Escritorio/practicasros_ws'
[0.158s] Level 1:colcon.colcon_core.package_identification:_identify(.) by extensions ['ignore', 'ignore_ament_install']
[0.158s] Level 1:colcon.colcon_core.package_identification:_identify(.) by extension 'ignore'
[0.158s] Level 1:colcon.colcon_core.package_identification:_identify(.) by extension 'ignore_ament_install'
[0.158s] Level 1:colcon.colcon_core.package_identification:_identify(.) by extensions ['colcon_pkg']
[0.158s] Level 1:colcon.colcon_core.package_identification:_identify(.) by extension 'colcon_pkg'
[0.158s] Level 1:colcon.colcon_core.package_identification:_identify(.) by extensions ['colcon_meta']
[0.158s] Level 1:colcon.colcon_core.package_identification:_identify(.) by extension 'colcon_meta'
[0.158s] Level 1:colcon.colcon_core.package_identification:_identify(.) by extensions ['ros']
[0.158s] Level 1:colcon.colcon_core.package_identification:_identify(.) by extension 'ros'
[0.168s] Level 1:colcon.colcon_core.package_identification:_identify(.) by extensions ['cmake', 'python']
[0.168s] Level 1:colcon.colcon_core.package_identification:_identify(.) by extension 'cmake'
[0.168s] Level 1:colcon.colcon_core.package_identification:_identify(.) by extension 'python'
[0.168s] Level 1:colcon.colcon_core.package_identification:_identify(.) by extensions ['python_setup_py']
[0.168s] Level 1:colcon.colcon_core.package_identification:_identify(.) by extension 'python_setup_py'
[0.168s] Level 1:colcon.colcon_core.package_identification:_identify(build) by extensions ['ignore', 'ignore_ament_install']
[0.168s] Level 1:colcon.colcon_core.package_identification:_identify(build) by extension 'ignore'
[0.168s] Level 1:colcon.colcon_core.package_identification:_identify(build) ignored
[0.169s] Level 1:colcon.colcon_core.package_identification:_identify(install) by extensions ['ignore', 'ignore_ament_install']
[0.169s] Level 1:colcon.colcon_core.package_identification:_identify(install) by extension 'ignore'
[0.169s] Level 1:colcon.colcon_core.package_identification:_identify(install) ignored
[0.169s] Level 1:colcon.colcon_core.package_identification:_identify(log) by extensions ['ignore', 'ignore_ament_install']
[0.169s] Level 1:colcon.colcon_core.package_identification:_identify(log) by extension 'ignore'
[0.169s] Level 1:colcon.colcon_core.package_identification:_identify(log) ignored
[0.169s] Level 1:colcon.colcon_core.package_identification:_identify(src) by extensions ['ignore', 'ignore_ament_install']
[0.169s] Level 1:colcon.colcon_core.package_identification:_identify(src) by extension 'ignore'
[0.169s] Level 1:colcon.colcon_core.package_identification:_identify(src) by extension 'ignore_ament_install'
[0.169s] Level 1:colcon.colcon_core.package_identification:_identify(src) by extensions ['colcon_pkg']
[0.169s] Level 1:colcon.colcon_core.package_identification:_identify(src) by extension 'colcon_pkg'
[0.169s] Level 1:colcon.colcon_core.package_identification:_identify(src) by extensions ['colcon_meta']
[0.169s] Level 1:colcon.colcon_core.package_identification:_identify(src) by extension 'colcon_meta'
[0.169s] Level 1:colcon.colcon_core.package_identification:_identify(src) by extensions ['ros']
[0.169s] Level 1:colcon.colcon_core.package_identification:_identify(src) by extension 'ros'
[0.169s] Level 1:colcon.colcon_core.package_identification:_identify(src) by extensions ['cmake', 'python']
[0.169s] Level 1:colcon.colcon_core.package_identification:_identify(src) by extension 'cmake'
[0.169s] Level 1:colcon.colcon_core.package_identification:_identify(src) by extension 'python'
[0.169s] Level 1:colcon.colcon_core.package_identification:_identify(src) by extensions ['python_setup_py']
[0.169s] Level 1:colcon.colcon_core.package_identification:_identify(src) by extension 'python_setup_py'
[0.169s] Level 1:colcon.colcon_core.package_identification:_identify(src/ejercicio2) by extensions ['ignore', 'ignore_ament_install']
[0.169s] Level 1:colcon.colcon_core.package_identification:_identify(src/ejercicio2) by extension 'ignore'
[0.169s] Level 1:colcon.colcon_core.package_identification:_identify(src/ejercicio2) by extension 'ignore_ament_install'
[0.169s] Level 1:colcon.colcon_core.package_identification:_identify(src/ejercicio2) by extensions ['colcon_pkg']
[0.169s] Level 1:colcon.colcon_core.package_identification:_identify(src/ejercicio2) by extension 'colcon_pkg'
[0.169s] Level 1:colcon.colcon_core.package_identification:_identify(src/ejercicio2) by extensions ['colcon_meta']
[0.169s] Level 1:colcon.colcon_core.package_identification:_identify(src/ejercicio2) by extension 'colcon_meta'
[0.169s] Level 1:colcon.colcon_core.package_identification:_identify(src/ejercicio2) by extensions ['ros']
[0.169s] Level 1:colcon.colcon_core.package_identification:_identify(src/ejercicio2) by extension 'ros'
[0.170s] DEBUG:colcon.colcon_core.package_identification:Package 'src/ejercicio2' with type 'ros.ament_python' and name 'ejercicio2'
[0.171s] Level 1:colcon.colcon_core.package_identification:_identify(src/ejercicio2_cpp) by extensions ['ignore', 'ignore_ament_install']
[0.171s] Level 1:colcon.colcon_core.package_identification:_identify(src/ejercicio2_cpp) by extension 'ignore'
[0.171s] Level 1:colcon.colcon_core.package_identification:_identify(src/ejercicio2_cpp) by extension 'ignore_ament_install'
[0.171s] Level 1:colcon.colcon_core.package_identification:_identify(src/ejercicio2_cpp) by extensions ['colcon_pkg']
[0.171s] Level 1:colcon.colcon_core.package_identification:_identify(src/ejercicio2_cpp) by extension 'colcon_pkg'
[0.171s] Level 1:colcon.colcon_core.package_identification:_identify(src/ejercicio2_cpp) by extensions ['colcon_meta']
[0.171s] Level 1:colcon.colcon_core.package_identification:_identify(src/ejercicio2_cpp) by extension 'colcon_meta'
[0.171s] Level 1:colcon.colcon_core.package_identification:_identify(src/ejercicio2_cpp) by extensions ['ros']
[0.171s] Level 1:colcon.colcon_core.package_identification:_identify(src/ejercicio2_cpp) by extension 'ros'
[0.171s] DEBUG:colcon.colcon_core.package_identification:Package 'src/ejercicio2_cpp' with type 'ros.ament_cmake' and name 'ejercicio2_cpp'
[0.171s] Level 1:colcon.colcon_core.package_identification:_identify(src/ejercicio3) by extensions ['ignore', 'ignore_ament_install']
[0.171s] Level 1:colcon.colcon_core.package_identification:_identify(src/ejercicio3) by extension 'ignore'
[0.171s] Level 1:colcon.colcon_core.package_identification:_identify(src/ejercicio3) by extension 'ignore_ament_install'
[0.171s] Level 1:colcon.colcon_core.package_identification:_identify(src/ejercicio3) by extensions ['colcon_pkg']
[0.171s] Level 1:colcon.colcon_core.package_identification:_identify(src/ejercicio3) by extension 'colcon_pkg'
[0.171s] Level 1:colcon.colcon_core.package_identification:_identify(src/ejercicio3) by extensions ['colcon_meta']
[0.171s] Level 1:colcon.colcon_core.package_identification:_identify(src/ejercicio3) by extension 'colcon_meta'
[0.171s] Level 1:colcon.colcon_core.package_identification:_identify(src/ejercicio3) by extensions ['ros']
[0.171s] Level 1:colcon.colcon_core.package_identification:_identify(src/ejercicio3) by extension 'ros'
[0.172s] DEBUG:colcon.colcon_core.package_identification:Package 'src/ejercicio3' with type 'ros.ament_python' and name 'ejercicio3'
[0.172s] Level 1:colcon.colcon_core.package_identification:_identify(src/ejercicio3_cpp) by extensions ['ignore', 'ignore_ament_install']
[0.172s] Level 1:colcon.colcon_core.package_identification:_identify(src/ejercicio3_cpp) by extension 'ignore'
[0.172s] Level 1:colcon.colcon_core.package_identification:_identify(src/ejercicio3_cpp) by extension 'ignore_ament_install'
[0.172s] Level 1:colcon.colcon_core.package_identification:_identify(src/ejercicio3_cpp) by extensions ['colcon_pkg']
[0.172s] Level 1:colcon.colcon_core.package_identification:_identify(src/ejercicio3_cpp) by extension 'colcon_pkg'
[0.172s] Level 1:colcon.colcon_core.package_identification:_identify(src/ejercicio3_cpp) by extensions ['colcon_meta']
[0.172s] Level 1:colcon.colcon_core.package_identification:_identify(src/ejercicio3_cpp) by extension 'colcon_meta'
[0.172s] Level 1:colcon.colcon_core.package_identification:_identify(src/ejercicio3_cpp) by extensions ['ros']
[0.172s] Level 1:colcon.colcon_core.package_identification:_identify(src/ejercicio3_cpp) by extension 'ros'
[0.172s] DEBUG:colcon.colcon_core.package_identification:Package 'src/ejercicio3_cpp' with type 'ros.ament_cmake' and name 'ejercicio3_cpp'
[0.172s] Level 1:colcon.colcon_core.package_identification:_identify(src/practica1) by extensions ['ignore', 'ignore_ament_install']
[0.172s] Level 1:colcon.colcon_core.package_identification:_identify(src/practica1) by extension 'ignore'
[0.172s] Level 1:colcon.colcon_core.package_identification:_identify(src/practica1) by extension 'ignore_ament_install'
[0.172s] Level 1:colcon.colcon_core.package_identification:_identify(src/practica1) by extensions ['colcon_pkg']
[0.172s] Level 1:colcon.colcon_core.package_identification:_identify(src/practica1) by extension 'colcon_pkg'
[0.172s] Level 1:colcon.colcon_core.package_identification:_identify(src/practica1) by extensions ['colcon_meta']
[0.172s] Level 1:colcon.colcon_core.package_identification:_identify(src/practica1) by extension 'colcon_meta'
[0.172s] Level 1:colcon.colcon_core.package_identification:_identify(src/practica1) by extensions ['ros']
[0.172s] Level 1:colcon.colcon_core.package_identification:_identify(src/practica1) by extension 'ros'
[0.173s] DEBUG:colcon.colcon_core.package_identification:Package 'src/practica1' with type 'ros.ament_python' and name 'practica1'
[0.173s] Level 1:colcon.colcon_core.package_identification:_identify(src/practica1_cpp) by extensions ['ignore', 'ignore_ament_install']
[0.173s] Level 1:colcon.colcon_core.package_identification:_identify(src/practica1_cpp) by extension 'ignore'
[0.173s] Level 1:colcon.colcon_core.package_identification:_identify(src/practica1_cpp) by extension 'ignore_ament_install'
[0.173s] Level 1:colcon.colcon_core.package_identification:_identify(src/practica1_cpp) by extensions ['colcon_pkg']
[0.173s] Level 1:colcon.colcon_core.package_identification:_identify(src/practica1_cpp) by extension 'colcon_pkg'
[0.173s] Level 1:colcon.colcon_core.package_identification:_identify(src/practica1_cpp) by extensions ['colcon_meta']
[0.173s] Level 1:colcon.colcon_core.package_identification:_identify(src/practica1_cpp) by extension 'colcon_meta'
[0.173s] Level 1:colcon.colcon_core.package_identification:_identify(src/practica1_cpp) by extensions ['ros']
[0.173s] Level 1:colcon.colcon_core.package_identification:_identify(src/practica1_cpp) by extension 'ros'
[0.173s] DEBUG:colcon.colcon_core.package_identification:Package 'src/practica1_cpp' with type 'ros.ament_cmake' and name 'practica1_cpp'
[0.173s] Level 1:colcon.colcon_core.package_identification:_identify(src/recursos) by extensions ['ignore', 'ignore_ament_install']
[0.173s] Level 1:colcon.colcon_core.package_identification:_identify(src/recursos) by extension 'ignore'
[0.173s] Level 1:colcon.colcon_core.package_identification:_identify(src/recursos) by extension 'ignore_ament_install'
[0.173s] Level 1:colcon.colcon_core.package_identification:_identify(src/recursos) by extensions ['colcon_pkg']
[0.173s] Level 1:colcon.colcon_core.package_identification:_identify(src/recursos) by extension 'colcon_pkg'
[0.173s] Level 1:colcon.colcon_core.package_identification:_identify(src/recursos) by extensions ['colcon_meta']
[0.173s] Level 1:colcon.colcon_core.package_identification:_identify(src/recursos) by extension 'colcon_meta'
[0.173s] Level 1:colcon.colcon_core.package_identification:_identify(src/recursos) by extensions ['ros']
[0.173s] Level 1:colcon.colcon_core.package_identification:_identify(src/recursos) by extension 'ros'
[0.174s] DEBUG:colcon.colcon_core.package_identification:Package 'src/recursos' with type 'ros.ament_cmake' and name 'recursos'
[0.174s] Level 1:colcon.colcon_core.package_discovery:discover_packages(recursive) using defaults
[0.174s] Level 1:colcon.colcon_core.package_discovery:discover_packages(ignore) discover
[0.174s] Level 1:colcon.colcon_core.package_discovery:discover_packages(ignore) using defaults
[0.174s] Level 1:colcon.colcon_core.package_discovery:discover_packages(path) discover
[0.174s] Level 1:colcon.colcon_core.package_discovery:discover_packages(path) using defaults
[0.184s] INFO:colcon.colcon_core.package_selection:Skipping not selected package 'ejercicio2' in 'src/ejercicio2'
[0.184s] INFO:colcon.colcon_core.package_selection:Skipping not selected package 'ejercicio2_cpp' in 'src/ejercicio2_cpp'
[0.184s] INFO:colcon.colcon_core.package_selection:Skipping not selected package 'ejercicio3' in 'src/ejercicio3'
[0.184s] INFO:colcon.colcon_core.package_selection:Skipping not selected package 'ejercicio3_cpp' in 'src/ejercicio3_cpp'
[0.184s] INFO:colcon.colcon_core.package_selection:Skipping not selected package 'practica1' in 'src/practica1'
[0.184s] INFO:colcon.colcon_core.package_selection:Skipping not selected package 'practica1_cpp' in 'src/practica1_cpp'
[0.184s] Level 1:colcon.colcon_core.package_discovery:discover_packages(prefix_path) check parameters
[0.184s] Level 1:colcon.colcon_core.package_discovery:discover_packages(prefix_path) discover
[0.185s] DEBUG:colcon.colcon_installed_package_information.package_discovery:Found 271 installed packages in /opt/ros/humble
[0.186s] Level 1:colcon.colcon_core.package_discovery:discover_packages(prefix_path) using defaults
[0.203s] Level 5:colcon.colcon_core.verb:set package 'recursos' build argument 'cmake_args' from command line to 'None'
[0.203s] Level 5:colcon.colcon_core.verb:set package 'recursos' build argument 'cmake_target' from command line to 'None'
[0.203s] Level 5:colcon.colcon_core.verb:set package 'recursos' build argument 'cmake_target_skip_unavailable' from command line to 'False'
[0.203s] Level 5:colcon.colcon_core.verb:set package 'recursos' build argument 'cmake_clean_cache' from command line to 'False'
[0.203s] Level 5:colcon.colcon_core.verb:set package 'recursos' build argument 'cmake_clean_first' from command line to 'False'
[0.203s] Level 5:colcon.colcon_core.verb:set package 'recursos' build argument 'cmake_force_configure' from command line to 'False'
[0.203s] Level 5:colcon.colcon_core.verb:set package 'recursos' build argument 'ament_cmake_args' from command line to 'None'
[0.203s] Level 5:colcon.colcon_core.verb:set package 'recursos' build argument 'catkin_cmake_args' from command line to 'None'
[0.203s] Level 5:colcon.colcon_core.verb:set package 'recursos' build argument 'catkin_skip_building_tests' from command line to 'False'
[0.203s] DEBUG:colcon.colcon_core.verb:Building package 'recursos' with the following arguments: {'ament_cmake_args': None, 'build_base': '/home/rod-0310/Escritorio/practicasros_ws/build/recursos', 'catkin_cmake_args': None, 'catkin_skip_building_tests': False, 'cmake_args': None, 'cmake_clean_cache': False, 'cmake_clean_first': False, 'cmake_force_configure': False, 'cmake_target': None, 'cmake_target_skip_unavailable': False, 'install_base': '/home/rod-0310/Escritorio/practicasros_ws/install/recursos', 'merge_install': False, 'path': '/home/rod-0310/Escritorio/practicasros_ws/src/recursos', 'symlink_install': False, 'test_result_base': None}
[0.203s] INFO:colcon.colcon_core.executor:Executing jobs using 'parallel' executor
[0.204s] DEBUG:colcon.colcon_parallel_executor.executor.parallel:run_until_complete
[0.204s] INFO:colcon.colcon_ros.task.ament_cmake.build:Building ROS package in '/home/rod-0310/Escritorio/practicasros_ws/src/recursos' with build type 'ament_cmake'
[0.204s] INFO:colcon.colcon_cmake.task.cmake.build:Building CMake package in '/home/rod-0310/Escritorio/practicasros_ws/src/recursos'
[0.205s] INFO:colcon.colcon_core.plugin_system:Skipping extension 'colcon_core.shell.bat': Not used on non-Windows systems
[0.205s] INFO:colcon.colcon_core.shell:Skip shell extension 'powershell' for command environment: Not usable outside of PowerShell
[0.205s] DEBUG:colcon.colcon_core.shell:Skip shell extension 'dsv' for command environment
[0.213s] DEBUG:colcon.colcon_core.event_handler.log_command:Invoking command in '/home/rod-0310/Escritorio/practicasros_ws/build/recursos': CMAKE_PREFIX_PATH=/opt/ros/humble /usr/bin/cmake --build /home/rod-0310/Escritorio/practicasros_ws/build/recursos -- -j20 -l20
[0.433s] DEBUG:colcon.colcon_core.event_handler.log_command:Invoked command in '/home/rod-0310/Escritorio/practicasros_ws/build/recursos' returned '0': CMAKE_PREFIX_PATH=/opt/ros/humble /usr/bin/cmake --build /home/rod-0310/Escritorio/practicasros_ws/build/recursos -- -j20 -l20
[0.439s] DEBUG:colcon.colcon_core.event_handler.log_command:Invoking command in '/home/rod-0310/Escritorio/practicasros_ws/build/recursos': CMAKE_PREFIX_PATH=/opt/ros/humble /usr/bin/cmake --install /home/rod-0310/Escritorio/practicasros_ws/build/recursos
[0.471s] Level 1:colcon.colcon_core.environment:create_environment_scripts_only(recursos)
[0.472s] DEBUG:colcon.colcon_core.event_handler.log_command:Invoked command in '/home/rod-0310/Escritorio/practicasros_ws/build/recursos' returned '0': CMAKE_PREFIX_PATH=/opt/ros/humble /usr/bin/cmake --install /home/rod-0310/Escritorio/practicasros_ws/build/recursos
[0.473s] Level 1:colcon.colcon_core.environment:checking '/home/rod-0310/Escritorio/practicasros_ws/install/recursos' for CMake module files
[0.473s] Level 1:colcon.colcon_core.environment:checking '/home/rod-0310/Escritorio/practicasros_ws/install/recursos' for CMake config files
[0.473s] Level 1:colcon.colcon_core.shell:create_environment_hook('recursos', 'cmake_prefix_path')
[0.474s] INFO:colcon.colcon_core.shell:Creating environment hook '/home/rod-0310/Escritorio/practicasros_ws/install/recursos/share/recursos/hook/cmake_prefix_path.ps1'
[0.474s] INFO:colcon.colcon_core.shell:Creating environment descriptor '/home/rod-0310/Escritorio/practicasros_ws/install/recursos/share/recursos/hook/cmake_prefix_path.dsv'
[0.474s] INFO:colcon.colcon_core.shell:Creating environment hook '/home/rod-0310/Escritorio/practicasros_ws/install/recursos/share/recursos/hook/cmake_prefix_path.sh'
[0.475s] Level 1:colcon.colcon_core.environment:checking '/home/rod-0310/Escritorio/practicasros_ws/install/recursos/lib'
[0.475s] Level 1:colcon.colcon_core.shell:create_environment_hook('recursos', 'ld_library_path_lib')
[0.475s] INFO:colcon.colcon_core.shell:Creating environment hook '/home/rod-0310/Escritorio/practicasros_ws/install/recursos/share/recursos/hook/ld_library_path_lib.ps1'
[0.475s] INFO:colcon.colcon_core.shell:Creating environment descriptor '/home/rod-0310/Escritorio/practicasros_ws/install/recursos/share/recursos/hook/ld_library_path_lib.dsv'
[0.475s] INFO:colcon.colcon_core.shell:Creating environment hook '/home/rod-0310/Escritorio/practicasros_ws/install/recursos/share/recursos/hook/ld_library_path_lib.sh'
[0.475s] Level 1:colcon.colcon_core.environment:checking '/home/rod-0310/Escritorio/practicasros_ws/install/recursos/bin'
[0.475s] Level 1:colcon.colcon_core.environment:checking '/home/rod-0310/Escritorio/practicasros_ws/install/recursos/lib/pkgconfig/recursos.pc'
[0.476s] Level 1:colcon.colcon_core.environment:checking '/home/rod-0310/Escritorio/practicasros_ws/install/recursos/lib/python3.10/site-packages'
[0.476s] Level 1:colcon.colcon_core.environment:checking '/home/rod-0310/Escritorio/practicasros_ws/install/recursos/bin'
[0.476s] INFO:colcon.colcon_core.shell:Creating package script '/home/rod-0310/Escritorio/practicasros_ws/install/recursos/share/recursos/package.ps1'
[0.476s] INFO:colcon.colcon_core.shell:Creating package descriptor '/home/rod-0310/Escritorio/practicasros_ws/install/recursos/share/recursos/package.dsv'
[0.477s] INFO:colcon.colcon_core.shell:Creating package script '/home/rod-0310/Escritorio/practicasros_ws/install/recursos/share/recursos/package.sh'
[0.477s] INFO:colcon.colcon_core.shell:Creating package script '/home/rod-0310/Escritorio/practicasros_ws/install/recursos/share/recursos/package.bash'
[0.477s] INFO:colcon.colcon_core.shell:Creating package script '/home/rod-0310/Escritorio/practicasros_ws/install/recursos/share/recursos/package.zsh'
[0.477s] Level 1:colcon.colcon_core.environment:create_file_with_runtime_dependencies(/home/rod-0310/Escritorio/practicasros_ws/install/recursos/share/colcon-core/packages/recursos)
[0.478s] Level 1:colcon.colcon_core.environment:create_environment_scripts_only(recursos)
[0.478s] Level 1:colcon.colcon_core.environment:checking '/home/rod-0310/Escritorio/practicasros_ws/install/recursos' for CMake module files
[0.478s] Level 1:colcon.colcon_core.environment:checking '/home/rod-0310/Escritorio/practicasros_ws/install/recursos' for CMake config files
[0.478s] Level 1:colcon.colcon_core.shell:create_environment_hook('recursos', 'cmake_prefix_path')
[0.478s] INFO:colcon.colcon_core.shell:Creating environment hook '/home/rod-0310/Escritorio/practicasros_ws/install/recursos/share/recursos/hook/cmake_prefix_path.ps1'
[0.479s] INFO:colcon.colcon_core.shell:Creating environment descriptor '/home/rod-0310/Escritorio/practicasros_ws/install/recursos/share/recursos/hook/cmake_prefix_path.dsv'
[0.479s] INFO:colcon.colcon_core.shell:Creating environment hook '/home/rod-0310/Escritorio/practicasros_ws/install/recursos/share/recursos/hook/cmake_prefix_path.sh'
[0.479s] Level 1:colcon.colcon_core.environment:checking '/home/rod-0310/Escritorio/practicasros_ws/install/recursos/lib'
[0.479s] Level 1:colcon.colcon_core.shell:create_environment_hook('recursos', 'ld_library_path_lib')
[0.479s] INFO:colcon.colcon_core.shell:Creating environment hook '/home/rod-0310/Escritorio/practicasros_ws/install/recursos/share/recursos/hook/ld_library_path_lib.ps1'
[0.479s] INFO:colcon.colcon_core.shell:Creating environment descriptor '/home/rod-0310/Escritorio/practicasros_ws/install/recursos/share/recursos/hook/ld_library_path_lib.dsv'
[0.480s] INFO:colcon.colcon_core.shell:Creating environment hook '/home/rod-0310/Escritorio/practicasros_ws/install/recursos/share/recursos/hook/ld_library_path_lib.sh'
[0.480s] Level 1:colcon.colcon_core.environment:checking '/home/rod-0310/Escritorio/practicasros_ws/install/recursos/bin'
[0.480s] Level 1:colcon.colcon_core.environment:checking '/home/rod-0310/Escritorio/practicasros_ws/install/recursos/lib/pkgconfig/recursos.pc'
[0.480s] Level 1:colcon.colcon_core.environment:checking '/home/rod-0310/Escritorio/practicasros_ws/install/recursos/lib/python3.10/site-packages'
[0.480s] Level 1:colcon.colcon_core.environment:checking '/home/rod-0310/Escritorio/practicasros_ws/install/recursos/bin'
[0.480s] INFO:colcon.colcon_core.shell:Creating package script '/home/rod-0310/Escritorio/practicasros_ws/install/recursos/share/recursos/package.ps1'
[0.481s] INFO:colcon.colcon_core.shell:Creating package descriptor '/home/rod-0310/Escritorio/practicasros_ws/install/recursos/share/recursos/package.dsv'
[0.481s] INFO:colcon.colcon_core.shell:Creating package script '/home/rod-0310/Escritorio/practicasros_ws/install/recursos/share/recursos/package.sh'
[0.481s] INFO:colcon.colcon_core.shell:Creating package script '/home/rod-0310/Escritorio/practicasros_ws/install/recursos/share/recursos/package.bash'
[0.481s] INFO:colcon.colcon_core.shell:Creating package script '/home/rod-0310/Escritorio/practicasros_ws/install/recursos/share/recursos/package.zsh'
[0.481s] Level 1:colcon.colcon_core.environment:create_file_with_runtime_dependencies(/home/rod-0310/Escritorio/practicasros_ws/install/recursos/share/colcon-core/packages/recursos)
[0.481s] DEBUG:colcon.colcon_parallel_executor.executor.parallel:closing loop
[0.482s] DEBUG:colcon.colcon_parallel_executor.executor.parallel:loop closed
[0.482s] DEBUG:colcon.colcon_parallel_executor.executor.parallel:run_until_complete finished with '0'
[0.482s] DEBUG:colcon.colcon_core.event_reactor:joining thread
[0.484s] INFO:colcon.colcon_core.plugin_system:Skipping extension 'colcon_notification.desktop_notification.terminal_notifier': Not used on non-Darwin systems
[0.485s] INFO:colcon.colcon_core.plugin_system:Skipping extension 'colcon_notification.desktop_notification.win32': Not used on non-Windows systems
[0.485s] INFO:colcon.colcon_notification.desktop_notification:Sending desktop notification using 'notify2'
[0.491s] DEBUG:colcon.colcon_core.event_reactor:joined thread
[0.491s] INFO:colcon.colcon_core.shell:Creating prefix script '/home/rod-0310/Escritorio/practicasros_ws/install/local_setup.ps1'
[0.492s] INFO:colcon.colcon_core.shell:Creating prefix util module '/home/rod-0310/Escritorio/practicasros_ws/install/_local_setup_util_ps1.py'
[0.493s] INFO:colcon.colcon_core.shell:Creating prefix chain script '/home/rod-0310/Escritorio/practicasros_ws/install/setup.ps1'
[0.493s] INFO:colcon.colcon_core.shell:Creating prefix script '/home/rod-0310/Escritorio/practicasros_ws/install/local_setup.sh'
[0.494s] INFO:colcon.colcon_core.shell:Creating prefix util module '/home/rod-0310/Escritorio/practicasros_ws/install/_local_setup_util_sh.py'
[0.494s] INFO:colcon.colcon_core.shell:Creating prefix chain script '/home/rod-0310/Escritorio/practicasros_ws/install/setup.sh'
[0.494s] INFO:colcon.colcon_core.shell:Creating prefix script '/home/rod-0310/Escritorio/practicasros_ws/install/local_setup.bash'
[0.495s] INFO:colcon.colcon_core.shell:Creating prefix chain script '/home/rod-0310/Escritorio/practicasros_ws/install/setup.bash'
[0.495s] INFO:colcon.colcon_core.shell:Creating prefix script '/home/rod-0310/Escritorio/practicasros_ws/install/local_setup.zsh'
[0.495s] INFO:colcon.colcon_core.shell:Creating prefix chain script '/home/rod-0310/Escritorio/practicasros_ws/install/setup.zsh'
