running egg_info
writing ../../build/ejercicio2/ejercicio2.egg-info/PKG-INFO
writing dependency_links to ../../build/ejercicio2/ejercicio2.egg-info/dependency_links.txt
writing entry points to ../../build/ejercicio2/ejercicio2.egg-info/entry_points.txt
writing requirements to ../../build/ejercicio2/ejercicio2.egg-info/requires.txt
writing top-level names to ../../build/ejercicio2/ejercicio2.egg-info/top_level.txt
reading manifest file '../../build/ejercicio2/ejercicio2.egg-info/SOURCES.txt'
adding license file 'LICENSE'
writing manifest file '../../build/ejercicio2/ejercicio2.egg-info/SOURCES.txt'
running build
running build_py
copying ejercicio2/nodo2.py -> /home/rod-0310/Escritorio/practicasros_ws/build/ejercicio2/build/lib/ejercicio2
running install
running install_lib
copying /home/rod-0310/Escritorio/practicasros_ws/build/ejercicio2/build/lib/ejercicio2/nodo2.py -> /home/rod-0310/Escritorio/practicasros_ws/install/ejercicio2/lib/python3.10/site-packages/ejercicio2
byte-compiling /home/rod-0310/Escritorio/practicasros_ws/install/ejercicio2/lib/python3.10/site-packages/ejercicio2/nodo2.py to nodo2.cpython-310.pyc
running install_data
running install_egg_info
removing '/home/rod-0310/Escritorio/practicasros_ws/install/ejercicio2/lib/python3.10/site-packages/ejercicio2-0.0.0-py3.10.egg-info' (and everything under it)
Copying ../../build/ejercicio2/ejercicio2.egg-info to /home/rod-0310/Escritorio/practicasros_ws/install/ejercicio2/lib/python3.10/site-packages/ejercicio2-0.0.0-py3.10.egg-info
running install_scripts
Installing nodo1 script to /home/rod-0310/Escritorio/practicasros_ws/install/ejercicio2/lib/ejercicio2
Installing nodo2 script to /home/rod-0310/Escritorio/practicasros_ws/install/ejercicio2/lib/ejercicio2
writing list of installed files to '/home/rod-0310/Escritorio/practicasros_ws/build/ejercicio2/install.log'
