[0.467s] Invoking command in '/home/rod-0310/Escritorio/practicasros_ws/build/recursos': CMAKE_PREFIX_PATH=/opt/ros/humble /usr/bin/cmake --build /home/rod-0310/Escritorio/practicasros_ws/build/recursos -- -j20 -l20
[0.515s] Invoked command in '/home/rod-0310/Escritorio/practicasros_ws/build/recursos' returned '0': CMAKE_PREFIX_PATH=/opt/ros/humble /usr/bin/cmake --build /home/rod-0310/Escritorio/practicasros_ws/build/recursos -- -j20 -l20
[0.516s] Invoking command in '/home/rod-0310/Escritorio/practicasros_ws/build/recursos': CMAKE_PREFIX_PATH=/opt/ros/humble /usr/bin/cmake --install /home/rod-0310/Escritorio/practicasros_ws/build/recursos
[0.519s] -- Install configuration: ""
[0.519s] -- Up-to-date: /home/rod-0310/Escritorio/practicasros_ws/install/recursos/share/ament_index/resource_index/package_run_dependencies/recursos
[0.519s] -- Up-to-date: /home/rod-0310/Escritorio/practicasros_ws/install/recursos/share/ament_index/resource_index/parent_prefix_path/recursos
[0.519s] -- Up-to-date: /home/rod-0310/Escritorio/practicasros_ws/install/recursos/share/recursos/environment/ament_prefix_path.sh
[0.519s] -- Up-to-date: /home/rod-0310/Escritorio/practicasros_ws/install/recursos/share/recursos/environment/ament_prefix_path.dsv
[0.520s] -- Up-to-date: /home/rod-0310/Escritorio/practicasros_ws/install/recursos/share/recursos/environment/path.sh
[0.520s] -- Up-to-date: /home/rod-0310/Escritorio/practicasros_ws/install/recursos/share/recursos/environment/path.dsv
[0.520s] -- Up-to-date: /home/rod-0310/Escritorio/practicasros_ws/install/recursos/share/recursos/local_setup.bash
[0.520s] -- Up-to-date: /home/rod-0310/Escritorio/practicasros_ws/install/recursos/share/recursos/local_setup.sh
[0.520s] -- Up-to-date: /home/rod-0310/Escritorio/practicasros_ws/install/recursos/share/recursos/local_setup.zsh
[0.520s] -- Up-to-date: /home/rod-0310/Escritorio/practicasros_ws/install/recursos/share/recursos/local_setup.dsv
[0.520s] -- Installing: /home/rod-0310/Escritorio/practicasros_ws/install/recursos/share/recursos/package.dsv
[0.520s] -- Up-to-date: /home/rod-0310/Escritorio/practicasros_ws/install/recursos/share/ament_index/resource_index/packages/recursos
[0.520s] -- Up-to-date: /home/rod-0310/Escritorio/practicasros_ws/install/recursos/share/recursos/cmake/recursosConfig.cmake
[0.520s] -- Up-to-date: /home/rod-0310/Escritorio/practicasros_ws/install/recursos/share/recursos/cmake/recursosConfig-version.cmake
[0.520s] -- Up-to-date: /home/rod-0310/Escritorio/practicasros_ws/install/recursos/share/recursos/package.xml
[0.523s] Invoked command in '/home/rod-0310/Escritorio/practicasros_ws/build/recursos' returned '0': CMAKE_PREFIX_PATH=/opt/ros/humble /usr/bin/cmake --install /home/rod-0310/Escritorio/practicasros_ws/build/recursos
