running egg_info
creating ../../build/practica1/practica1.egg-info
writing ../../build/practica1/practica1.egg-info/PKG-INFO
writing dependency_links to ../../build/practica1/practica1.egg-info/dependency_links.txt
writing entry points to ../../build/practica1/practica1.egg-info/entry_points.txt
writing requirements to ../../build/practica1/practica1.egg-info/requires.txt
writing top-level names to ../../build/practica1/practica1.egg-info/top_level.txt
writing manifest file '../../build/practica1/practica1.egg-info/SOURCES.txt'
reading manifest file '../../build/practica1/practica1.egg-info/SOURCES.txt'
adding license file 'LICENSE'
writing manifest file '../../build/practica1/practica1.egg-info/SOURCES.txt'
running build
running build_py
creating /home/rod-0310/Escritorio/practicasros_ws/build/practica1/build
creating /home/rod-0310/Escritorio/practicasros_ws/build/practica1/build/lib
creating /home/rod-0310/Escritorio/practicasros_ws/build/practica1/build/lib/practica1
copying practica1/__init__.py -> /home/rod-0310/Escritorio/practicasros_ws/build/practica1/build/lib/practica1
running install
running install_lib
creating /home/rod-0310/Escritorio/practicasros_ws/install/practica1/lib/python3.10/site-packages/practica1
copying /home/rod-0310/Escritorio/practicasros_ws/build/practica1/build/lib/practica1/__init__.py -> /home/rod-0310/Escritorio/practicasros_ws/install/practica1/lib/python3.10/site-packages/practica1
byte-compiling /home/rod-0310/Escritorio/practicasros_ws/install/practica1/lib/python3.10/site-packages/practica1/__init__.py to __init__.cpython-310.pyc
running install_data
creating /home/rod-0310/Escritorio/practicasros_ws/install/practica1/share/ament_index
creating /home/rod-0310/Escritorio/practicasros_ws/install/practica1/share/ament_index/resource_index
creating /home/rod-0310/Escritorio/practicasros_ws/install/practica1/share/ament_index/resource_index/packages
copying resource/practica1 -> /home/rod-0310/Escritorio/practicasros_ws/install/practica1/share/ament_index/resource_index/packages
copying package.xml -> /home/rod-0310/Escritorio/practicasros_ws/install/practica1/share/practica1
running install_egg_info
Copying ../../build/practica1/practica1.egg-info to /home/rod-0310/Escritorio/practicasros_ws/install/practica1/lib/python3.10/site-packages/practica1-0.0.0-py3.10.egg-info
running install_scripts
writing list of installed files to '/home/rod-0310/Escritorio/practicasros_ws/build/practica1/install.log'
