-- Found ament_cmake: 1.3.11 (/opt/ros/humble/share/ament_cmake/cmake)
-- Found rclcpp: 16.0.11 (/opt/ros/humble/share/rclcpp/cmake)
-- Found rosidl_generator_c: 3.1.6 (/opt/ros/humble/share/rosidl_generator_c/cmake)
-- Found rosidl_adapter: 3.1.6 (/opt/ros/humble/share/rosidl_adapter/cmake)
-- Found rosidl_generator_cpp: 3.1.6 (/opt/ros/humble/share/rosidl_generator_cpp/cmake)
-- Using all available rosidl_typesupport_c: rosidl_typesupport_fastrtps_c;rosidl_typesupport_introspection_c
-- Using all available rosidl_typesupport_cpp: rosidl_typesupport_fastrtps_cpp;rosidl_typesupport_introspection_cpp
-- Found rmw_implementation_cmake: 6.1.2 (/opt/ros/humble/share/rmw_implementation_cmake/cmake)
-- Found rmw_fastrtps_cpp: 6.2.7 (/opt/ros/humble/share/rmw_fastrtps_cpp/cmake)
-- Using RMW implementation 'rmw_fastrtps_cpp' as default
-- Found ament_lint_auto: 0.12.11 (/opt/ros/humble/share/ament_lint_auto/cmake)
-- Added test 'cppcheck' to perform static code analysis on C / C++ code
-- Configured cppcheck include dirs: 
-- Configured cppcheck exclude dirs and/or files: 
-- Added test 'lint_cmake' to check CMake code style
-- Added test 'uncrustify' to check C / C++ code style
-- Configured uncrustify additional arguments: 
-- Added test 'xmllint' to check XML markup files
-- Configuring done
-- Generating done
-- Build files have been written to: /home/rod-0310/Escritorio/practicasros_ws/build/practica1_cpp
[35m[1mConsolidate compiler generated dependencies of target nodo1[0m
[ 33%] [32mBuilding CXX object CMakeFiles/nodo2.dir/src/nodo2.cpp.o[0m
[ 33%] [32mBuilding CXX object CMakeFiles/nodo3.dir/src/nodo3.cpp.o[0m
[ 66%] Built target nodo1
[01m[K/home/rod-0310/Escritorio/practicasros_ws/src/practica1_cpp/src/nodo2.cpp:[m[K In member function ‘[01m[Kvoid Nodo2::callback(std_msgs::msg::Int8_<std::allocator<void> >::SharedPtr)[m[K’:
[01m[K/home/rod-0310/Escritorio/practicasros_ws/src/practica1_cpp/src/nodo2.cpp:27:17:[m[K [01;35m[Kwarning: [m[Kcomparison is always false due to limited range of data type [[01;35m[K]8;;https://gcc.gnu.org/onlinedocs/gcc/Warning-Options.html#index-Wtype-limits-Wtype-limits]8;;[m[K]
   27 |         if ([01;35m[Ksum > 127[m[K) sum = -128 + (sum - 128);
      |             [01;35m[K~~~~^~~~~[m[K
[01m[K/home/rod-0310/Escritorio/practicasros_ws/src/practica1_cpp/src/nodo2.cpp:28:22:[m[K [01;35m[Kwarning: [m[Kcomparison is always false due to limited range of data type [[01;35m[K]8;;https://gcc.gnu.org/onlinedocs/gcc/Warning-Options.html#index-Wtype-limits-Wtype-limits]8;;[m[K]
   28 |         else if ([01;35m[Ksum < -128[m[K) sum = 127 - (-129 - sum);
      |                  [01;35m[K~~~~^~~~~~[m[K
[ 83%] [32m[1mLinking CXX executable nodo2[0m
[100%] [32m[1mLinking CXX executable nodo3[0m
[100%] Built target nodo2
[100%] Built target nodo3
-- Install configuration: ""
-- Up-to-date: /home/rod-0310/Escritorio/practicasros_ws/install/practica1_cpp/lib/practica1_cpp/nodo1
-- Installing: /home/rod-0310/Escritorio/practicasros_ws/install/practica1_cpp/lib/practica1_cpp/nodo2
-- Set runtime path of "/home/rod-0310/Escritorio/practicasros_ws/install/practica1_cpp/lib/practica1_cpp/nodo2" to ""
-- Installing: /home/rod-0310/Escritorio/practicasros_ws/install/practica1_cpp/lib/practica1_cpp/nodo3
-- Set runtime path of "/home/rod-0310/Escritorio/practicasros_ws/install/practica1_cpp/lib/practica1_cpp/nodo3" to ""
-- Up-to-date: /home/rod-0310/Escritorio/practicasros_ws/install/practica1_cpp/share/ament_index/resource_index/package_run_dependencies/practica1_cpp
-- Installing: /home/rod-0310/Escritorio/practicasros_ws/install/practica1_cpp/share/ament_index/resource_index/parent_prefix_path/practica1_cpp
-- Up-to-date: /home/rod-0310/Escritorio/practicasros_ws/install/practica1_cpp/share/practica1_cpp/environment/ament_prefix_path.sh
-- Installing: /home/rod-0310/Escritorio/practicasros_ws/install/practica1_cpp/share/practica1_cpp/environment/ament_prefix_path.dsv
-- Up-to-date: /home/rod-0310/Escritorio/practicasros_ws/install/practica1_cpp/share/practica1_cpp/environment/path.sh
-- Installing: /home/rod-0310/Escritorio/practicasros_ws/install/practica1_cpp/share/practica1_cpp/environment/path.dsv
-- Up-to-date: /home/rod-0310/Escritorio/practicasros_ws/install/practica1_cpp/share/practica1_cpp/local_setup.bash
-- Up-to-date: /home/rod-0310/Escritorio/practicasros_ws/install/practica1_cpp/share/practica1_cpp/local_setup.sh
-- Up-to-date: /home/rod-0310/Escritorio/practicasros_ws/install/practica1_cpp/share/practica1_cpp/local_setup.zsh
-- Installing: /home/rod-0310/Escritorio/practicasros_ws/install/practica1_cpp/share/practica1_cpp/local_setup.dsv
-- Installing: /home/rod-0310/Escritorio/practicasros_ws/install/practica1_cpp/share/practica1_cpp/package.dsv
-- Up-to-date: /home/rod-0310/Escritorio/practicasros_ws/install/practica1_cpp/share/ament_index/resource_index/packages/practica1_cpp
-- Up-to-date: /home/rod-0310/Escritorio/practicasros_ws/install/practica1_cpp/share/practica1_cpp/cmake/practica1_cppConfig.cmake
-- Up-to-date: /home/rod-0310/Escritorio/practicasros_ws/install/practica1_cpp/share/practica1_cpp/cmake/practica1_cppConfig-version.cmake
-- Up-to-date: /home/rod-0310/Escritorio/practicasros_ws/install/practica1_cpp/share/practica1_cpp/package.xml
