[0.062s] DEBUG:colcon:Command line arguments: ['/usr/bin/colcon', 'build']
[0.062s] DEBUG:colcon:Parsed command line arguments: Namespace(log_base=None, log_level=None, verb_name='build', build_base='build', install_base='install', merge_install=False, symlink_install=False, test_result_base=None, continue_on_error=False, executor='parallel', parallel_workers=20, event_handlers=None, ignore_user_meta=False, metas=['./colcon.meta'], base_paths=['.'], packages_ignore=None, packages_ignore_regex=None, paths=None, packages_up_to=None, packages_up_to_regex=None, packages_above=None, packages_above_and_dependencies=None, packages_above_depth=None, packages_select_by_dep=None, packages_skip_by_dep=None, packages_skip_up_to=None, packages_select_build_failed=False, packages_skip_build_finished=False, packages_select_test_failures=False, packages_skip_test_passed=False, packages_select=None, packages_skip=None, packages_select_regex=None, packages_skip_regex=None, packages_start=None, packages_end=None, allow_overriding=[], cmake_args=None, cmake_target=None, cmake_target_skip_unavailable=False, cmake_clean_cache=False, cmake_clean_first=False, cmake_force_configure=False, ament_cmake_args=None, catkin_cmake_args=None, catkin_skip_building_tests=False, mixin_files=None, mixin=None, verb_parser=<colcon_mixin.mixin.mixin_argument.MixinArgumentDecorator object at 0x70e5ab0631f0>, verb_extension=<colcon_core.verb.build.BuildVerb object at 0x70e5ab062cb0>, main=<bound method BuildVerb.main of <colcon_core.verb.build.BuildVerb object at 0x70e5ab062cb0>>, mixin_verb=('build',))
[0.167s] Level 1:colcon.colcon_core.package_discovery:discover_packages(colcon_meta) check parameters
[0.168s] Level 1:colcon.colcon_core.package_discovery:discover_packages(recursive) check parameters
[0.168s] Level 1:colcon.colcon_core.package_discovery:discover_packages(ignore) check parameters
[0.168s] Level 1:colcon.colcon_core.package_discovery:discover_packages(path) check parameters
[0.168s] Level 1:colcon.colcon_core.package_discovery:discover_packages(colcon_meta) discover
[0.168s] Level 1:colcon.colcon_core.package_discovery:discover_packages(recursive) discover
[0.168s] INFO:colcon.colcon_core.package_discovery:Crawling recursively for packages in '/home/rod-0310/Escritorio/examen_ws'
[0.168s] Level 1:colcon.colcon_core.package_identification:_identify(.) by extensions ['ignore', 'ignore_ament_install']
[0.168s] Level 1:colcon.colcon_core.package_identification:_identify(.) by extension 'ignore'
[0.168s] Level 1:colcon.colcon_core.package_identification:_identify(.) by extension 'ignore_ament_install'
[0.168s] Level 1:colcon.colcon_core.package_identification:_identify(.) by extensions ['colcon_pkg']
[0.168s] Level 1:colcon.colcon_core.package_identification:_identify(.) by extension 'colcon_pkg'
[0.168s] Level 1:colcon.colcon_core.package_identification:_identify(.) by extensions ['colcon_meta']
[0.168s] Level 1:colcon.colcon_core.package_identification:_identify(.) by extension 'colcon_meta'
[0.168s] Level 1:colcon.colcon_core.package_identification:_identify(.) by extensions ['ros']
[0.168s] Level 1:colcon.colcon_core.package_identification:_identify(.) by extension 'ros'
[0.179s] Level 1:colcon.colcon_core.package_identification:_identify(.) by extensions ['cmake', 'python']
[0.179s] Level 1:colcon.colcon_core.package_identification:_identify(.) by extension 'cmake'
[0.179s] Level 1:colcon.colcon_core.package_identification:_identify(.) by extension 'python'
[0.179s] Level 1:colcon.colcon_core.package_identification:_identify(.) by extensions ['python_setup_py']
[0.179s] Level 1:colcon.colcon_core.package_identification:_identify(.) by extension 'python_setup_py'
[0.179s] Level 1:colcon.colcon_core.package_identification:_identify(build) by extensions ['ignore', 'ignore_ament_install']
[0.179s] Level 1:colcon.colcon_core.package_identification:_identify(build) by extension 'ignore'
[0.179s] Level 1:colcon.colcon_core.package_identification:_identify(build) ignored
[0.179s] Level 1:colcon.colcon_core.package_identification:_identify(install) by extensions ['ignore', 'ignore_ament_install']
[0.180s] Level 1:colcon.colcon_core.package_identification:_identify(install) by extension 'ignore'
[0.180s] Level 1:colcon.colcon_core.package_identification:_identify(install) ignored
[0.180s] Level 1:colcon.colcon_core.package_identification:_identify(log) by extensions ['ignore', 'ignore_ament_install']
[0.180s] Level 1:colcon.colcon_core.package_identification:_identify(log) by extension 'ignore'
[0.180s] Level 1:colcon.colcon_core.package_identification:_identify(log) ignored
[0.180s] Level 1:colcon.colcon_core.package_identification:_identify(src) by extensions ['ignore', 'ignore_ament_install']
[0.180s] Level 1:colcon.colcon_core.package_identification:_identify(src) by extension 'ignore'
[0.180s] Level 1:colcon.colcon_core.package_identification:_identify(src) by extension 'ignore_ament_install'
[0.180s] Level 1:colcon.colcon_core.package_identification:_identify(src) by extensions ['colcon_pkg']
[0.180s] Level 1:colcon.colcon_core.package_identification:_identify(src) by extension 'colcon_pkg'
[0.180s] Level 1:colcon.colcon_core.package_identification:_identify(src) by extensions ['colcon_meta']
[0.180s] Level 1:colcon.colcon_core.package_identification:_identify(src) by extension 'colcon_meta'
[0.180s] Level 1:colcon.colcon_core.package_identification:_identify(src) by extensions ['ros']
[0.180s] Level 1:colcon.colcon_core.package_identification:_identify(src) by extension 'ros'
[0.180s] Level 1:colcon.colcon_core.package_identification:_identify(src) by extensions ['cmake', 'python']
[0.180s] Level 1:colcon.colcon_core.package_identification:_identify(src) by extension 'cmake'
[0.180s] Level 1:colcon.colcon_core.package_identification:_identify(src) by extension 'python'
[0.180s] Level 1:colcon.colcon_core.package_identification:_identify(src) by extensions ['python_setup_py']
[0.180s] Level 1:colcon.colcon_core.package_identification:_identify(src) by extension 'python_setup_py'
[0.180s] Level 1:colcon.colcon_core.package_identification:_identify(src/ejer1_py) by extensions ['ignore', 'ignore_ament_install']
[0.180s] Level 1:colcon.colcon_core.package_identification:_identify(src/ejer1_py) by extension 'ignore'
[0.180s] Level 1:colcon.colcon_core.package_identification:_identify(src/ejer1_py) by extension 'ignore_ament_install'
[0.180s] Level 1:colcon.colcon_core.package_identification:_identify(src/ejer1_py) by extensions ['colcon_pkg']
[0.180s] Level 1:colcon.colcon_core.package_identification:_identify(src/ejer1_py) by extension 'colcon_pkg'
[0.180s] Level 1:colcon.colcon_core.package_identification:_identify(src/ejer1_py) by extensions ['colcon_meta']
[0.180s] Level 1:colcon.colcon_core.package_identification:_identify(src/ejer1_py) by extension 'colcon_meta'
[0.180s] Level 1:colcon.colcon_core.package_identification:_identify(src/ejer1_py) by extensions ['ros']
[0.180s] Level 1:colcon.colcon_core.package_identification:_identify(src/ejer1_py) by extension 'ros'
[0.182s] DEBUG:colcon.colcon_core.package_identification:Package 'src/ejer1_py' with type 'ros.ament_python' and name 'ejer1_py'
[0.182s] Level 1:colcon.colcon_core.package_identification:_identify(src/ejer2_py) by extensions ['ignore', 'ignore_ament_install']
[0.182s] Level 1:colcon.colcon_core.package_identification:_identify(src/ejer2_py) by extension 'ignore'
[0.182s] Level 1:colcon.colcon_core.package_identification:_identify(src/ejer2_py) by extension 'ignore_ament_install'
[0.182s] Level 1:colcon.colcon_core.package_identification:_identify(src/ejer2_py) by extensions ['colcon_pkg']
[0.182s] Level 1:colcon.colcon_core.package_identification:_identify(src/ejer2_py) by extension 'colcon_pkg'
[0.182s] Level 1:colcon.colcon_core.package_identification:_identify(src/ejer2_py) by extensions ['colcon_meta']
[0.182s] Level 1:colcon.colcon_core.package_identification:_identify(src/ejer2_py) by extension 'colcon_meta'
[0.182s] Level 1:colcon.colcon_core.package_identification:_identify(src/ejer2_py) by extensions ['ros']
[0.182s] Level 1:colcon.colcon_core.package_identification:_identify(src/ejer2_py) by extension 'ros'
[0.182s] DEBUG:colcon.colcon_core.package_identification:Package 'src/ejer2_py' with type 'ros.ament_python' and name 'ejer2_py'
[0.182s] Level 1:colcon.colcon_core.package_identification:_identify(src/examen_interface) by extensions ['ignore', 'ignore_ament_install']
[0.182s] Level 1:colcon.colcon_core.package_identification:_identify(src/examen_interface) by extension 'ignore'
[0.182s] Level 1:colcon.colcon_core.package_identification:_identify(src/examen_interface) by extension 'ignore_ament_install'
[0.182s] Level 1:colcon.colcon_core.package_identification:_identify(src/examen_interface) by extensions ['colcon_pkg']
[0.182s] Level 1:colcon.colcon_core.package_identification:_identify(src/examen_interface) by extension 'colcon_pkg'
[0.182s] Level 1:colcon.colcon_core.package_identification:_identify(src/examen_interface) by extensions ['colcon_meta']
[0.182s] Level 1:colcon.colcon_core.package_identification:_identify(src/examen_interface) by extension 'colcon_meta'
[0.183s] Level 1:colcon.colcon_core.package_identification:_identify(src/examen_interface) by extensions ['ros']
[0.183s] Level 1:colcon.colcon_core.package_identification:_identify(src/examen_interface) by extension 'ros'
[0.183s] DEBUG:colcon.colcon_core.package_identification:Package 'src/examen_interface' with type 'ros.ament_cmake' and name 'examen_interface'
[0.183s] Level 1:colcon.colcon_core.package_discovery:discover_packages(recursive) using defaults
[0.183s] Level 1:colcon.colcon_core.package_discovery:discover_packages(ignore) discover
[0.183s] Level 1:colcon.colcon_core.package_discovery:discover_packages(ignore) using defaults
[0.183s] Level 1:colcon.colcon_core.package_discovery:discover_packages(path) discover
[0.183s] Level 1:colcon.colcon_core.package_discovery:discover_packages(path) using defaults
[0.194s] Level 1:colcon.colcon_core.package_discovery:discover_packages(prefix_path) check parameters
[0.194s] Level 1:colcon.colcon_core.package_discovery:discover_packages(prefix_path) discover
[0.195s] DEBUG:colcon.colcon_installed_package_information.package_discovery:Found 271 installed packages in /opt/ros/humble
[0.196s] Level 1:colcon.colcon_core.package_discovery:discover_packages(prefix_path) using defaults
[0.215s] Level 5:colcon.colcon_core.verb:set package 'ejer1_py' build argument 'cmake_args' from command line to 'None'
[0.215s] Level 5:colcon.colcon_core.verb:set package 'ejer1_py' build argument 'cmake_target' from command line to 'None'
[0.215s] Level 5:colcon.colcon_core.verb:set package 'ejer1_py' build argument 'cmake_target_skip_unavailable' from command line to 'False'
[0.215s] Level 5:colcon.colcon_core.verb:set package 'ejer1_py' build argument 'cmake_clean_cache' from command line to 'False'
[0.215s] Level 5:colcon.colcon_core.verb:set package 'ejer1_py' build argument 'cmake_clean_first' from command line to 'False'
[0.215s] Level 5:colcon.colcon_core.verb:set package 'ejer1_py' build argument 'cmake_force_configure' from command line to 'False'
[0.215s] Level 5:colcon.colcon_core.verb:set package 'ejer1_py' build argument 'ament_cmake_args' from command line to 'None'
[0.215s] Level 5:colcon.colcon_core.verb:set package 'ejer1_py' build argument 'catkin_cmake_args' from command line to 'None'
[0.215s] Level 5:colcon.colcon_core.verb:set package 'ejer1_py' build argument 'catkin_skip_building_tests' from command line to 'False'
[0.215s] DEBUG:colcon.colcon_core.verb:Building package 'ejer1_py' with the following arguments: {'ament_cmake_args': None, 'build_base': '/home/rod-0310/Escritorio/examen_ws/build/ejer1_py', 'catkin_cmake_args': None, 'catkin_skip_building_tests': False, 'cmake_args': None, 'cmake_clean_cache': False, 'cmake_clean_first': False, 'cmake_force_configure': False, 'cmake_target': None, 'cmake_target_skip_unavailable': False, 'install_base': '/home/rod-0310/Escritorio/examen_ws/install/ejer1_py', 'merge_install': False, 'path': '/home/rod-0310/Escritorio/examen_ws/src/ejer1_py', 'symlink_install': False, 'test_result_base': None}
[0.215s] Level 5:colcon.colcon_core.verb:set package 'examen_interface' build argument 'cmake_args' from command line to 'None'
[0.215s] Level 5:colcon.colcon_core.verb:set package 'examen_interface' build argument 'cmake_target' from command line to 'None'
[0.215s] Level 5:colcon.colcon_core.verb:set package 'examen_interface' build argument 'cmake_target_skip_unavailable' from command line to 'False'
[0.215s] Level 5:colcon.colcon_core.verb:set package 'examen_interface' build argument 'cmake_clean_cache' from command line to 'False'
[0.215s] Level 5:colcon.colcon_core.verb:set package 'examen_interface' build argument 'cmake_clean_first' from command line to 'False'
[0.215s] Level 5:colcon.colcon_core.verb:set package 'examen_interface' build argument 'cmake_force_configure' from command line to 'False'
[0.215s] Level 5:colcon.colcon_core.verb:set package 'examen_interface' build argument 'ament_cmake_args' from command line to 'None'
[0.215s] Level 5:colcon.colcon_core.verb:set package 'examen_interface' build argument 'catkin_cmake_args' from command line to 'None'
[0.215s] Level 5:colcon.colcon_core.verb:set package 'examen_interface' build argument 'catkin_skip_building_tests' from command line to 'False'
[0.215s] DEBUG:colcon.colcon_core.verb:Building package 'examen_interface' with the following arguments: {'ament_cmake_args': None, 'build_base': '/home/rod-0310/Escritorio/examen_ws/build/examen_interface', 'catkin_cmake_args': None, 'catkin_skip_building_tests': False, 'cmake_args': None, 'cmake_clean_cache': False, 'cmake_clean_first': False, 'cmake_force_configure': False, 'cmake_target': None, 'cmake_target_skip_unavailable': False, 'install_base': '/home/rod-0310/Escritorio/examen_ws/install/examen_interface', 'merge_install': False, 'path': '/home/rod-0310/Escritorio/examen_ws/src/examen_interface', 'symlink_install': False, 'test_result_base': None}
[0.215s] Level 5:colcon.colcon_core.verb:set package 'ejer2_py' build argument 'cmake_args' from command line to 'None'
[0.216s] Level 5:colcon.colcon_core.verb:set package 'ejer2_py' build argument 'cmake_target' from command line to 'None'
[0.216s] Level 5:colcon.colcon_core.verb:set package 'ejer2_py' build argument 'cmake_target_skip_unavailable' from command line to 'False'
[0.216s] Level 5:colcon.colcon_core.verb:set package 'ejer2_py' build argument 'cmake_clean_cache' from command line to 'False'
[0.216s] Level 5:colcon.colcon_core.verb:set package 'ejer2_py' build argument 'cmake_clean_first' from command line to 'False'
[0.216s] Level 5:colcon.colcon_core.verb:set package 'ejer2_py' build argument 'cmake_force_configure' from command line to 'False'
[0.216s] Level 5:colcon.colcon_core.verb:set package 'ejer2_py' build argument 'ament_cmake_args' from command line to 'None'
[0.216s] Level 5:colcon.colcon_core.verb:set package 'ejer2_py' build argument 'catkin_cmake_args' from command line to 'None'
[0.216s] Level 5:colcon.colcon_core.verb:set package 'ejer2_py' build argument 'catkin_skip_building_tests' from command line to 'False'
[0.216s] DEBUG:colcon.colcon_core.verb:Building package 'ejer2_py' with the following arguments: {'ament_cmake_args': None, 'build_base': '/home/rod-0310/Escritorio/examen_ws/build/ejer2_py', 'catkin_cmake_args': None, 'catkin_skip_building_tests': False, 'cmake_args': None, 'cmake_clean_cache': False, 'cmake_clean_first': False, 'cmake_force_configure': False, 'cmake_target': None, 'cmake_target_skip_unavailable': False, 'install_base': '/home/rod-0310/Escritorio/examen_ws/install/ejer2_py', 'merge_install': False, 'path': '/home/rod-0310/Escritorio/examen_ws/src/ejer2_py', 'symlink_install': False, 'test_result_base': None}
[0.216s] INFO:colcon.colcon_core.executor:Executing jobs using 'parallel' executor
[0.217s] DEBUG:colcon.colcon_parallel_executor.executor.parallel:run_until_complete
[0.217s] INFO:colcon.colcon_ros.task.ament_cmake.build:Building ROS package in '/home/rod-0310/Escritorio/examen_ws/src/examen_interface' with build type 'ament_cmake'
[0.217s] INFO:colcon.colcon_cmake.task.cmake.build:Building CMake package in '/home/rod-0310/Escritorio/examen_ws/src/examen_interface'
[0.218s] INFO:colcon.colcon_core.plugin_system:Skipping extension 'colcon_core.shell.bat': Not used on non-Windows systems
[0.218s] INFO:colcon.colcon_core.shell:Skip shell extension 'powershell' for command environment: Not usable outside of PowerShell
[0.218s] DEBUG:colcon.colcon_core.shell:Skip shell extension 'dsv' for command environment
[0.220s] INFO:colcon.colcon_ros.task.ament_python.build:Building ROS package in '/home/rod-0310/Escritorio/examen_ws/src/ejer1_py' with build type 'ament_python'
[0.220s] Level 1:colcon.colcon_core.shell:create_environment_hook('ejer1_py', 'ament_prefix_path')
[0.220s] INFO:colcon.colcon_core.shell:Creating environment hook '/home/rod-0310/Escritorio/examen_ws/install/ejer1_py/share/ejer1_py/hook/ament_prefix_path.ps1'
[0.221s] INFO:colcon.colcon_core.shell:Creating environment descriptor '/home/rod-0310/Escritorio/examen_ws/install/ejer1_py/share/ejer1_py/hook/ament_prefix_path.dsv'
[0.221s] INFO:colcon.colcon_core.shell:Creating environment hook '/home/rod-0310/Escritorio/examen_ws/install/ejer1_py/share/ejer1_py/hook/ament_prefix_path.sh'
[0.222s] INFO:colcon.colcon_core.shell:Skip shell extension 'powershell' for command environment: Not usable outside of PowerShell
[0.222s] DEBUG:colcon.colcon_core.shell:Skip shell extension 'dsv' for command environment
[0.228s] DEBUG:colcon.colcon_core.event_handler.log_command:Invoking command in '/home/rod-0310/Escritorio/examen_ws/build/examen_interface': CMAKE_PREFIX_PATH=/opt/ros/humble /usr/bin/cmake --build /home/rod-0310/Escritorio/examen_ws/build/examen_interface -- -j20 -l20
[0.426s] INFO:colcon.colcon_core.task.python.build:Building Python package in '/home/rod-0310/Escritorio/examen_ws/src/ejer1_py'
[0.426s] INFO:colcon.colcon_core.shell:Skip shell extension 'powershell' for command environment: Not usable outside of PowerShell
[0.426s] DEBUG:colcon.colcon_core.shell:Skip shell extension 'dsv' for command environment
[0.694s] DEBUG:colcon.colcon_core.event_handler.log_command:Invoking command in '/home/rod-0310/Escritorio/examen_ws/src/ejer1_py': PYTHONPATH=/home/rod-0310/Escritorio/examen_ws/build/ejer1_py/prefix_override:/usr/lib/python3/dist-packages/colcon_core/task/python/colcon_distutils_commands:/home/rod-0310/Escritorio/examen_ws/install/ejer1_py/lib/python3.10/site-packages:${PYTHONPATH} /usr/bin/python3 -W ignore:setup.py install is deprecated -W ignore:easy_install command is deprecated setup.py egg_info --egg-base ../../build/ejer1_py build --build-base /home/rod-0310/Escritorio/examen_ws/build/ejer1_py/build install --record /home/rod-0310/Escritorio/examen_ws/build/ejer1_py/install.log --single-version-externally-managed install_data
[0.917s] DEBUG:colcon.colcon_core.event_handler.log_command:Invoked command in '/home/rod-0310/Escritorio/examen_ws/src/ejer1_py' returned '0': PYTHONPATH=/home/rod-0310/Escritorio/examen_ws/build/ejer1_py/prefix_override:/usr/lib/python3/dist-packages/colcon_core/task/python/colcon_distutils_commands:/home/rod-0310/Escritorio/examen_ws/install/ejer1_py/lib/python3.10/site-packages:${PYTHONPATH} /usr/bin/python3 -W ignore:setup.py install is deprecated -W ignore:easy_install command is deprecated setup.py egg_info --egg-base ../../build/ejer1_py build --build-base /home/rod-0310/Escritorio/examen_ws/build/ejer1_py/build install --record /home/rod-0310/Escritorio/examen_ws/build/ejer1_py/install.log --single-version-externally-managed install_data
[0.918s] Level 1:colcon.colcon_core.environment:checking '/home/rod-0310/Escritorio/examen_ws/install/ejer1_py' for CMake module files
[0.919s] Level 1:colcon.colcon_core.environment:checking '/home/rod-0310/Escritorio/examen_ws/install/ejer1_py' for CMake config files
[0.919s] Level 1:colcon.colcon_core.environment:checking '/home/rod-0310/Escritorio/examen_ws/install/ejer1_py/lib'
[0.919s] Level 1:colcon.colcon_core.environment:checking '/home/rod-0310/Escritorio/examen_ws/install/ejer1_py/bin'
[0.919s] Level 1:colcon.colcon_core.environment:checking '/home/rod-0310/Escritorio/examen_ws/install/ejer1_py/lib/pkgconfig/ejer1_py.pc'
[0.919s] Level 1:colcon.colcon_core.environment:checking '/home/rod-0310/Escritorio/examen_ws/install/ejer1_py/lib/python3.10/site-packages'
[0.919s] Level 1:colcon.colcon_core.shell:create_environment_hook('ejer1_py', 'pythonpath')
[0.920s] INFO:colcon.colcon_core.shell:Creating environment hook '/home/rod-0310/Escritorio/examen_ws/install/ejer1_py/share/ejer1_py/hook/pythonpath.ps1'
[0.920s] INFO:colcon.colcon_core.shell:Creating environment descriptor '/home/rod-0310/Escritorio/examen_ws/install/ejer1_py/share/ejer1_py/hook/pythonpath.dsv'
[0.920s] INFO:colcon.colcon_core.shell:Creating environment hook '/home/rod-0310/Escritorio/examen_ws/install/ejer1_py/share/ejer1_py/hook/pythonpath.sh'
[0.921s] Level 1:colcon.colcon_core.environment:checking '/home/rod-0310/Escritorio/examen_ws/install/ejer1_py/bin'
[0.921s] Level 1:colcon.colcon_core.environment:create_environment_scripts_only(ejer1_py)
[0.921s] INFO:colcon.colcon_core.shell:Creating package script '/home/rod-0310/Escritorio/examen_ws/install/ejer1_py/share/ejer1_py/package.ps1'
[0.921s] INFO:colcon.colcon_core.shell:Creating package descriptor '/home/rod-0310/Escritorio/examen_ws/install/ejer1_py/share/ejer1_py/package.dsv'
[0.922s] INFO:colcon.colcon_core.shell:Creating package script '/home/rod-0310/Escritorio/examen_ws/install/ejer1_py/share/ejer1_py/package.sh'
[0.923s] INFO:colcon.colcon_core.shell:Creating package script '/home/rod-0310/Escritorio/examen_ws/install/ejer1_py/share/ejer1_py/package.bash'
[0.923s] INFO:colcon.colcon_core.shell:Creating package script '/home/rod-0310/Escritorio/examen_ws/install/ejer1_py/share/ejer1_py/package.zsh'
[0.924s] Level 1:colcon.colcon_core.environment:create_file_with_runtime_dependencies(/home/rod-0310/Escritorio/examen_ws/install/ejer1_py/share/colcon-core/packages/ejer1_py)
[1.385s] DEBUG:colcon.colcon_core.event_handler.log_command:Invoked command in '/home/rod-0310/Escritorio/examen_ws/build/examen_interface' returned '0': CMAKE_PREFIX_PATH=/opt/ros/humble /usr/bin/cmake --build /home/rod-0310/Escritorio/examen_ws/build/examen_interface -- -j20 -l20
[1.393s] DEBUG:colcon.colcon_core.event_handler.log_command:Invoking command in '/home/rod-0310/Escritorio/examen_ws/build/examen_interface': CMAKE_PREFIX_PATH=/opt/ros/humble /usr/bin/cmake --install /home/rod-0310/Escritorio/examen_ws/build/examen_interface
[1.432s] Level 1:colcon.colcon_core.environment:create_environment_scripts_only(examen_interface)
[1.432s] Level 1:colcon.colcon_core.environment:checking '/home/rod-0310/Escritorio/examen_ws/install/examen_interface' for CMake module files
[1.432s] DEBUG:colcon.colcon_core.event_handler.log_command:Invoked command in '/home/rod-0310/Escritorio/examen_ws/build/examen_interface' returned '0': CMAKE_PREFIX_PATH=/opt/ros/humble /usr/bin/cmake --install /home/rod-0310/Escritorio/examen_ws/build/examen_interface
[1.433s] Level 1:colcon.colcon_core.environment:checking '/home/rod-0310/Escritorio/examen_ws/install/examen_interface' for CMake config files
[1.433s] Level 1:colcon.colcon_core.shell:create_environment_hook('examen_interface', 'cmake_prefix_path')
[1.433s] INFO:colcon.colcon_core.shell:Creating environment hook '/home/rod-0310/Escritorio/examen_ws/install/examen_interface/share/examen_interface/hook/cmake_prefix_path.ps1'
[1.434s] INFO:colcon.colcon_core.shell:Creating environment descriptor '/home/rod-0310/Escritorio/examen_ws/install/examen_interface/share/examen_interface/hook/cmake_prefix_path.dsv'
[1.434s] INFO:colcon.colcon_core.shell:Creating environment hook '/home/rod-0310/Escritorio/examen_ws/install/examen_interface/share/examen_interface/hook/cmake_prefix_path.sh'
[1.435s] Level 1:colcon.colcon_core.environment:checking '/home/rod-0310/Escritorio/examen_ws/install/examen_interface/lib'
[1.435s] Level 1:colcon.colcon_core.shell:create_environment_hook('examen_interface', 'ld_library_path_lib')
[1.435s] INFO:colcon.colcon_core.shell:Creating environment hook '/home/rod-0310/Escritorio/examen_ws/install/examen_interface/share/examen_interface/hook/ld_library_path_lib.ps1'
[1.436s] INFO:colcon.colcon_core.shell:Creating environment descriptor '/home/rod-0310/Escritorio/examen_ws/install/examen_interface/share/examen_interface/hook/ld_library_path_lib.dsv'
[1.436s] INFO:colcon.colcon_core.shell:Creating environment hook '/home/rod-0310/Escritorio/examen_ws/install/examen_interface/share/examen_interface/hook/ld_library_path_lib.sh'
[1.436s] Level 1:colcon.colcon_core.environment:checking '/home/rod-0310/Escritorio/examen_ws/install/examen_interface/bin'
[1.437s] Level 1:colcon.colcon_core.environment:checking '/home/rod-0310/Escritorio/examen_ws/install/examen_interface/lib/pkgconfig/examen_interface.pc'
[1.437s] Level 1:colcon.colcon_core.environment:checking '/home/rod-0310/Escritorio/examen_ws/install/examen_interface/lib/python3.10/site-packages'
[1.437s] Level 1:colcon.colcon_core.environment:checking '/home/rod-0310/Escritorio/examen_ws/install/examen_interface/bin'
[1.437s] INFO:colcon.colcon_core.shell:Creating package script '/home/rod-0310/Escritorio/examen_ws/install/examen_interface/share/examen_interface/package.ps1'
[1.438s] INFO:colcon.colcon_core.shell:Creating package descriptor '/home/rod-0310/Escritorio/examen_ws/install/examen_interface/share/examen_interface/package.dsv'
[1.438s] INFO:colcon.colcon_core.shell:Creating package script '/home/rod-0310/Escritorio/examen_ws/install/examen_interface/share/examen_interface/package.sh'
[1.439s] INFO:colcon.colcon_core.shell:Creating package script '/home/rod-0310/Escritorio/examen_ws/install/examen_interface/share/examen_interface/package.bash'
[1.439s] INFO:colcon.colcon_core.shell:Creating package script '/home/rod-0310/Escritorio/examen_ws/install/examen_interface/share/examen_interface/package.zsh'
[1.440s] Level 1:colcon.colcon_core.environment:create_file_with_runtime_dependencies(/home/rod-0310/Escritorio/examen_ws/install/examen_interface/share/colcon-core/packages/examen_interface)
[1.440s] Level 1:colcon.colcon_core.environment:create_environment_scripts_only(examen_interface)
[1.440s] Level 1:colcon.colcon_core.environment:checking '/home/rod-0310/Escritorio/examen_ws/install/examen_interface' for CMake module files
[1.441s] Level 1:colcon.colcon_core.environment:checking '/home/rod-0310/Escritorio/examen_ws/install/examen_interface' for CMake config files
[1.441s] Level 1:colcon.colcon_core.shell:create_environment_hook('examen_interface', 'cmake_prefix_path')
[1.442s] INFO:colcon.colcon_core.shell:Creating environment hook '/home/rod-0310/Escritorio/examen_ws/install/examen_interface/share/examen_interface/hook/cmake_prefix_path.ps1'
[1.442s] INFO:colcon.colcon_core.shell:Creating environment descriptor '/home/rod-0310/Escritorio/examen_ws/install/examen_interface/share/examen_interface/hook/cmake_prefix_path.dsv'
[1.442s] INFO:colcon.colcon_core.shell:Creating environment hook '/home/rod-0310/Escritorio/examen_ws/install/examen_interface/share/examen_interface/hook/cmake_prefix_path.sh'
[1.442s] Level 1:colcon.colcon_core.environment:checking '/home/rod-0310/Escritorio/examen_ws/install/examen_interface/lib'
[1.443s] Level 1:colcon.colcon_core.shell:create_environment_hook('examen_interface', 'ld_library_path_lib')
[1.443s] INFO:colcon.colcon_core.shell:Creating environment hook '/home/rod-0310/Escritorio/examen_ws/install/examen_interface/share/examen_interface/hook/ld_library_path_lib.ps1'
[1.443s] INFO:colcon.colcon_core.shell:Creating environment descriptor '/home/rod-0310/Escritorio/examen_ws/install/examen_interface/share/examen_interface/hook/ld_library_path_lib.dsv'
[1.443s] INFO:colcon.colcon_core.shell:Creating environment hook '/home/rod-0310/Escritorio/examen_ws/install/examen_interface/share/examen_interface/hook/ld_library_path_lib.sh'
[1.443s] Level 1:colcon.colcon_core.environment:checking '/home/rod-0310/Escritorio/examen_ws/install/examen_interface/bin'
[1.443s] Level 1:colcon.colcon_core.environment:checking '/home/rod-0310/Escritorio/examen_ws/install/examen_interface/lib/pkgconfig/examen_interface.pc'
[1.444s] Level 1:colcon.colcon_core.environment:checking '/home/rod-0310/Escritorio/examen_ws/install/examen_interface/lib/python3.10/site-packages'
[1.444s] Level 1:colcon.colcon_core.environment:checking '/home/rod-0310/Escritorio/examen_ws/install/examen_interface/bin'
[1.444s] INFO:colcon.colcon_core.shell:Creating package script '/home/rod-0310/Escritorio/examen_ws/install/examen_interface/share/examen_interface/package.ps1'
[1.444s] INFO:colcon.colcon_core.shell:Creating package descriptor '/home/rod-0310/Escritorio/examen_ws/install/examen_interface/share/examen_interface/package.dsv'
[1.444s] INFO:colcon.colcon_core.shell:Creating package script '/home/rod-0310/Escritorio/examen_ws/install/examen_interface/share/examen_interface/package.sh'
[1.445s] INFO:colcon.colcon_core.shell:Creating package script '/home/rod-0310/Escritorio/examen_ws/install/examen_interface/share/examen_interface/package.bash'
[1.445s] INFO:colcon.colcon_core.shell:Creating package script '/home/rod-0310/Escritorio/examen_ws/install/examen_interface/share/examen_interface/package.zsh'
[1.445s] Level 1:colcon.colcon_core.environment:create_file_with_runtime_dependencies(/home/rod-0310/Escritorio/examen_ws/install/examen_interface/share/colcon-core/packages/examen_interface)
[1.446s] INFO:colcon.colcon_ros.task.ament_python.build:Building ROS package in '/home/rod-0310/Escritorio/examen_ws/src/ejer2_py' with build type 'ament_python'
[1.446s] Level 1:colcon.colcon_core.shell:create_environment_hook('ejer2_py', 'ament_prefix_path')
[1.446s] INFO:colcon.colcon_core.shell:Creating environment hook '/home/rod-0310/Escritorio/examen_ws/install/ejer2_py/share/ejer2_py/hook/ament_prefix_path.ps1'
[1.447s] INFO:colcon.colcon_core.shell:Creating environment descriptor '/home/rod-0310/Escritorio/examen_ws/install/ejer2_py/share/ejer2_py/hook/ament_prefix_path.dsv'
[1.447s] INFO:colcon.colcon_core.shell:Creating environment hook '/home/rod-0310/Escritorio/examen_ws/install/ejer2_py/share/ejer2_py/hook/ament_prefix_path.sh'
[1.448s] INFO:colcon.colcon_core.shell:Skip shell extension 'powershell' for command environment: Not usable outside of PowerShell
[1.448s] DEBUG:colcon.colcon_core.shell:Skip shell extension 'dsv' for command environment
[1.634s] INFO:colcon.colcon_core.task.python.build:Building Python package in '/home/rod-0310/Escritorio/examen_ws/src/ejer2_py'
[1.634s] INFO:colcon.colcon_core.shell:Skip shell extension 'powershell' for command environment: Not usable outside of PowerShell
[1.634s] DEBUG:colcon.colcon_core.shell:Skip shell extension 'dsv' for command environment
[1.884s] DEBUG:colcon.colcon_core.event_handler.log_command:Invoking command in '/home/rod-0310/Escritorio/examen_ws/src/ejer2_py': AMENT_PREFIX_PATH=/home/rod-0310/Escritorio/examen_ws/install/examen_interface:${AMENT_PREFIX_PATH} CMAKE_PREFIX_PATH=/home/rod-0310/Escritorio/examen_ws/install/examen_interface LD_LIBRARY_PATH=/home/rod-0310/Escritorio/examen_ws/install/examen_interface/lib:${LD_LIBRARY_PATH} PYTHONPATH=/home/rod-0310/Escritorio/examen_ws/build/ejer2_py/prefix_override:/usr/lib/python3/dist-packages/colcon_core/task/python/colcon_distutils_commands:/home/rod-0310/Escritorio/examen_ws/install/ejer2_py/lib/python3.10/site-packages:/home/rod-0310/Escritorio/examen_ws/install/examen_interface/local/lib/python3.10/dist-packages:${PYTHONPATH} /usr/bin/python3 -W ignore:setup.py install is deprecated -W ignore:easy_install command is deprecated setup.py egg_info --egg-base ../../build/ejer2_py build --build-base /home/rod-0310/Escritorio/examen_ws/build/ejer2_py/build install --record /home/rod-0310/Escritorio/examen_ws/build/ejer2_py/install.log --single-version-externally-managed install_data
[2.083s] Level 1:colcon.colcon_core.environment:checking '/home/rod-0310/Escritorio/examen_ws/install/ejer2_py' for CMake module files
[2.084s] DEBUG:colcon.colcon_core.event_handler.log_command:Invoked command in '/home/rod-0310/Escritorio/examen_ws/src/ejer2_py' returned '0': AMENT_PREFIX_PATH=/home/rod-0310/Escritorio/examen_ws/install/examen_interface:${AMENT_PREFIX_PATH} CMAKE_PREFIX_PATH=/home/rod-0310/Escritorio/examen_ws/install/examen_interface LD_LIBRARY_PATH=/home/rod-0310/Escritorio/examen_ws/install/examen_interface/lib:${LD_LIBRARY_PATH} PYTHONPATH=/home/rod-0310/Escritorio/examen_ws/build/ejer2_py/prefix_override:/usr/lib/python3/dist-packages/colcon_core/task/python/colcon_distutils_commands:/home/rod-0310/Escritorio/examen_ws/install/ejer2_py/lib/python3.10/site-packages:/home/rod-0310/Escritorio/examen_ws/install/examen_interface/local/lib/python3.10/dist-packages:${PYTHONPATH} /usr/bin/python3 -W ignore:setup.py install is deprecated -W ignore:easy_install command is deprecated setup.py egg_info --egg-base ../../build/ejer2_py build --build-base /home/rod-0310/Escritorio/examen_ws/build/ejer2_py/build install --record /home/rod-0310/Escritorio/examen_ws/build/ejer2_py/install.log --single-version-externally-managed install_data
[2.084s] Level 1:colcon.colcon_core.environment:checking '/home/rod-0310/Escritorio/examen_ws/install/ejer2_py' for CMake config files
[2.084s] Level 1:colcon.colcon_core.environment:checking '/home/rod-0310/Escritorio/examen_ws/install/ejer2_py/lib'
[2.084s] Level 1:colcon.colcon_core.environment:checking '/home/rod-0310/Escritorio/examen_ws/install/ejer2_py/bin'
[2.084s] Level 1:colcon.colcon_core.environment:checking '/home/rod-0310/Escritorio/examen_ws/install/ejer2_py/lib/pkgconfig/ejer2_py.pc'
[2.084s] Level 1:colcon.colcon_core.environment:checking '/home/rod-0310/Escritorio/examen_ws/install/ejer2_py/lib/python3.10/site-packages'
[2.084s] Level 1:colcon.colcon_core.shell:create_environment_hook('ejer2_py', 'pythonpath')
[2.085s] INFO:colcon.colcon_core.shell:Creating environment hook '/home/rod-0310/Escritorio/examen_ws/install/ejer2_py/share/ejer2_py/hook/pythonpath.ps1'
[2.085s] INFO:colcon.colcon_core.shell:Creating environment descriptor '/home/rod-0310/Escritorio/examen_ws/install/ejer2_py/share/ejer2_py/hook/pythonpath.dsv'
[2.085s] INFO:colcon.colcon_core.shell:Creating environment hook '/home/rod-0310/Escritorio/examen_ws/install/ejer2_py/share/ejer2_py/hook/pythonpath.sh'
[2.086s] Level 1:colcon.colcon_core.environment:checking '/home/rod-0310/Escritorio/examen_ws/install/ejer2_py/bin'
[2.086s] Level 1:colcon.colcon_core.environment:create_environment_scripts_only(ejer2_py)
[2.086s] INFO:colcon.colcon_core.shell:Creating package script '/home/rod-0310/Escritorio/examen_ws/install/ejer2_py/share/ejer2_py/package.ps1'
[2.086s] INFO:colcon.colcon_core.shell:Creating package descriptor '/home/rod-0310/Escritorio/examen_ws/install/ejer2_py/share/ejer2_py/package.dsv'
[2.086s] INFO:colcon.colcon_core.shell:Creating package script '/home/rod-0310/Escritorio/examen_ws/install/ejer2_py/share/ejer2_py/package.sh'
[2.087s] INFO:colcon.colcon_core.shell:Creating package script '/home/rod-0310/Escritorio/examen_ws/install/ejer2_py/share/ejer2_py/package.bash'
[2.087s] INFO:colcon.colcon_core.shell:Creating package script '/home/rod-0310/Escritorio/examen_ws/install/ejer2_py/share/ejer2_py/package.zsh'
[2.087s] Level 1:colcon.colcon_core.environment:create_file_with_runtime_dependencies(/home/rod-0310/Escritorio/examen_ws/install/ejer2_py/share/colcon-core/packages/ejer2_py)
[2.087s] DEBUG:colcon.colcon_parallel_executor.executor.parallel:closing loop
[2.087s] DEBUG:colcon.colcon_parallel_executor.executor.parallel:loop closed
[2.088s] DEBUG:colcon.colcon_parallel_executor.executor.parallel:run_until_complete finished with '0'
[2.088s] DEBUG:colcon.colcon_core.event_reactor:joining thread
[2.091s] INFO:colcon.colcon_core.plugin_system:Skipping extension 'colcon_notification.desktop_notification.terminal_notifier': Not used on non-Darwin systems
[2.091s] INFO:colcon.colcon_core.plugin_system:Skipping extension 'colcon_notification.desktop_notification.win32': Not used on non-Windows systems
[2.091s] INFO:colcon.colcon_notification.desktop_notification:Sending desktop notification using 'notify2'
[2.104s] DEBUG:colcon.colcon_core.event_reactor:joined thread
[2.104s] INFO:colcon.colcon_core.shell:Creating prefix script '/home/rod-0310/Escritorio/examen_ws/install/local_setup.ps1'
[2.105s] INFO:colcon.colcon_core.shell:Creating prefix util module '/home/rod-0310/Escritorio/examen_ws/install/_local_setup_util_ps1.py'
[2.107s] INFO:colcon.colcon_core.shell:Creating prefix chain script '/home/rod-0310/Escritorio/examen_ws/install/setup.ps1'
[2.108s] INFO:colcon.colcon_core.shell:Creating prefix script '/home/rod-0310/Escritorio/examen_ws/install/local_setup.sh'
[2.108s] INFO:colcon.colcon_core.shell:Creating prefix util module '/home/rod-0310/Escritorio/examen_ws/install/_local_setup_util_sh.py'
[2.109s] INFO:colcon.colcon_core.shell:Creating prefix chain script '/home/rod-0310/Escritorio/examen_ws/install/setup.sh'
[2.110s] INFO:colcon.colcon_core.shell:Creating prefix script '/home/rod-0310/Escritorio/examen_ws/install/local_setup.bash'
[2.110s] INFO:colcon.colcon_core.shell:Creating prefix chain script '/home/rod-0310/Escritorio/examen_ws/install/setup.bash'
[2.111s] INFO:colcon.colcon_core.shell:Creating prefix script '/home/rod-0310/Escritorio/examen_ws/install/local_setup.zsh'
[2.112s] INFO:colcon.colcon_core.shell:Creating prefix chain script '/home/rod-0310/Escritorio/examen_ws/install/setup.zsh'
