[0.551s] Invoking command in '/home/rod-0310/Escritorio/practicasros_ws/src/ejercicio2': PYTHONPATH=/home/rod-0310/Escritorio/practicasros_ws/build/ejercicio2/prefix_override:/usr/lib/python3/dist-packages/colcon_core/task/python/colcon_distutils_commands:/home/rod-0310/Escritorio/practicasros_ws/install/ejercicio2/lib/python3.10/site-packages:${PYTHONPATH} /usr/bin/python3 -W ignore:setup.py install is deprecated -W ignore:easy_install command is deprecated setup.py egg_info --egg-base ../../build/ejercicio2 build --build-base /home/rod-0310/Escritorio/practicasros_ws/build/ejercicio2/build install --record /home/rod-0310/Escritorio/practicasros_ws/build/ejercicio2/install.log --single-version-externally-managed install_data
[0.697s] running egg_info
[0.697s] writing ../../build/ejercicio2/ejercicio2.egg-info/PKG-INFO
[0.697s] writing dependency_links to ../../build/ejercicio2/ejercicio2.egg-info/dependency_links.txt
[0.697s] writing entry points to ../../build/ejercicio2/ejercicio2.egg-info/entry_points.txt
[0.697s] writing requirements to ../../build/ejercicio2/ejercicio2.egg-info/requires.txt
[0.697s] writing top-level names to ../../build/ejercicio2/ejercicio2.egg-info/top_level.txt
[0.698s] reading manifest file '../../build/ejercicio2/ejercicio2.egg-info/SOURCES.txt'
[0.698s] adding license file 'LICENSE'
[0.699s] writing manifest file '../../build/ejercicio2/ejercicio2.egg-info/SOURCES.txt'
[0.700s] running build
[0.700s] running build_py
[0.700s] copying ejercicio2/nodo3.py -> /home/rod-0310/Escritorio/practicasros_ws/build/ejercicio2/build/lib/ejercicio2
[0.700s] running install
[0.700s] running install_lib
[0.700s] copying /home/rod-0310/Escritorio/practicasros_ws/build/ejercicio2/build/lib/ejercicio2/nodo3.py -> /home/rod-0310/Escritorio/practicasros_ws/install/ejercicio2/lib/python3.10/site-packages/ejercicio2
[0.700s] byte-compiling /home/rod-0310/Escritorio/practicasros_ws/install/ejercicio2/lib/python3.10/site-packages/ejercicio2/nodo3.py to nodo3.cpython-310.pyc
[0.700s] running install_data
[0.700s] running install_egg_info
[0.701s] removing '/home/rod-0310/Escritorio/practicasros_ws/install/ejercicio2/lib/python3.10/site-packages/ejercicio2-0.0.0-py3.10.egg-info' (and everything under it)
[0.701s] Copying ../../build/ejercicio2/ejercicio2.egg-info to /home/rod-0310/Escritorio/practicasros_ws/install/ejercicio2/lib/python3.10/site-packages/ejercicio2-0.0.0-py3.10.egg-info
[0.702s] running install_scripts
[0.713s] Installing nodo1 script to /home/rod-0310/Escritorio/practicasros_ws/install/ejercicio2/lib/ejercicio2
[0.713s] Installing nodo2 script to /home/rod-0310/Escritorio/practicasros_ws/install/ejercicio2/lib/ejercicio2
[0.713s] Installing nodo3 script to /home/rod-0310/Escritorio/practicasros_ws/install/ejercicio2/lib/ejercicio2
[0.714s] writing list of installed files to '/home/rod-0310/Escritorio/practicasros_ws/build/ejercicio2/install.log'
[0.729s] Invoked command in '/home/rod-0310/Escritorio/practicasros_ws/src/ejercicio2' returned '0': PYTHONPATH=/home/rod-0310/Escritorio/practicasros_ws/build/ejercicio2/prefix_override:/usr/lib/python3/dist-packages/colcon_core/task/python/colcon_distutils_commands:/home/rod-0310/Escritorio/practicasros_ws/install/ejercicio2/lib/python3.10/site-packages:${PYTHONPATH} /usr/bin/python3 -W ignore:setup.py install is deprecated -W ignore:easy_install command is deprecated setup.py egg_info --egg-base ../../build/ejercicio2 build --build-base /home/rod-0310/Escritorio/practicasros_ws/build/ejercicio2/build install --record /home/rod-0310/Escritorio/practicasros_ws/build/ejercicio2/install.log --single-version-externally-managed install_data
