[  9%] Built target examen_interface__rosidl_generator_c
[ 12%] Built target examen_interface__cpp
[ 12%] Built target ament_cmake_python_copy_examen_interface
[ 29%] Built target examen_interface__rosidl_typesupport_introspection_cpp
[ 32%] Built target examen_interface__rosidl_typesupport_c
[ 41%] Built target examen_interface__rosidl_typesupport_fastrtps_c
[ 51%] Built target examen_interface__rosidl_typesupport_fastrtps_cpp
[ 61%] Built target examen_interface__rosidl_typesupport_introspection_c
[ 70%] Built target examen_interface__rosidl_typesupport_cpp
[ 70%] Built target examen_interface
[ 74%] Built target examen_interface__py
[ 80%] Built target examen_interface__rosidl_generator_py
[ 87%] Built target examen_interface__rosidl_typesupport_c__pyext
[ 93%] Built target examen_interface__rosidl_typesupport_fastrtps_c__pyext
[100%] Built target examen_interface__rosidl_typesupport_introspection_c__pyext
running egg_info
writing examen_interface.egg-info/PKG-INFO
writing dependency_links to examen_interface.egg-info/dependency_links.txt
writing top-level names to examen_interface.egg-info/top_level.txt
reading manifest file 'examen_interface.egg-info/SOURCES.txt'
writing manifest file 'examen_interface.egg-info/SOURCES.txt'
[100%] Built target ament_cmake_python_build_examen_interface_egg
-- Install configuration: ""
-- Up-to-date: /home/rod-0310/Escritorio/examen_ws/install/examen_interface/share/ament_index/resource_index/rosidl_interfaces/examen_interface
-- Up-to-date: /home/rod-0310/Escritorio/examen_ws/install/examen_interface/include/examen_interface/examen_interface
-- Up-to-date: /home/rod-0310/Escritorio/examen_ws/install/examen_interface/include/examen_interface/examen_interface/msg
-- Up-to-date: /home/rod-0310/Escritorio/examen_ws/install/examen_interface/include/examen_interface/examen_interface/msg/detail
-- Up-to-date: /home/rod-0310/Escritorio/examen_ws/install/examen_interface/include/examen_interface/examen_interface/msg/detail/num__functions.c
-- Up-to-date: /home/rod-0310/Escritorio/examen_ws/install/examen_interface/include/examen_interface/examen_interface/msg/detail/num__functions.h
-- Up-to-date: /home/rod-0310/Escritorio/examen_ws/install/examen_interface/include/examen_interface/examen_interface/msg/detail/num__struct.h
-- Up-to-date: /home/rod-0310/Escritorio/examen_ws/install/examen_interface/include/examen_interface/examen_interface/msg/detail/num__type_support.h
-- Up-to-date: /home/rod-0310/Escritorio/examen_ws/install/examen_interface/include/examen_interface/examen_interface/msg/num.h
-- Up-to-date: /home/rod-0310/Escritorio/examen_ws/install/examen_interface/include/examen_interface/examen_interface/msg/rosidl_generator_c__visibility_control.h
-- Up-to-date: /home/rod-0310/Escritorio/examen_ws/install/examen_interface/share/examen_interface/environment/library_path.sh
-- Up-to-date: /home/rod-0310/Escritorio/examen_ws/install/examen_interface/share/examen_interface/environment/library_path.dsv
-- Up-to-date: /home/rod-0310/Escritorio/examen_ws/install/examen_interface/lib/libexamen_interface__rosidl_generator_c.so
-- Up-to-date: /home/rod-0310/Escritorio/examen_ws/install/examen_interface/include/examen_interface/examen_interface
-- Up-to-date: /home/rod-0310/Escritorio/examen_ws/install/examen_interface/include/examen_interface/examen_interface/msg
-- Up-to-date: /home/rod-0310/Escritorio/examen_ws/install/examen_interface/include/examen_interface/examen_interface/msg/rosidl_typesupport_fastrtps_c__visibility_control.h
-- Up-to-date: /home/rod-0310/Escritorio/examen_ws/install/examen_interface/include/examen_interface/examen_interface/msg/detail
-- Up-to-date: /home/rod-0310/Escritorio/examen_ws/install/examen_interface/include/examen_interface/examen_interface/msg/detail/num__rosidl_typesupport_fastrtps_c.h
-- Up-to-date: /home/rod-0310/Escritorio/examen_ws/install/examen_interface/lib/libexamen_interface__rosidl_typesupport_fastrtps_c.so
-- Up-to-date: /home/rod-0310/Escritorio/examen_ws/install/examen_interface/include/examen_interface/examen_interface
-- Up-to-date: /home/rod-0310/Escritorio/examen_ws/install/examen_interface/include/examen_interface/examen_interface/msg
-- Up-to-date: /home/rod-0310/Escritorio/examen_ws/install/examen_interface/include/examen_interface/examen_interface/msg/rosidl_generator_cpp__visibility_control.hpp
-- Up-to-date: /home/rod-0310/Escritorio/examen_ws/install/examen_interface/include/examen_interface/examen_interface/msg/num.hpp
-- Up-to-date: /home/rod-0310/Escritorio/examen_ws/install/examen_interface/include/examen_interface/examen_interface/msg/detail
-- Up-to-date: /home/rod-0310/Escritorio/examen_ws/install/examen_interface/include/examen_interface/examen_interface/msg/detail/num__builder.hpp
-- Up-to-date: /home/rod-0310/Escritorio/examen_ws/install/examen_interface/include/examen_interface/examen_interface/msg/detail/num__type_support.hpp
-- Up-to-date: /home/rod-0310/Escritorio/examen_ws/install/examen_interface/include/examen_interface/examen_interface/msg/detail/num__traits.hpp
-- Up-to-date: /home/rod-0310/Escritorio/examen_ws/install/examen_interface/include/examen_interface/examen_interface/msg/detail/num__struct.hpp
-- Up-to-date: /home/rod-0310/Escritorio/examen_ws/install/examen_interface/include/examen_interface/examen_interface
-- Up-to-date: /home/rod-0310/Escritorio/examen_ws/install/examen_interface/include/examen_interface/examen_interface/msg
-- Up-to-date: /home/rod-0310/Escritorio/examen_ws/install/examen_interface/include/examen_interface/examen_interface/msg/rosidl_typesupport_fastrtps_cpp__visibility_control.h
-- Up-to-date: /home/rod-0310/Escritorio/examen_ws/install/examen_interface/include/examen_interface/examen_interface/msg/detail
-- Up-to-date: /home/rod-0310/Escritorio/examen_ws/install/examen_interface/include/examen_interface/examen_interface/msg/detail/num__rosidl_typesupport_fastrtps_cpp.hpp
-- Up-to-date: /home/rod-0310/Escritorio/examen_ws/install/examen_interface/include/examen_interface/examen_interface/msg/detail/dds_fastrtps
-- Up-to-date: /home/rod-0310/Escritorio/examen_ws/install/examen_interface/lib/libexamen_interface__rosidl_typesupport_fastrtps_cpp.so
-- Up-to-date: /home/rod-0310/Escritorio/examen_ws/install/examen_interface/include/examen_interface/examen_interface
-- Up-to-date: /home/rod-0310/Escritorio/examen_ws/install/examen_interface/include/examen_interface/examen_interface/msg
-- Up-to-date: /home/rod-0310/Escritorio/examen_ws/install/examen_interface/include/examen_interface/examen_interface/msg/rosidl_typesupport_introspection_c__visibility_control.h
-- Up-to-date: /home/rod-0310/Escritorio/examen_ws/install/examen_interface/include/examen_interface/examen_interface/msg/detail
-- Up-to-date: /home/rod-0310/Escritorio/examen_ws/install/examen_interface/include/examen_interface/examen_interface/msg/detail/num__type_support.c
-- Up-to-date: /home/rod-0310/Escritorio/examen_ws/install/examen_interface/include/examen_interface/examen_interface/msg/detail/num__rosidl_typesupport_introspection_c.h
-- Up-to-date: /home/rod-0310/Escritorio/examen_ws/install/examen_interface/lib/libexamen_interface__rosidl_typesupport_introspection_c.so
-- Up-to-date: /home/rod-0310/Escritorio/examen_ws/install/examen_interface/lib/libexamen_interface__rosidl_typesupport_c.so
-- Up-to-date: /home/rod-0310/Escritorio/examen_ws/install/examen_interface/include/examen_interface/examen_interface
-- Up-to-date: /home/rod-0310/Escritorio/examen_ws/install/examen_interface/include/examen_interface/examen_interface/msg
-- Up-to-date: /home/rod-0310/Escritorio/examen_ws/install/examen_interface/include/examen_interface/examen_interface/msg/detail
-- Up-to-date: /home/rod-0310/Escritorio/examen_ws/install/examen_interface/include/examen_interface/examen_interface/msg/detail/num__rosidl_typesupport_introspection_cpp.hpp
-- Up-to-date: /home/rod-0310/Escritorio/examen_ws/install/examen_interface/include/examen_interface/examen_interface/msg/detail/num__type_support.cpp
-- Up-to-date: /home/rod-0310/Escritorio/examen_ws/install/examen_interface/lib/libexamen_interface__rosidl_typesupport_introspection_cpp.so
-- Up-to-date: /home/rod-0310/Escritorio/examen_ws/install/examen_interface/lib/libexamen_interface__rosidl_typesupport_cpp.so
-- Up-to-date: /home/rod-0310/Escritorio/examen_ws/install/examen_interface/share/examen_interface/environment/pythonpath.sh
-- Up-to-date: /home/rod-0310/Escritorio/examen_ws/install/examen_interface/share/examen_interface/environment/pythonpath.dsv
-- Up-to-date: /home/rod-0310/Escritorio/examen_ws/install/examen_interface/local/lib/python3.10/dist-packages/examen_interface-0.0.0-py3.10.egg-info
-- Installing: /home/rod-0310/Escritorio/examen_ws/install/examen_interface/local/lib/python3.10/dist-packages/examen_interface-0.0.0-py3.10.egg-info/top_level.txt
-- Installing: /home/rod-0310/Escritorio/examen_ws/install/examen_interface/local/lib/python3.10/dist-packages/examen_interface-0.0.0-py3.10.egg-info/dependency_links.txt
-- Installing: /home/rod-0310/Escritorio/examen_ws/install/examen_interface/local/lib/python3.10/dist-packages/examen_interface-0.0.0-py3.10.egg-info/SOURCES.txt
-- Installing: /home/rod-0310/Escritorio/examen_ws/install/examen_interface/local/lib/python3.10/dist-packages/examen_interface-0.0.0-py3.10.egg-info/PKG-INFO
-- Up-to-date: /home/rod-0310/Escritorio/examen_ws/install/examen_interface/local/lib/python3.10/dist-packages/examen_interface
-- Up-to-date: /home/rod-0310/Escritorio/examen_ws/install/examen_interface/local/lib/python3.10/dist-packages/examen_interface/_examen_interface_s.ep.rosidl_typesupport_c.c
-- Up-to-date: /home/rod-0310/Escritorio/examen_ws/install/examen_interface/local/lib/python3.10/dist-packages/examen_interface/_examen_interface_s.ep.rosidl_typesupport_fastrtps_c.c
-- Up-to-date: /home/rod-0310/Escritorio/examen_ws/install/examen_interface/local/lib/python3.10/dist-packages/examen_interface/__init__.py
-- Up-to-date: /home/rod-0310/Escritorio/examen_ws/install/examen_interface/local/lib/python3.10/dist-packages/examen_interface/examen_interface_s__rosidl_typesupport_fastrtps_c.cpython-310-x86_64-linux-gnu.so
-- Up-to-date: /home/rod-0310/Escritorio/examen_ws/install/examen_interface/local/lib/python3.10/dist-packages/examen_interface/_examen_interface_s.ep.rosidl_typesupport_introspection_c.c
-- Up-to-date: /home/rod-0310/Escritorio/examen_ws/install/examen_interface/local/lib/python3.10/dist-packages/examen_interface/msg
-- Up-to-date: /home/rod-0310/Escritorio/examen_ws/install/examen_interface/local/lib/python3.10/dist-packages/examen_interface/msg/__init__.py
-- Up-to-date: /home/rod-0310/Escritorio/examen_ws/install/examen_interface/local/lib/python3.10/dist-packages/examen_interface/msg/_num.py
-- Up-to-date: /home/rod-0310/Escritorio/examen_ws/install/examen_interface/local/lib/python3.10/dist-packages/examen_interface/msg/_num_s.c
-- Up-to-date: /home/rod-0310/Escritorio/examen_ws/install/examen_interface/local/lib/python3.10/dist-packages/examen_interface/examen_interface_s__rosidl_typesupport_c.cpython-310-x86_64-linux-gnu.so
-- Up-to-date: /home/rod-0310/Escritorio/examen_ws/install/examen_interface/local/lib/python3.10/dist-packages/examen_interface/examen_interface_s__rosidl_typesupport_introspection_c.cpython-310-x86_64-linux-gnu.so
-- Up-to-date: /home/rod-0310/Escritorio/examen_ws/install/examen_interface/local/lib/python3.10/dist-packages/examen_interface/libexamen_interface__rosidl_generator_py.so
Listing '/home/rod-0310/Escritorio/examen_ws/install/examen_interface/local/lib/python3.10/dist-packages/examen_interface'...
Listing '/home/rod-0310/Escritorio/examen_ws/install/examen_interface/local/lib/python3.10/dist-packages/examen_interface/msg'...
-- Up-to-date: /home/rod-0310/Escritorio/examen_ws/install/examen_interface/local/lib/python3.10/dist-packages/examen_interface/examen_interface_s__rosidl_typesupport_fastrtps_c.cpython-310-x86_64-linux-gnu.so
-- Up-to-date: /home/rod-0310/Escritorio/examen_ws/install/examen_interface/local/lib/python3.10/dist-packages/examen_interface/examen_interface_s__rosidl_typesupport_introspection_c.cpython-310-x86_64-linux-gnu.so
-- Up-to-date: /home/rod-0310/Escritorio/examen_ws/install/examen_interface/local/lib/python3.10/dist-packages/examen_interface/examen_interface_s__rosidl_typesupport_c.cpython-310-x86_64-linux-gnu.so
-- Up-to-date: /home/rod-0310/Escritorio/examen_ws/install/examen_interface/lib/libexamen_interface__rosidl_generator_py.so
-- Up-to-date: /home/rod-0310/Escritorio/examen_ws/install/examen_interface/share/examen_interface/msg/Num.idl
-- Up-to-date: /home/rod-0310/Escritorio/examen_ws/install/examen_interface/share/examen_interface/msg/Num.msg
-- Up-to-date: /home/rod-0310/Escritorio/examen_ws/install/examen_interface/share/ament_index/resource_index/package_run_dependencies/examen_interface
-- Up-to-date: /home/rod-0310/Escritorio/examen_ws/install/examen_interface/share/ament_index/resource_index/parent_prefix_path/examen_interface
-- Up-to-date: /home/rod-0310/Escritorio/examen_ws/install/examen_interface/share/examen_interface/environment/ament_prefix_path.sh
-- Up-to-date: /home/rod-0310/Escritorio/examen_ws/install/examen_interface/share/examen_interface/environment/ament_prefix_path.dsv
-- Up-to-date: /home/rod-0310/Escritorio/examen_ws/install/examen_interface/share/examen_interface/environment/path.sh
-- Up-to-date: /home/rod-0310/Escritorio/examen_ws/install/examen_interface/share/examen_interface/environment/path.dsv
-- Up-to-date: /home/rod-0310/Escritorio/examen_ws/install/examen_interface/share/examen_interface/local_setup.bash
-- Up-to-date: /home/rod-0310/Escritorio/examen_ws/install/examen_interface/share/examen_interface/local_setup.sh
-- Up-to-date: /home/rod-0310/Escritorio/examen_ws/install/examen_interface/share/examen_interface/local_setup.zsh
-- Up-to-date: /home/rod-0310/Escritorio/examen_ws/install/examen_interface/share/examen_interface/local_setup.dsv
-- Installing: /home/rod-0310/Escritorio/examen_ws/install/examen_interface/share/examen_interface/package.dsv
-- Up-to-date: /home/rod-0310/Escritorio/examen_ws/install/examen_interface/share/ament_index/resource_index/packages/examen_interface
-- Up-to-date: /home/rod-0310/Escritorio/examen_ws/install/examen_interface/share/examen_interface/cmake/export_examen_interface__rosidl_generator_cExport.cmake
-- Up-to-date: /home/rod-0310/Escritorio/examen_ws/install/examen_interface/share/examen_interface/cmake/export_examen_interface__rosidl_generator_cExport-noconfig.cmake
-- Up-to-date: /home/rod-0310/Escritorio/examen_ws/install/examen_interface/share/examen_interface/cmake/export_examen_interface__rosidl_typesupport_fastrtps_cExport.cmake
-- Up-to-date: /home/rod-0310/Escritorio/examen_ws/install/examen_interface/share/examen_interface/cmake/export_examen_interface__rosidl_typesupport_fastrtps_cExport-noconfig.cmake
-- Up-to-date: /home/rod-0310/Escritorio/examen_ws/install/examen_interface/share/examen_interface/cmake/export_examen_interface__rosidl_generator_cppExport.cmake
-- Up-to-date: /home/rod-0310/Escritorio/examen_ws/install/examen_interface/share/examen_interface/cmake/export_examen_interface__rosidl_typesupport_fastrtps_cppExport.cmake
-- Up-to-date: /home/rod-0310/Escritorio/examen_ws/install/examen_interface/share/examen_interface/cmake/export_examen_interface__rosidl_typesupport_fastrtps_cppExport-noconfig.cmake
-- Up-to-date: /home/rod-0310/Escritorio/examen_ws/install/examen_interface/share/examen_interface/cmake/examen_interface__rosidl_typesupport_introspection_cExport.cmake
-- Up-to-date: /home/rod-0310/Escritorio/examen_ws/install/examen_interface/share/examen_interface/cmake/examen_interface__rosidl_typesupport_introspection_cExport-noconfig.cmake
-- Up-to-date: /home/rod-0310/Escritorio/examen_ws/install/examen_interface/share/examen_interface/cmake/examen_interface__rosidl_typesupport_cExport.cmake
-- Up-to-date: /home/rod-0310/Escritorio/examen_ws/install/examen_interface/share/examen_interface/cmake/examen_interface__rosidl_typesupport_cExport-noconfig.cmake
-- Up-to-date: /home/rod-0310/Escritorio/examen_ws/install/examen_interface/share/examen_interface/cmake/examen_interface__rosidl_typesupport_introspection_cppExport.cmake
-- Up-to-date: /home/rod-0310/Escritorio/examen_ws/install/examen_interface/share/examen_interface/cmake/examen_interface__rosidl_typesupport_introspection_cppExport-noconfig.cmake
-- Up-to-date: /home/rod-0310/Escritorio/examen_ws/install/examen_interface/share/examen_interface/cmake/examen_interface__rosidl_typesupport_cppExport.cmake
-- Up-to-date: /home/rod-0310/Escritorio/examen_ws/install/examen_interface/share/examen_interface/cmake/examen_interface__rosidl_typesupport_cppExport-noconfig.cmake
-- Up-to-date: /home/rod-0310/Escritorio/examen_ws/install/examen_interface/share/examen_interface/cmake/export_examen_interface__rosidl_generator_pyExport.cmake
-- Up-to-date: /home/rod-0310/Escritorio/examen_ws/install/examen_interface/share/examen_interface/cmake/export_examen_interface__rosidl_generator_pyExport-noconfig.cmake
-- Up-to-date: /home/rod-0310/Escritorio/examen_ws/install/examen_interface/share/examen_interface/cmake/rosidl_cmake-extras.cmake
-- Up-to-date: /home/rod-0310/Escritorio/examen_ws/install/examen_interface/share/examen_interface/cmake/ament_cmake_export_dependencies-extras.cmake
-- Up-to-date: /home/rod-0310/Escritorio/examen_ws/install/examen_interface/share/examen_interface/cmake/ament_cmake_export_include_directories-extras.cmake
-- Up-to-date: /home/rod-0310/Escritorio/examen_ws/install/examen_interface/share/examen_interface/cmake/ament_cmake_export_libraries-extras.cmake
-- Up-to-date: /home/rod-0310/Escritorio/examen_ws/install/examen_interface/share/examen_interface/cmake/ament_cmake_export_targets-extras.cmake
-- Up-to-date: /home/rod-0310/Escritorio/examen_ws/install/examen_interface/share/examen_interface/cmake/rosidl_cmake_export_typesupport_targets-extras.cmake
-- Up-to-date: /home/rod-0310/Escritorio/examen_ws/install/examen_interface/share/examen_interface/cmake/rosidl_cmake_export_typesupport_libraries-extras.cmake
-- Up-to-date: /home/rod-0310/Escritorio/examen_ws/install/examen_interface/share/examen_interface/cmake/examen_interfaceConfig.cmake
-- Up-to-date: /home/rod-0310/Escritorio/examen_ws/install/examen_interface/share/examen_interface/cmake/examen_interfaceConfig-version.cmake
-- Up-to-date: /home/rod-0310/Escritorio/examen_ws/install/examen_interface/share/examen_interface/package.xml
