[0.670s] Invoking command in '/home/rod-0310/Escritorio/practicasros_ws/src/ejercicio2': PYTHONPATH=/home/rod-0310/Escritorio/practicasros_ws/build/ejercicio2/prefix_override:/usr/lib/python3/dist-packages/colcon_core/task/python/colcon_distutils_commands:/home/rod-0310/Escritorio/practicasros_ws/install/ejercicio2/lib/python3.10/site-packages:${PYTHONPATH} /usr/bin/python3 -W ignore:setup.py install is deprecated -W ignore:easy_install command is deprecated setup.py egg_info --egg-base ../../build/ejercicio2 build --build-base /home/rod-0310/Escritorio/practicasros_ws/build/ejercicio2/build install --record /home/rod-0310/Escritorio/practicasros_ws/build/ejercicio2/install.log --single-version-externally-managed install_data
[0.846s] running egg_info
[0.847s] writing ../../build/ejercicio2/ejercicio2.egg-info/PKG-INFO
[0.847s] writing dependency_links to ../../build/ejercicio2/ejercicio2.egg-info/dependency_links.txt
[0.847s] writing entry points to ../../build/ejercicio2/ejercicio2.egg-info/entry_points.txt
[0.847s] writing requirements to ../../build/ejercicio2/ejercicio2.egg-info/requires.txt
[0.847s] writing top-level names to ../../build/ejercicio2/ejercicio2.egg-info/top_level.txt
[0.848s] reading manifest file '../../build/ejercicio2/ejercicio2.egg-info/SOURCES.txt'
[0.852s] adding license file 'LICENSE'
[0.853s] writing manifest file '../../build/ejercicio2/ejercicio2.egg-info/SOURCES.txt'
[0.853s] running build
[0.853s] running build_py
[0.853s] running install
[0.853s] running install_lib
[0.854s] running install_data
[0.854s] running install_egg_info
[0.855s] removing '/home/rod-0310/Escritorio/practicasros_ws/install/ejercicio2/lib/python3.10/site-packages/ejercicio2-0.0.0-py3.10.egg-info' (and everything under it)
[0.856s] Copying ../../build/ejercicio2/ejercicio2.egg-info to /home/rod-0310/Escritorio/practicasros_ws/install/ejercicio2/lib/python3.10/site-packages/ejercicio2-0.0.0-py3.10.egg-info
[0.856s] running install_scripts
[0.871s] Installing nodo1 script to /home/rod-0310/Escritorio/practicasros_ws/install/ejercicio2/lib/ejercicio2
[0.871s] Installing nodo2 script to /home/rod-0310/Escritorio/practicasros_ws/install/ejercicio2/lib/ejercicio2
[0.871s] Installing nodo3 script to /home/rod-0310/Escritorio/practicasros_ws/install/ejercicio2/lib/ejercicio2
[0.871s] writing list of installed files to '/home/rod-0310/Escritorio/practicasros_ws/build/ejercicio2/install.log'
[0.889s] Invoked command in '/home/rod-0310/Escritorio/practicasros_ws/src/ejercicio2' returned '0': PYTHONPATH=/home/rod-0310/Escritorio/practicasros_ws/build/ejercicio2/prefix_override:/usr/lib/python3/dist-packages/colcon_core/task/python/colcon_distutils_commands:/home/rod-0310/Escritorio/practicasros_ws/install/ejercicio2/lib/python3.10/site-packages:${PYTHONPATH} /usr/bin/python3 -W ignore:setup.py install is deprecated -W ignore:easy_install command is deprecated setup.py egg_info --egg-base ../../build/ejercicio2 build --build-base /home/rod-0310/Escritorio/practicasros_ws/build/ejercicio2/build install --record /home/rod-0310/Escritorio/practicasros_ws/build/ejercicio2/install.log --single-version-externally-managed install_data
