[0.470s] Invoking command in '/home/rod-0310/Escritorio/examen_ws/src/ejer2_py': PYTHONPATH=/home/rod-0310/Escritorio/examen_ws/build/ejer2_py/prefix_override:/usr/lib/python3/dist-packages/colcon_core/task/python/colcon_distutils_commands:/home/rod-0310/Escritorio/examen_ws/install/ejer2_py/lib/python3.10/site-packages:${PYTHONPATH} /usr/bin/python3 -W ignore:setup.py install is deprecated -W ignore:easy_install command is deprecated setup.py egg_info --egg-base ../../build/ejer2_py build --build-base /home/rod-0310/Escritorio/examen_ws/build/ejer2_py/build install --record /home/rod-0310/Escritorio/examen_ws/build/ejer2_py/install.log --single-version-externally-managed install_data
[0.625s] running egg_info
[0.625s] writing ../../build/ejer2_py/ejer2_py.egg-info/PKG-INFO
[0.625s] writing dependency_links to ../../build/ejer2_py/ejer2_py.egg-info/dependency_links.txt
[0.625s] writing entry points to ../../build/ejer2_py/ejer2_py.egg-info/entry_points.txt
[0.625s] writing requirements to ../../build/ejer2_py/ejer2_py.egg-info/requires.txt
[0.626s] writing top-level names to ../../build/ejer2_py/ejer2_py.egg-info/top_level.txt
[0.627s] reading manifest file '../../build/ejer2_py/ejer2_py.egg-info/SOURCES.txt'
[0.631s] adding license file 'LICENSE'
[0.631s] writing manifest file '../../build/ejer2_py/ejer2_py.egg-info/SOURCES.txt'
[0.631s] running build
[0.631s] running build_py
[0.631s] copying ejer2_py/nodo4.py -> /home/rod-0310/Escritorio/examen_ws/build/ejer2_py/build/lib/ejer2_py
[0.632s] running install
[0.632s] running install_lib
[0.633s] copying /home/rod-0310/Escritorio/examen_ws/build/ejer2_py/build/lib/ejer2_py/nodo4.py -> /home/rod-0310/Escritorio/examen_ws/install/ejer2_py/lib/python3.10/site-packages/ejer2_py
[0.633s] byte-compiling /home/rod-0310/Escritorio/examen_ws/install/ejer2_py/lib/python3.10/site-packages/ejer2_py/nodo4.py to nodo4.cpython-310.pyc
[0.634s] running install_data
[0.634s] running install_egg_info
[0.636s] removing '/home/rod-0310/Escritorio/examen_ws/install/ejer2_py/lib/python3.10/site-packages/ejer2_py-0.0.0-py3.10.egg-info' (and everything under it)
[0.636s] Copying ../../build/ejer2_py/ejer2_py.egg-info to /home/rod-0310/Escritorio/examen_ws/install/ejer2_py/lib/python3.10/site-packages/ejer2_py-0.0.0-py3.10.egg-info
[0.637s] running install_scripts
[0.651s] Installing sensor_1 script to /home/rod-0310/Escritorio/examen_ws/install/ejer2_py/lib/ejer2_py
[0.651s] Installing sensor_2 script to /home/rod-0310/Escritorio/examen_ws/install/ejer2_py/lib/ejer2_py
[0.651s] Installing sensor_3 script to /home/rod-0310/Escritorio/examen_ws/install/ejer2_py/lib/ejer2_py
[0.651s] Installing sensor_prom script to /home/rod-0310/Escritorio/examen_ws/install/ejer2_py/lib/ejer2_py
[0.651s] writing list of installed files to '/home/rod-0310/Escritorio/examen_ws/build/ejer2_py/install.log'
[0.665s] Invoked command in '/home/rod-0310/Escritorio/examen_ws/src/ejer2_py' returned '0': PYTHONPATH=/home/rod-0310/Escritorio/examen_ws/build/ejer2_py/prefix_override:/usr/lib/python3/dist-packages/colcon_core/task/python/colcon_distutils_commands:/home/rod-0310/Escritorio/examen_ws/install/ejer2_py/lib/python3.10/site-packages:${PYTHONPATH} /usr/bin/python3 -W ignore:setup.py install is deprecated -W ignore:easy_install command is deprecated setup.py egg_info --egg-base ../../build/ejer2_py build --build-base /home/rod-0310/Escritorio/examen_ws/build/ejer2_py/build install --record /home/rod-0310/Escritorio/examen_ws/build/ejer2_py/install.log --single-version-externally-managed install_data
