[0.159s] Invoking command in '/home/rod-0310/Escritorio/practicasros_ws/build/ejercicio2_cpp': CMAKE_PREFIX_PATH=/opt/ros/humble /usr/bin/cmake --build /home/rod-0310/Escritorio/practicasros_ws/build/ejercicio2_cpp -- -j20 -l20
[0.311s] -- Found ament_cmake: 1.3.11 (/opt/ros/humble/share/ament_cmake/cmake)
[0.311s] -- Found rclcpp: 16.0.11 (/opt/ros/humble/share/rclcpp/cmake)
[0.311s] -- Found rosidl_generator_c: 3.1.6 (/opt/ros/humble/share/rosidl_generator_c/cmake)
[0.311s] -- Found rosidl_adapter: 3.1.6 (/opt/ros/humble/share/rosidl_adapter/cmake)
[0.312s] -- Found rosidl_generator_cpp: 3.1.6 (/opt/ros/humble/share/rosidl_generator_cpp/cmake)
[0.313s] -- Using all available rosidl_typesupport_c: rosidl_typesupport_fastrtps_c;rosidl_typesupport_introspection_c
[0.313s] -- Using all available rosidl_typesupport_cpp: rosidl_typesupport_fastrtps_cpp;rosidl_typesupport_introspection_cpp
[0.313s] -- Found rmw_implementation_cmake: 6.1.2 (/opt/ros/humble/share/rmw_implementation_cmake/cmake)
[0.313s] -- Found rmw_fastrtps_cpp: 6.2.7 (/opt/ros/humble/share/rmw_fastrtps_cpp/cmake)
[0.378s] -- Using RMW implementation 'rmw_fastrtps_cpp' as default
[0.410s] -- Found ament_lint_auto: 0.12.11 (/opt/ros/humble/share/ament_lint_auto/cmake)
[0.457s] -- Added test 'cppcheck' to perform static code analysis on C / C++ code
[0.457s] -- Configured cppcheck include dirs: 
[0.457s] -- Configured cppcheck exclude dirs and/or files: 
[0.458s] -- Added test 'lint_cmake' to check CMake code style
[0.458s] -- Added test 'uncrustify' to check C / C++ code style
[0.458s] -- Configured uncrustify additional arguments: 
[0.458s] -- Added test 'xmllint' to check XML markup files
[0.459s] -- Configuring done
[0.467s] -- Generating done
[0.470s] -- Build files have been written to: /home/rod-0310/Escritorio/practicasros_ws/build/ejercicio2_cpp
[0.495s] [ 50%] [32mBuilding CXX object CMakeFiles/nodo1.dir/src/nodo1.cpp.o[0m
[0.495s] [ 50%] [32mBuilding CXX object CMakeFiles/nodo2.dir/src/nodo2.cpp.o[0m
[0.495s] [ 50%] [32mBuilding CXX object CMakeFiles/nodo3.dir/src/nodo3.cpp.o[0m
[3.004s] [ 66%] [32m[1mLinking CXX executable nodo2[0m
[3.006s] [ 83%] [32m[1mLinking CXX executable nodo1[0m
[3.136s] [ 83%] Built target nodo1
[3.136s] [ 83%] Built target nodo2
[5.041s] [100%] [32m[1mLinking CXX executable nodo3[0m
[5.240s] [100%] Built target nodo3
[5.247s] Invoked command in '/home/rod-0310/Escritorio/practicasros_ws/build/ejercicio2_cpp' returned '0': CMAKE_PREFIX_PATH=/opt/ros/humble /usr/bin/cmake --build /home/rod-0310/Escritorio/practicasros_ws/build/ejercicio2_cpp -- -j20 -l20
[5.249s] Invoking command in '/home/rod-0310/Escritorio/practicasros_ws/build/ejercicio2_cpp': CMAKE_PREFIX_PATH=/opt/ros/humble /usr/bin/cmake --install /home/rod-0310/Escritorio/practicasros_ws/build/ejercicio2_cpp
[5.252s] -- Install configuration: ""
[5.252s] -- Installing: /home/rod-0310/Escritorio/practicasros_ws/install/ejercicio2_cpp/lib/ejercicio2_cpp/nodo1
[5.252s] -- Set runtime path of "/home/rod-0310/Escritorio/practicasros_ws/install/ejercicio2_cpp/lib/ejercicio2_cpp/nodo1" to ""
[5.252s] -- Installing: /home/rod-0310/Escritorio/practicasros_ws/install/ejercicio2_cpp/lib/ejercicio2_cpp/nodo2
[5.253s] -- Set runtime path of "/home/rod-0310/Escritorio/practicasros_ws/install/ejercicio2_cpp/lib/ejercicio2_cpp/nodo2" to ""
[5.253s] -- Installing: /home/rod-0310/Escritorio/practicasros_ws/install/ejercicio2_cpp/lib/ejercicio2_cpp/nodo3
[5.254s] -- Set runtime path of "/home/rod-0310/Escritorio/practicasros_ws/install/ejercicio2_cpp/lib/ejercicio2_cpp/nodo3" to ""
[5.254s] -- Up-to-date: /home/rod-0310/Escritorio/practicasros_ws/install/ejercicio2_cpp/share/ament_index/resource_index/package_run_dependencies/ejercicio2_cpp
[5.255s] -- Up-to-date: /home/rod-0310/Escritorio/practicasros_ws/install/ejercicio2_cpp/share/ament_index/resource_index/parent_prefix_path/ejercicio2_cpp
[5.255s] -- Up-to-date: /home/rod-0310/Escritorio/practicasros_ws/install/ejercicio2_cpp/share/ejercicio2_cpp/environment/ament_prefix_path.sh
[5.255s] -- Installing: /home/rod-0310/Escritorio/practicasros_ws/install/ejercicio2_cpp/share/ejercicio2_cpp/environment/ament_prefix_path.dsv
[5.255s] -- Up-to-date: /home/rod-0310/Escritorio/practicasros_ws/install/ejercicio2_cpp/share/ejercicio2_cpp/environment/path.sh
[5.255s] -- Installing: /home/rod-0310/Escritorio/practicasros_ws/install/ejercicio2_cpp/share/ejercicio2_cpp/environment/path.dsv
[5.255s] -- Up-to-date: /home/rod-0310/Escritorio/practicasros_ws/install/ejercicio2_cpp/share/ejercicio2_cpp/local_setup.bash
[5.255s] -- Up-to-date: /home/rod-0310/Escritorio/practicasros_ws/install/ejercicio2_cpp/share/ejercicio2_cpp/local_setup.sh
[5.255s] -- Up-to-date: /home/rod-0310/Escritorio/practicasros_ws/install/ejercicio2_cpp/share/ejercicio2_cpp/local_setup.zsh
[5.255s] -- Installing: /home/rod-0310/Escritorio/practicasros_ws/install/ejercicio2_cpp/share/ejercicio2_cpp/local_setup.dsv
[5.255s] -- Installing: /home/rod-0310/Escritorio/practicasros_ws/install/ejercicio2_cpp/share/ejercicio2_cpp/package.dsv
[5.255s] -- Up-to-date: /home/rod-0310/Escritorio/practicasros_ws/install/ejercicio2_cpp/share/ament_index/resource_index/packages/ejercicio2_cpp
[5.255s] -- Up-to-date: /home/rod-0310/Escritorio/practicasros_ws/install/ejercicio2_cpp/share/ejercicio2_cpp/cmake/ejercicio2_cppConfig.cmake
[5.255s] -- Up-to-date: /home/rod-0310/Escritorio/practicasros_ws/install/ejercicio2_cpp/share/ejercicio2_cpp/cmake/ejercicio2_cppConfig-version.cmake
[5.255s] -- Up-to-date: /home/rod-0310/Escritorio/practicasros_ws/install/ejercicio2_cpp/share/ejercicio2_cpp/package.xml
[5.256s] Invoked command in '/home/rod-0310/Escritorio/practicasros_ws/build/ejercicio2_cpp' returned '0': CMAKE_PREFIX_PATH=/opt/ros/humble /usr/bin/cmake --install /home/rod-0310/Escritorio/practicasros_ws/build/ejercicio2_cpp
