[0.530s] Invoking command in '/home/rod-0310/Escritorio/practicasros_ws/src/ejercicio2': PYTHONPATH=/home/rod-0310/Escritorio/practicasros_ws/build/ejercicio2/prefix_override:/usr/lib/python3/dist-packages/colcon_core/task/python/colcon_distutils_commands:/home/rod-0310/Escritorio/practicasros_ws/install/ejercicio2/lib/python3.10/site-packages:${PYTHONPATH} /usr/bin/python3 -W ignore:setup.py install is deprecated -W ignore:easy_install command is deprecated setup.py egg_info --egg-base ../../build/ejercicio2 build --build-base /home/rod-0310/Escritorio/practicasros_ws/build/ejercicio2/build install --record /home/rod-0310/Escritorio/practicasros_ws/build/ejercicio2/install.log --single-version-externally-managed install_data
[0.668s] running egg_info
[0.669s] writing ../../build/ejercicio2/ejercicio2.egg-info/PKG-INFO
[0.669s] writing dependency_links to ../../build/ejercicio2/ejercicio2.egg-info/dependency_links.txt
[0.669s] writing entry points to ../../build/ejercicio2/ejercicio2.egg-info/entry_points.txt
[0.669s] writing requirements to ../../build/ejercicio2/ejercicio2.egg-info/requires.txt
[0.669s] writing top-level names to ../../build/ejercicio2/ejercicio2.egg-info/top_level.txt
[0.670s] reading manifest file '../../build/ejercicio2/ejercicio2.egg-info/SOURCES.txt'
[0.670s] adding license file 'LICENSE'
[0.670s] writing manifest file '../../build/ejercicio2/ejercicio2.egg-info/SOURCES.txt'
[0.670s] running build
[0.671s] running build_py
[0.671s] running install
[0.671s] running install_lib
[0.671s] running install_data
[0.672s] running install_egg_info
[0.673s] removing '/home/rod-0310/Escritorio/practicasros_ws/install/ejercicio2/lib/python3.10/site-packages/ejercicio2-0.0.0-py3.10.egg-info' (and everything under it)
[0.673s] Copying ../../build/ejercicio2/ejercicio2.egg-info to /home/rod-0310/Escritorio/practicasros_ws/install/ejercicio2/lib/python3.10/site-packages/ejercicio2-0.0.0-py3.10.egg-info
[0.673s] running install_scripts
[0.685s] Installing nodo1 script to /home/rod-0310/Escritorio/practicasros_ws/install/ejercicio2/lib/ejercicio2
[0.685s] Installing nodo2 script to /home/rod-0310/Escritorio/practicasros_ws/install/ejercicio2/lib/ejercicio2
[0.685s] Installing nodo3 script to /home/rod-0310/Escritorio/practicasros_ws/install/ejercicio2/lib/ejercicio2
[0.685s] writing list of installed files to '/home/rod-0310/Escritorio/practicasros_ws/build/ejercicio2/install.log'
[0.698s] Invoked command in '/home/rod-0310/Escritorio/practicasros_ws/src/ejercicio2' returned '0': PYTHONPATH=/home/rod-0310/Escritorio/practicasros_ws/build/ejercicio2/prefix_override:/usr/lib/python3/dist-packages/colcon_core/task/python/colcon_distutils_commands:/home/rod-0310/Escritorio/practicasros_ws/install/ejercicio2/lib/python3.10/site-packages:${PYTHONPATH} /usr/bin/python3 -W ignore:setup.py install is deprecated -W ignore:easy_install command is deprecated setup.py egg_info --egg-base ../../build/ejercicio2 build --build-base /home/rod-0310/Escritorio/practicasros_ws/build/ejercicio2/build install --record /home/rod-0310/Escritorio/practicasros_ws/build/ejercicio2/install.log --single-version-externally-managed install_data
