-- Found ament_cmake: 1.3.11 (/opt/ros/humble/share/ament_cmake/cmake)
-- Found geometry_msgs: 4.2.4 (/opt/ros/humble/share/geometry_msgs/cmake)
-- Found rosidl_generator_c: 3.1.6 (/opt/ros/humble/share/rosidl_generator_c/cmake)
-- Found rosidl_adapter: 3.1.6 (/opt/ros/humble/share/rosidl_adapter/cmake)
-- Found rosidl_generator_cpp: 3.1.6 (/opt/ros/humble/share/rosidl_generator_cpp/cmake)
-- Using all available rosidl_typesupport_c: rosidl_typesupport_fastrtps_c;rosidl_typesupport_introspection_c
-- Using all available rosidl_typesupport_cpp: rosidl_typesupport_fastrtps_cpp;rosidl_typesupport_introspection_cpp
-- Found rosidl_default_generators: 1.2.0 (/opt/ros/humble/share/rosidl_default_generators/cmake)
-- Found ament_cmake_ros: 0.10.0 (/opt/ros/humble/share/ament_cmake_ros/cmake)
-- Using all available rosidl_typesupport_c: rosidl_typesupport_fastrtps_c;rosidl_typesupport_introspection_c
-- Using all available rosidl_typesupport_cpp: rosidl_typesupport_fastrtps_cpp;rosidl_typesupport_introspection_cpp
-- Found PythonInterp: /usr/bin/python3 (found suitable version "3.10.12", minimum required is "3.6") 
-- Found python_cmake_module: 0.10.0 (/opt/ros/humble/share/python_cmake_module/cmake)
-- Found PythonLibs: /usr/lib/x86_64-linux-gnu/libpython3.10.so (found suitable version "3.10.12", minimum required is "3.5") 
-- Using PYTHON_EXECUTABLE: /usr/bin/python3
-- Using PYTHON_INCLUDE_DIRS: /usr/include/python3.10
-- Using PYTHON_LIBRARIES: /usr/lib/x86_64-linux-gnu/libpython3.10.so
-- Found PythonExtra: .so  
-- Found ament_lint_auto: 0.12.11 (/opt/ros/humble/share/ament_lint_auto/cmake)
-- Added test 'lint_cmake' to check CMake code style
-- Added test 'xmllint' to check XML markup files
-- Configuring done
-- Generating done
-- Build files have been written to: /home/rod-0310/Escritorio/practicasros_ws/build/recursos
[  2%] [34m[1mGenerating C code for ROS interfaces[0m
[  4%] [34m[1mGenerating C++ code for ROS interfaces[0m
[  4%] Built target ament_cmake_python_copy_recursos
running egg_info
creating recursos.egg-info
writing recursos.egg-info/PKG-INFO
writing dependency_links to recursos.egg-info/dependency_links.txt
writing top-level names to recursos.egg-info/top_level.txt
writing manifest file 'recursos.egg-info/SOURCES.txt'
reading manifest file 'recursos.egg-info/SOURCES.txt'
writing manifest file 'recursos.egg-info/SOURCES.txt'
[  4%] Built target ament_cmake_python_build_recursos_egg
[  4%] Built target recursos__cpp
[ 10%] [32mBuilding C object CMakeFiles/recursos__rosidl_generator_c.dir/rosidl_generator_c/recursos/msg/detail/sphere__functions.c.o[0m
[ 10%] [34m[1mGenerating C++ type support dispatch for ROS interfaces[0m
[ 10%] [34m[1mGenerating C++ introspection for ROS interfaces[0m
[ 12%] [32mBuilding C object CMakeFiles/recursos__rosidl_generator_c.dir/rosidl_generator_c/recursos/srv/detail/coordenadas__functions.c.o[0m
[ 14%] [34m[1mGenerating C++ type support for eProsima Fast-RTPS[0m
[ 17%] [32mBuilding C object CMakeFiles/recursos__rosidl_generator_c.dir/rosidl_generator_c/recursos/msg/detail/num__functions.c.o[0m
[ 19%] [32m[1mLinking C shared library librecursos__rosidl_generator_c.so[0m
[ 19%] Built target recursos__rosidl_generator_c
[ 21%] [34m[1mGenerating C introspection for ROS interfaces[0m
[ 23%] [34m[1mGenerating C type support for eProsima Fast-RTPS[0m
[ 25%] [34m[1mGenerating C type support dispatch for ROS interfaces[0m
[ 27%] [32mBuilding CXX object CMakeFiles/recursos__rosidl_typesupport_cpp.dir/rosidl_typesupport_cpp/recursos/srv/coordenadas__type_support.cpp.o[0m
[ 29%] [32mBuilding CXX object CMakeFiles/recursos__rosidl_typesupport_cpp.dir/rosidl_typesupport_cpp/recursos/msg/num__type_support.cpp.o[0m
[ 31%] [32mBuilding CXX object CMakeFiles/recursos__rosidl_typesupport_cpp.dir/rosidl_typesupport_cpp/recursos/msg/sphere__type_support.cpp.o[0m
[ 34%] [32mBuilding CXX object CMakeFiles/recursos__rosidl_typesupport_introspection_cpp.dir/rosidl_typesupport_introspection_cpp/recursos/msg/detail/num__type_support.cpp.o[0m
[ 38%] [32mBuilding CXX object CMakeFiles/recursos__rosidl_typesupport_introspection_cpp.dir/rosidl_typesupport_introspection_cpp/recursos/srv/detail/coordenadas__type_support.cpp.o[0m
[ 38%] [32mBuilding CXX object CMakeFiles/recursos__rosidl_typesupport_introspection_cpp.dir/rosidl_typesupport_introspection_cpp/recursos/msg/detail/sphere__type_support.cpp.o[0m
[ 40%] [32mBuilding CXX object CMakeFiles/recursos__rosidl_typesupport_fastrtps_cpp.dir/rosidl_typesupport_fastrtps_cpp/recursos/msg/detail/dds_fastrtps/num__type_support.cpp.o[0m
[ 42%] [32mBuilding CXX object CMakeFiles/recursos__rosidl_typesupport_fastrtps_cpp.dir/rosidl_typesupport_fastrtps_cpp/recursos/srv/detail/dds_fastrtps/coordenadas__type_support.cpp.o[0m
[ 44%] [32mBuilding CXX object CMakeFiles/recursos__rosidl_typesupport_fastrtps_cpp.dir/rosidl_typesupport_fastrtps_cpp/recursos/msg/detail/dds_fastrtps/sphere__type_support.cpp.o[0m
[ 46%] [32mBuilding CXX object CMakeFiles/recursos__rosidl_typesupport_fastrtps_c.dir/rosidl_typesupport_fastrtps_c/recursos/msg/detail/sphere__type_support_c.cpp.o[0m
[ 48%] [32mBuilding CXX object CMakeFiles/recursos__rosidl_typesupport_fastrtps_c.dir/rosidl_typesupport_fastrtps_c/recursos/srv/detail/coordenadas__type_support_c.cpp.o[0m
[ 51%] [32mBuilding CXX object CMakeFiles/recursos__rosidl_typesupport_fastrtps_c.dir/rosidl_typesupport_fastrtps_c/recursos/msg/detail/num__type_support_c.cpp.o[0m
[ 53%] [32mBuilding CXX object CMakeFiles/recursos__rosidl_typesupport_c.dir/rosidl_typesupport_c/recursos/msg/num__type_support.cpp.o[0m
[ 55%] [32mBuilding CXX object CMakeFiles/recursos__rosidl_typesupport_c.dir/rosidl_typesupport_c/recursos/srv/coordenadas__type_support.cpp.o[0m
[ 57%] [32mBuilding CXX object CMakeFiles/recursos__rosidl_typesupport_c.dir/rosidl_typesupport_c/recursos/msg/sphere__type_support.cpp.o[0m
[ 59%] [32m[1mLinking CXX shared library librecursos__rosidl_typesupport_c.so[0m
[ 61%] [32mBuilding C object CMakeFiles/recursos__rosidl_typesupport_introspection_c.dir/rosidl_typesupport_introspection_c/recursos/msg/detail/sphere__type_support.c.o[0m
[ 63%] [32mBuilding C object CMakeFiles/recursos__rosidl_typesupport_introspection_c.dir/rosidl_typesupport_introspection_c/recursos/srv/detail/coordenadas__type_support.c.o[0m
[ 65%] [32mBuilding C object CMakeFiles/recursos__rosidl_typesupport_introspection_c.dir/rosidl_typesupport_introspection_c/recursos/msg/detail/num__type_support.c.o[0m
[ 65%] Built target recursos__rosidl_typesupport_c
[ 68%] [32m[1mLinking C shared library librecursos__rosidl_typesupport_introspection_c.so[0m
[ 68%] Built target recursos__rosidl_typesupport_introspection_c
[ 70%] [32m[1mLinking CXX shared library librecursos__rosidl_typesupport_cpp.so[0m
[ 70%] Built target recursos__rosidl_typesupport_cpp
[ 72%] [32m[1mLinking CXX shared library librecursos__rosidl_typesupport_introspection_cpp.so[0m
[ 74%] [32m[1mLinking CXX shared library librecursos__rosidl_typesupport_fastrtps_c.so[0m
[ 76%] [32m[1mLinking CXX shared library librecursos__rosidl_typesupport_fastrtps_cpp.so[0m
[ 76%] Built target recursos__rosidl_typesupport_introspection_cpp
[ 76%] Built target recursos__rosidl_typesupport_fastrtps_c
[ 76%] Built target recursos__rosidl_typesupport_fastrtps_cpp
[ 76%] Built target recursos
[ 78%] [34m[1mGenerating Python code for ROS interfaces[0m
[ 78%] Built target recursos__py
[ 80%] [32mBuilding C object CMakeFiles/recursos__rosidl_generator_py.dir/rosidl_generator_py/recursos/msg/_num_s.c.o[0m
[ 85%] [32mBuilding C object CMakeFiles/recursos__rosidl_generator_py.dir/rosidl_generator_py/recursos/srv/_coordenadas_s.c.o[0m
[ 85%] [32mBuilding C object CMakeFiles/recursos__rosidl_generator_py.dir/rosidl_generator_py/recursos/msg/_sphere_s.c.o[0m
[ 87%] [32m[1mLinking C shared library rosidl_generator_py/recursos/librecursos__rosidl_generator_py.so[0m
[ 87%] Built target recursos__rosidl_generator_py
[ 89%] [32mBuilding C object CMakeFiles/recursos__rosidl_typesupport_c__pyext.dir/rosidl_generator_py/recursos/_recursos_s.ep.rosidl_typesupport_c.c.o[0m
[ 91%] [32mBuilding C object CMakeFiles/recursos__rosidl_typesupport_introspection_c__pyext.dir/rosidl_generator_py/recursos/_recursos_s.ep.rosidl_typesupport_introspection_c.c.o[0m
[ 93%] [32mBuilding C object CMakeFiles/recursos__rosidl_typesupport_fastrtps_c__pyext.dir/rosidl_generator_py/recursos/_recursos_s.ep.rosidl_typesupport_fastrtps_c.c.o[0m
[ 95%] [32m[1mLinking C shared library rosidl_generator_py/recursos/recursos_s__rosidl_typesupport_c.cpython-310-x86_64-linux-gnu.so[0m
[ 97%] [32m[1mLinking C shared library rosidl_generator_py/recursos/recursos_s__rosidl_typesupport_introspection_c.cpython-310-x86_64-linux-gnu.so[0m
[100%] [32m[1mLinking C shared library rosidl_generator_py/recursos/recursos_s__rosidl_typesupport_fastrtps_c.cpython-310-x86_64-linux-gnu.so[0m
[100%] Built target recursos__rosidl_typesupport_fastrtps_c__pyext
[100%] Built target recursos__rosidl_typesupport_introspection_c__pyext
[100%] Built target recursos__rosidl_typesupport_c__pyext
-- Install configuration: ""
-- Installing: /home/rod-0310/Escritorio/practicasros_ws/install/recursos/share/ament_index/resource_index/rosidl_interfaces/recursos
-- Installing: /home/rod-0310/Escritorio/practicasros_ws/install/recursos/include/recursos/recursos
-- Installing: /home/rod-0310/Escritorio/practicasros_ws/install/recursos/include/recursos/recursos/srv
-- Installing: /home/rod-0310/Escritorio/practicasros_ws/install/recursos/include/recursos/recursos/srv/coordenadas.h
-- Installing: /home/rod-0310/Escritorio/practicasros_ws/install/recursos/include/recursos/recursos/srv/detail
-- Installing: /home/rod-0310/Escritorio/practicasros_ws/install/recursos/include/recursos/recursos/srv/detail/coordenadas__type_support.h
-- Installing: /home/rod-0310/Escritorio/practicasros_ws/install/recursos/include/recursos/recursos/srv/detail/coordenadas__struct.h
-- Installing: /home/rod-0310/Escritorio/practicasros_ws/install/recursos/include/recursos/recursos/srv/detail/coordenadas__functions.c
-- Installing: /home/rod-0310/Escritorio/practicasros_ws/install/recursos/include/recursos/recursos/srv/detail/coordenadas__functions.h
-- Installing: /home/rod-0310/Escritorio/practicasros_ws/install/recursos/include/recursos/recursos/msg
-- Installing: /home/rod-0310/Escritorio/practicasros_ws/install/recursos/include/recursos/recursos/msg/detail
-- Installing: /home/rod-0310/Escritorio/practicasros_ws/install/recursos/include/recursos/recursos/msg/detail/num__functions.c
-- Installing: /home/rod-0310/Escritorio/practicasros_ws/install/recursos/include/recursos/recursos/msg/detail/num__functions.h
-- Installing: /home/rod-0310/Escritorio/practicasros_ws/install/recursos/include/recursos/recursos/msg/detail/sphere__functions.h
-- Installing: /home/rod-0310/Escritorio/practicasros_ws/install/recursos/include/recursos/recursos/msg/detail/num__struct.h
-- Installing: /home/rod-0310/Escritorio/practicasros_ws/install/recursos/include/recursos/recursos/msg/detail/num__type_support.h
-- Installing: /home/rod-0310/Escritorio/practicasros_ws/install/recursos/include/recursos/recursos/msg/detail/sphere__functions.c
-- Installing: /home/rod-0310/Escritorio/practicasros_ws/install/recursos/include/recursos/recursos/msg/detail/sphere__type_support.h
-- Installing: /home/rod-0310/Escritorio/practicasros_ws/install/recursos/include/recursos/recursos/msg/detail/sphere__struct.h
-- Installing: /home/rod-0310/Escritorio/practicasros_ws/install/recursos/include/recursos/recursos/msg/num.h
-- Installing: /home/rod-0310/Escritorio/practicasros_ws/install/recursos/include/recursos/recursos/msg/sphere.h
-- Installing: /home/rod-0310/Escritorio/practicasros_ws/install/recursos/include/recursos/recursos/msg/rosidl_generator_c__visibility_control.h
-- Installing: /home/rod-0310/Escritorio/practicasros_ws/install/recursos/share/recursos/environment/library_path.sh
-- Installing: /home/rod-0310/Escritorio/practicasros_ws/install/recursos/share/recursos/environment/library_path.dsv
-- Installing: /home/rod-0310/Escritorio/practicasros_ws/install/recursos/lib/librecursos__rosidl_generator_c.so
-- Set runtime path of "/home/rod-0310/Escritorio/practicasros_ws/install/recursos/lib/librecursos__rosidl_generator_c.so" to ""
-- Up-to-date: /home/rod-0310/Escritorio/practicasros_ws/install/recursos/include/recursos/recursos
-- Up-to-date: /home/rod-0310/Escritorio/practicasros_ws/install/recursos/include/recursos/recursos/srv
-- Up-to-date: /home/rod-0310/Escritorio/practicasros_ws/install/recursos/include/recursos/recursos/srv/detail
-- Installing: /home/rod-0310/Escritorio/practicasros_ws/install/recursos/include/recursos/recursos/srv/detail/coordenadas__rosidl_typesupport_fastrtps_c.h
-- Up-to-date: /home/rod-0310/Escritorio/practicasros_ws/install/recursos/include/recursos/recursos/msg
-- Installing: /home/rod-0310/Escritorio/practicasros_ws/install/recursos/include/recursos/recursos/msg/rosidl_typesupport_fastrtps_c__visibility_control.h
-- Up-to-date: /home/rod-0310/Escritorio/practicasros_ws/install/recursos/include/recursos/recursos/msg/detail
-- Installing: /home/rod-0310/Escritorio/practicasros_ws/install/recursos/include/recursos/recursos/msg/detail/num__rosidl_typesupport_fastrtps_c.h
-- Installing: /home/rod-0310/Escritorio/practicasros_ws/install/recursos/include/recursos/recursos/msg/detail/sphere__rosidl_typesupport_fastrtps_c.h
-- Installing: /home/rod-0310/Escritorio/practicasros_ws/install/recursos/lib/librecursos__rosidl_typesupport_fastrtps_c.so
-- Set runtime path of "/home/rod-0310/Escritorio/practicasros_ws/install/recursos/lib/librecursos__rosidl_typesupport_fastrtps_c.so" to ""
-- Up-to-date: /home/rod-0310/Escritorio/practicasros_ws/install/recursos/include/recursos/recursos
-- Up-to-date: /home/rod-0310/Escritorio/practicasros_ws/install/recursos/include/recursos/recursos/srv
-- Up-to-date: /home/rod-0310/Escritorio/practicasros_ws/install/recursos/include/recursos/recursos/srv/detail
-- Installing: /home/rod-0310/Escritorio/practicasros_ws/install/recursos/include/recursos/recursos/srv/detail/coordenadas__struct.hpp
-- Installing: /home/rod-0310/Escritorio/practicasros_ws/install/recursos/include/recursos/recursos/srv/detail/coordenadas__builder.hpp
-- Installing: /home/rod-0310/Escritorio/practicasros_ws/install/recursos/include/recursos/recursos/srv/detail/coordenadas__traits.hpp
-- Installing: /home/rod-0310/Escritorio/practicasros_ws/install/recursos/include/recursos/recursos/srv/detail/coordenadas__type_support.hpp
-- Installing: /home/rod-0310/Escritorio/practicasros_ws/install/recursos/include/recursos/recursos/srv/coordenadas.hpp
-- Up-to-date: /home/rod-0310/Escritorio/practicasros_ws/install/recursos/include/recursos/recursos/msg
-- Installing: /home/rod-0310/Escritorio/practicasros_ws/install/recursos/include/recursos/recursos/msg/rosidl_generator_cpp__visibility_control.hpp
-- Installing: /home/rod-0310/Escritorio/practicasros_ws/install/recursos/include/recursos/recursos/msg/num.hpp
-- Up-to-date: /home/rod-0310/Escritorio/practicasros_ws/install/recursos/include/recursos/recursos/msg/detail
-- Installing: /home/rod-0310/Escritorio/practicasros_ws/install/recursos/include/recursos/recursos/msg/detail/num__builder.hpp
-- Installing: /home/rod-0310/Escritorio/practicasros_ws/install/recursos/include/recursos/recursos/msg/detail/sphere__traits.hpp
-- Installing: /home/rod-0310/Escritorio/practicasros_ws/install/recursos/include/recursos/recursos/msg/detail/sphere__builder.hpp
-- Installing: /home/rod-0310/Escritorio/practicasros_ws/install/recursos/include/recursos/recursos/msg/detail/sphere__type_support.hpp
-- Installing: /home/rod-0310/Escritorio/practicasros_ws/install/recursos/include/recursos/recursos/msg/detail/num__type_support.hpp
-- Installing: /home/rod-0310/Escritorio/practicasros_ws/install/recursos/include/recursos/recursos/msg/detail/num__traits.hpp
-- Installing: /home/rod-0310/Escritorio/practicasros_ws/install/recursos/include/recursos/recursos/msg/detail/num__struct.hpp
-- Installing: /home/rod-0310/Escritorio/practicasros_ws/install/recursos/include/recursos/recursos/msg/detail/sphere__struct.hpp
-- Installing: /home/rod-0310/Escritorio/practicasros_ws/install/recursos/include/recursos/recursos/msg/sphere.hpp
-- Up-to-date: /home/rod-0310/Escritorio/practicasros_ws/install/recursos/include/recursos/recursos
-- Up-to-date: /home/rod-0310/Escritorio/practicasros_ws/install/recursos/include/recursos/recursos/srv
-- Up-to-date: /home/rod-0310/Escritorio/practicasros_ws/install/recursos/include/recursos/recursos/srv/detail
-- Installing: /home/rod-0310/Escritorio/practicasros_ws/install/recursos/include/recursos/recursos/srv/detail/coordenadas__rosidl_typesupport_fastrtps_cpp.hpp
-- Installing: /home/rod-0310/Escritorio/practicasros_ws/install/recursos/include/recursos/recursos/srv/detail/dds_fastrtps
-- Up-to-date: /home/rod-0310/Escritorio/practicasros_ws/install/recursos/include/recursos/recursos/msg
-- Installing: /home/rod-0310/Escritorio/practicasros_ws/install/recursos/include/recursos/recursos/msg/rosidl_typesupport_fastrtps_cpp__visibility_control.h
-- Up-to-date: /home/rod-0310/Escritorio/practicasros_ws/install/recursos/include/recursos/recursos/msg/detail
-- Installing: /home/rod-0310/Escritorio/practicasros_ws/install/recursos/include/recursos/recursos/msg/detail/num__rosidl_typesupport_fastrtps_cpp.hpp
-- Installing: /home/rod-0310/Escritorio/practicasros_ws/install/recursos/include/recursos/recursos/msg/detail/sphere__rosidl_typesupport_fastrtps_cpp.hpp
-- Installing: /home/rod-0310/Escritorio/practicasros_ws/install/recursos/include/recursos/recursos/msg/detail/dds_fastrtps
-- Installing: /home/rod-0310/Escritorio/practicasros_ws/install/recursos/lib/librecursos__rosidl_typesupport_fastrtps_cpp.so
-- Set runtime path of "/home/rod-0310/Escritorio/practicasros_ws/install/recursos/lib/librecursos__rosidl_typesupport_fastrtps_cpp.so" to ""
-- Up-to-date: /home/rod-0310/Escritorio/practicasros_ws/install/recursos/include/recursos/recursos
-- Up-to-date: /home/rod-0310/Escritorio/practicasros_ws/install/recursos/include/recursos/recursos/srv
-- Up-to-date: /home/rod-0310/Escritorio/practicasros_ws/install/recursos/include/recursos/recursos/srv/detail
-- Installing: /home/rod-0310/Escritorio/practicasros_ws/install/recursos/include/recursos/recursos/srv/detail/coordenadas__type_support.c
-- Installing: /home/rod-0310/Escritorio/practicasros_ws/install/recursos/include/recursos/recursos/srv/detail/coordenadas__rosidl_typesupport_introspection_c.h
-- Up-to-date: /home/rod-0310/Escritorio/practicasros_ws/install/recursos/include/recursos/recursos/msg
-- Installing: /home/rod-0310/Escritorio/practicasros_ws/install/recursos/include/recursos/recursos/msg/rosidl_typesupport_introspection_c__visibility_control.h
-- Up-to-date: /home/rod-0310/Escritorio/practicasros_ws/install/recursos/include/recursos/recursos/msg/detail
-- Installing: /home/rod-0310/Escritorio/practicasros_ws/install/recursos/include/recursos/recursos/msg/detail/num__type_support.c
-- Installing: /home/rod-0310/Escritorio/practicasros_ws/install/recursos/include/recursos/recursos/msg/detail/num__rosidl_typesupport_introspection_c.h
-- Installing: /home/rod-0310/Escritorio/practicasros_ws/install/recursos/include/recursos/recursos/msg/detail/sphere__type_support.c
-- Installing: /home/rod-0310/Escritorio/practicasros_ws/install/recursos/include/recursos/recursos/msg/detail/sphere__rosidl_typesupport_introspection_c.h
-- Installing: /home/rod-0310/Escritorio/practicasros_ws/install/recursos/lib/librecursos__rosidl_typesupport_introspection_c.so
-- Set runtime path of "/home/rod-0310/Escritorio/practicasros_ws/install/recursos/lib/librecursos__rosidl_typesupport_introspection_c.so" to ""
-- Installing: /home/rod-0310/Escritorio/practicasros_ws/install/recursos/lib/librecursos__rosidl_typesupport_c.so
-- Set runtime path of "/home/rod-0310/Escritorio/practicasros_ws/install/recursos/lib/librecursos__rosidl_typesupport_c.so" to ""
-- Up-to-date: /home/rod-0310/Escritorio/practicasros_ws/install/recursos/include/recursos/recursos
-- Up-to-date: /home/rod-0310/Escritorio/practicasros_ws/install/recursos/include/recursos/recursos/srv
-- Up-to-date: /home/rod-0310/Escritorio/practicasros_ws/install/recursos/include/recursos/recursos/srv/detail
-- Installing: /home/rod-0310/Escritorio/practicasros_ws/install/recursos/include/recursos/recursos/srv/detail/coordenadas__rosidl_typesupport_introspection_cpp.hpp
-- Installing: /home/rod-0310/Escritorio/practicasros_ws/install/recursos/include/recursos/recursos/srv/detail/coordenadas__type_support.cpp
-- Up-to-date: /home/rod-0310/Escritorio/practicasros_ws/install/recursos/include/recursos/recursos/msg
-- Up-to-date: /home/rod-0310/Escritorio/practicasros_ws/install/recursos/include/recursos/recursos/msg/detail
-- Installing: /home/rod-0310/Escritorio/practicasros_ws/install/recursos/include/recursos/recursos/msg/detail/sphere__type_support.cpp
-- Installing: /home/rod-0310/Escritorio/practicasros_ws/install/recursos/include/recursos/recursos/msg/detail/num__rosidl_typesupport_introspection_cpp.hpp
-- Installing: /home/rod-0310/Escritorio/practicasros_ws/install/recursos/include/recursos/recursos/msg/detail/sphere__rosidl_typesupport_introspection_cpp.hpp
-- Installing: /home/rod-0310/Escritorio/practicasros_ws/install/recursos/include/recursos/recursos/msg/detail/num__type_support.cpp
-- Installing: /home/rod-0310/Escritorio/practicasros_ws/install/recursos/lib/librecursos__rosidl_typesupport_introspection_cpp.so
-- Set runtime path of "/home/rod-0310/Escritorio/practicasros_ws/install/recursos/lib/librecursos__rosidl_typesupport_introspection_cpp.so" to ""
-- Installing: /home/rod-0310/Escritorio/practicasros_ws/install/recursos/lib/librecursos__rosidl_typesupport_cpp.so
-- Set runtime path of "/home/rod-0310/Escritorio/practicasros_ws/install/recursos/lib/librecursos__rosidl_typesupport_cpp.so" to ""
-- Installing: /home/rod-0310/Escritorio/practicasros_ws/install/recursos/share/recursos/environment/pythonpath.sh
-- Installing: /home/rod-0310/Escritorio/practicasros_ws/install/recursos/share/recursos/environment/pythonpath.dsv
-- Installing: /home/rod-0310/Escritorio/practicasros_ws/install/recursos/local/lib/python3.10/dist-packages/recursos-0.0.0-py3.10.egg-info
-- Installing: /home/rod-0310/Escritorio/practicasros_ws/install/recursos/local/lib/python3.10/dist-packages/recursos-0.0.0-py3.10.egg-info/top_level.txt
-- Installing: /home/rod-0310/Escritorio/practicasros_ws/install/recursos/local/lib/python3.10/dist-packages/recursos-0.0.0-py3.10.egg-info/dependency_links.txt
-- Installing: /home/rod-0310/Escritorio/practicasros_ws/install/recursos/local/lib/python3.10/dist-packages/recursos-0.0.0-py3.10.egg-info/SOURCES.txt
-- Installing: /home/rod-0310/Escritorio/practicasros_ws/install/recursos/local/lib/python3.10/dist-packages/recursos-0.0.0-py3.10.egg-info/PKG-INFO
-- Installing: /home/rod-0310/Escritorio/practicasros_ws/install/recursos/local/lib/python3.10/dist-packages/recursos
-- Installing: /home/rod-0310/Escritorio/practicasros_ws/install/recursos/local/lib/python3.10/dist-packages/recursos/recursos_s__rosidl_typesupport_introspection_c.cpython-310-x86_64-linux-gnu.so
-- Installing: /home/rod-0310/Escritorio/practicasros_ws/install/recursos/local/lib/python3.10/dist-packages/recursos/recursos_s__rosidl_typesupport_fastrtps_c.cpython-310-x86_64-linux-gnu.so
-- Installing: /home/rod-0310/Escritorio/practicasros_ws/install/recursos/local/lib/python3.10/dist-packages/recursos/__init__.py
-- Installing: /home/rod-0310/Escritorio/practicasros_ws/install/recursos/local/lib/python3.10/dist-packages/recursos/recursos_s__rosidl_typesupport_c.cpython-310-x86_64-linux-gnu.so
-- Installing: /home/rod-0310/Escritorio/practicasros_ws/install/recursos/local/lib/python3.10/dist-packages/recursos/srv
-- Installing: /home/rod-0310/Escritorio/practicasros_ws/install/recursos/local/lib/python3.10/dist-packages/recursos/srv/__init__.py
-- Installing: /home/rod-0310/Escritorio/practicasros_ws/install/recursos/local/lib/python3.10/dist-packages/recursos/srv/_coordenadas.py
-- Installing: /home/rod-0310/Escritorio/practicasros_ws/install/recursos/local/lib/python3.10/dist-packages/recursos/srv/_coordenadas_s.c
-- Installing: /home/rod-0310/Escritorio/practicasros_ws/install/recursos/local/lib/python3.10/dist-packages/recursos/msg
-- Installing: /home/rod-0310/Escritorio/practicasros_ws/install/recursos/local/lib/python3.10/dist-packages/recursos/msg/_sphere_s.c
-- Installing: /home/rod-0310/Escritorio/practicasros_ws/install/recursos/local/lib/python3.10/dist-packages/recursos/msg/__init__.py
-- Installing: /home/rod-0310/Escritorio/practicasros_ws/install/recursos/local/lib/python3.10/dist-packages/recursos/msg/_sphere.py
-- Installing: /home/rod-0310/Escritorio/practicasros_ws/install/recursos/local/lib/python3.10/dist-packages/recursos/msg/_num.py
-- Installing: /home/rod-0310/Escritorio/practicasros_ws/install/recursos/local/lib/python3.10/dist-packages/recursos/msg/_num_s.c
-- Installing: /home/rod-0310/Escritorio/practicasros_ws/install/recursos/local/lib/python3.10/dist-packages/recursos/_recursos_s.ep.rosidl_typesupport_fastrtps_c.c
-- Installing: /home/rod-0310/Escritorio/practicasros_ws/install/recursos/local/lib/python3.10/dist-packages/recursos/_recursos_s.ep.rosidl_typesupport_c.c
-- Installing: /home/rod-0310/Escritorio/practicasros_ws/install/recursos/local/lib/python3.10/dist-packages/recursos/librecursos__rosidl_generator_py.so
-- Installing: /home/rod-0310/Escritorio/practicasros_ws/install/recursos/local/lib/python3.10/dist-packages/recursos/_recursos_s.ep.rosidl_typesupport_introspection_c.c
Listing '/home/rod-0310/Escritorio/practicasros_ws/install/recursos/local/lib/python3.10/dist-packages/recursos'...
Compiling '/home/rod-0310/Escritorio/practicasros_ws/install/recursos/local/lib/python3.10/dist-packages/recursos/__init__.py'...
Listing '/home/rod-0310/Escritorio/practicasros_ws/install/recursos/local/lib/python3.10/dist-packages/recursos/msg'...
Compiling '/home/rod-0310/Escritorio/practicasros_ws/install/recursos/local/lib/python3.10/dist-packages/recursos/msg/__init__.py'...
Compiling '/home/rod-0310/Escritorio/practicasros_ws/install/recursos/local/lib/python3.10/dist-packages/recursos/msg/_num.py'...
Compiling '/home/rod-0310/Escritorio/practicasros_ws/install/recursos/local/lib/python3.10/dist-packages/recursos/msg/_sphere.py'...
Listing '/home/rod-0310/Escritorio/practicasros_ws/install/recursos/local/lib/python3.10/dist-packages/recursos/srv'...
Compiling '/home/rod-0310/Escritorio/practicasros_ws/install/recursos/local/lib/python3.10/dist-packages/recursos/srv/__init__.py'...
Compiling '/home/rod-0310/Escritorio/practicasros_ws/install/recursos/local/lib/python3.10/dist-packages/recursos/srv/_coordenadas.py'...
-- Installing: /home/rod-0310/Escritorio/practicasros_ws/install/recursos/local/lib/python3.10/dist-packages/recursos/recursos_s__rosidl_typesupport_fastrtps_c.cpython-310-x86_64-linux-gnu.so
-- Set runtime path of "/home/rod-0310/Escritorio/practicasros_ws/install/recursos/local/lib/python3.10/dist-packages/recursos/recursos_s__rosidl_typesupport_fastrtps_c.cpython-310-x86_64-linux-gnu.so" to ""
-- Installing: /home/rod-0310/Escritorio/practicasros_ws/install/recursos/local/lib/python3.10/dist-packages/recursos/recursos_s__rosidl_typesupport_introspection_c.cpython-310-x86_64-linux-gnu.so
-- Set runtime path of "/home/rod-0310/Escritorio/practicasros_ws/install/recursos/local/lib/python3.10/dist-packages/recursos/recursos_s__rosidl_typesupport_introspection_c.cpython-310-x86_64-linux-gnu.so" to ""
-- Installing: /home/rod-0310/Escritorio/practicasros_ws/install/recursos/local/lib/python3.10/dist-packages/recursos/recursos_s__rosidl_typesupport_c.cpython-310-x86_64-linux-gnu.so
-- Set runtime path of "/home/rod-0310/Escritorio/practicasros_ws/install/recursos/local/lib/python3.10/dist-packages/recursos/recursos_s__rosidl_typesupport_c.cpython-310-x86_64-linux-gnu.so" to ""
-- Installing: /home/rod-0310/Escritorio/practicasros_ws/install/recursos/lib/librecursos__rosidl_generator_py.so
-- Set runtime path of "/home/rod-0310/Escritorio/practicasros_ws/install/recursos/lib/librecursos__rosidl_generator_py.so" to ""
-- Installing: /home/rod-0310/Escritorio/practicasros_ws/install/recursos/share/recursos/msg/Num.idl
-- Installing: /home/rod-0310/Escritorio/practicasros_ws/install/recursos/share/recursos/msg/Sphere.idl
-- Installing: /home/rod-0310/Escritorio/practicasros_ws/install/recursos/share/recursos/srv/Coordenadas.idl
-- Installing: /home/rod-0310/Escritorio/practicasros_ws/install/recursos/share/recursos/msg/Num.msg
-- Installing: /home/rod-0310/Escritorio/practicasros_ws/install/recursos/share/recursos/msg/Sphere.msg
-- Installing: /home/rod-0310/Escritorio/practicasros_ws/install/recursos/share/recursos/srv/Coordenadas.srv
-- Installing: /home/rod-0310/Escritorio/practicasros_ws/install/recursos/share/recursos/srv/Coordenadas_Request.msg
-- Installing: /home/rod-0310/Escritorio/practicasros_ws/install/recursos/share/recursos/srv/Coordenadas_Response.msg
-- Installing: /home/rod-0310/Escritorio/practicasros_ws/install/recursos/share/ament_index/resource_index/package_run_dependencies/recursos
-- Installing: /home/rod-0310/Escritorio/practicasros_ws/install/recursos/share/ament_index/resource_index/parent_prefix_path/recursos
-- Up-to-date: /home/rod-0310/Escritorio/practicasros_ws/install/recursos/share/recursos/environment/ament_prefix_path.sh
-- Installing: /home/rod-0310/Escritorio/practicasros_ws/install/recursos/share/recursos/environment/ament_prefix_path.dsv
-- Up-to-date: /home/rod-0310/Escritorio/practicasros_ws/install/recursos/share/recursos/environment/path.sh
-- Installing: /home/rod-0310/Escritorio/practicasros_ws/install/recursos/share/recursos/environment/path.dsv
-- Up-to-date: /home/rod-0310/Escritorio/practicasros_ws/install/recursos/share/recursos/local_setup.bash
-- Installing: /home/rod-0310/Escritorio/practicasros_ws/install/recursos/share/recursos/local_setup.sh
-- Up-to-date: /home/rod-0310/Escritorio/practicasros_ws/install/recursos/share/recursos/local_setup.zsh
-- Installing: /home/rod-0310/Escritorio/practicasros_ws/install/recursos/share/recursos/local_setup.dsv
-- Installing: /home/rod-0310/Escritorio/practicasros_ws/install/recursos/share/recursos/package.dsv
-- Up-to-date: /home/rod-0310/Escritorio/practicasros_ws/install/recursos/share/ament_index/resource_index/packages/recursos
-- Installing: /home/rod-0310/Escritorio/practicasros_ws/install/recursos/share/recursos/cmake/export_recursos__rosidl_generator_cExport.cmake
-- Installing: /home/rod-0310/Escritorio/practicasros_ws/install/recursos/share/recursos/cmake/export_recursos__rosidl_generator_cExport-noconfig.cmake
-- Installing: /home/rod-0310/Escritorio/practicasros_ws/install/recursos/share/recursos/cmake/export_recursos__rosidl_typesupport_fastrtps_cExport.cmake
-- Installing: /home/rod-0310/Escritorio/practicasros_ws/install/recursos/share/recursos/cmake/export_recursos__rosidl_typesupport_fastrtps_cExport-noconfig.cmake
-- Installing: /home/rod-0310/Escritorio/practicasros_ws/install/recursos/share/recursos/cmake/export_recursos__rosidl_generator_cppExport.cmake
-- Installing: /home/rod-0310/Escritorio/practicasros_ws/install/recursos/share/recursos/cmake/export_recursos__rosidl_typesupport_fastrtps_cppExport.cmake
-- Installing: /home/rod-0310/Escritorio/practicasros_ws/install/recursos/share/recursos/cmake/export_recursos__rosidl_typesupport_fastrtps_cppExport-noconfig.cmake
-- Installing: /home/rod-0310/Escritorio/practicasros_ws/install/recursos/share/recursos/cmake/recursos__rosidl_typesupport_introspection_cExport.cmake
-- Installing: /home/rod-0310/Escritorio/practicasros_ws/install/recursos/share/recursos/cmake/recursos__rosidl_typesupport_introspection_cExport-noconfig.cmake
-- Installing: /home/rod-0310/Escritorio/practicasros_ws/install/recursos/share/recursos/cmake/recursos__rosidl_typesupport_cExport.cmake
-- Installing: /home/rod-0310/Escritorio/practicasros_ws/install/recursos/share/recursos/cmake/recursos__rosidl_typesupport_cExport-noconfig.cmake
-- Installing: /home/rod-0310/Escritorio/practicasros_ws/install/recursos/share/recursos/cmake/recursos__rosidl_typesupport_introspection_cppExport.cmake
-- Installing: /home/rod-0310/Escritorio/practicasros_ws/install/recursos/share/recursos/cmake/recursos__rosidl_typesupport_introspection_cppExport-noconfig.cmake
-- Installing: /home/rod-0310/Escritorio/practicasros_ws/install/recursos/share/recursos/cmake/recursos__rosidl_typesupport_cppExport.cmake
-- Installing: /home/rod-0310/Escritorio/practicasros_ws/install/recursos/share/recursos/cmake/recursos__rosidl_typesupport_cppExport-noconfig.cmake
-- Installing: /home/rod-0310/Escritorio/practicasros_ws/install/recursos/share/recursos/cmake/export_recursos__rosidl_generator_pyExport.cmake
-- Installing: /home/rod-0310/Escritorio/practicasros_ws/install/recursos/share/recursos/cmake/export_recursos__rosidl_generator_pyExport-noconfig.cmake
-- Installing: /home/rod-0310/Escritorio/practicasros_ws/install/recursos/share/recursos/cmake/rosidl_cmake-extras.cmake
-- Installing: /home/rod-0310/Escritorio/practicasros_ws/install/recursos/share/recursos/cmake/ament_cmake_export_dependencies-extras.cmake
-- Installing: /home/rod-0310/Escritorio/practicasros_ws/install/recursos/share/recursos/cmake/ament_cmake_export_include_directories-extras.cmake
-- Installing: /home/rod-0310/Escritorio/practicasros_ws/install/recursos/share/recursos/cmake/ament_cmake_export_libraries-extras.cmake
-- Installing: /home/rod-0310/Escritorio/practicasros_ws/install/recursos/share/recursos/cmake/ament_cmake_export_targets-extras.cmake
-- Installing: /home/rod-0310/Escritorio/practicasros_ws/install/recursos/share/recursos/cmake/rosidl_cmake_export_typesupport_targets-extras.cmake
-- Installing: /home/rod-0310/Escritorio/practicasros_ws/install/recursos/share/recursos/cmake/rosidl_cmake_export_typesupport_libraries-extras.cmake
-- Installing: /home/rod-0310/Escritorio/practicasros_ws/install/recursos/share/recursos/cmake/recursosConfig.cmake
-- Up-to-date: /home/rod-0310/Escritorio/practicasros_ws/install/recursos/share/recursos/cmake/recursosConfig-version.cmake
-- Installing: /home/rod-0310/Escritorio/practicasros_ws/install/recursos/share/recursos/package.xml
