[0.453s] Invoking command in '/home/rod-0310/Escritorio/practicasros_ws/build/recursos': CMAKE_PREFIX_PATH=/opt/ros/humble /usr/bin/cmake --build /home/rod-0310/Escritorio/practicasros_ws/build/recursos -- -j20 -l20
[0.475s] -- Found ament_cmake: 1.3.11 (/opt/ros/humble/share/ament_cmake/cmake)
[0.573s] -- Found geometry_msgs: 4.2.4 (/opt/ros/humble/share/geometry_msgs/cmake)
[0.590s] -- Found rosidl_generator_c: 3.1.6 (/opt/ros/humble/share/rosidl_generator_c/cmake)
[0.591s] -- Found rosidl_adapter: 3.1.6 (/opt/ros/humble/share/rosidl_adapter/cmake)
[0.595s] -- Found rosidl_generator_cpp: 3.1.6 (/opt/ros/humble/share/rosidl_generator_cpp/cmake)
[0.601s] -- Using all available rosidl_typesupport_c: rosidl_typesupport_fastrtps_c;rosidl_typesupport_introspection_c
[0.609s] -- Using all available rosidl_typesupport_cpp: rosidl_typesupport_fastrtps_cpp;rosidl_typesupport_introspection_cpp
[0.633s] -- Found rosidl_default_generators: 1.2.0 (/opt/ros/humble/share/rosidl_default_generators/cmake)
[0.847s] -- Found ament_cmake_ros: 0.10.0 (/opt/ros/humble/share/ament_cmake_ros/cmake)
[1.112s] -- Using all available rosidl_typesupport_c: rosidl_typesupport_fastrtps_c;rosidl_typesupport_introspection_c
[1.219s] -- Using all available rosidl_typesupport_cpp: rosidl_typesupport_fastrtps_cpp;rosidl_typesupport_introspection_cpp
[1.233s] -- Found PythonInterp: /usr/bin/python3 (found suitable version "3.10.12", minimum required is "3.6") 
[1.234s] -- Found python_cmake_module: 0.10.0 (/opt/ros/humble/share/python_cmake_module/cmake)
[1.250s] -- Found PythonLibs: /usr/lib/x86_64-linux-gnu/libpython3.10.so (found suitable version "3.10.12", minimum required is "3.5") 
[1.250s] -- Using PYTHON_EXECUTABLE: /usr/bin/python3
[1.250s] -- Using PYTHON_INCLUDE_DIRS: /usr/include/python3.10
[1.250s] -- Using PYTHON_LIBRARIES: /usr/lib/x86_64-linux-gnu/libpython3.10.so
[1.262s] -- Found PythonExtra: .so  
[1.297s] -- Found ament_lint_auto: 0.12.11 (/opt/ros/humble/share/ament_lint_auto/cmake)
[1.303s] -- Added test 'lint_cmake' to check CMake code style
[1.304s] -- Added test 'xmllint' to check XML markup files
[1.305s] -- Configuring done
[1.323s] -- Generating done
[1.329s] -- Build files have been written to: /home/rod-0310/Escritorio/practicasros_ws/build/recursos
[1.345s] [  2%] [34m[1mGenerating C code for ROS interfaces[0m
[1.352s] [  4%] [34m[1mGenerating C++ code for ROS interfaces[0m
[1.357s] [  4%] Built target ament_cmake_python_copy_recursos
[1.525s] running egg_info
[1.526s] creating recursos.egg-info
[1.526s] writing recursos.egg-info/PKG-INFO
[1.526s] writing dependency_links to recursos.egg-info/dependency_links.txt
[1.526s] writing top-level names to recursos.egg-info/top_level.txt
[1.526s] writing manifest file 'recursos.egg-info/SOURCES.txt'
[1.527s] reading manifest file 'recursos.egg-info/SOURCES.txt'
[1.527s] writing manifest file 'recursos.egg-info/SOURCES.txt'
[1.546s] [  4%] Built target ament_cmake_python_build_recursos_egg
[1.571s] [  4%] Built target recursos__cpp
[1.580s] [ 10%] [32mBuilding C object CMakeFiles/recursos__rosidl_generator_c.dir/rosidl_generator_c/recursos/msg/detail/sphere__functions.c.o[0m
[1.580s] [ 10%] [34m[1mGenerating C++ type support dispatch for ROS interfaces[0m
[1.580s] [ 10%] [34m[1mGenerating C++ introspection for ROS interfaces[0m
[1.580s] [ 12%] [32mBuilding C object CMakeFiles/recursos__rosidl_generator_c.dir/rosidl_generator_c/recursos/srv/detail/coordenadas__functions.c.o[0m
[1.581s] [ 14%] [34m[1mGenerating C++ type support for eProsima Fast-RTPS[0m
[1.582s] [ 17%] [32mBuilding C object CMakeFiles/recursos__rosidl_generator_c.dir/rosidl_generator_c/recursos/msg/detail/num__functions.c.o[0m
[1.637s] [ 19%] [32m[1mLinking C shared library librecursos__rosidl_generator_c.so[0m
[1.677s] [ 19%] Built target recursos__rosidl_generator_c
[1.684s] [ 21%] [34m[1mGenerating C introspection for ROS interfaces[0m
[1.685s] [ 23%] [34m[1mGenerating C type support for eProsima Fast-RTPS[0m
[1.686s] [ 25%] [34m[1mGenerating C type support dispatch for ROS interfaces[0m
[1.765s] [ 27%] [32mBuilding CXX object CMakeFiles/recursos__rosidl_typesupport_cpp.dir/rosidl_typesupport_cpp/recursos/srv/coordenadas__type_support.cpp.o[0m
[1.765s] [ 29%] [32mBuilding CXX object CMakeFiles/recursos__rosidl_typesupport_cpp.dir/rosidl_typesupport_cpp/recursos/msg/num__type_support.cpp.o[0m
[1.767s] [ 31%] [32mBuilding CXX object CMakeFiles/recursos__rosidl_typesupport_cpp.dir/rosidl_typesupport_cpp/recursos/msg/sphere__type_support.cpp.o[0m
[1.788s] [ 34%] [32mBuilding CXX object CMakeFiles/recursos__rosidl_typesupport_introspection_cpp.dir/rosidl_typesupport_introspection_cpp/recursos/msg/detail/num__type_support.cpp.o[0m
[1.790s] [ 38%] [32mBuilding CXX object CMakeFiles/recursos__rosidl_typesupport_introspection_cpp.dir/rosidl_typesupport_introspection_cpp/recursos/srv/detail/coordenadas__type_support.cpp.o[0m
[1.790s] [ 38%] [32mBuilding CXX object CMakeFiles/recursos__rosidl_typesupport_introspection_cpp.dir/rosidl_typesupport_introspection_cpp/recursos/msg/detail/sphere__type_support.cpp.o[0m
[1.827s] [ 40%] [32mBuilding CXX object CMakeFiles/recursos__rosidl_typesupport_fastrtps_cpp.dir/rosidl_typesupport_fastrtps_cpp/recursos/msg/detail/dds_fastrtps/num__type_support.cpp.o[0m
[1.829s] [ 42%] [32mBuilding CXX object CMakeFiles/recursos__rosidl_typesupport_fastrtps_cpp.dir/rosidl_typesupport_fastrtps_cpp/recursos/srv/detail/dds_fastrtps/coordenadas__type_support.cpp.o[0m
[1.829s] [ 44%] [32mBuilding CXX object CMakeFiles/recursos__rosidl_typesupport_fastrtps_cpp.dir/rosidl_typesupport_fastrtps_cpp/recursos/msg/detail/dds_fastrtps/sphere__type_support.cpp.o[0m
[1.952s] [ 46%] [32mBuilding CXX object CMakeFiles/recursos__rosidl_typesupport_fastrtps_c.dir/rosidl_typesupport_fastrtps_c/recursos/msg/detail/sphere__type_support_c.cpp.o[0m
[1.955s] [ 48%] [32mBuilding CXX object CMakeFiles/recursos__rosidl_typesupport_fastrtps_c.dir/rosidl_typesupport_fastrtps_c/recursos/srv/detail/coordenadas__type_support_c.cpp.o[0m
[1.955s] [ 51%] [32mBuilding CXX object CMakeFiles/recursos__rosidl_typesupport_fastrtps_c.dir/rosidl_typesupport_fastrtps_c/recursos/msg/detail/num__type_support_c.cpp.o[0m
[1.959s] [ 53%] [32mBuilding CXX object CMakeFiles/recursos__rosidl_typesupport_c.dir/rosidl_typesupport_c/recursos/msg/num__type_support.cpp.o[0m
[1.960s] [ 55%] [32mBuilding CXX object CMakeFiles/recursos__rosidl_typesupport_c.dir/rosidl_typesupport_c/recursos/srv/coordenadas__type_support.cpp.o[0m
[1.961s] [ 57%] [32mBuilding CXX object CMakeFiles/recursos__rosidl_typesupport_c.dir/rosidl_typesupport_c/recursos/msg/sphere__type_support.cpp.o[0m
[1.996s] [ 59%] [32m[1mLinking CXX shared library librecursos__rosidl_typesupport_c.so[0m
[2.039s] [ 61%] [32mBuilding C object CMakeFiles/recursos__rosidl_typesupport_introspection_c.dir/rosidl_typesupport_introspection_c/recursos/msg/detail/sphere__type_support.c.o[0m
[2.039s] [ 63%] [32mBuilding C object CMakeFiles/recursos__rosidl_typesupport_introspection_c.dir/rosidl_typesupport_introspection_c/recursos/srv/detail/coordenadas__type_support.c.o[0m
[2.041s] [ 65%] [32mBuilding C object CMakeFiles/recursos__rosidl_typesupport_introspection_c.dir/rosidl_typesupport_introspection_c/recursos/msg/detail/num__type_support.c.o[0m
[2.054s] [ 65%] Built target recursos__rosidl_typesupport_c
[2.081s] [ 68%] [32m[1mLinking C shared library librecursos__rosidl_typesupport_introspection_c.so[0m
[2.110s] [ 68%] Built target recursos__rosidl_typesupport_introspection_c
[2.152s] [ 70%] [32m[1mLinking CXX shared library librecursos__rosidl_typesupport_cpp.so[0m
[2.193s] [ 70%] Built target recursos__rosidl_typesupport_cpp
[2.253s] [ 72%] [32m[1mLinking CXX shared library librecursos__rosidl_typesupport_introspection_cpp.so[0m
[2.262s] [ 74%] [32m[1mLinking CXX shared library librecursos__rosidl_typesupport_fastrtps_c.so[0m
[2.268s] [ 76%] [32m[1mLinking CXX shared library librecursos__rosidl_typesupport_fastrtps_cpp.so[0m
[2.295s] [ 76%] Built target recursos__rosidl_typesupport_introspection_cpp
[2.313s] [ 76%] Built target recursos__rosidl_typesupport_fastrtps_c
[2.319s] [ 76%] Built target recursos__rosidl_typesupport_fastrtps_cpp
[2.332s] [ 76%] Built target recursos
[2.351s] [ 78%] [34m[1mGenerating Python code for ROS interfaces[0m
[2.613s] [ 78%] Built target recursos__py
[2.626s] [ 80%] [32mBuilding C object CMakeFiles/recursos__rosidl_generator_py.dir/rosidl_generator_py/recursos/msg/_num_s.c.o[0m
[2.627s] [ 85%] [32mBuilding C object CMakeFiles/recursos__rosidl_generator_py.dir/rosidl_generator_py/recursos/srv/_coordenadas_s.c.o[0m
[2.627s] [ 85%] [32mBuilding C object CMakeFiles/recursos__rosidl_generator_py.dir/rosidl_generator_py/recursos/msg/_sphere_s.c.o[0m
[2.690s] [ 87%] [32m[1mLinking C shared library rosidl_generator_py/recursos/librecursos__rosidl_generator_py.so[0m
[2.718s] [ 87%] Built target recursos__rosidl_generator_py
[2.732s] [ 89%] [32mBuilding C object CMakeFiles/recursos__rosidl_typesupport_c__pyext.dir/rosidl_generator_py/recursos/_recursos_s.ep.rosidl_typesupport_c.c.o[0m
[2.732s] [ 91%] [32mBuilding C object CMakeFiles/recursos__rosidl_typesupport_introspection_c__pyext.dir/rosidl_generator_py/recursos/_recursos_s.ep.rosidl_typesupport_introspection_c.c.o[0m
[2.733s] [ 93%] [32mBuilding C object CMakeFiles/recursos__rosidl_typesupport_fastrtps_c__pyext.dir/rosidl_generator_py/recursos/_recursos_s.ep.rosidl_typesupport_fastrtps_c.c.o[0m
[2.791s] [ 95%] [32m[1mLinking C shared library rosidl_generator_py/recursos/recursos_s__rosidl_typesupport_c.cpython-310-x86_64-linux-gnu.so[0m
[2.791s] [ 97%] [32m[1mLinking C shared library rosidl_generator_py/recursos/recursos_s__rosidl_typesupport_introspection_c.cpython-310-x86_64-linux-gnu.so[0m
[2.792s] [100%] [32m[1mLinking C shared library rosidl_generator_py/recursos/recursos_s__rosidl_typesupport_fastrtps_c.cpython-310-x86_64-linux-gnu.so[0m
[2.818s] [100%] Built target recursos__rosidl_typesupport_fastrtps_c__pyext
[2.819s] [100%] Built target recursos__rosidl_typesupport_introspection_c__pyext
[2.820s] [100%] Built target recursos__rosidl_typesupport_c__pyext
[2.827s] Invoked command in '/home/rod-0310/Escritorio/practicasros_ws/build/recursos' returned '0': CMAKE_PREFIX_PATH=/opt/ros/humble /usr/bin/cmake --build /home/rod-0310/Escritorio/practicasros_ws/build/recursos -- -j20 -l20
[2.828s] Invoking command in '/home/rod-0310/Escritorio/practicasros_ws/build/recursos': CMAKE_PREFIX_PATH=/opt/ros/humble /usr/bin/cmake --install /home/rod-0310/Escritorio/practicasros_ws/build/recursos
[2.833s] -- Install configuration: ""
[2.833s] -- Installing: /home/rod-0310/Escritorio/practicasros_ws/install/recursos/share/ament_index/resource_index/rosidl_interfaces/recursos
[2.833s] -- Installing: /home/rod-0310/Escritorio/practicasros_ws/install/recursos/include/recursos/recursos
[2.834s] -- Installing: /home/rod-0310/Escritorio/practicasros_ws/install/recursos/include/recursos/recursos/srv
[2.834s] -- Installing: /home/rod-0310/Escritorio/practicasros_ws/install/recursos/include/recursos/recursos/srv/coordenadas.h
[2.834s] -- Installing: /home/rod-0310/Escritorio/practicasros_ws/install/recursos/include/recursos/recursos/srv/detail
[2.834s] -- Installing: /home/rod-0310/Escritorio/practicasros_ws/install/recursos/include/recursos/recursos/srv/detail/coordenadas__type_support.h
[2.834s] -- Installing: /home/rod-0310/Escritorio/practicasros_ws/install/recursos/include/recursos/recursos/srv/detail/coordenadas__struct.h
[2.834s] -- Installing: /home/rod-0310/Escritorio/practicasros_ws/install/recursos/include/recursos/recursos/srv/detail/coordenadas__functions.c
[2.834s] -- Installing: /home/rod-0310/Escritorio/practicasros_ws/install/recursos/include/recursos/recursos/srv/detail/coordenadas__functions.h
[2.834s] -- Installing: /home/rod-0310/Escritorio/practicasros_ws/install/recursos/include/recursos/recursos/msg
[2.834s] -- Installing: /home/rod-0310/Escritorio/practicasros_ws/install/recursos/include/recursos/recursos/msg/detail
[2.834s] -- Installing: /home/rod-0310/Escritorio/practicasros_ws/install/recursos/include/recursos/recursos/msg/detail/num__functions.c
[2.834s] -- Installing: /home/rod-0310/Escritorio/practicasros_ws/install/recursos/include/recursos/recursos/msg/detail/num__functions.h
[2.834s] -- Installing: /home/rod-0310/Escritorio/practicasros_ws/install/recursos/include/recursos/recursos/msg/detail/sphere__functions.h
[2.834s] -- Installing: /home/rod-0310/Escritorio/practicasros_ws/install/recursos/include/recursos/recursos/msg/detail/num__struct.h
[2.834s] -- Installing: /home/rod-0310/Escritorio/practicasros_ws/install/recursos/include/recursos/recursos/msg/detail/num__type_support.h
[2.834s] -- Installing: /home/rod-0310/Escritorio/practicasros_ws/install/recursos/include/recursos/recursos/msg/detail/sphere__functions.c
[2.834s] -- Installing: /home/rod-0310/Escritorio/practicasros_ws/install/recursos/include/recursos/recursos/msg/detail/sphere__type_support.h
[2.834s] -- Installing: /home/rod-0310/Escritorio/practicasros_ws/install/recursos/include/recursos/recursos/msg/detail/sphere__struct.h
[2.834s] -- Installing: /home/rod-0310/Escritorio/practicasros_ws/install/recursos/include/recursos/recursos/msg/num.h
[2.834s] -- Installing: /home/rod-0310/Escritorio/practicasros_ws/install/recursos/include/recursos/recursos/msg/sphere.h
[2.834s] -- Installing: /home/rod-0310/Escritorio/practicasros_ws/install/recursos/include/recursos/recursos/msg/rosidl_generator_c__visibility_control.h
[2.834s] -- Installing: /home/rod-0310/Escritorio/practicasros_ws/install/recursos/share/recursos/environment/library_path.sh
[2.834s] -- Installing: /home/rod-0310/Escritorio/practicasros_ws/install/recursos/share/recursos/environment/library_path.dsv
[2.834s] -- Installing: /home/rod-0310/Escritorio/practicasros_ws/install/recursos/lib/librecursos__rosidl_generator_c.so
[2.834s] -- Set runtime path of "/home/rod-0310/Escritorio/practicasros_ws/install/recursos/lib/librecursos__rosidl_generator_c.so" to ""
[2.835s] -- Up-to-date: /home/rod-0310/Escritorio/practicasros_ws/install/recursos/include/recursos/recursos
[2.835s] -- Up-to-date: /home/rod-0310/Escritorio/practicasros_ws/install/recursos/include/recursos/recursos/srv
[2.835s] -- Up-to-date: /home/rod-0310/Escritorio/practicasros_ws/install/recursos/include/recursos/recursos/srv/detail
[2.835s] -- Installing: /home/rod-0310/Escritorio/practicasros_ws/install/recursos/include/recursos/recursos/srv/detail/coordenadas__rosidl_typesupport_fastrtps_c.h
[2.835s] -- Up-to-date: /home/rod-0310/Escritorio/practicasros_ws/install/recursos/include/recursos/recursos/msg
[2.835s] -- Installing: /home/rod-0310/Escritorio/practicasros_ws/install/recursos/include/recursos/recursos/msg/rosidl_typesupport_fastrtps_c__visibility_control.h
[2.835s] -- Up-to-date: /home/rod-0310/Escritorio/practicasros_ws/install/recursos/include/recursos/recursos/msg/detail
[2.835s] -- Installing: /home/rod-0310/Escritorio/practicasros_ws/install/recursos/include/recursos/recursos/msg/detail/num__rosidl_typesupport_fastrtps_c.h
[2.835s] -- Installing: /home/rod-0310/Escritorio/practicasros_ws/install/recursos/include/recursos/recursos/msg/detail/sphere__rosidl_typesupport_fastrtps_c.h
[2.835s] -- Installing: /home/rod-0310/Escritorio/practicasros_ws/install/recursos/lib/librecursos__rosidl_typesupport_fastrtps_c.so
[2.835s] -- Set runtime path of "/home/rod-0310/Escritorio/practicasros_ws/install/recursos/lib/librecursos__rosidl_typesupport_fastrtps_c.so" to ""
[2.835s] -- Up-to-date: /home/rod-0310/Escritorio/practicasros_ws/install/recursos/include/recursos/recursos
[2.835s] -- Up-to-date: /home/rod-0310/Escritorio/practicasros_ws/install/recursos/include/recursos/recursos/srv
[2.835s] -- Up-to-date: /home/rod-0310/Escritorio/practicasros_ws/install/recursos/include/recursos/recursos/srv/detail
[2.835s] -- Installing: /home/rod-0310/Escritorio/practicasros_ws/install/recursos/include/recursos/recursos/srv/detail/coordenadas__struct.hpp
[2.835s] -- Installing: /home/rod-0310/Escritorio/practicasros_ws/install/recursos/include/recursos/recursos/srv/detail/coordenadas__builder.hpp
[2.835s] -- Installing: /home/rod-0310/Escritorio/practicasros_ws/install/recursos/include/recursos/recursos/srv/detail/coordenadas__traits.hpp
[2.835s] -- Installing: /home/rod-0310/Escritorio/practicasros_ws/install/recursos/include/recursos/recursos/srv/detail/coordenadas__type_support.hpp
[2.835s] -- Installing: /home/rod-0310/Escritorio/practicasros_ws/install/recursos/include/recursos/recursos/srv/coordenadas.hpp
[2.835s] -- Up-to-date: /home/rod-0310/Escritorio/practicasros_ws/install/recursos/include/recursos/recursos/msg
[2.835s] -- Installing: /home/rod-0310/Escritorio/practicasros_ws/install/recursos/include/recursos/recursos/msg/rosidl_generator_cpp__visibility_control.hpp
[2.835s] -- Installing: /home/rod-0310/Escritorio/practicasros_ws/install/recursos/include/recursos/recursos/msg/num.hpp
[2.835s] -- Up-to-date: /home/rod-0310/Escritorio/practicasros_ws/install/recursos/include/recursos/recursos/msg/detail
[2.836s] -- Installing: /home/rod-0310/Escritorio/practicasros_ws/install/recursos/include/recursos/recursos/msg/detail/num__builder.hpp
[2.836s] -- Installing: /home/rod-0310/Escritorio/practicasros_ws/install/recursos/include/recursos/recursos/msg/detail/sphere__traits.hpp
[2.836s] -- Installing: /home/rod-0310/Escritorio/practicasros_ws/install/recursos/include/recursos/recursos/msg/detail/sphere__builder.hpp
[2.836s] -- Installing: /home/rod-0310/Escritorio/practicasros_ws/install/recursos/include/recursos/recursos/msg/detail/sphere__type_support.hpp
[2.836s] -- Installing: /home/rod-0310/Escritorio/practicasros_ws/install/recursos/include/recursos/recursos/msg/detail/num__type_support.hpp
[2.836s] -- Installing: /home/rod-0310/Escritorio/practicasros_ws/install/recursos/include/recursos/recursos/msg/detail/num__traits.hpp
[2.836s] -- Installing: /home/rod-0310/Escritorio/practicasros_ws/install/recursos/include/recursos/recursos/msg/detail/num__struct.hpp
[2.836s] -- Installing: /home/rod-0310/Escritorio/practicasros_ws/install/recursos/include/recursos/recursos/msg/detail/sphere__struct.hpp
[2.836s] -- Installing: /home/rod-0310/Escritorio/practicasros_ws/install/recursos/include/recursos/recursos/msg/sphere.hpp
[2.836s] -- Up-to-date: /home/rod-0310/Escritorio/practicasros_ws/install/recursos/include/recursos/recursos
[2.836s] -- Up-to-date: /home/rod-0310/Escritorio/practicasros_ws/install/recursos/include/recursos/recursos/srv
[2.836s] -- Up-to-date: /home/rod-0310/Escritorio/practicasros_ws/install/recursos/include/recursos/recursos/srv/detail
[2.837s] -- Installing: /home/rod-0310/Escritorio/practicasros_ws/install/recursos/include/recursos/recursos/srv/detail/coordenadas__rosidl_typesupport_fastrtps_cpp.hpp
[2.837s] -- Installing: /home/rod-0310/Escritorio/practicasros_ws/install/recursos/include/recursos/recursos/srv/detail/dds_fastrtps
[2.837s] -- Up-to-date: /home/rod-0310/Escritorio/practicasros_ws/install/recursos/include/recursos/recursos/msg
[2.837s] -- Installing: /home/rod-0310/Escritorio/practicasros_ws/install/recursos/include/recursos/recursos/msg/rosidl_typesupport_fastrtps_cpp__visibility_control.h
[2.837s] -- Up-to-date: /home/rod-0310/Escritorio/practicasros_ws/install/recursos/include/recursos/recursos/msg/detail
[2.837s] -- Installing: /home/rod-0310/Escritorio/practicasros_ws/install/recursos/include/recursos/recursos/msg/detail/num__rosidl_typesupport_fastrtps_cpp.hpp
[2.837s] -- Installing: /home/rod-0310/Escritorio/practicasros_ws/install/recursos/include/recursos/recursos/msg/detail/sphere__rosidl_typesupport_fastrtps_cpp.hpp
[2.837s] -- Installing: /home/rod-0310/Escritorio/practicasros_ws/install/recursos/include/recursos/recursos/msg/detail/dds_fastrtps
[2.837s] -- Installing: /home/rod-0310/Escritorio/practicasros_ws/install/recursos/lib/librecursos__rosidl_typesupport_fastrtps_cpp.so
[2.837s] -- Set runtime path of "/home/rod-0310/Escritorio/practicasros_ws/install/recursos/lib/librecursos__rosidl_typesupport_fastrtps_cpp.so" to ""
[2.837s] -- Up-to-date: /home/rod-0310/Escritorio/practicasros_ws/install/recursos/include/recursos/recursos
[2.837s] -- Up-to-date: /home/rod-0310/Escritorio/practicasros_ws/install/recursos/include/recursos/recursos/srv
[2.837s] -- Up-to-date: /home/rod-0310/Escritorio/practicasros_ws/install/recursos/include/recursos/recursos/srv/detail
[2.838s] -- Installing: /home/rod-0310/Escritorio/practicasros_ws/install/recursos/include/recursos/recursos/srv/detail/coordenadas__type_support.c
[2.838s] -- Installing: /home/rod-0310/Escritorio/practicasros_ws/install/recursos/include/recursos/recursos/srv/detail/coordenadas__rosidl_typesupport_introspection_c.h
[2.838s] -- Up-to-date: /home/rod-0310/Escritorio/practicasros_ws/install/recursos/include/recursos/recursos/msg
[2.838s] -- Installing: /home/rod-0310/Escritorio/practicasros_ws/install/recursos/include/recursos/recursos/msg/rosidl_typesupport_introspection_c__visibility_control.h
[2.838s] -- Up-to-date: /home/rod-0310/Escritorio/practicasros_ws/install/recursos/include/recursos/recursos/msg/detail
[2.838s] -- Installing: /home/rod-0310/Escritorio/practicasros_ws/install/recursos/include/recursos/recursos/msg/detail/num__type_support.c
[2.838s] -- Installing: /home/rod-0310/Escritorio/practicasros_ws/install/recursos/include/recursos/recursos/msg/detail/num__rosidl_typesupport_introspection_c.h
[2.838s] -- Installing: /home/rod-0310/Escritorio/practicasros_ws/install/recursos/include/recursos/recursos/msg/detail/sphere__type_support.c
[2.838s] -- Installing: /home/rod-0310/Escritorio/practicasros_ws/install/recursos/include/recursos/recursos/msg/detail/sphere__rosidl_typesupport_introspection_c.h
[2.838s] -- Installing: /home/rod-0310/Escritorio/practicasros_ws/install/recursos/lib/librecursos__rosidl_typesupport_introspection_c.so
[2.838s] -- Set runtime path of "/home/rod-0310/Escritorio/practicasros_ws/install/recursos/lib/librecursos__rosidl_typesupport_introspection_c.so" to ""
[2.838s] -- Installing: /home/rod-0310/Escritorio/practicasros_ws/install/recursos/lib/librecursos__rosidl_typesupport_c.so
[2.838s] -- Set runtime path of "/home/rod-0310/Escritorio/practicasros_ws/install/recursos/lib/librecursos__rosidl_typesupport_c.so" to ""
[2.838s] -- Up-to-date: /home/rod-0310/Escritorio/practicasros_ws/install/recursos/include/recursos/recursos
[2.839s] -- Up-to-date: /home/rod-0310/Escritorio/practicasros_ws/install/recursos/include/recursos/recursos/srv
[2.839s] -- Up-to-date: /home/rod-0310/Escritorio/practicasros_ws/install/recursos/include/recursos/recursos/srv/detail
[2.839s] -- Installing: /home/rod-0310/Escritorio/practicasros_ws/install/recursos/include/recursos/recursos/srv/detail/coordenadas__rosidl_typesupport_introspection_cpp.hpp
[2.839s] -- Installing: /home/rod-0310/Escritorio/practicasros_ws/install/recursos/include/recursos/recursos/srv/detail/coordenadas__type_support.cpp
[2.839s] -- Up-to-date: /home/rod-0310/Escritorio/practicasros_ws/install/recursos/include/recursos/recursos/msg
[2.839s] -- Up-to-date: /home/rod-0310/Escritorio/practicasros_ws/install/recursos/include/recursos/recursos/msg/detail
[2.839s] -- Installing: /home/rod-0310/Escritorio/practicasros_ws/install/recursos/include/recursos/recursos/msg/detail/sphere__type_support.cpp
[2.839s] -- Installing: /home/rod-0310/Escritorio/practicasros_ws/install/recursos/include/recursos/recursos/msg/detail/num__rosidl_typesupport_introspection_cpp.hpp
[2.839s] -- Installing: /home/rod-0310/Escritorio/practicasros_ws/install/recursos/include/recursos/recursos/msg/detail/sphere__rosidl_typesupport_introspection_cpp.hpp
[2.839s] -- Installing: /home/rod-0310/Escritorio/practicasros_ws/install/recursos/include/recursos/recursos/msg/detail/num__type_support.cpp
[2.839s] -- Installing: /home/rod-0310/Escritorio/practicasros_ws/install/recursos/lib/librecursos__rosidl_typesupport_introspection_cpp.so
[2.839s] -- Set runtime path of "/home/rod-0310/Escritorio/practicasros_ws/install/recursos/lib/librecursos__rosidl_typesupport_introspection_cpp.so" to ""
[2.839s] -- Installing: /home/rod-0310/Escritorio/practicasros_ws/install/recursos/lib/librecursos__rosidl_typesupport_cpp.so
[2.839s] -- Set runtime path of "/home/rod-0310/Escritorio/practicasros_ws/install/recursos/lib/librecursos__rosidl_typesupport_cpp.so" to ""
[2.839s] -- Installing: /home/rod-0310/Escritorio/practicasros_ws/install/recursos/share/recursos/environment/pythonpath.sh
[2.839s] -- Installing: /home/rod-0310/Escritorio/practicasros_ws/install/recursos/share/recursos/environment/pythonpath.dsv
[2.840s] -- Installing: /home/rod-0310/Escritorio/practicasros_ws/install/recursos/local/lib/python3.10/dist-packages/recursos-0.0.0-py3.10.egg-info
[2.840s] -- Installing: /home/rod-0310/Escritorio/practicasros_ws/install/recursos/local/lib/python3.10/dist-packages/recursos-0.0.0-py3.10.egg-info/top_level.txt
[2.840s] -- Installing: /home/rod-0310/Escritorio/practicasros_ws/install/recursos/local/lib/python3.10/dist-packages/recursos-0.0.0-py3.10.egg-info/dependency_links.txt
[2.840s] -- Installing: /home/rod-0310/Escritorio/practicasros_ws/install/recursos/local/lib/python3.10/dist-packages/recursos-0.0.0-py3.10.egg-info/SOURCES.txt
[2.840s] -- Installing: /home/rod-0310/Escritorio/practicasros_ws/install/recursos/local/lib/python3.10/dist-packages/recursos-0.0.0-py3.10.egg-info/PKG-INFO
[2.840s] -- Installing: /home/rod-0310/Escritorio/practicasros_ws/install/recursos/local/lib/python3.10/dist-packages/recursos
[2.840s] -- Installing: /home/rod-0310/Escritorio/practicasros_ws/install/recursos/local/lib/python3.10/dist-packages/recursos/recursos_s__rosidl_typesupport_introspection_c.cpython-310-x86_64-linux-gnu.so
[2.840s] -- Installing: /home/rod-0310/Escritorio/practicasros_ws/install/recursos/local/lib/python3.10/dist-packages/recursos/recursos_s__rosidl_typesupport_fastrtps_c.cpython-310-x86_64-linux-gnu.so
[2.840s] -- Installing: /home/rod-0310/Escritorio/practicasros_ws/install/recursos/local/lib/python3.10/dist-packages/recursos/__init__.py
[2.840s] -- Installing: /home/rod-0310/Escritorio/practicasros_ws/install/recursos/local/lib/python3.10/dist-packages/recursos/recursos_s__rosidl_typesupport_c.cpython-310-x86_64-linux-gnu.so
[2.840s] -- Installing: /home/rod-0310/Escritorio/practicasros_ws/install/recursos/local/lib/python3.10/dist-packages/recursos/srv
[2.840s] -- Installing: /home/rod-0310/Escritorio/practicasros_ws/install/recursos/local/lib/python3.10/dist-packages/recursos/srv/__init__.py
[2.840s] -- Installing: /home/rod-0310/Escritorio/practicasros_ws/install/recursos/local/lib/python3.10/dist-packages/recursos/srv/_coordenadas.py
[2.840s] -- Installing: /home/rod-0310/Escritorio/practicasros_ws/install/recursos/local/lib/python3.10/dist-packages/recursos/srv/_coordenadas_s.c
[2.840s] -- Installing: /home/rod-0310/Escritorio/practicasros_ws/install/recursos/local/lib/python3.10/dist-packages/recursos/msg
[2.840s] -- Installing: /home/rod-0310/Escritorio/practicasros_ws/install/recursos/local/lib/python3.10/dist-packages/recursos/msg/_sphere_s.c
[2.840s] -- Installing: /home/rod-0310/Escritorio/practicasros_ws/install/recursos/local/lib/python3.10/dist-packages/recursos/msg/__init__.py
[2.841s] -- Installing: /home/rod-0310/Escritorio/practicasros_ws/install/recursos/local/lib/python3.10/dist-packages/recursos/msg/_sphere.py
[2.841s] -- Installing: /home/rod-0310/Escritorio/practicasros_ws/install/recursos/local/lib/python3.10/dist-packages/recursos/msg/_num.py
[2.841s] -- Installing: /home/rod-0310/Escritorio/practicasros_ws/install/recursos/local/lib/python3.10/dist-packages/recursos/msg/_num_s.c
[2.841s] -- Installing: /home/rod-0310/Escritorio/practicasros_ws/install/recursos/local/lib/python3.10/dist-packages/recursos/_recursos_s.ep.rosidl_typesupport_fastrtps_c.c
[2.841s] -- Installing: /home/rod-0310/Escritorio/practicasros_ws/install/recursos/local/lib/python3.10/dist-packages/recursos/_recursos_s.ep.rosidl_typesupport_c.c
[2.841s] -- Installing: /home/rod-0310/Escritorio/practicasros_ws/install/recursos/local/lib/python3.10/dist-packages/recursos/librecursos__rosidl_generator_py.so
[2.841s] -- Installing: /home/rod-0310/Escritorio/practicasros_ws/install/recursos/local/lib/python3.10/dist-packages/recursos/_recursos_s.ep.rosidl_typesupport_introspection_c.c
[2.860s] Listing '/home/rod-0310/Escritorio/practicasros_ws/install/recursos/local/lib/python3.10/dist-packages/recursos'...
[2.861s] Compiling '/home/rod-0310/Escritorio/practicasros_ws/install/recursos/local/lib/python3.10/dist-packages/recursos/__init__.py'...
[2.861s] Listing '/home/rod-0310/Escritorio/practicasros_ws/install/recursos/local/lib/python3.10/dist-packages/recursos/msg'...
[2.861s] Compiling '/home/rod-0310/Escritorio/practicasros_ws/install/recursos/local/lib/python3.10/dist-packages/recursos/msg/__init__.py'...
[2.861s] Compiling '/home/rod-0310/Escritorio/practicasros_ws/install/recursos/local/lib/python3.10/dist-packages/recursos/msg/_num.py'...
[2.861s] Compiling '/home/rod-0310/Escritorio/practicasros_ws/install/recursos/local/lib/python3.10/dist-packages/recursos/msg/_sphere.py'...
[2.861s] Listing '/home/rod-0310/Escritorio/practicasros_ws/install/recursos/local/lib/python3.10/dist-packages/recursos/srv'...
[2.861s] Compiling '/home/rod-0310/Escritorio/practicasros_ws/install/recursos/local/lib/python3.10/dist-packages/recursos/srv/__init__.py'...
[2.861s] Compiling '/home/rod-0310/Escritorio/practicasros_ws/install/recursos/local/lib/python3.10/dist-packages/recursos/srv/_coordenadas.py'...
[2.863s] -- Installing: /home/rod-0310/Escritorio/practicasros_ws/install/recursos/local/lib/python3.10/dist-packages/recursos/recursos_s__rosidl_typesupport_fastrtps_c.cpython-310-x86_64-linux-gnu.so
[2.863s] -- Set runtime path of "/home/rod-0310/Escritorio/practicasros_ws/install/recursos/local/lib/python3.10/dist-packages/recursos/recursos_s__rosidl_typesupport_fastrtps_c.cpython-310-x86_64-linux-gnu.so" to ""
[2.863s] -- Installing: /home/rod-0310/Escritorio/practicasros_ws/install/recursos/local/lib/python3.10/dist-packages/recursos/recursos_s__rosidl_typesupport_introspection_c.cpython-310-x86_64-linux-gnu.so
[2.864s] -- Set runtime path of "/home/rod-0310/Escritorio/practicasros_ws/install/recursos/local/lib/python3.10/dist-packages/recursos/recursos_s__rosidl_typesupport_introspection_c.cpython-310-x86_64-linux-gnu.so" to ""
[2.864s] -- Installing: /home/rod-0310/Escritorio/practicasros_ws/install/recursos/local/lib/python3.10/dist-packages/recursos/recursos_s__rosidl_typesupport_c.cpython-310-x86_64-linux-gnu.so
[2.864s] -- Set runtime path of "/home/rod-0310/Escritorio/practicasros_ws/install/recursos/local/lib/python3.10/dist-packages/recursos/recursos_s__rosidl_typesupport_c.cpython-310-x86_64-linux-gnu.so" to ""
[2.864s] -- Installing: /home/rod-0310/Escritorio/practicasros_ws/install/recursos/lib/librecursos__rosidl_generator_py.so
[2.864s] -- Set runtime path of "/home/rod-0310/Escritorio/practicasros_ws/install/recursos/lib/librecursos__rosidl_generator_py.so" to ""
[2.864s] -- Installing: /home/rod-0310/Escritorio/practicasros_ws/install/recursos/share/recursos/msg/Num.idl
[2.864s] -- Installing: /home/rod-0310/Escritorio/practicasros_ws/install/recursos/share/recursos/msg/Sphere.idl
[2.864s] -- Installing: /home/rod-0310/Escritorio/practicasros_ws/install/recursos/share/recursos/srv/Coordenadas.idl
[2.864s] -- Installing: /home/rod-0310/Escritorio/practicasros_ws/install/recursos/share/recursos/msg/Num.msg
[2.864s] -- Installing: /home/rod-0310/Escritorio/practicasros_ws/install/recursos/share/recursos/msg/Sphere.msg
[2.864s] -- Installing: /home/rod-0310/Escritorio/practicasros_ws/install/recursos/share/recursos/srv/Coordenadas.srv
[2.864s] -- Installing: /home/rod-0310/Escritorio/practicasros_ws/install/recursos/share/recursos/srv/Coordenadas_Request.msg
[2.864s] -- Installing: /home/rod-0310/Escritorio/practicasros_ws/install/recursos/share/recursos/srv/Coordenadas_Response.msg
[2.864s] -- Installing: /home/rod-0310/Escritorio/practicasros_ws/install/recursos/share/ament_index/resource_index/package_run_dependencies/recursos
[2.864s] -- Installing: /home/rod-0310/Escritorio/practicasros_ws/install/recursos/share/ament_index/resource_index/parent_prefix_path/recursos
[2.864s] -- Up-to-date: /home/rod-0310/Escritorio/practicasros_ws/install/recursos/share/recursos/environment/ament_prefix_path.sh
[2.864s] -- Installing: /home/rod-0310/Escritorio/practicasros_ws/install/recursos/share/recursos/environment/ament_prefix_path.dsv
[2.864s] -- Up-to-date: /home/rod-0310/Escritorio/practicasros_ws/install/recursos/share/recursos/environment/path.sh
[2.864s] -- Installing: /home/rod-0310/Escritorio/practicasros_ws/install/recursos/share/recursos/environment/path.dsv
[2.865s] -- Up-to-date: /home/rod-0310/Escritorio/practicasros_ws/install/recursos/share/recursos/local_setup.bash
[2.865s] -- Installing: /home/rod-0310/Escritorio/practicasros_ws/install/recursos/share/recursos/local_setup.sh
[2.865s] -- Up-to-date: /home/rod-0310/Escritorio/practicasros_ws/install/recursos/share/recursos/local_setup.zsh
[2.865s] -- Installing: /home/rod-0310/Escritorio/practicasros_ws/install/recursos/share/recursos/local_setup.dsv
[2.865s] -- Installing: /home/rod-0310/Escritorio/practicasros_ws/install/recursos/share/recursos/package.dsv
[2.865s] -- Up-to-date: /home/rod-0310/Escritorio/practicasros_ws/install/recursos/share/ament_index/resource_index/packages/recursos
[2.865s] -- Installing: /home/rod-0310/Escritorio/practicasros_ws/install/recursos/share/recursos/cmake/export_recursos__rosidl_generator_cExport.cmake
[2.865s] -- Installing: /home/rod-0310/Escritorio/practicasros_ws/install/recursos/share/recursos/cmake/export_recursos__rosidl_generator_cExport-noconfig.cmake
[2.865s] -- Installing: /home/rod-0310/Escritorio/practicasros_ws/install/recursos/share/recursos/cmake/export_recursos__rosidl_typesupport_fastrtps_cExport.cmake
[2.865s] -- Installing: /home/rod-0310/Escritorio/practicasros_ws/install/recursos/share/recursos/cmake/export_recursos__rosidl_typesupport_fastrtps_cExport-noconfig.cmake
[2.865s] -- Installing: /home/rod-0310/Escritorio/practicasros_ws/install/recursos/share/recursos/cmake/export_recursos__rosidl_generator_cppExport.cmake
[2.865s] -- Installing: /home/rod-0310/Escritorio/practicasros_ws/install/recursos/share/recursos/cmake/export_recursos__rosidl_typesupport_fastrtps_cppExport.cmake
[2.865s] -- Installing: /home/rod-0310/Escritorio/practicasros_ws/install/recursos/share/recursos/cmake/export_recursos__rosidl_typesupport_fastrtps_cppExport-noconfig.cmake
[2.865s] -- Installing: /home/rod-0310/Escritorio/practicasros_ws/install/recursos/share/recursos/cmake/recursos__rosidl_typesupport_introspection_cExport.cmake
[2.865s] -- Installing: /home/rod-0310/Escritorio/practicasros_ws/install/recursos/share/recursos/cmake/recursos__rosidl_typesupport_introspection_cExport-noconfig.cmake
[2.865s] -- Installing: /home/rod-0310/Escritorio/practicasros_ws/install/recursos/share/recursos/cmake/recursos__rosidl_typesupport_cExport.cmake
[2.865s] -- Installing: /home/rod-0310/Escritorio/practicasros_ws/install/recursos/share/recursos/cmake/recursos__rosidl_typesupport_cExport-noconfig.cmake
[2.865s] -- Installing: /home/rod-0310/Escritorio/practicasros_ws/install/recursos/share/recursos/cmake/recursos__rosidl_typesupport_introspection_cppExport.cmake
[2.865s] -- Installing: /home/rod-0310/Escritorio/practicasros_ws/install/recursos/share/recursos/cmake/recursos__rosidl_typesupport_introspection_cppExport-noconfig.cmake
[2.865s] -- Installing: /home/rod-0310/Escritorio/practicasros_ws/install/recursos/share/recursos/cmake/recursos__rosidl_typesupport_cppExport.cmake
[2.866s] -- Installing: /home/rod-0310/Escritorio/practicasros_ws/install/recursos/share/recursos/cmake/recursos__rosidl_typesupport_cppExport-noconfig.cmake
[2.866s] -- Installing: /home/rod-0310/Escritorio/practicasros_ws/install/recursos/share/recursos/cmake/export_recursos__rosidl_generator_pyExport.cmake
[2.866s] -- Installing: /home/rod-0310/Escritorio/practicasros_ws/install/recursos/share/recursos/cmake/export_recursos__rosidl_generator_pyExport-noconfig.cmake
[2.866s] -- Installing: /home/rod-0310/Escritorio/practicasros_ws/install/recursos/share/recursos/cmake/rosidl_cmake-extras.cmake
[2.866s] -- Installing: /home/rod-0310/Escritorio/practicasros_ws/install/recursos/share/recursos/cmake/ament_cmake_export_dependencies-extras.cmake
[2.866s] -- Installing: /home/rod-0310/Escritorio/practicasros_ws/install/recursos/share/recursos/cmake/ament_cmake_export_include_directories-extras.cmake
[2.866s] -- Installing: /home/rod-0310/Escritorio/practicasros_ws/install/recursos/share/recursos/cmake/ament_cmake_export_libraries-extras.cmake
[2.866s] -- Installing: /home/rod-0310/Escritorio/practicasros_ws/install/recursos/share/recursos/cmake/ament_cmake_export_targets-extras.cmake
[2.866s] -- Installing: /home/rod-0310/Escritorio/practicasros_ws/install/recursos/share/recursos/cmake/rosidl_cmake_export_typesupport_targets-extras.cmake
[2.866s] -- Installing: /home/rod-0310/Escritorio/practicasros_ws/install/recursos/share/recursos/cmake/rosidl_cmake_export_typesupport_libraries-extras.cmake
[2.866s] -- Installing: /home/rod-0310/Escritorio/practicasros_ws/install/recursos/share/recursos/cmake/recursosConfig.cmake
[2.866s] -- Up-to-date: /home/rod-0310/Escritorio/practicasros_ws/install/recursos/share/recursos/cmake/recursosConfig-version.cmake
[2.866s] -- Installing: /home/rod-0310/Escritorio/practicasros_ws/install/recursos/share/recursos/package.xml
[2.868s] Invoked command in '/home/rod-0310/Escritorio/practicasros_ws/build/recursos' returned '0': CMAKE_PREFIX_PATH=/opt/ros/humble /usr/bin/cmake --install /home/rod-0310/Escritorio/practicasros_ws/build/recursos
