[0.009s] Invoking command in '/home/rod-0310/Escritorio/practicasros_ws/build/recursos': CMAKE_PREFIX_PATH=/opt/ros/humble /usr/bin/cmake --build /home/rod-0310/Escritorio/practicasros_ws/build/recursos -- -j20 -l20
[0.036s] [35m[1mConsolidate compiler generated dependencies of target recursos__rosidl_generator_c[0m
[0.042s] [  2%] Built target recursos__cpp
[0.044s] [ 12%] Built target recursos__rosidl_generator_c
[0.050s] [35m[1mConsolidate compiler generated dependencies of target recursos__rosidl_typesupport_fastrtps_cpp[0m
[0.050s] [35m[1mConsolidate compiler generated dependencies of target recursos__rosidl_typesupport_introspection_c[0m
[0.050s] [35m[1mConsolidate compiler generated dependencies of target recursos__rosidl_typesupport_fastrtps_c[0m
[0.051s] [35m[1mConsolidate compiler generated dependencies of target recursos__rosidl_typesupport_cpp[0m
[0.051s] [35m[1mConsolidate compiler generated dependencies of target recursos__rosidl_typesupport_introspection_cpp[0m
[0.052s] [ 12%] Built target ament_cmake_python_copy_recursos
[0.053s] [35m[1mConsolidate compiler generated dependencies of target recursos__rosidl_typesupport_c[0m
[0.057s] [ 23%] Built target recursos__rosidl_typesupport_introspection_c
[0.058s] [ 34%] Built target recursos__rosidl_typesupport_fastrtps_cpp
[0.060s] [ 44%] Built target recursos__rosidl_typesupport_fastrtps_c
[0.062s] [ 55%] Built target recursos__rosidl_typesupport_cpp
[0.062s] [ 65%] Built target recursos__rosidl_typesupport_c
[0.063s] [ 76%] Built target recursos__rosidl_typesupport_introspection_cpp
[0.075s] [ 76%] Built target recursos
[0.091s] [ 78%] Built target recursos__py
[0.098s] [35m[1mConsolidate compiler generated dependencies of target recursos__rosidl_generator_py[0m
[0.106s] [ 87%] Built target recursos__rosidl_generator_py
[0.112s] [35m[1mConsolidate compiler generated dependencies of target recursos__rosidl_typesupport_fastrtps_c__pyext[0m
[0.113s] [35m[1mConsolidate compiler generated dependencies of target recursos__rosidl_typesupport_c__pyext[0m
[0.113s] [35m[1mConsolidate compiler generated dependencies of target recursos__rosidl_typesupport_introspection_c__pyext[0m
[0.121s] [ 91%] Built target recursos__rosidl_typesupport_introspection_c__pyext
[0.121s] [ 95%] Built target recursos__rosidl_typesupport_c__pyext
[0.122s] [100%] Built target recursos__rosidl_typesupport_fastrtps_c__pyext
[0.203s] running egg_info
[0.204s] writing recursos.egg-info/PKG-INFO
[0.204s] writing dependency_links to recursos.egg-info/dependency_links.txt
[0.204s] writing top-level names to recursos.egg-info/top_level.txt
[0.205s] reading manifest file 'recursos.egg-info/SOURCES.txt'
[0.205s] writing manifest file 'recursos.egg-info/SOURCES.txt'
[0.221s] [100%] Built target ament_cmake_python_build_recursos_egg
[0.229s] Invoked command in '/home/rod-0310/Escritorio/practicasros_ws/build/recursos' returned '0': CMAKE_PREFIX_PATH=/opt/ros/humble /usr/bin/cmake --build /home/rod-0310/Escritorio/practicasros_ws/build/recursos -- -j20 -l20
[0.235s] Invoking command in '/home/rod-0310/Escritorio/practicasros_ws/build/recursos': CMAKE_PREFIX_PATH=/opt/ros/humble /usr/bin/cmake --install /home/rod-0310/Escritorio/practicasros_ws/build/recursos
[0.239s] -- Install configuration: ""
[0.240s] -- Up-to-date: /home/rod-0310/Escritorio/practicasros_ws/install/recursos/share/ament_index/resource_index/rosidl_interfaces/recursos
[0.240s] -- Up-to-date: /home/rod-0310/Escritorio/practicasros_ws/install/recursos/include/recursos/recursos
[0.240s] -- Up-to-date: /home/rod-0310/Escritorio/practicasros_ws/install/recursos/include/recursos/recursos/srv
[0.240s] -- Up-to-date: /home/rod-0310/Escritorio/practicasros_ws/install/recursos/include/recursos/recursos/srv/coordenadas.h
[0.240s] -- Up-to-date: /home/rod-0310/Escritorio/practicasros_ws/install/recursos/include/recursos/recursos/srv/detail
[0.240s] -- Up-to-date: /home/rod-0310/Escritorio/practicasros_ws/install/recursos/include/recursos/recursos/srv/detail/coordenadas__type_support.h
[0.240s] -- Up-to-date: /home/rod-0310/Escritorio/practicasros_ws/install/recursos/include/recursos/recursos/srv/detail/coordenadas__struct.h
[0.240s] -- Up-to-date: /home/rod-0310/Escritorio/practicasros_ws/install/recursos/include/recursos/recursos/srv/detail/coordenadas__functions.c
[0.240s] -- Up-to-date: /home/rod-0310/Escritorio/practicasros_ws/install/recursos/include/recursos/recursos/srv/detail/coordenadas__functions.h
[0.240s] -- Up-to-date: /home/rod-0310/Escritorio/practicasros_ws/install/recursos/include/recursos/recursos/msg
[0.240s] -- Up-to-date: /home/rod-0310/Escritorio/practicasros_ws/install/recursos/include/recursos/recursos/msg/detail
[0.240s] -- Up-to-date: /home/rod-0310/Escritorio/practicasros_ws/install/recursos/include/recursos/recursos/msg/detail/num__functions.c
[0.240s] -- Up-to-date: /home/rod-0310/Escritorio/practicasros_ws/install/recursos/include/recursos/recursos/msg/detail/num__functions.h
[0.240s] -- Up-to-date: /home/rod-0310/Escritorio/practicasros_ws/install/recursos/include/recursos/recursos/msg/detail/sphere__functions.h
[0.240s] -- Up-to-date: /home/rod-0310/Escritorio/practicasros_ws/install/recursos/include/recursos/recursos/msg/detail/num__struct.h
[0.240s] -- Up-to-date: /home/rod-0310/Escritorio/practicasros_ws/install/recursos/include/recursos/recursos/msg/detail/num__type_support.h
[0.240s] -- Up-to-date: /home/rod-0310/Escritorio/practicasros_ws/install/recursos/include/recursos/recursos/msg/detail/sphere__functions.c
[0.240s] -- Up-to-date: /home/rod-0310/Escritorio/practicasros_ws/install/recursos/include/recursos/recursos/msg/detail/sphere__type_support.h
[0.240s] -- Up-to-date: /home/rod-0310/Escritorio/practicasros_ws/install/recursos/include/recursos/recursos/msg/detail/sphere__struct.h
[0.240s] -- Up-to-date: /home/rod-0310/Escritorio/practicasros_ws/install/recursos/include/recursos/recursos/msg/num.h
[0.240s] -- Up-to-date: /home/rod-0310/Escritorio/practicasros_ws/install/recursos/include/recursos/recursos/msg/sphere.h
[0.240s] -- Up-to-date: /home/rod-0310/Escritorio/practicasros_ws/install/recursos/include/recursos/recursos/msg/rosidl_generator_c__visibility_control.h
[0.240s] -- Up-to-date: /home/rod-0310/Escritorio/practicasros_ws/install/recursos/share/recursos/environment/library_path.sh
[0.240s] -- Up-to-date: /home/rod-0310/Escritorio/practicasros_ws/install/recursos/share/recursos/environment/library_path.dsv
[0.241s] -- Up-to-date: /home/rod-0310/Escritorio/practicasros_ws/install/recursos/lib/librecursos__rosidl_generator_c.so
[0.241s] -- Up-to-date: /home/rod-0310/Escritorio/practicasros_ws/install/recursos/include/recursos/recursos
[0.241s] -- Up-to-date: /home/rod-0310/Escritorio/practicasros_ws/install/recursos/include/recursos/recursos/srv
[0.241s] -- Up-to-date: /home/rod-0310/Escritorio/practicasros_ws/install/recursos/include/recursos/recursos/srv/detail
[0.241s] -- Up-to-date: /home/rod-0310/Escritorio/practicasros_ws/install/recursos/include/recursos/recursos/srv/detail/coordenadas__rosidl_typesupport_fastrtps_c.h
[0.241s] -- Up-to-date: /home/rod-0310/Escritorio/practicasros_ws/install/recursos/include/recursos/recursos/msg
[0.241s] -- Up-to-date: /home/rod-0310/Escritorio/practicasros_ws/install/recursos/include/recursos/recursos/msg/rosidl_typesupport_fastrtps_c__visibility_control.h
[0.241s] -- Up-to-date: /home/rod-0310/Escritorio/practicasros_ws/install/recursos/include/recursos/recursos/msg/detail
[0.241s] -- Up-to-date: /home/rod-0310/Escritorio/practicasros_ws/install/recursos/include/recursos/recursos/msg/detail/num__rosidl_typesupport_fastrtps_c.h
[0.241s] -- Up-to-date: /home/rod-0310/Escritorio/practicasros_ws/install/recursos/include/recursos/recursos/msg/detail/sphere__rosidl_typesupport_fastrtps_c.h
[0.241s] -- Up-to-date: /home/rod-0310/Escritorio/practicasros_ws/install/recursos/lib/librecursos__rosidl_typesupport_fastrtps_c.so
[0.241s] -- Up-to-date: /home/rod-0310/Escritorio/practicasros_ws/install/recursos/include/recursos/recursos
[0.241s] -- Up-to-date: /home/rod-0310/Escritorio/practicasros_ws/install/recursos/include/recursos/recursos/srv
[0.241s] -- Up-to-date: /home/rod-0310/Escritorio/practicasros_ws/install/recursos/include/recursos/recursos/srv/detail
[0.241s] -- Up-to-date: /home/rod-0310/Escritorio/practicasros_ws/install/recursos/include/recursos/recursos/srv/detail/coordenadas__struct.hpp
[0.241s] -- Up-to-date: /home/rod-0310/Escritorio/practicasros_ws/install/recursos/include/recursos/recursos/srv/detail/coordenadas__builder.hpp
[0.241s] -- Up-to-date: /home/rod-0310/Escritorio/practicasros_ws/install/recursos/include/recursos/recursos/srv/detail/coordenadas__traits.hpp
[0.241s] -- Up-to-date: /home/rod-0310/Escritorio/practicasros_ws/install/recursos/include/recursos/recursos/srv/detail/coordenadas__type_support.hpp
[0.241s] -- Up-to-date: /home/rod-0310/Escritorio/practicasros_ws/install/recursos/include/recursos/recursos/srv/coordenadas.hpp
[0.241s] -- Up-to-date: /home/rod-0310/Escritorio/practicasros_ws/install/recursos/include/recursos/recursos/msg
[0.241s] -- Up-to-date: /home/rod-0310/Escritorio/practicasros_ws/install/recursos/include/recursos/recursos/msg/rosidl_generator_cpp__visibility_control.hpp
[0.241s] -- Up-to-date: /home/rod-0310/Escritorio/practicasros_ws/install/recursos/include/recursos/recursos/msg/num.hpp
[0.241s] -- Up-to-date: /home/rod-0310/Escritorio/practicasros_ws/install/recursos/include/recursos/recursos/msg/detail
[0.241s] -- Up-to-date: /home/rod-0310/Escritorio/practicasros_ws/install/recursos/include/recursos/recursos/msg/detail/num__builder.hpp
[0.241s] -- Up-to-date: /home/rod-0310/Escritorio/practicasros_ws/install/recursos/include/recursos/recursos/msg/detail/sphere__traits.hpp
[0.241s] -- Up-to-date: /home/rod-0310/Escritorio/practicasros_ws/install/recursos/include/recursos/recursos/msg/detail/sphere__builder.hpp
[0.241s] -- Up-to-date: /home/rod-0310/Escritorio/practicasros_ws/install/recursos/include/recursos/recursos/msg/detail/sphere__type_support.hpp
[0.241s] -- Up-to-date: /home/rod-0310/Escritorio/practicasros_ws/install/recursos/include/recursos/recursos/msg/detail/num__type_support.hpp
[0.241s] -- Up-to-date: /home/rod-0310/Escritorio/practicasros_ws/install/recursos/include/recursos/recursos/msg/detail/num__traits.hpp
[0.241s] -- Up-to-date: /home/rod-0310/Escritorio/practicasros_ws/install/recursos/include/recursos/recursos/msg/detail/num__struct.hpp
[0.242s] -- Up-to-date: /home/rod-0310/Escritorio/practicasros_ws/install/recursos/include/recursos/recursos/msg/detail/sphere__struct.hpp
[0.242s] -- Up-to-date: /home/rod-0310/Escritorio/practicasros_ws/install/recursos/include/recursos/recursos/msg/sphere.hpp
[0.242s] -- Up-to-date: /home/rod-0310/Escritorio/practicasros_ws/install/recursos/include/recursos/recursos
[0.242s] -- Up-to-date: /home/rod-0310/Escritorio/practicasros_ws/install/recursos/include/recursos/recursos/srv
[0.242s] -- Up-to-date: /home/rod-0310/Escritorio/practicasros_ws/install/recursos/include/recursos/recursos/srv/detail
[0.242s] -- Up-to-date: /home/rod-0310/Escritorio/practicasros_ws/install/recursos/include/recursos/recursos/srv/detail/coordenadas__rosidl_typesupport_fastrtps_cpp.hpp
[0.242s] -- Up-to-date: /home/rod-0310/Escritorio/practicasros_ws/install/recursos/include/recursos/recursos/srv/detail/dds_fastrtps
[0.242s] -- Up-to-date: /home/rod-0310/Escritorio/practicasros_ws/install/recursos/include/recursos/recursos/msg
[0.242s] -- Up-to-date: /home/rod-0310/Escritorio/practicasros_ws/install/recursos/include/recursos/recursos/msg/rosidl_typesupport_fastrtps_cpp__visibility_control.h
[0.242s] -- Up-to-date: /home/rod-0310/Escritorio/practicasros_ws/install/recursos/include/recursos/recursos/msg/detail
[0.242s] -- Up-to-date: /home/rod-0310/Escritorio/practicasros_ws/install/recursos/include/recursos/recursos/msg/detail/num__rosidl_typesupport_fastrtps_cpp.hpp
[0.242s] -- Up-to-date: /home/rod-0310/Escritorio/practicasros_ws/install/recursos/include/recursos/recursos/msg/detail/sphere__rosidl_typesupport_fastrtps_cpp.hpp
[0.242s] -- Up-to-date: /home/rod-0310/Escritorio/practicasros_ws/install/recursos/include/recursos/recursos/msg/detail/dds_fastrtps
[0.242s] -- Up-to-date: /home/rod-0310/Escritorio/practicasros_ws/install/recursos/lib/librecursos__rosidl_typesupport_fastrtps_cpp.so
[0.242s] -- Up-to-date: /home/rod-0310/Escritorio/practicasros_ws/install/recursos/include/recursos/recursos
[0.242s] -- Up-to-date: /home/rod-0310/Escritorio/practicasros_ws/install/recursos/include/recursos/recursos/srv
[0.242s] -- Up-to-date: /home/rod-0310/Escritorio/practicasros_ws/install/recursos/include/recursos/recursos/srv/detail
[0.242s] -- Up-to-date: /home/rod-0310/Escritorio/practicasros_ws/install/recursos/include/recursos/recursos/srv/detail/coordenadas__type_support.c
[0.242s] -- Up-to-date: /home/rod-0310/Escritorio/practicasros_ws/install/recursos/include/recursos/recursos/srv/detail/coordenadas__rosidl_typesupport_introspection_c.h
[0.242s] -- Up-to-date: /home/rod-0310/Escritorio/practicasros_ws/install/recursos/include/recursos/recursos/msg
[0.242s] -- Up-to-date: /home/rod-0310/Escritorio/practicasros_ws/install/recursos/include/recursos/recursos/msg/rosidl_typesupport_introspection_c__visibility_control.h
[0.242s] -- Up-to-date: /home/rod-0310/Escritorio/practicasros_ws/install/recursos/include/recursos/recursos/msg/detail
[0.242s] -- Up-to-date: /home/rod-0310/Escritorio/practicasros_ws/install/recursos/include/recursos/recursos/msg/detail/num__type_support.c
[0.242s] -- Up-to-date: /home/rod-0310/Escritorio/practicasros_ws/install/recursos/include/recursos/recursos/msg/detail/num__rosidl_typesupport_introspection_c.h
[0.242s] -- Up-to-date: /home/rod-0310/Escritorio/practicasros_ws/install/recursos/include/recursos/recursos/msg/detail/sphere__type_support.c
[0.243s] -- Up-to-date: /home/rod-0310/Escritorio/practicasros_ws/install/recursos/include/recursos/recursos/msg/detail/sphere__rosidl_typesupport_introspection_c.h
[0.243s] -- Up-to-date: /home/rod-0310/Escritorio/practicasros_ws/install/recursos/lib/librecursos__rosidl_typesupport_introspection_c.so
[0.243s] -- Up-to-date: /home/rod-0310/Escritorio/practicasros_ws/install/recursos/lib/librecursos__rosidl_typesupport_c.so
[0.243s] -- Up-to-date: /home/rod-0310/Escritorio/practicasros_ws/install/recursos/include/recursos/recursos
[0.243s] -- Up-to-date: /home/rod-0310/Escritorio/practicasros_ws/install/recursos/include/recursos/recursos/srv
[0.243s] -- Up-to-date: /home/rod-0310/Escritorio/practicasros_ws/install/recursos/include/recursos/recursos/srv/detail
[0.243s] -- Up-to-date: /home/rod-0310/Escritorio/practicasros_ws/install/recursos/include/recursos/recursos/srv/detail/coordenadas__rosidl_typesupport_introspection_cpp.hpp
[0.243s] -- Up-to-date: /home/rod-0310/Escritorio/practicasros_ws/install/recursos/include/recursos/recursos/srv/detail/coordenadas__type_support.cpp
[0.243s] -- Up-to-date: /home/rod-0310/Escritorio/practicasros_ws/install/recursos/include/recursos/recursos/msg
[0.243s] -- Up-to-date: /home/rod-0310/Escritorio/practicasros_ws/install/recursos/include/recursos/recursos/msg/detail
[0.243s] -- Up-to-date: /home/rod-0310/Escritorio/practicasros_ws/install/recursos/include/recursos/recursos/msg/detail/sphere__type_support.cpp
[0.243s] -- Up-to-date: /home/rod-0310/Escritorio/practicasros_ws/install/recursos/include/recursos/recursos/msg/detail/num__rosidl_typesupport_introspection_cpp.hpp
[0.243s] -- Up-to-date: /home/rod-0310/Escritorio/practicasros_ws/install/recursos/include/recursos/recursos/msg/detail/sphere__rosidl_typesupport_introspection_cpp.hpp
[0.243s] -- Up-to-date: /home/rod-0310/Escritorio/practicasros_ws/install/recursos/include/recursos/recursos/msg/detail/num__type_support.cpp
[0.243s] -- Up-to-date: /home/rod-0310/Escritorio/practicasros_ws/install/recursos/lib/librecursos__rosidl_typesupport_introspection_cpp.so
[0.243s] -- Up-to-date: /home/rod-0310/Escritorio/practicasros_ws/install/recursos/lib/librecursos__rosidl_typesupport_cpp.so
[0.243s] -- Up-to-date: /home/rod-0310/Escritorio/practicasros_ws/install/recursos/share/recursos/environment/pythonpath.sh
[0.243s] -- Up-to-date: /home/rod-0310/Escritorio/practicasros_ws/install/recursos/share/recursos/environment/pythonpath.dsv
[0.243s] -- Up-to-date: /home/rod-0310/Escritorio/practicasros_ws/install/recursos/local/lib/python3.10/dist-packages/recursos-0.0.0-py3.10.egg-info
[0.243s] -- Installing: /home/rod-0310/Escritorio/practicasros_ws/install/recursos/local/lib/python3.10/dist-packages/recursos-0.0.0-py3.10.egg-info/top_level.txt
[0.243s] -- Installing: /home/rod-0310/Escritorio/practicasros_ws/install/recursos/local/lib/python3.10/dist-packages/recursos-0.0.0-py3.10.egg-info/dependency_links.txt
[0.243s] -- Installing: /home/rod-0310/Escritorio/practicasros_ws/install/recursos/local/lib/python3.10/dist-packages/recursos-0.0.0-py3.10.egg-info/SOURCES.txt
[0.243s] -- Installing: /home/rod-0310/Escritorio/practicasros_ws/install/recursos/local/lib/python3.10/dist-packages/recursos-0.0.0-py3.10.egg-info/PKG-INFO
[0.243s] -- Up-to-date: /home/rod-0310/Escritorio/practicasros_ws/install/recursos/local/lib/python3.10/dist-packages/recursos
[0.243s] -- Up-to-date: /home/rod-0310/Escritorio/practicasros_ws/install/recursos/local/lib/python3.10/dist-packages/recursos/recursos_s__rosidl_typesupport_introspection_c.cpython-310-x86_64-linux-gnu.so
[0.243s] -- Up-to-date: /home/rod-0310/Escritorio/practicasros_ws/install/recursos/local/lib/python3.10/dist-packages/recursos/recursos_s__rosidl_typesupport_fastrtps_c.cpython-310-x86_64-linux-gnu.so
[0.243s] -- Up-to-date: /home/rod-0310/Escritorio/practicasros_ws/install/recursos/local/lib/python3.10/dist-packages/recursos/__init__.py
[0.243s] -- Up-to-date: /home/rod-0310/Escritorio/practicasros_ws/install/recursos/local/lib/python3.10/dist-packages/recursos/recursos_s__rosidl_typesupport_c.cpython-310-x86_64-linux-gnu.so
[0.243s] -- Up-to-date: /home/rod-0310/Escritorio/practicasros_ws/install/recursos/local/lib/python3.10/dist-packages/recursos/srv
[0.243s] -- Up-to-date: /home/rod-0310/Escritorio/practicasros_ws/install/recursos/local/lib/python3.10/dist-packages/recursos/srv/__init__.py
[0.243s] -- Up-to-date: /home/rod-0310/Escritorio/practicasros_ws/install/recursos/local/lib/python3.10/dist-packages/recursos/srv/_coordenadas.py
[0.243s] -- Up-to-date: /home/rod-0310/Escritorio/practicasros_ws/install/recursos/local/lib/python3.10/dist-packages/recursos/srv/_coordenadas_s.c
[0.243s] -- Up-to-date: /home/rod-0310/Escritorio/practicasros_ws/install/recursos/local/lib/python3.10/dist-packages/recursos/msg
[0.243s] -- Up-to-date: /home/rod-0310/Escritorio/practicasros_ws/install/recursos/local/lib/python3.10/dist-packages/recursos/msg/_sphere_s.c
[0.243s] -- Up-to-date: /home/rod-0310/Escritorio/practicasros_ws/install/recursos/local/lib/python3.10/dist-packages/recursos/msg/__init__.py
[0.243s] -- Up-to-date: /home/rod-0310/Escritorio/practicasros_ws/install/recursos/local/lib/python3.10/dist-packages/recursos/msg/_sphere.py
[0.243s] -- Up-to-date: /home/rod-0310/Escritorio/practicasros_ws/install/recursos/local/lib/python3.10/dist-packages/recursos/msg/_num.py
[0.243s] -- Up-to-date: /home/rod-0310/Escritorio/practicasros_ws/install/recursos/local/lib/python3.10/dist-packages/recursos/msg/_num_s.c
[0.244s] -- Up-to-date: /home/rod-0310/Escritorio/practicasros_ws/install/recursos/local/lib/python3.10/dist-packages/recursos/_recursos_s.ep.rosidl_typesupport_fastrtps_c.c
[0.244s] -- Up-to-date: /home/rod-0310/Escritorio/practicasros_ws/install/recursos/local/lib/python3.10/dist-packages/recursos/_recursos_s.ep.rosidl_typesupport_c.c
[0.244s] -- Up-to-date: /home/rod-0310/Escritorio/practicasros_ws/install/recursos/local/lib/python3.10/dist-packages/recursos/librecursos__rosidl_generator_py.so
[0.244s] -- Up-to-date: /home/rod-0310/Escritorio/practicasros_ws/install/recursos/local/lib/python3.10/dist-packages/recursos/_recursos_s.ep.rosidl_typesupport_introspection_c.c
[0.261s] Listing '/home/rod-0310/Escritorio/practicasros_ws/install/recursos/local/lib/python3.10/dist-packages/recursos'...
[0.262s] Listing '/home/rod-0310/Escritorio/practicasros_ws/install/recursos/local/lib/python3.10/dist-packages/recursos/msg'...
[0.262s] Listing '/home/rod-0310/Escritorio/practicasros_ws/install/recursos/local/lib/python3.10/dist-packages/recursos/srv'...
[0.264s] -- Up-to-date: /home/rod-0310/Escritorio/practicasros_ws/install/recursos/local/lib/python3.10/dist-packages/recursos/recursos_s__rosidl_typesupport_fastrtps_c.cpython-310-x86_64-linux-gnu.so
[0.264s] -- Up-to-date: /home/rod-0310/Escritorio/practicasros_ws/install/recursos/local/lib/python3.10/dist-packages/recursos/recursos_s__rosidl_typesupport_introspection_c.cpython-310-x86_64-linux-gnu.so
[0.264s] -- Up-to-date: /home/rod-0310/Escritorio/practicasros_ws/install/recursos/local/lib/python3.10/dist-packages/recursos/recursos_s__rosidl_typesupport_c.cpython-310-x86_64-linux-gnu.so
[0.265s] -- Up-to-date: /home/rod-0310/Escritorio/practicasros_ws/install/recursos/lib/librecursos__rosidl_generator_py.so
[0.265s] -- Up-to-date: /home/rod-0310/Escritorio/practicasros_ws/install/recursos/share/recursos/msg/Num.idl
[0.265s] -- Up-to-date: /home/rod-0310/Escritorio/practicasros_ws/install/recursos/share/recursos/msg/Sphere.idl
[0.265s] -- Up-to-date: /home/rod-0310/Escritorio/practicasros_ws/install/recursos/share/recursos/srv/Coordenadas.idl
[0.265s] -- Up-to-date: /home/rod-0310/Escritorio/practicasros_ws/install/recursos/share/recursos/msg/Num.msg
[0.265s] -- Up-to-date: /home/rod-0310/Escritorio/practicasros_ws/install/recursos/share/recursos/msg/Sphere.msg
[0.265s] -- Up-to-date: /home/rod-0310/Escritorio/practicasros_ws/install/recursos/share/recursos/srv/Coordenadas.srv
[0.265s] -- Up-to-date: /home/rod-0310/Escritorio/practicasros_ws/install/recursos/share/recursos/srv/Coordenadas_Request.msg
[0.265s] -- Up-to-date: /home/rod-0310/Escritorio/practicasros_ws/install/recursos/share/recursos/srv/Coordenadas_Response.msg
[0.265s] -- Up-to-date: /home/rod-0310/Escritorio/practicasros_ws/install/recursos/share/ament_index/resource_index/package_run_dependencies/recursos
[0.265s] -- Up-to-date: /home/rod-0310/Escritorio/practicasros_ws/install/recursos/share/ament_index/resource_index/parent_prefix_path/recursos
[0.265s] -- Up-to-date: /home/rod-0310/Escritorio/practicasros_ws/install/recursos/share/recursos/environment/ament_prefix_path.sh
[0.265s] -- Up-to-date: /home/rod-0310/Escritorio/practicasros_ws/install/recursos/share/recursos/environment/ament_prefix_path.dsv
[0.265s] -- Up-to-date: /home/rod-0310/Escritorio/practicasros_ws/install/recursos/share/recursos/environment/path.sh
[0.265s] -- Up-to-date: /home/rod-0310/Escritorio/practicasros_ws/install/recursos/share/recursos/environment/path.dsv
[0.265s] -- Up-to-date: /home/rod-0310/Escritorio/practicasros_ws/install/recursos/share/recursos/local_setup.bash
[0.265s] -- Up-to-date: /home/rod-0310/Escritorio/practicasros_ws/install/recursos/share/recursos/local_setup.sh
[0.265s] -- Up-to-date: /home/rod-0310/Escritorio/practicasros_ws/install/recursos/share/recursos/local_setup.zsh
[0.265s] -- Up-to-date: /home/rod-0310/Escritorio/practicasros_ws/install/recursos/share/recursos/local_setup.dsv
[0.265s] -- Installing: /home/rod-0310/Escritorio/practicasros_ws/install/recursos/share/recursos/package.dsv
[0.265s] -- Up-to-date: /home/rod-0310/Escritorio/practicasros_ws/install/recursos/share/ament_index/resource_index/packages/recursos
[0.265s] -- Up-to-date: /home/rod-0310/Escritorio/practicasros_ws/install/recursos/share/recursos/cmake/export_recursos__rosidl_generator_cExport.cmake
[0.265s] -- Up-to-date: /home/rod-0310/Escritorio/practicasros_ws/install/recursos/share/recursos/cmake/export_recursos__rosidl_generator_cExport-noconfig.cmake
[0.265s] -- Up-to-date: /home/rod-0310/Escritorio/practicasros_ws/install/recursos/share/recursos/cmake/export_recursos__rosidl_typesupport_fastrtps_cExport.cmake
[0.265s] -- Up-to-date: /home/rod-0310/Escritorio/practicasros_ws/install/recursos/share/recursos/cmake/export_recursos__rosidl_typesupport_fastrtps_cExport-noconfig.cmake
[0.265s] -- Up-to-date: /home/rod-0310/Escritorio/practicasros_ws/install/recursos/share/recursos/cmake/export_recursos__rosidl_generator_cppExport.cmake
[0.265s] -- Up-to-date: /home/rod-0310/Escritorio/practicasros_ws/install/recursos/share/recursos/cmake/export_recursos__rosidl_typesupport_fastrtps_cppExport.cmake
[0.265s] -- Up-to-date: /home/rod-0310/Escritorio/practicasros_ws/install/recursos/share/recursos/cmake/export_recursos__rosidl_typesupport_fastrtps_cppExport-noconfig.cmake
[0.265s] -- Up-to-date: /home/rod-0310/Escritorio/practicasros_ws/install/recursos/share/recursos/cmake/recursos__rosidl_typesupport_introspection_cExport.cmake
[0.265s] -- Up-to-date: /home/rod-0310/Escritorio/practicasros_ws/install/recursos/share/recursos/cmake/recursos__rosidl_typesupport_introspection_cExport-noconfig.cmake
[0.266s] -- Up-to-date: /home/rod-0310/Escritorio/practicasros_ws/install/recursos/share/recursos/cmake/recursos__rosidl_typesupport_cExport.cmake
[0.266s] -- Up-to-date: /home/rod-0310/Escritorio/practicasros_ws/install/recursos/share/recursos/cmake/recursos__rosidl_typesupport_cExport-noconfig.cmake
[0.266s] -- Up-to-date: /home/rod-0310/Escritorio/practicasros_ws/install/recursos/share/recursos/cmake/recursos__rosidl_typesupport_introspection_cppExport.cmake
[0.266s] -- Up-to-date: /home/rod-0310/Escritorio/practicasros_ws/install/recursos/share/recursos/cmake/recursos__rosidl_typesupport_introspection_cppExport-noconfig.cmake
[0.266s] -- Up-to-date: /home/rod-0310/Escritorio/practicasros_ws/install/recursos/share/recursos/cmake/recursos__rosidl_typesupport_cppExport.cmake
[0.266s] -- Up-to-date: /home/rod-0310/Escritorio/practicasros_ws/install/recursos/share/recursos/cmake/recursos__rosidl_typesupport_cppExport-noconfig.cmake
[0.266s] -- Up-to-date: /home/rod-0310/Escritorio/practicasros_ws/install/recursos/share/recursos/cmake/export_recursos__rosidl_generator_pyExport.cmake
[0.266s] -- Up-to-date: /home/rod-0310/Escritorio/practicasros_ws/install/recursos/share/recursos/cmake/export_recursos__rosidl_generator_pyExport-noconfig.cmake
[0.266s] -- Up-to-date: /home/rod-0310/Escritorio/practicasros_ws/install/recursos/share/recursos/cmake/rosidl_cmake-extras.cmake
[0.266s] -- Up-to-date: /home/rod-0310/Escritorio/practicasros_ws/install/recursos/share/recursos/cmake/ament_cmake_export_dependencies-extras.cmake
[0.266s] -- Up-to-date: /home/rod-0310/Escritorio/practicasros_ws/install/recursos/share/recursos/cmake/ament_cmake_export_include_directories-extras.cmake
[0.266s] -- Up-to-date: /home/rod-0310/Escritorio/practicasros_ws/install/recursos/share/recursos/cmake/ament_cmake_export_libraries-extras.cmake
[0.266s] -- Up-to-date: /home/rod-0310/Escritorio/practicasros_ws/install/recursos/share/recursos/cmake/ament_cmake_export_targets-extras.cmake
[0.266s] -- Up-to-date: /home/rod-0310/Escritorio/practicasros_ws/install/recursos/share/recursos/cmake/rosidl_cmake_export_typesupport_targets-extras.cmake
[0.266s] -- Up-to-date: /home/rod-0310/Escritorio/practicasros_ws/install/recursos/share/recursos/cmake/rosidl_cmake_export_typesupport_libraries-extras.cmake
[0.266s] -- Up-to-date: /home/rod-0310/Escritorio/practicasros_ws/install/recursos/share/recursos/cmake/recursosConfig.cmake
[0.266s] -- Up-to-date: /home/rod-0310/Escritorio/practicasros_ws/install/recursos/share/recursos/cmake/recursosConfig-version.cmake
[0.266s] -- Up-to-date: /home/rod-0310/Escritorio/practicasros_ws/install/recursos/share/recursos/package.xml
[0.267s] Invoked command in '/home/rod-0310/Escritorio/practicasros_ws/build/recursos' returned '0': CMAKE_PREFIX_PATH=/opt/ros/humble /usr/bin/cmake --install /home/rod-0310/Escritorio/practicasros_ws/build/recursos
