[0.413s] Invoking command in '/home/rod-0310/Escritorio/examen_ws/src/ejer1_py': PYTHONPATH=/home/rod-0310/Escritorio/examen_ws/build/ejer1_py/prefix_override:/usr/lib/python3/dist-packages/colcon_core/task/python/colcon_distutils_commands:/home/rod-0310/Escritorio/examen_ws/install/ejer1_py/lib/python3.10/site-packages:${PYTHONPATH} /usr/bin/python3 -W ignore:setup.py install is deprecated -W ignore:easy_install command is deprecated setup.py egg_info --egg-base ../../build/ejer1_py build --build-base /home/rod-0310/Escritorio/examen_ws/build/ejer1_py/build install --record /home/rod-0310/Escritorio/examen_ws/build/ejer1_py/install.log --single-version-externally-managed install_data
[0.559s] running egg_info
[0.559s] writing ../../build/ejer1_py/ejer1_py.egg-info/PKG-INFO
[0.559s] writing dependency_links to ../../build/ejer1_py/ejer1_py.egg-info/dependency_links.txt
[0.559s] writing entry points to ../../build/ejer1_py/ejer1_py.egg-info/entry_points.txt
[0.559s] writing requirements to ../../build/ejer1_py/ejer1_py.egg-info/requires.txt
[0.559s] writing top-level names to ../../build/ejer1_py/ejer1_py.egg-info/top_level.txt
[0.560s] reading manifest file '../../build/ejer1_py/ejer1_py.egg-info/SOURCES.txt'
[0.561s] adding license file 'LICENSE'
[0.561s] writing manifest file '../../build/ejer1_py/ejer1_py.egg-info/SOURCES.txt'
[0.561s] running build
[0.561s] running build_py
[0.561s] copying ejer1_py/suscriptor.py -> /home/rod-0310/Escritorio/examen_ws/build/ejer1_py/build/lib/ejer1_py
[0.561s] running install
[0.561s] running install_lib
[0.562s] copying /home/rod-0310/Escritorio/examen_ws/build/ejer1_py/build/lib/ejer1_py/suscriptor.py -> /home/rod-0310/Escritorio/examen_ws/install/ejer1_py/lib/python3.10/site-packages/ejer1_py
[0.562s] byte-compiling /home/rod-0310/Escritorio/examen_ws/install/ejer1_py/lib/python3.10/site-packages/ejer1_py/suscriptor.py to suscriptor.cpython-310.pyc
[0.563s] running install_data
[0.563s] running install_egg_info
[0.564s] removing '/home/rod-0310/Escritorio/examen_ws/install/ejer1_py/lib/python3.10/site-packages/ejer1_py-0.0.0-py3.10.egg-info' (and everything under it)
[0.564s] Copying ../../build/ejer1_py/ejer1_py.egg-info to /home/rod-0310/Escritorio/examen_ws/install/ejer1_py/lib/python3.10/site-packages/ejer1_py-0.0.0-py3.10.egg-info
[0.564s] running install_scripts
[0.579s] Installing publicador script to /home/rod-0310/Escritorio/examen_ws/install/ejer1_py/lib/ejer1_py
[0.579s] Installing suscriptor script to /home/rod-0310/Escritorio/examen_ws/install/ejer1_py/lib/ejer1_py
[0.579s] writing list of installed files to '/home/rod-0310/Escritorio/examen_ws/build/ejer1_py/install.log'
[0.600s] Invoked command in '/home/rod-0310/Escritorio/examen_ws/src/ejer1_py' returned '0': PYTHONPATH=/home/rod-0310/Escritorio/examen_ws/build/ejer1_py/prefix_override:/usr/lib/python3/dist-packages/colcon_core/task/python/colcon_distutils_commands:/home/rod-0310/Escritorio/examen_ws/install/ejer1_py/lib/python3.10/site-packages:${PYTHONPATH} /usr/bin/python3 -W ignore:setup.py install is deprecated -W ignore:easy_install command is deprecated setup.py egg_info --egg-base ../../build/ejer1_py build --build-base /home/rod-0310/Escritorio/examen_ws/build/ejer1_py/build install --record /home/rod-0310/Escritorio/examen_ws/build/ejer1_py/install.log --single-version-externally-managed install_data
