[0.691s] Invoking command in '/home/rod-0310/Escritorio/practicasros_ws/src/practica1': PYTHONPATH=/home/rod-0310/Escritorio/practicasros_ws/build/practica1/prefix_override:/usr/lib/python3/dist-packages/colcon_core/task/python/colcon_distutils_commands:/home/rod-0310/Escritorio/practicasros_ws/install/practica1/lib/python3.10/site-packages:${PYTHONPATH} /usr/bin/python3 -W ignore:setup.py install is deprecated -W ignore:easy_install command is deprecated setup.py egg_info --egg-base ../../build/practica1 build --build-base /home/rod-0310/Escritorio/practicasros_ws/build/practica1/build install --record /home/rod-0310/Escritorio/practicasros_ws/build/practica1/install.log --single-version-externally-managed install_data
[0.857s] running egg_info
[0.857s] writing ../../build/practica1/practica1.egg-info/PKG-INFO
[0.858s] writing dependency_links to ../../build/practica1/practica1.egg-info/dependency_links.txt
[0.858s] writing entry points to ../../build/practica1/practica1.egg-info/entry_points.txt
[0.858s] writing requirements to ../../build/practica1/practica1.egg-info/requires.txt
[0.858s] writing top-level names to ../../build/practica1/practica1.egg-info/top_level.txt
[0.859s] reading manifest file '../../build/practica1/practica1.egg-info/SOURCES.txt'
[0.862s] adding license file 'LICENSE'
[0.863s] writing manifest file '../../build/practica1/practica1.egg-info/SOURCES.txt'
[0.863s] running build
[0.863s] running build_py
[0.863s] running install
[0.863s] running install_lib
[0.864s] running install_data
[0.864s] running install_egg_info
[0.865s] removing '/home/rod-0310/Escritorio/practicasros_ws/install/practica1/lib/python3.10/site-packages/practica1-0.0.0-py3.10.egg-info' (and everything under it)
[0.865s] Copying ../../build/practica1/practica1.egg-info to /home/rod-0310/Escritorio/practicasros_ws/install/practica1/lib/python3.10/site-packages/practica1-0.0.0-py3.10.egg-info
[0.866s] running install_scripts
[0.882s] Installing nodo1 script to /home/rod-0310/Escritorio/practicasros_ws/install/practica1/lib/practica1
[0.882s] Installing nodo2 script to /home/rod-0310/Escritorio/practicasros_ws/install/practica1/lib/practica1
[0.882s] Installing nodo3 script to /home/rod-0310/Escritorio/practicasros_ws/install/practica1/lib/practica1
[0.882s] writing list of installed files to '/home/rod-0310/Escritorio/practicasros_ws/build/practica1/install.log'
[0.903s] Invoked command in '/home/rod-0310/Escritorio/practicasros_ws/src/practica1' returned '0': PYTHONPATH=/home/rod-0310/Escritorio/practicasros_ws/build/practica1/prefix_override:/usr/lib/python3/dist-packages/colcon_core/task/python/colcon_distutils_commands:/home/rod-0310/Escritorio/practicasros_ws/install/practica1/lib/python3.10/site-packages:${PYTHONPATH} /usr/bin/python3 -W ignore:setup.py install is deprecated -W ignore:easy_install command is deprecated setup.py egg_info --egg-base ../../build/practica1 build --build-base /home/rod-0310/Escritorio/practicasros_ws/build/practica1/build install --record /home/rod-0310/Escritorio/practicasros_ws/build/practica1/install.log --single-version-externally-managed install_data
