running egg_info
writing ../../build/ejercicio3/ejercicio3.egg-info/PKG-INFO
writing dependency_links to ../../build/ejercicio3/ejercicio3.egg-info/dependency_links.txt
writing entry points to ../../build/ejercicio3/ejercicio3.egg-info/entry_points.txt
writing requirements to ../../build/ejercicio3/ejercicio3.egg-info/requires.txt
writing top-level names to ../../build/ejercicio3/ejercicio3.egg-info/top_level.txt
reading manifest file '../../build/ejercicio3/ejercicio3.egg-info/SOURCES.txt'
adding license file 'LICENSE'
writing manifest file '../../build/ejercicio3/ejercicio3.egg-info/SOURCES.txt'
running build
running build_py
copying ejercicio3/server.py -> /home/rod-0310/Escritorio/practicasros_ws/build/ejercicio3/build/lib/ejercicio3
copying ejercicio3/client.py -> /home/rod-0310/Escritorio/practicasros_ws/build/ejercicio3/build/lib/ejercicio3
running install
running install_lib
copying /home/rod-0310/Escritorio/practicasros_ws/build/ejercicio3/build/lib/ejercicio3/server.py -> /home/rod-0310/Escritorio/practicasros_ws/install/ejercicio3/lib/python3.10/site-packages/ejercicio3
copying /home/rod-0310/Escritorio/practicasros_ws/build/ejercicio3/build/lib/ejercicio3/client.py -> /home/rod-0310/Escritorio/practicasros_ws/install/ejercicio3/lib/python3.10/site-packages/ejercicio3
byte-compiling /home/rod-0310/Escritorio/practicasros_ws/install/ejercicio3/lib/python3.10/site-packages/ejercicio3/server.py to server.cpython-310.pyc
byte-compiling /home/rod-0310/Escritorio/practicasros_ws/install/ejercicio3/lib/python3.10/site-packages/ejercicio3/client.py to client.cpython-310.pyc
running install_data
copying package.xml -> /home/rod-0310/Escritorio/practicasros_ws/install/ejercicio3/share/ejercicio3
running install_egg_info
removing '/home/rod-0310/Escritorio/practicasros_ws/install/ejercicio3/lib/python3.10/site-packages/ejercicio3-0.0.0-py3.10.egg-info' (and everything under it)
Copying ../../build/ejercicio3/ejercicio3.egg-info to /home/rod-0310/Escritorio/practicasros_ws/install/ejercicio3/lib/python3.10/site-packages/ejercicio3-0.0.0-py3.10.egg-info
running install_scripts
Installing client script to /home/rod-0310/Escritorio/practicasros_ws/install/ejercicio3/lib/ejercicio3
Installing server script to /home/rod-0310/Escritorio/practicasros_ws/install/ejercicio3/lib/ejercicio3
writing list of installed files to '/home/rod-0310/Escritorio/practicasros_ws/build/ejercicio3/install.log'
