[0.744s] Invoking command in '/home/rod-0310/Escritorio/practicasros_ws/src/ejercicio3': PYTHONPATH=/home/rod-0310/Escritorio/practicasros_ws/build/ejercicio3/prefix_override:/usr/lib/python3/dist-packages/colcon_core/task/python/colcon_distutils_commands:/home/rod-0310/Escritorio/practicasros_ws/install/ejercicio3/lib/python3.10/site-packages:${PYTHONPATH} /usr/bin/python3 -W ignore:setup.py install is deprecated -W ignore:easy_install command is deprecated setup.py egg_info --egg-base ../../build/ejercicio3 build --build-base /home/rod-0310/Escritorio/practicasros_ws/build/ejercicio3/build install --record /home/rod-0310/Escritorio/practicasros_ws/build/ejercicio3/install.log --single-version-externally-managed install_data
[0.897s] running egg_info
[0.898s] writing ../../build/ejercicio3/ejercicio3.egg-info/PKG-INFO
[0.898s] writing dependency_links to ../../build/ejercicio3/ejercicio3.egg-info/dependency_links.txt
[0.898s] writing entry points to ../../build/ejercicio3/ejercicio3.egg-info/entry_points.txt
[0.898s] writing requirements to ../../build/ejercicio3/ejercicio3.egg-info/requires.txt
[0.898s] writing top-level names to ../../build/ejercicio3/ejercicio3.egg-info/top_level.txt
[0.899s] reading manifest file '../../build/ejercicio3/ejercicio3.egg-info/SOURCES.txt'
[0.899s] adding license file 'LICENSE'
[0.899s] writing manifest file '../../build/ejercicio3/ejercicio3.egg-info/SOURCES.txt'
[0.899s] running build
[0.899s] running build_py
[0.899s] running install
[0.899s] running install_lib
[0.900s] running install_data
[0.900s] running install_egg_info
[0.901s] removing '/home/rod-0310/Escritorio/practicasros_ws/install/ejercicio3/lib/python3.10/site-packages/ejercicio3-0.0.0-py3.10.egg-info' (and everything under it)
[0.901s] Copying ../../build/ejercicio3/ejercicio3.egg-info to /home/rod-0310/Escritorio/practicasros_ws/install/ejercicio3/lib/python3.10/site-packages/ejercicio3-0.0.0-py3.10.egg-info
[0.901s] running install_scripts
[0.915s] writing list of installed files to '/home/rod-0310/Escritorio/practicasros_ws/build/ejercicio3/install.log'
[0.936s] Invoked command in '/home/rod-0310/Escritorio/practicasros_ws/src/ejercicio3' returned '0': PYTHONPATH=/home/rod-0310/Escritorio/practicasros_ws/build/ejercicio3/prefix_override:/usr/lib/python3/dist-packages/colcon_core/task/python/colcon_distutils_commands:/home/rod-0310/Escritorio/practicasros_ws/install/ejercicio3/lib/python3.10/site-packages:${PYTHONPATH} /usr/bin/python3 -W ignore:setup.py install is deprecated -W ignore:easy_install command is deprecated setup.py egg_info --egg-base ../../build/ejercicio3 build --build-base /home/rod-0310/Escritorio/practicasros_ws/build/ejercicio3/build install --record /home/rod-0310/Escritorio/practicasros_ws/build/ejercicio3/install.log --single-version-externally-managed install_data
