[1.027s] Invoking command in '/home/rod-0310/Escritorio/practicasros_ws/src/practica1': PYTHONPATH=/home/rod-0310/Escritorio/practicasros_ws/build/practica1/prefix_override:/usr/lib/python3/dist-packages/colcon_core/task/python/colcon_distutils_commands:/home/rod-0310/Escritorio/practicasros_ws/install/practica1/lib/python3.10/site-packages:${PYTHONPATH} /usr/bin/python3 -W ignore:setup.py install is deprecated -W ignore:easy_install command is deprecated setup.py egg_info --egg-base ../../build/practica1 build --build-base /home/rod-0310/Escritorio/practicasros_ws/build/practica1/build install --record /home/rod-0310/Escritorio/practicasros_ws/build/practica1/install.log --single-version-externally-managed install_data
[1.400s] running egg_info
[1.400s] writing ../../build/practica1/practica1.egg-info/PKG-INFO
[1.401s] writing dependency_links to ../../build/practica1/practica1.egg-info/dependency_links.txt
[1.401s] writing entry points to ../../build/practica1/practica1.egg-info/entry_points.txt
[1.401s] writing requirements to ../../build/practica1/practica1.egg-info/requires.txt
[1.401s] writing top-level names to ../../build/practica1/practica1.egg-info/top_level.txt
[1.405s] reading manifest file '../../build/practica1/practica1.egg-info/SOURCES.txt'
[1.406s] adding license file 'LICENSE'
[1.407s] writing manifest file '../../build/practica1/practica1.egg-info/SOURCES.txt'
[1.407s] running build
[1.407s] running build_py
[1.408s] copying practica1/nodo1.py -> /home/rod-0310/Escritorio/practicasros_ws/build/practica1/build/lib/practica1
[1.408s] running install
[1.409s] running install_lib
[1.410s] copying /home/rod-0310/Escritorio/practicasros_ws/build/practica1/build/lib/practica1/nodo1.py -> /home/rod-0310/Escritorio/practicasros_ws/install/practica1/lib/python3.10/site-packages/practica1
[1.411s] byte-compiling /home/rod-0310/Escritorio/practicasros_ws/install/practica1/lib/python3.10/site-packages/practica1/nodo1.py to nodo1.cpython-310.pyc
[1.412s] running install_data
[1.412s] running install_egg_info
[1.415s] removing '/home/rod-0310/Escritorio/practicasros_ws/install/practica1/lib/python3.10/site-packages/practica1-0.0.0-py3.10.egg-info' (and everything under it)
[1.415s] Copying ../../build/practica1/practica1.egg-info to /home/rod-0310/Escritorio/practicasros_ws/install/practica1/lib/python3.10/site-packages/practica1-0.0.0-py3.10.egg-info
[1.416s] running install_scripts
[1.448s] Installing nodo1 script to /home/rod-0310/Escritorio/practicasros_ws/install/practica1/lib/practica1
[1.448s] writing list of installed files to '/home/rod-0310/Escritorio/practicasros_ws/build/practica1/install.log'
[1.484s] Invoked command in '/home/rod-0310/Escritorio/practicasros_ws/src/practica1' returned '0': PYTHONPATH=/home/rod-0310/Escritorio/practicasros_ws/build/practica1/prefix_override:/usr/lib/python3/dist-packages/colcon_core/task/python/colcon_distutils_commands:/home/rod-0310/Escritorio/practicasros_ws/install/practica1/lib/python3.10/site-packages:${PYTHONPATH} /usr/bin/python3 -W ignore:setup.py install is deprecated -W ignore:easy_install command is deprecated setup.py egg_info --egg-base ../../build/practica1 build --build-base /home/rod-0310/Escritorio/practicasros_ws/build/practica1/build install --record /home/rod-0310/Escritorio/practicasros_ws/build/practica1/install.log --single-version-externally-managed install_data
