[0.081s] DEBUG:colcon:Command line arguments: ['/usr/bin/colcon', 'list', '-p', '--base-paths', '/home/rod-0310/Escritorio/examen_ws']
[0.081s] DEBUG:colcon:Parsed command line arguments: Namespace(log_base=None, log_level=None, verb_name='list', build_base='build', ignore_user_meta=False, metas=['./colcon.meta'], base_paths=['/home/rod-0310/Escritorio/examen_ws'], packages_ignore=None, packages_ignore_regex=None, paths=None, packages_up_to=None, packages_up_to_regex=None, packages_above=None, packages_above_and_dependencies=None, packages_above_depth=None, packages_select_by_dep=None, packages_skip_by_dep=None, packages_skip_up_to=None, packages_select_build_failed=False, packages_skip_build_finished=False, packages_select_test_failures=False, packages_skip_test_passed=False, packages_select=None, packages_skip=None, packages_select_regex=None, packages_skip_regex=None, packages_start=None, packages_end=None, allow_overriding=[], topological_order=False, names_only=False, paths_only=True, topological_graph=False, topological_graph_dot=False, topological_graph_density=False, topological_graph_legend=False, topological_graph_dot_cluster=False, topological_graph_dot_include_skipped=False, mixin_files=None, mixin=None, verb_parser=<colcon_mixin.mixin.mixin_argument.MixinArgumentDecorator object at 0x782c59ca87c0>, verb_extension=<colcon_package_information.verb.list.ListVerb object at 0x782c59c63730>, main=<bound method ListVerb.main of <colcon_package_information.verb.list.ListVerb object at 0x782c59c63730>>, mixin_verb=('list',))
[0.251s] Level 1:colcon.colcon_core.package_discovery:discover_packages(colcon_meta) check parameters
[0.251s] Level 1:colcon.colcon_core.package_discovery:discover_packages(recursive) check parameters
[0.251s] Level 1:colcon.colcon_core.package_discovery:discover_packages(ignore) check parameters
[0.251s] Level 1:colcon.colcon_core.package_discovery:discover_packages(path) check parameters
[0.251s] Level 1:colcon.colcon_core.package_discovery:discover_packages(recursive) discover
[0.252s] INFO:colcon.colcon_core.package_discovery:Crawling recursively for packages in '/home/rod-0310/Escritorio/examen_ws'
[0.252s] Level 1:colcon.colcon_core.package_identification:_identify(/home/rod-0310/Escritorio/examen_ws) by extensions ['ignore', 'ignore_ament_install']
[0.252s] Level 1:colcon.colcon_core.package_identification:_identify(/home/rod-0310/Escritorio/examen_ws) by extension 'ignore'
[0.252s] Level 1:colcon.colcon_core.package_identification:_identify(/home/rod-0310/Escritorio/examen_ws) by extension 'ignore_ament_install'
[0.252s] Level 1:colcon.colcon_core.package_identification:_identify(/home/rod-0310/Escritorio/examen_ws) by extensions ['colcon_pkg']
[0.252s] Level 1:colcon.colcon_core.package_identification:_identify(/home/rod-0310/Escritorio/examen_ws) by extension 'colcon_pkg'
[0.252s] Level 1:colcon.colcon_core.package_identification:_identify(/home/rod-0310/Escritorio/examen_ws) by extensions ['colcon_meta']
[0.252s] Level 1:colcon.colcon_core.package_identification:_identify(/home/rod-0310/Escritorio/examen_ws) by extension 'colcon_meta'
[0.252s] Level 1:colcon.colcon_core.package_identification:_identify(/home/rod-0310/Escritorio/examen_ws) by extensions ['ros']
[0.252s] Level 1:colcon.colcon_core.package_identification:_identify(/home/rod-0310/Escritorio/examen_ws) by extension 'ros'
[0.261s] Level 1:colcon.colcon_core.package_identification:_identify(/home/rod-0310/Escritorio/examen_ws) by extensions ['cmake', 'python']
[0.261s] Level 1:colcon.colcon_core.package_identification:_identify(/home/rod-0310/Escritorio/examen_ws) by extension 'cmake'
[0.261s] Level 1:colcon.colcon_core.package_identification:_identify(/home/rod-0310/Escritorio/examen_ws) by extension 'python'
[0.261s] Level 1:colcon.colcon_core.package_identification:_identify(/home/rod-0310/Escritorio/examen_ws) by extensions ['python_setup_py']
[0.261s] Level 1:colcon.colcon_core.package_identification:_identify(/home/rod-0310/Escritorio/examen_ws) by extension 'python_setup_py'
[0.261s] Level 1:colcon.colcon_core.package_identification:_identify(/home/rod-0310/Escritorio/examen_ws/build) by extensions ['ignore', 'ignore_ament_install']
[0.261s] Level 1:colcon.colcon_core.package_identification:_identify(/home/rod-0310/Escritorio/examen_ws/build) by extension 'ignore'
[0.261s] Level 1:colcon.colcon_core.package_identification:_identify(/home/rod-0310/Escritorio/examen_ws/build) ignored
[0.261s] Level 1:colcon.colcon_core.package_identification:_identify(/home/rod-0310/Escritorio/examen_ws/install) by extensions ['ignore', 'ignore_ament_install']
[0.261s] Level 1:colcon.colcon_core.package_identification:_identify(/home/rod-0310/Escritorio/examen_ws/install) by extension 'ignore'
[0.261s] Level 1:colcon.colcon_core.package_identification:_identify(/home/rod-0310/Escritorio/examen_ws/install) ignored
[0.262s] Level 1:colcon.colcon_core.package_identification:_identify(/home/rod-0310/Escritorio/examen_ws/log) by extensions ['ignore', 'ignore_ament_install']
[0.262s] Level 1:colcon.colcon_core.package_identification:_identify(/home/rod-0310/Escritorio/examen_ws/log) by extension 'ignore'
[0.262s] Level 1:colcon.colcon_core.package_identification:_identify(/home/rod-0310/Escritorio/examen_ws/log) ignored
[0.262s] Level 1:colcon.colcon_core.package_identification:_identify(/home/rod-0310/Escritorio/examen_ws/src) by extensions ['ignore', 'ignore_ament_install']
[0.262s] Level 1:colcon.colcon_core.package_identification:_identify(/home/rod-0310/Escritorio/examen_ws/src) by extension 'ignore'
[0.262s] Level 1:colcon.colcon_core.package_identification:_identify(/home/rod-0310/Escritorio/examen_ws/src) by extension 'ignore_ament_install'
[0.262s] Level 1:colcon.colcon_core.package_identification:_identify(/home/rod-0310/Escritorio/examen_ws/src) by extensions ['colcon_pkg']
[0.262s] Level 1:colcon.colcon_core.package_identification:_identify(/home/rod-0310/Escritorio/examen_ws/src) by extension 'colcon_pkg'
[0.262s] Level 1:colcon.colcon_core.package_identification:_identify(/home/rod-0310/Escritorio/examen_ws/src) by extensions ['colcon_meta']
[0.262s] Level 1:colcon.colcon_core.package_identification:_identify(/home/rod-0310/Escritorio/examen_ws/src) by extension 'colcon_meta'
[0.262s] Level 1:colcon.colcon_core.package_identification:_identify(/home/rod-0310/Escritorio/examen_ws/src) by extensions ['ros']
[0.262s] Level 1:colcon.colcon_core.package_identification:_identify(/home/rod-0310/Escritorio/examen_ws/src) by extension 'ros'
[0.262s] Level 1:colcon.colcon_core.package_identification:_identify(/home/rod-0310/Escritorio/examen_ws/src) by extensions ['cmake', 'python']
[0.262s] Level 1:colcon.colcon_core.package_identification:_identify(/home/rod-0310/Escritorio/examen_ws/src) by extension 'cmake'
[0.262s] Level 1:colcon.colcon_core.package_identification:_identify(/home/rod-0310/Escritorio/examen_ws/src) by extension 'python'
[0.262s] Level 1:colcon.colcon_core.package_identification:_identify(/home/rod-0310/Escritorio/examen_ws/src) by extensions ['python_setup_py']
[0.262s] Level 1:colcon.colcon_core.package_identification:_identify(/home/rod-0310/Escritorio/examen_ws/src) by extension 'python_setup_py'
[0.262s] Level 1:colcon.colcon_core.package_identification:_identify(/home/rod-0310/Escritorio/examen_ws/src/ejer1_py) by extensions ['ignore', 'ignore_ament_install']
[0.262s] Level 1:colcon.colcon_core.package_identification:_identify(/home/rod-0310/Escritorio/examen_ws/src/ejer1_py) by extension 'ignore'
[0.262s] Level 1:colcon.colcon_core.package_identification:_identify(/home/rod-0310/Escritorio/examen_ws/src/ejer1_py) by extension 'ignore_ament_install'
[0.262s] Level 1:colcon.colcon_core.package_identification:_identify(/home/rod-0310/Escritorio/examen_ws/src/ejer1_py) by extensions ['colcon_pkg']
[0.262s] Level 1:colcon.colcon_core.package_identification:_identify(/home/rod-0310/Escritorio/examen_ws/src/ejer1_py) by extension 'colcon_pkg'
[0.262s] Level 1:colcon.colcon_core.package_identification:_identify(/home/rod-0310/Escritorio/examen_ws/src/ejer1_py) by extensions ['colcon_meta']
[0.262s] Level 1:colcon.colcon_core.package_identification:_identify(/home/rod-0310/Escritorio/examen_ws/src/ejer1_py) by extension 'colcon_meta'
[0.262s] Level 1:colcon.colcon_core.package_identification:_identify(/home/rod-0310/Escritorio/examen_ws/src/ejer1_py) by extensions ['ros']
[0.262s] Level 1:colcon.colcon_core.package_identification:_identify(/home/rod-0310/Escritorio/examen_ws/src/ejer1_py) by extension 'ros'
[0.265s] DEBUG:colcon.colcon_core.package_identification:Package '/home/rod-0310/Escritorio/examen_ws/src/ejer1_py' with type 'ros.ament_python' and name 'ejer1_py'
[0.266s] Level 1:colcon.colcon_core.package_identification:_identify(/home/rod-0310/Escritorio/examen_ws/src/ejer2_py) by extensions ['ignore', 'ignore_ament_install']
[0.266s] Level 1:colcon.colcon_core.package_identification:_identify(/home/rod-0310/Escritorio/examen_ws/src/ejer2_py) by extension 'ignore'
[0.266s] Level 1:colcon.colcon_core.package_identification:_identify(/home/rod-0310/Escritorio/examen_ws/src/ejer2_py) by extension 'ignore_ament_install'
[0.266s] Level 1:colcon.colcon_core.package_identification:_identify(/home/rod-0310/Escritorio/examen_ws/src/ejer2_py) by extensions ['colcon_pkg']
[0.266s] Level 1:colcon.colcon_core.package_identification:_identify(/home/rod-0310/Escritorio/examen_ws/src/ejer2_py) by extension 'colcon_pkg'
[0.266s] Level 1:colcon.colcon_core.package_identification:_identify(/home/rod-0310/Escritorio/examen_ws/src/ejer2_py) by extensions ['colcon_meta']
[0.266s] Level 1:colcon.colcon_core.package_identification:_identify(/home/rod-0310/Escritorio/examen_ws/src/ejer2_py) by extension 'colcon_meta'
[0.266s] Level 1:colcon.colcon_core.package_identification:_identify(/home/rod-0310/Escritorio/examen_ws/src/ejer2_py) by extensions ['ros']
[0.266s] Level 1:colcon.colcon_core.package_identification:_identify(/home/rod-0310/Escritorio/examen_ws/src/ejer2_py) by extension 'ros'
[0.266s] DEBUG:colcon.colcon_core.package_identification:Package '/home/rod-0310/Escritorio/examen_ws/src/ejer2_py' with type 'ros.ament_python' and name 'ejer2_py'
[0.267s] Level 1:colcon.colcon_core.package_identification:_identify(/home/rod-0310/Escritorio/examen_ws/src/examen_interface) by extensions ['ignore', 'ignore_ament_install']
[0.267s] Level 1:colcon.colcon_core.package_identification:_identify(/home/rod-0310/Escritorio/examen_ws/src/examen_interface) by extension 'ignore'
[0.267s] Level 1:colcon.colcon_core.package_identification:_identify(/home/rod-0310/Escritorio/examen_ws/src/examen_interface) by extension 'ignore_ament_install'
[0.267s] Level 1:colcon.colcon_core.package_identification:_identify(/home/rod-0310/Escritorio/examen_ws/src/examen_interface) by extensions ['colcon_pkg']
[0.267s] Level 1:colcon.colcon_core.package_identification:_identify(/home/rod-0310/Escritorio/examen_ws/src/examen_interface) by extension 'colcon_pkg'
[0.267s] Level 1:colcon.colcon_core.package_identification:_identify(/home/rod-0310/Escritorio/examen_ws/src/examen_interface) by extensions ['colcon_meta']
[0.267s] Level 1:colcon.colcon_core.package_identification:_identify(/home/rod-0310/Escritorio/examen_ws/src/examen_interface) by extension 'colcon_meta'
[0.267s] Level 1:colcon.colcon_core.package_identification:_identify(/home/rod-0310/Escritorio/examen_ws/src/examen_interface) by extensions ['ros']
[0.267s] Level 1:colcon.colcon_core.package_identification:_identify(/home/rod-0310/Escritorio/examen_ws/src/examen_interface) by extension 'ros'
[0.267s] DEBUG:colcon.colcon_core.package_identification:Package '/home/rod-0310/Escritorio/examen_ws/src/examen_interface' with type 'ros.ament_cmake' and name 'examen_interface'
[0.267s] Level 1:colcon.colcon_core.package_discovery:discover_packages(recursive) using defaults
