[0.184s] Invoking command in '/home/rod-0310/Escritorio/practicasros_ws/build/ejercicio2_cpp': CMAKE_PREFIX_PATH=/opt/ros/humble /usr/bin/cmake /home/rod-0310/Escritorio/practicasros_ws/src/ejercicio2_cpp -DCMAKE_INSTALL_PREFIX=/home/rod-0310/Escritorio/practicasros_ws/install/ejercicio2_cpp
[0.385s] -- The C compiler identification is GNU 11.4.0
[0.385s] -- The CXX compiler identification is GNU 11.4.0
[0.385s] -- Detecting C compiler ABI info
[0.385s] -- Detecting C compiler ABI info - done
[0.385s] -- Check for working C compiler: /usr/bin/cc - skipped
[0.385s] -- Detecting C compile features
[0.385s] -- Detecting C compile features - done
[0.386s] -- Detecting CXX compiler ABI info
[0.418s] -- Detecting CXX compiler ABI info - done
[0.425s] -- Check for working CXX compiler: /usr/bin/c++ - skipped
[0.425s] -- Detecting CXX compile features
[0.426s] -- Detecting CXX compile features - done
[0.428s] -- Found ament_cmake: 1.3.11 (/opt/ros/humble/share/ament_cmake/cmake)
[0.571s] -- Found Python3: /usr/bin/python3 (found version "3.10.12") found components: Interpreter 
[0.645s] -- Found rclcpp: 16.0.11 (/opt/ros/humble/share/rclcpp/cmake)
[0.675s] -- Found rosidl_generator_c: 3.1.6 (/opt/ros/humble/share/rosidl_generator_c/cmake)
[0.678s] -- Found rosidl_adapter: 3.1.6 (/opt/ros/humble/share/rosidl_adapter/cmake)
[0.685s] -- Found rosidl_generator_cpp: 3.1.6 (/opt/ros/humble/share/rosidl_generator_cpp/cmake)
[0.694s] -- Using all available rosidl_typesupport_c: rosidl_typesupport_fastrtps_c;rosidl_typesupport_introspection_c
[0.706s] -- Using all available rosidl_typesupport_cpp: rosidl_typesupport_fastrtps_cpp;rosidl_typesupport_introspection_cpp
[0.738s] -- Found rmw_implementation_cmake: 6.1.2 (/opt/ros/humble/share/rmw_implementation_cmake/cmake)
[0.740s] -- Found rmw_fastrtps_cpp: 6.2.7 (/opt/ros/humble/share/rmw_fastrtps_cpp/cmake)
[0.810s] -- Found OpenSSL: /usr/lib/x86_64-linux-gnu/libcrypto.so (found version "3.0.2")  
[0.832s] -- Found FastRTPS: /opt/ros/humble/include  
[0.863s] -- Using RMW implementation 'rmw_fastrtps_cpp' as default
[0.868s] -- Looking for pthread.h
[0.938s] -- Looking for pthread.h - found
[0.939s] -- Performing Test CMAKE_HAVE_LIBC_PTHREAD
[1.006s] -- Performing Test CMAKE_HAVE_LIBC_PTHREAD - Success
[1.007s] -- Found Threads: TRUE  
[1.041s] -- Found ament_lint_auto: 0.12.11 (/opt/ros/humble/share/ament_lint_auto/cmake)
[1.085s] -- Added test 'lint_cmake' to check CMake code style
[1.085s] -- Added test 'xmllint' to check XML markup files
[1.086s] -- Configuring done
[1.089s] -- Generating done
[1.090s] -- Build files have been written to: /home/rod-0310/Escritorio/practicasros_ws/build/ejercicio2_cpp
[1.096s] Invoked command in '/home/rod-0310/Escritorio/practicasros_ws/build/ejercicio2_cpp' returned '0': CMAKE_PREFIX_PATH=/opt/ros/humble /usr/bin/cmake /home/rod-0310/Escritorio/practicasros_ws/src/ejercicio2_cpp -DCMAKE_INSTALL_PREFIX=/home/rod-0310/Escritorio/practicasros_ws/install/ejercicio2_cpp
[1.097s] Invoking command in '/home/rod-0310/Escritorio/practicasros_ws/build/ejercicio2_cpp': CMAKE_PREFIX_PATH=/opt/ros/humble /usr/bin/cmake --build /home/rod-0310/Escritorio/practicasros_ws/build/ejercicio2_cpp -- -j20 -l20
[1.128s] Invoked command in '/home/rod-0310/Escritorio/practicasros_ws/build/ejercicio2_cpp' returned '0': CMAKE_PREFIX_PATH=/opt/ros/humble /usr/bin/cmake --build /home/rod-0310/Escritorio/practicasros_ws/build/ejercicio2_cpp -- -j20 -l20
[1.130s] Invoking command in '/home/rod-0310/Escritorio/practicasros_ws/build/ejercicio2_cpp': CMAKE_PREFIX_PATH=/opt/ros/humble /usr/bin/cmake --install /home/rod-0310/Escritorio/practicasros_ws/build/ejercicio2_cpp
[1.135s] -- Install configuration: ""
[1.135s] -- Installing: /home/rod-0310/Escritorio/practicasros_ws/install/ejercicio2_cpp/share/ament_index/resource_index/package_run_dependencies/ejercicio2_cpp
[1.135s] -- Installing: /home/rod-0310/Escritorio/practicasros_ws/install/ejercicio2_cpp/share/ament_index/resource_index/parent_prefix_path/ejercicio2_cpp
[1.135s] -- Installing: /home/rod-0310/Escritorio/practicasros_ws/install/ejercicio2_cpp/share/ejercicio2_cpp/environment/ament_prefix_path.sh
[1.135s] -- Installing: /home/rod-0310/Escritorio/practicasros_ws/install/ejercicio2_cpp/share/ejercicio2_cpp/environment/ament_prefix_path.dsv
[1.135s] -- Installing: /home/rod-0310/Escritorio/practicasros_ws/install/ejercicio2_cpp/share/ejercicio2_cpp/environment/path.sh
[1.135s] -- Installing: /home/rod-0310/Escritorio/practicasros_ws/install/ejercicio2_cpp/share/ejercicio2_cpp/environment/path.dsv
[1.135s] -- Installing: /home/rod-0310/Escritorio/practicasros_ws/install/ejercicio2_cpp/share/ejercicio2_cpp/local_setup.bash
[1.135s] -- Installing: /home/rod-0310/Escritorio/practicasros_ws/install/ejercicio2_cpp/share/ejercicio2_cpp/local_setup.sh
[1.135s] -- Installing: /home/rod-0310/Escritorio/practicasros_ws/install/ejercicio2_cpp/share/ejercicio2_cpp/local_setup.zsh
[1.136s] -- Installing: /home/rod-0310/Escritorio/practicasros_ws/install/ejercicio2_cpp/share/ejercicio2_cpp/local_setup.dsv
[1.136s] -- Installing: /home/rod-0310/Escritorio/practicasros_ws/install/ejercicio2_cpp/share/ejercicio2_cpp/package.dsv
[1.136s] -- Installing: /home/rod-0310/Escritorio/practicasros_ws/install/ejercicio2_cpp/share/ament_index/resource_index/packages/ejercicio2_cpp
[1.136s] -- Installing: /home/rod-0310/Escritorio/practicasros_ws/install/ejercicio2_cpp/share/ejercicio2_cpp/cmake/ejercicio2_cppConfig.cmake
[1.136s] -- Installing: /home/rod-0310/Escritorio/practicasros_ws/install/ejercicio2_cpp/share/ejercicio2_cpp/cmake/ejercicio2_cppConfig-version.cmake
[1.136s] -- Installing: /home/rod-0310/Escritorio/practicasros_ws/install/ejercicio2_cpp/share/ejercicio2_cpp/package.xml
[1.138s] Invoked command in '/home/rod-0310/Escritorio/practicasros_ws/build/ejercicio2_cpp' returned '0': CMAKE_PREFIX_PATH=/opt/ros/humble /usr/bin/cmake --install /home/rod-0310/Escritorio/practicasros_ws/build/ejercicio2_cpp
