running egg_info
creating ../../build/ejer3_py/ejer3_py.egg-info
writing ../../build/ejer3_py/ejer3_py.egg-info/PKG-INFO
writing dependency_links to ../../build/ejer3_py/ejer3_py.egg-info/dependency_links.txt
writing entry points to ../../build/ejer3_py/ejer3_py.egg-info/entry_points.txt
writing requirements to ../../build/ejer3_py/ejer3_py.egg-info/requires.txt
writing top-level names to ../../build/ejer3_py/ejer3_py.egg-info/top_level.txt
writing manifest file '../../build/ejer3_py/ejer3_py.egg-info/SOURCES.txt'
reading manifest file '../../build/ejer3_py/ejer3_py.egg-info/SOURCES.txt'
adding license file 'LICENSE'
writing manifest file '../../build/ejer3_py/ejer3_py.egg-info/SOURCES.txt'
running build
running build_py
creating /home/rod-0310/Escritorio/examen_ws/build/ejer3_py/build
creating /home/rod-0310/Escritorio/examen_ws/build/ejer3_py/build/lib
creating /home/rod-0310/Escritorio/examen_ws/build/ejer3_py/build/lib/ejer3_py
copying ejer3_py/__init__.py -> /home/rod-0310/Escritorio/examen_ws/build/ejer3_py/build/lib/ejer3_py
copying ejer3_py/servidor.py -> /home/rod-0310/Escritorio/examen_ws/build/ejer3_py/build/lib/ejer3_py
copying ejer3_py/cliente.py -> /home/rod-0310/Escritorio/examen_ws/build/ejer3_py/build/lib/ejer3_py
running install
running install_lib
creating /home/rod-0310/Escritorio/examen_ws/install/ejer3_py/lib/python3.10/site-packages/ejer3_py
copying /home/rod-0310/Escritorio/examen_ws/build/ejer3_py/build/lib/ejer3_py/__init__.py -> /home/rod-0310/Escritorio/examen_ws/install/ejer3_py/lib/python3.10/site-packages/ejer3_py
copying /home/rod-0310/Escritorio/examen_ws/build/ejer3_py/build/lib/ejer3_py/servidor.py -> /home/rod-0310/Escritorio/examen_ws/install/ejer3_py/lib/python3.10/site-packages/ejer3_py
copying /home/rod-0310/Escritorio/examen_ws/build/ejer3_py/build/lib/ejer3_py/cliente.py -> /home/rod-0310/Escritorio/examen_ws/install/ejer3_py/lib/python3.10/site-packages/ejer3_py
byte-compiling /home/rod-0310/Escritorio/examen_ws/install/ejer3_py/lib/python3.10/site-packages/ejer3_py/__init__.py to __init__.cpython-310.pyc
byte-compiling /home/rod-0310/Escritorio/examen_ws/install/ejer3_py/lib/python3.10/site-packages/ejer3_py/servidor.py to servidor.cpython-310.pyc
byte-compiling /home/rod-0310/Escritorio/examen_ws/install/ejer3_py/lib/python3.10/site-packages/ejer3_py/cliente.py to cliente.cpython-310.pyc
running install_data
creating /home/rod-0310/Escritorio/examen_ws/install/ejer3_py/share/ament_index
creating /home/rod-0310/Escritorio/examen_ws/install/ejer3_py/share/ament_index/resource_index
creating /home/rod-0310/Escritorio/examen_ws/install/ejer3_py/share/ament_index/resource_index/packages
copying resource/ejer3_py -> /home/rod-0310/Escritorio/examen_ws/install/ejer3_py/share/ament_index/resource_index/packages
copying package.xml -> /home/rod-0310/Escritorio/examen_ws/install/ejer3_py/share/ejer3_py
running install_egg_info
Copying ../../build/ejer3_py/ejer3_py.egg-info to /home/rod-0310/Escritorio/examen_ws/install/ejer3_py/lib/python3.10/site-packages/ejer3_py-0.0.0-py3.10.egg-info
running install_scripts
Installing KinematicsClient script to /home/rod-0310/Escritorio/examen_ws/install/ejer3_py/lib/ejer3_py
Installing KinematicsServer script to /home/rod-0310/Escritorio/examen_ws/install/ejer3_py/lib/ejer3_py
writing list of installed files to '/home/rod-0310/Escritorio/examen_ws/build/ejer3_py/install.log'
