[0.554s] Invoking command in '/home/rod-0310/Escritorio/examen_ws/src/ejer3_py': AMENT_PREFIX_PATH=/home/rod-0310/Escritorio/examen_ws/install/examen_interface:${AMENT_PREFIX_PATH} CMAKE_PREFIX_PATH=/home/rod-0310/Escritorio/examen_ws/install/examen_interface LD_LIBRARY_PATH=/home/rod-0310/Escritorio/examen_ws/install/examen_interface/lib:${LD_LIBRARY_PATH} PYTHONPATH=/home/rod-0310/Escritorio/examen_ws/build/ejer3_py/prefix_override:/usr/lib/python3/dist-packages/colcon_core/task/python/colcon_distutils_commands:/home/rod-0310/Escritorio/examen_ws/install/ejer3_py/lib/python3.10/site-packages:/home/rod-0310/Escritorio/examen_ws/install/examen_interface/local/lib/python3.10/dist-packages:${PYTHONPATH} /usr/bin/python3 -W ignore:setup.py install is deprecated -W ignore:easy_install command is deprecated setup.py egg_info --egg-base ../../build/ejer3_py build --build-base /home/rod-0310/Escritorio/examen_ws/build/ejer3_py/build install --record /home/rod-0310/Escritorio/examen_ws/build/ejer3_py/install.log --single-version-externally-managed install_data
[0.704s] running egg_info
[0.705s] creating ../../build/ejer3_py/ejer3_py.egg-info
[0.705s] writing ../../build/ejer3_py/ejer3_py.egg-info/PKG-INFO
[0.705s] writing dependency_links to ../../build/ejer3_py/ejer3_py.egg-info/dependency_links.txt
[0.705s] writing entry points to ../../build/ejer3_py/ejer3_py.egg-info/entry_points.txt
[0.705s] writing requirements to ../../build/ejer3_py/ejer3_py.egg-info/requires.txt
[0.705s] writing top-level names to ../../build/ejer3_py/ejer3_py.egg-info/top_level.txt
[0.705s] writing manifest file '../../build/ejer3_py/ejer3_py.egg-info/SOURCES.txt'
[0.706s] reading manifest file '../../build/ejer3_py/ejer3_py.egg-info/SOURCES.txt'
[0.706s] adding license file 'LICENSE'
[0.706s] writing manifest file '../../build/ejer3_py/ejer3_py.egg-info/SOURCES.txt'
[0.707s] running build
[0.707s] running build_py
[0.707s] creating /home/rod-0310/Escritorio/examen_ws/build/ejer3_py/build
[0.707s] creating /home/rod-0310/Escritorio/examen_ws/build/ejer3_py/build/lib
[0.707s] creating /home/rod-0310/Escritorio/examen_ws/build/ejer3_py/build/lib/ejer3_py
[0.707s] copying ejer3_py/__init__.py -> /home/rod-0310/Escritorio/examen_ws/build/ejer3_py/build/lib/ejer3_py
[0.707s] copying ejer3_py/servidor.py -> /home/rod-0310/Escritorio/examen_ws/build/ejer3_py/build/lib/ejer3_py
[0.707s] copying ejer3_py/cliente.py -> /home/rod-0310/Escritorio/examen_ws/build/ejer3_py/build/lib/ejer3_py
[0.707s] running install
[0.707s] running install_lib
[0.708s] creating /home/rod-0310/Escritorio/examen_ws/install/ejer3_py/lib/python3.10/site-packages/ejer3_py
[0.708s] copying /home/rod-0310/Escritorio/examen_ws/build/ejer3_py/build/lib/ejer3_py/__init__.py -> /home/rod-0310/Escritorio/examen_ws/install/ejer3_py/lib/python3.10/site-packages/ejer3_py
[0.708s] copying /home/rod-0310/Escritorio/examen_ws/build/ejer3_py/build/lib/ejer3_py/servidor.py -> /home/rod-0310/Escritorio/examen_ws/install/ejer3_py/lib/python3.10/site-packages/ejer3_py
[0.708s] copying /home/rod-0310/Escritorio/examen_ws/build/ejer3_py/build/lib/ejer3_py/cliente.py -> /home/rod-0310/Escritorio/examen_ws/install/ejer3_py/lib/python3.10/site-packages/ejer3_py
[0.708s] byte-compiling /home/rod-0310/Escritorio/examen_ws/install/ejer3_py/lib/python3.10/site-packages/ejer3_py/__init__.py to __init__.cpython-310.pyc
[0.708s] byte-compiling /home/rod-0310/Escritorio/examen_ws/install/ejer3_py/lib/python3.10/site-packages/ejer3_py/servidor.py to servidor.cpython-310.pyc
[0.709s] byte-compiling /home/rod-0310/Escritorio/examen_ws/install/ejer3_py/lib/python3.10/site-packages/ejer3_py/cliente.py to cliente.cpython-310.pyc
[0.709s] running install_data
[0.709s] creating /home/rod-0310/Escritorio/examen_ws/install/ejer3_py/share/ament_index
[0.709s] creating /home/rod-0310/Escritorio/examen_ws/install/ejer3_py/share/ament_index/resource_index
[0.709s] creating /home/rod-0310/Escritorio/examen_ws/install/ejer3_py/share/ament_index/resource_index/packages
[0.709s] copying resource/ejer3_py -> /home/rod-0310/Escritorio/examen_ws/install/ejer3_py/share/ament_index/resource_index/packages
[0.709s] copying package.xml -> /home/rod-0310/Escritorio/examen_ws/install/ejer3_py/share/ejer3_py
[0.709s] running install_egg_info
[0.710s] Copying ../../build/ejer3_py/ejer3_py.egg-info to /home/rod-0310/Escritorio/examen_ws/install/ejer3_py/lib/python3.10/site-packages/ejer3_py-0.0.0-py3.10.egg-info
[0.710s] running install_scripts
[0.723s] Installing KinematicsClient script to /home/rod-0310/Escritorio/examen_ws/install/ejer3_py/lib/ejer3_py
[0.723s] Installing KinematicsServer script to /home/rod-0310/Escritorio/examen_ws/install/ejer3_py/lib/ejer3_py
[0.724s] writing list of installed files to '/home/rod-0310/Escritorio/examen_ws/build/ejer3_py/install.log'
[0.739s] Invoked command in '/home/rod-0310/Escritorio/examen_ws/src/ejer3_py' returned '0': AMENT_PREFIX_PATH=/home/rod-0310/Escritorio/examen_ws/install/examen_interface:${AMENT_PREFIX_PATH} CMAKE_PREFIX_PATH=/home/rod-0310/Escritorio/examen_ws/install/examen_interface LD_LIBRARY_PATH=/home/rod-0310/Escritorio/examen_ws/install/examen_interface/lib:${LD_LIBRARY_PATH} PYTHONPATH=/home/rod-0310/Escritorio/examen_ws/build/ejer3_py/prefix_override:/usr/lib/python3/dist-packages/colcon_core/task/python/colcon_distutils_commands:/home/rod-0310/Escritorio/examen_ws/install/ejer3_py/lib/python3.10/site-packages:/home/rod-0310/Escritorio/examen_ws/install/examen_interface/local/lib/python3.10/dist-packages:${PYTHONPATH} /usr/bin/python3 -W ignore:setup.py install is deprecated -W ignore:easy_install command is deprecated setup.py egg_info --egg-base ../../build/ejer3_py build --build-base /home/rod-0310/Escritorio/examen_ws/build/ejer3_py/build install --record /home/rod-0310/Escritorio/examen_ws/build/ejer3_py/install.log --single-version-externally-managed install_data
