[35m[1mConsolidate compiler generated dependencies of target service[0m
[35m[1mConsolidate compiler generated dependencies of target client[0m
[ 50%] Built target service
[100%] Built target client
-- Install configuration: ""
-- Up-to-date: /home/rod-0310/Escritorio/practicasros_ws/install/ejercicio3_cpp/lib/ejercicio3_cpp/service
-- Up-to-date: /home/rod-0310/Escritorio/practicasros_ws/install/ejercicio3_cpp/lib/ejercicio3_cpp/client
-- Up-to-date: /home/rod-0310/Escritorio/practicasros_ws/install/ejercicio3_cpp/share/ament_index/resource_index/package_run_dependencies/ejercicio3_cpp
-- Up-to-date: /home/rod-0310/Escritorio/practicasros_ws/install/ejercicio3_cpp/share/ament_index/resource_index/parent_prefix_path/ejercicio3_cpp
-- Up-to-date: /home/rod-0310/Escritorio/practicasros_ws/install/ejercicio3_cpp/share/ejercicio3_cpp/environment/ament_prefix_path.sh
-- Up-to-date: /home/rod-0310/Escritorio/practicasros_ws/install/ejercicio3_cpp/share/ejercicio3_cpp/environment/ament_prefix_path.dsv
-- Up-to-date: /home/rod-0310/Escritorio/practicasros_ws/install/ejercicio3_cpp/share/ejercicio3_cpp/environment/path.sh
-- Up-to-date: /home/rod-0310/Escritorio/practicasros_ws/install/ejercicio3_cpp/share/ejercicio3_cpp/environment/path.dsv
-- Up-to-date: /home/rod-0310/Escritorio/practicasros_ws/install/ejercicio3_cpp/share/ejercicio3_cpp/local_setup.bash
-- Up-to-date: /home/rod-0310/Escritorio/practicasros_ws/install/ejercicio3_cpp/share/ejercicio3_cpp/local_setup.sh
-- Up-to-date: /home/rod-0310/Escritorio/practicasros_ws/install/ejercicio3_cpp/share/ejercicio3_cpp/local_setup.zsh
-- Up-to-date: /home/rod-0310/Escritorio/practicasros_ws/install/ejercicio3_cpp/share/ejercicio3_cpp/local_setup.dsv
-- Installing: /home/rod-0310/Escritorio/practicasros_ws/install/ejercicio3_cpp/share/ejercicio3_cpp/package.dsv
-- Up-to-date: /home/rod-0310/Escritorio/practicasros_ws/install/ejercicio3_cpp/share/ament_index/resource_index/packages/ejercicio3_cpp
-- Up-to-date: /home/rod-0310/Escritorio/practicasros_ws/install/ejercicio3_cpp/share/ejercicio3_cpp/cmake/ejercicio3_cppConfig.cmake
-- Up-to-date: /home/rod-0310/Escritorio/practicasros_ws/install/ejercicio3_cpp/share/ejercicio3_cpp/cmake/ejercicio3_cppConfig-version.cmake
-- Up-to-date: /home/rod-0310/Escritorio/practicasros_ws/install/ejercicio3_cpp/share/ejercicio3_cpp/package.xml
