[ 10%] Built target recursos__rosidl_generator_c
[ 12%] Built target recursos__cpp
[ 12%] Built target ament_cmake_python_copy_recursos
[ 23%] Built target recursos__rosidl_typesupport_c
[ 38%] Built target recursos__rosidl_typesupport_introspection_cpp
[ 44%] Built target recursos__rosidl_typesupport_cpp
[ 55%] Built target recursos__rosidl_typesupport_fastrtps_c
[ 65%] Built target recursos__rosidl_typesupport_fastrtps_cpp
[ 76%] Built target recursos__rosidl_typesupport_introspection_c
[ 76%] Built target recursos
[ 78%] Built target recursos__py
[ 87%] Built target recursos__rosidl_generator_py
[ 93%] Built target recursos__rosidl_typesupport_fastrtps_c__pyext
[ 95%] Built target recursos__rosidl_typesupport_c__pyext
[100%] Built target recursos__rosidl_typesupport_introspection_c__pyext
running egg_info
writing recursos.egg-info/PKG-INFO
writing dependency_links to recursos.egg-info/dependency_links.txt
writing top-level names to recursos.egg-info/top_level.txt
reading manifest file 'recursos.egg-info/SOURCES.txt'
writing manifest file 'recursos.egg-info/SOURCES.txt'
[100%] Built target ament_cmake_python_build_recursos_egg
-- Install configuration: ""
-- Up-to-date: /home/rod-0310/Escritorio/practicasros_ws/install/recursos/share/ament_index/resource_index/rosidl_interfaces/recursos
-- Up-to-date: /home/rod-0310/Escritorio/practicasros_ws/install/recursos/include/recursos/recursos
-- Up-to-date: /home/rod-0310/Escritorio/practicasros_ws/install/recursos/include/recursos/recursos/srv
-- Up-to-date: /home/rod-0310/Escritorio/practicasros_ws/install/recursos/include/recursos/recursos/srv/coordenadas.h
-- Up-to-date: /home/rod-0310/Escritorio/practicasros_ws/install/recursos/include/recursos/recursos/srv/detail
-- Up-to-date: /home/rod-0310/Escritorio/practicasros_ws/install/recursos/include/recursos/recursos/srv/detail/coordenadas__type_support.h
-- Up-to-date: /home/rod-0310/Escritorio/practicasros_ws/install/recursos/include/recursos/recursos/srv/detail/coordenadas__struct.h
-- Up-to-date: /home/rod-0310/Escritorio/practicasros_ws/install/recursos/include/recursos/recursos/srv/detail/coordenadas__functions.c
-- Up-to-date: /home/rod-0310/Escritorio/practicasros_ws/install/recursos/include/recursos/recursos/srv/detail/coordenadas__functions.h
-- Up-to-date: /home/rod-0310/Escritorio/practicasros_ws/install/recursos/include/recursos/recursos/msg
-- Up-to-date: /home/rod-0310/Escritorio/practicasros_ws/install/recursos/include/recursos/recursos/msg/detail
-- Up-to-date: /home/rod-0310/Escritorio/practicasros_ws/install/recursos/include/recursos/recursos/msg/detail/num__functions.c
-- Up-to-date: /home/rod-0310/Escritorio/practicasros_ws/install/recursos/include/recursos/recursos/msg/detail/num__functions.h
-- Up-to-date: /home/rod-0310/Escritorio/practicasros_ws/install/recursos/include/recursos/recursos/msg/detail/sphere__functions.h
-- Up-to-date: /home/rod-0310/Escritorio/practicasros_ws/install/recursos/include/recursos/recursos/msg/detail/num__struct.h
-- Up-to-date: /home/rod-0310/Escritorio/practicasros_ws/install/recursos/include/recursos/recursos/msg/detail/num__type_support.h
-- Up-to-date: /home/rod-0310/Escritorio/practicasros_ws/install/recursos/include/recursos/recursos/msg/detail/sphere__functions.c
-- Up-to-date: /home/rod-0310/Escritorio/practicasros_ws/install/recursos/include/recursos/recursos/msg/detail/sphere__type_support.h
-- Up-to-date: /home/rod-0310/Escritorio/practicasros_ws/install/recursos/include/recursos/recursos/msg/detail/sphere__struct.h
-- Up-to-date: /home/rod-0310/Escritorio/practicasros_ws/install/recursos/include/recursos/recursos/msg/num.h
-- Up-to-date: /home/rod-0310/Escritorio/practicasros_ws/install/recursos/include/recursos/recursos/msg/sphere.h
-- Up-to-date: /home/rod-0310/Escritorio/practicasros_ws/install/recursos/include/recursos/recursos/msg/rosidl_generator_c__visibility_control.h
-- Up-to-date: /home/rod-0310/Escritorio/practicasros_ws/install/recursos/share/recursos/environment/library_path.sh
-- Up-to-date: /home/rod-0310/Escritorio/practicasros_ws/install/recursos/share/recursos/environment/library_path.dsv
-- Up-to-date: /home/rod-0310/Escritorio/practicasros_ws/install/recursos/lib/librecursos__rosidl_generator_c.so
-- Up-to-date: /home/rod-0310/Escritorio/practicasros_ws/install/recursos/include/recursos/recursos
-- Up-to-date: /home/rod-0310/Escritorio/practicasros_ws/install/recursos/include/recursos/recursos/srv
-- Up-to-date: /home/rod-0310/Escritorio/practicasros_ws/install/recursos/include/recursos/recursos/srv/detail
-- Up-to-date: /home/rod-0310/Escritorio/practicasros_ws/install/recursos/include/recursos/recursos/srv/detail/coordenadas__rosidl_typesupport_fastrtps_c.h
-- Up-to-date: /home/rod-0310/Escritorio/practicasros_ws/install/recursos/include/recursos/recursos/msg
-- Up-to-date: /home/rod-0310/Escritorio/practicasros_ws/install/recursos/include/recursos/recursos/msg/rosidl_typesupport_fastrtps_c__visibility_control.h
-- Up-to-date: /home/rod-0310/Escritorio/practicasros_ws/install/recursos/include/recursos/recursos/msg/detail
-- Up-to-date: /home/rod-0310/Escritorio/practicasros_ws/install/recursos/include/recursos/recursos/msg/detail/num__rosidl_typesupport_fastrtps_c.h
-- Up-to-date: /home/rod-0310/Escritorio/practicasros_ws/install/recursos/include/recursos/recursos/msg/detail/sphere__rosidl_typesupport_fastrtps_c.h
-- Up-to-date: /home/rod-0310/Escritorio/practicasros_ws/install/recursos/lib/librecursos__rosidl_typesupport_fastrtps_c.so
-- Up-to-date: /home/rod-0310/Escritorio/practicasros_ws/install/recursos/include/recursos/recursos
-- Up-to-date: /home/rod-0310/Escritorio/practicasros_ws/install/recursos/include/recursos/recursos/srv
-- Up-to-date: /home/rod-0310/Escritorio/practicasros_ws/install/recursos/include/recursos/recursos/srv/detail
-- Up-to-date: /home/rod-0310/Escritorio/practicasros_ws/install/recursos/include/recursos/recursos/srv/detail/coordenadas__struct.hpp
-- Up-to-date: /home/rod-0310/Escritorio/practicasros_ws/install/recursos/include/recursos/recursos/srv/detail/coordenadas__builder.hpp
-- Up-to-date: /home/rod-0310/Escritorio/practicasros_ws/install/recursos/include/recursos/recursos/srv/detail/coordenadas__traits.hpp
-- Up-to-date: /home/rod-0310/Escritorio/practicasros_ws/install/recursos/include/recursos/recursos/srv/detail/coordenadas__type_support.hpp
-- Up-to-date: /home/rod-0310/Escritorio/practicasros_ws/install/recursos/include/recursos/recursos/srv/coordenadas.hpp
-- Up-to-date: /home/rod-0310/Escritorio/practicasros_ws/install/recursos/include/recursos/recursos/msg
-- Up-to-date: /home/rod-0310/Escritorio/practicasros_ws/install/recursos/include/recursos/recursos/msg/rosidl_generator_cpp__visibility_control.hpp
-- Up-to-date: /home/rod-0310/Escritorio/practicasros_ws/install/recursos/include/recursos/recursos/msg/num.hpp
-- Up-to-date: /home/rod-0310/Escritorio/practicasros_ws/install/recursos/include/recursos/recursos/msg/detail
-- Up-to-date: /home/rod-0310/Escritorio/practicasros_ws/install/recursos/include/recursos/recursos/msg/detail/num__builder.hpp
-- Up-to-date: /home/rod-0310/Escritorio/practicasros_ws/install/recursos/include/recursos/recursos/msg/detail/sphere__traits.hpp
-- Up-to-date: /home/rod-0310/Escritorio/practicasros_ws/install/recursos/include/recursos/recursos/msg/detail/sphere__builder.hpp
-- Up-to-date: /home/rod-0310/Escritorio/practicasros_ws/install/recursos/include/recursos/recursos/msg/detail/sphere__type_support.hpp
-- Up-to-date: /home/rod-0310/Escritorio/practicasros_ws/install/recursos/include/recursos/recursos/msg/detail/num__type_support.hpp
-- Up-to-date: /home/rod-0310/Escritorio/practicasros_ws/install/recursos/include/recursos/recursos/msg/detail/num__traits.hpp
-- Up-to-date: /home/rod-0310/Escritorio/practicasros_ws/install/recursos/include/recursos/recursos/msg/detail/num__struct.hpp
-- Up-to-date: /home/rod-0310/Escritorio/practicasros_ws/install/recursos/include/recursos/recursos/msg/detail/sphere__struct.hpp
-- Up-to-date: /home/rod-0310/Escritorio/practicasros_ws/install/recursos/include/recursos/recursos/msg/sphere.hpp
-- Up-to-date: /home/rod-0310/Escritorio/practicasros_ws/install/recursos/include/recursos/recursos
-- Up-to-date: /home/rod-0310/Escritorio/practicasros_ws/install/recursos/include/recursos/recursos/srv
-- Up-to-date: /home/rod-0310/Escritorio/practicasros_ws/install/recursos/include/recursos/recursos/srv/detail
-- Up-to-date: /home/rod-0310/Escritorio/practicasros_ws/install/recursos/include/recursos/recursos/srv/detail/coordenadas__rosidl_typesupport_fastrtps_cpp.hpp
-- Up-to-date: /home/rod-0310/Escritorio/practicasros_ws/install/recursos/include/recursos/recursos/srv/detail/dds_fastrtps
-- Up-to-date: /home/rod-0310/Escritorio/practicasros_ws/install/recursos/include/recursos/recursos/msg
-- Up-to-date: /home/rod-0310/Escritorio/practicasros_ws/install/recursos/include/recursos/recursos/msg/rosidl_typesupport_fastrtps_cpp__visibility_control.h
-- Up-to-date: /home/rod-0310/Escritorio/practicasros_ws/install/recursos/include/recursos/recursos/msg/detail
-- Up-to-date: /home/rod-0310/Escritorio/practicasros_ws/install/recursos/include/recursos/recursos/msg/detail/num__rosidl_typesupport_fastrtps_cpp.hpp
-- Up-to-date: /home/rod-0310/Escritorio/practicasros_ws/install/recursos/include/recursos/recursos/msg/detail/sphere__rosidl_typesupport_fastrtps_cpp.hpp
-- Up-to-date: /home/rod-0310/Escritorio/practicasros_ws/install/recursos/include/recursos/recursos/msg/detail/dds_fastrtps
-- Up-to-date: /home/rod-0310/Escritorio/practicasros_ws/install/recursos/lib/librecursos__rosidl_typesupport_fastrtps_cpp.so
-- Up-to-date: /home/rod-0310/Escritorio/practicasros_ws/install/recursos/include/recursos/recursos
-- Up-to-date: /home/rod-0310/Escritorio/practicasros_ws/install/recursos/include/recursos/recursos/srv
-- Up-to-date: /home/rod-0310/Escritorio/practicasros_ws/install/recursos/include/recursos/recursos/srv/detail
-- Up-to-date: /home/rod-0310/Escritorio/practicasros_ws/install/recursos/include/recursos/recursos/srv/detail/coordenadas__type_support.c
-- Up-to-date: /home/rod-0310/Escritorio/practicasros_ws/install/recursos/include/recursos/recursos/srv/detail/coordenadas__rosidl_typesupport_introspection_c.h
-- Up-to-date: /home/rod-0310/Escritorio/practicasros_ws/install/recursos/include/recursos/recursos/msg
-- Up-to-date: /home/rod-0310/Escritorio/practicasros_ws/install/recursos/include/recursos/recursos/msg/rosidl_typesupport_introspection_c__visibility_control.h
-- Up-to-date: /home/rod-0310/Escritorio/practicasros_ws/install/recursos/include/recursos/recursos/msg/detail
-- Up-to-date: /home/rod-0310/Escritorio/practicasros_ws/install/recursos/include/recursos/recursos/msg/detail/num__type_support.c
-- Up-to-date: /home/rod-0310/Escritorio/practicasros_ws/install/recursos/include/recursos/recursos/msg/detail/num__rosidl_typesupport_introspection_c.h
-- Up-to-date: /home/rod-0310/Escritorio/practicasros_ws/install/recursos/include/recursos/recursos/msg/detail/sphere__type_support.c
-- Up-to-date: /home/rod-0310/Escritorio/practicasros_ws/install/recursos/include/recursos/recursos/msg/detail/sphere__rosidl_typesupport_introspection_c.h
-- Up-to-date: /home/rod-0310/Escritorio/practicasros_ws/install/recursos/lib/librecursos__rosidl_typesupport_introspection_c.so
-- Up-to-date: /home/rod-0310/Escritorio/practicasros_ws/install/recursos/lib/librecursos__rosidl_typesupport_c.so
-- Up-to-date: /home/rod-0310/Escritorio/practicasros_ws/install/recursos/include/recursos/recursos
-- Up-to-date: /home/rod-0310/Escritorio/practicasros_ws/install/recursos/include/recursos/recursos/srv
-- Up-to-date: /home/rod-0310/Escritorio/practicasros_ws/install/recursos/include/recursos/recursos/srv/detail
-- Up-to-date: /home/rod-0310/Escritorio/practicasros_ws/install/recursos/include/recursos/recursos/srv/detail/coordenadas__rosidl_typesupport_introspection_cpp.hpp
-- Up-to-date: /home/rod-0310/Escritorio/practicasros_ws/install/recursos/include/recursos/recursos/srv/detail/coordenadas__type_support.cpp
-- Up-to-date: /home/rod-0310/Escritorio/practicasros_ws/install/recursos/include/recursos/recursos/msg
-- Up-to-date: /home/rod-0310/Escritorio/practicasros_ws/install/recursos/include/recursos/recursos/msg/detail
-- Up-to-date: /home/rod-0310/Escritorio/practicasros_ws/install/recursos/include/recursos/recursos/msg/detail/sphere__type_support.cpp
-- Up-to-date: /home/rod-0310/Escritorio/practicasros_ws/install/recursos/include/recursos/recursos/msg/detail/num__rosidl_typesupport_introspection_cpp.hpp
-- Up-to-date: /home/rod-0310/Escritorio/practicasros_ws/install/recursos/include/recursos/recursos/msg/detail/sphere__rosidl_typesupport_introspection_cpp.hpp
-- Up-to-date: /home/rod-0310/Escritorio/practicasros_ws/install/recursos/include/recursos/recursos/msg/detail/num__type_support.cpp
-- Up-to-date: /home/rod-0310/Escritorio/practicasros_ws/install/recursos/lib/librecursos__rosidl_typesupport_introspection_cpp.so
-- Up-to-date: /home/rod-0310/Escritorio/practicasros_ws/install/recursos/lib/librecursos__rosidl_typesupport_cpp.so
-- Up-to-date: /home/rod-0310/Escritorio/practicasros_ws/install/recursos/share/recursos/environment/pythonpath.sh
-- Up-to-date: /home/rod-0310/Escritorio/practicasros_ws/install/recursos/share/recursos/environment/pythonpath.dsv
-- Up-to-date: /home/rod-0310/Escritorio/practicasros_ws/install/recursos/local/lib/python3.10/dist-packages/recursos-0.0.0-py3.10.egg-info
-- Installing: /home/rod-0310/Escritorio/practicasros_ws/install/recursos/local/lib/python3.10/dist-packages/recursos-0.0.0-py3.10.egg-info/top_level.txt
-- Installing: /home/rod-0310/Escritorio/practicasros_ws/install/recursos/local/lib/python3.10/dist-packages/recursos-0.0.0-py3.10.egg-info/dependency_links.txt
-- Installing: /home/rod-0310/Escritorio/practicasros_ws/install/recursos/local/lib/python3.10/dist-packages/recursos-0.0.0-py3.10.egg-info/SOURCES.txt
-- Installing: /home/rod-0310/Escritorio/practicasros_ws/install/recursos/local/lib/python3.10/dist-packages/recursos-0.0.0-py3.10.egg-info/PKG-INFO
-- Up-to-date: /home/rod-0310/Escritorio/practicasros_ws/install/recursos/local/lib/python3.10/dist-packages/recursos
-- Up-to-date: /home/rod-0310/Escritorio/practicasros_ws/install/recursos/local/lib/python3.10/dist-packages/recursos/recursos_s__rosidl_typesupport_introspection_c.cpython-310-x86_64-linux-gnu.so
-- Up-to-date: /home/rod-0310/Escritorio/practicasros_ws/install/recursos/local/lib/python3.10/dist-packages/recursos/recursos_s__rosidl_typesupport_fastrtps_c.cpython-310-x86_64-linux-gnu.so
-- Up-to-date: /home/rod-0310/Escritorio/practicasros_ws/install/recursos/local/lib/python3.10/dist-packages/recursos/__init__.py
-- Up-to-date: /home/rod-0310/Escritorio/practicasros_ws/install/recursos/local/lib/python3.10/dist-packages/recursos/recursos_s__rosidl_typesupport_c.cpython-310-x86_64-linux-gnu.so
-- Up-to-date: /home/rod-0310/Escritorio/practicasros_ws/install/recursos/local/lib/python3.10/dist-packages/recursos/srv
-- Up-to-date: /home/rod-0310/Escritorio/practicasros_ws/install/recursos/local/lib/python3.10/dist-packages/recursos/srv/__init__.py
-- Up-to-date: /home/rod-0310/Escritorio/practicasros_ws/install/recursos/local/lib/python3.10/dist-packages/recursos/srv/_coordenadas.py
-- Up-to-date: /home/rod-0310/Escritorio/practicasros_ws/install/recursos/local/lib/python3.10/dist-packages/recursos/srv/_coordenadas_s.c
-- Up-to-date: /home/rod-0310/Escritorio/practicasros_ws/install/recursos/local/lib/python3.10/dist-packages/recursos/msg
-- Up-to-date: /home/rod-0310/Escritorio/practicasros_ws/install/recursos/local/lib/python3.10/dist-packages/recursos/msg/_sphere_s.c
-- Up-to-date: /home/rod-0310/Escritorio/practicasros_ws/install/recursos/local/lib/python3.10/dist-packages/recursos/msg/__init__.py
-- Up-to-date: /home/rod-0310/Escritorio/practicasros_ws/install/recursos/local/lib/python3.10/dist-packages/recursos/msg/_sphere.py
-- Up-to-date: /home/rod-0310/Escritorio/practicasros_ws/install/recursos/local/lib/python3.10/dist-packages/recursos/msg/_num.py
-- Up-to-date: /home/rod-0310/Escritorio/practicasros_ws/install/recursos/local/lib/python3.10/dist-packages/recursos/msg/_num_s.c
-- Up-to-date: /home/rod-0310/Escritorio/practicasros_ws/install/recursos/local/lib/python3.10/dist-packages/recursos/_recursos_s.ep.rosidl_typesupport_fastrtps_c.c
-- Up-to-date: /home/rod-0310/Escritorio/practicasros_ws/install/recursos/local/lib/python3.10/dist-packages/recursos/_recursos_s.ep.rosidl_typesupport_c.c
-- Up-to-date: /home/rod-0310/Escritorio/practicasros_ws/install/recursos/local/lib/python3.10/dist-packages/recursos/librecursos__rosidl_generator_py.so
-- Up-to-date: /home/rod-0310/Escritorio/practicasros_ws/install/recursos/local/lib/python3.10/dist-packages/recursos/_recursos_s.ep.rosidl_typesupport_introspection_c.c
Listing '/home/rod-0310/Escritorio/practicasros_ws/install/recursos/local/lib/python3.10/dist-packages/recursos'...
Listing '/home/rod-0310/Escritorio/practicasros_ws/install/recursos/local/lib/python3.10/dist-packages/recursos/msg'...
Listing '/home/rod-0310/Escritorio/practicasros_ws/install/recursos/local/lib/python3.10/dist-packages/recursos/srv'...
-- Up-to-date: /home/rod-0310/Escritorio/practicasros_ws/install/recursos/local/lib/python3.10/dist-packages/recursos/recursos_s__rosidl_typesupport_fastrtps_c.cpython-310-x86_64-linux-gnu.so
-- Up-to-date: /home/rod-0310/Escritorio/practicasros_ws/install/recursos/local/lib/python3.10/dist-packages/recursos/recursos_s__rosidl_typesupport_introspection_c.cpython-310-x86_64-linux-gnu.so
-- Up-to-date: /home/rod-0310/Escritorio/practicasros_ws/install/recursos/local/lib/python3.10/dist-packages/recursos/recursos_s__rosidl_typesupport_c.cpython-310-x86_64-linux-gnu.so
-- Up-to-date: /home/rod-0310/Escritorio/practicasros_ws/install/recursos/lib/librecursos__rosidl_generator_py.so
-- Up-to-date: /home/rod-0310/Escritorio/practicasros_ws/install/recursos/share/recursos/msg/Num.idl
-- Up-to-date: /home/rod-0310/Escritorio/practicasros_ws/install/recursos/share/recursos/msg/Sphere.idl
-- Up-to-date: /home/rod-0310/Escritorio/practicasros_ws/install/recursos/share/recursos/srv/Coordenadas.idl
-- Up-to-date: /home/rod-0310/Escritorio/practicasros_ws/install/recursos/share/recursos/msg/Num.msg
-- Up-to-date: /home/rod-0310/Escritorio/practicasros_ws/install/recursos/share/recursos/msg/Sphere.msg
-- Up-to-date: /home/rod-0310/Escritorio/practicasros_ws/install/recursos/share/recursos/srv/Coordenadas.srv
-- Up-to-date: /home/rod-0310/Escritorio/practicasros_ws/install/recursos/share/recursos/srv/Coordenadas_Request.msg
-- Up-to-date: /home/rod-0310/Escritorio/practicasros_ws/install/recursos/share/recursos/srv/Coordenadas_Response.msg
-- Up-to-date: /home/rod-0310/Escritorio/practicasros_ws/install/recursos/share/ament_index/resource_index/package_run_dependencies/recursos
-- Up-to-date: /home/rod-0310/Escritorio/practicasros_ws/install/recursos/share/ament_index/resource_index/parent_prefix_path/recursos
-- Up-to-date: /home/rod-0310/Escritorio/practicasros_ws/install/recursos/share/recursos/environment/ament_prefix_path.sh
-- Up-to-date: /home/rod-0310/Escritorio/practicasros_ws/install/recursos/share/recursos/environment/ament_prefix_path.dsv
-- Up-to-date: /home/rod-0310/Escritorio/practicasros_ws/install/recursos/share/recursos/environment/path.sh
-- Up-to-date: /home/rod-0310/Escritorio/practicasros_ws/install/recursos/share/recursos/environment/path.dsv
-- Up-to-date: /home/rod-0310/Escritorio/practicasros_ws/install/recursos/share/recursos/local_setup.bash
-- Up-to-date: /home/rod-0310/Escritorio/practicasros_ws/install/recursos/share/recursos/local_setup.sh
-- Up-to-date: /home/rod-0310/Escritorio/practicasros_ws/install/recursos/share/recursos/local_setup.zsh
-- Up-to-date: /home/rod-0310/Escritorio/practicasros_ws/install/recursos/share/recursos/local_setup.dsv
-- Installing: /home/rod-0310/Escritorio/practicasros_ws/install/recursos/share/recursos/package.dsv
-- Up-to-date: /home/rod-0310/Escritorio/practicasros_ws/install/recursos/share/ament_index/resource_index/packages/recursos
-- Up-to-date: /home/rod-0310/Escritorio/practicasros_ws/install/recursos/share/recursos/cmake/export_recursos__rosidl_generator_cExport.cmake
-- Up-to-date: /home/rod-0310/Escritorio/practicasros_ws/install/recursos/share/recursos/cmake/export_recursos__rosidl_generator_cExport-noconfig.cmake
-- Up-to-date: /home/rod-0310/Escritorio/practicasros_ws/install/recursos/share/recursos/cmake/export_recursos__rosidl_typesupport_fastrtps_cExport.cmake
-- Up-to-date: /home/rod-0310/Escritorio/practicasros_ws/install/recursos/share/recursos/cmake/export_recursos__rosidl_typesupport_fastrtps_cExport-noconfig.cmake
-- Up-to-date: /home/rod-0310/Escritorio/practicasros_ws/install/recursos/share/recursos/cmake/export_recursos__rosidl_generator_cppExport.cmake
-- Up-to-date: /home/rod-0310/Escritorio/practicasros_ws/install/recursos/share/recursos/cmake/export_recursos__rosidl_typesupport_fastrtps_cppExport.cmake
-- Up-to-date: /home/rod-0310/Escritorio/practicasros_ws/install/recursos/share/recursos/cmake/export_recursos__rosidl_typesupport_fastrtps_cppExport-noconfig.cmake
-- Up-to-date: /home/rod-0310/Escritorio/practicasros_ws/install/recursos/share/recursos/cmake/recursos__rosidl_typesupport_introspection_cExport.cmake
-- Up-to-date: /home/rod-0310/Escritorio/practicasros_ws/install/recursos/share/recursos/cmake/recursos__rosidl_typesupport_introspection_cExport-noconfig.cmake
-- Up-to-date: /home/rod-0310/Escritorio/practicasros_ws/install/recursos/share/recursos/cmake/recursos__rosidl_typesupport_cExport.cmake
-- Up-to-date: /home/rod-0310/Escritorio/practicasros_ws/install/recursos/share/recursos/cmake/recursos__rosidl_typesupport_cExport-noconfig.cmake
-- Up-to-date: /home/rod-0310/Escritorio/practicasros_ws/install/recursos/share/recursos/cmake/recursos__rosidl_typesupport_introspection_cppExport.cmake
-- Up-to-date: /home/rod-0310/Escritorio/practicasros_ws/install/recursos/share/recursos/cmake/recursos__rosidl_typesupport_introspection_cppExport-noconfig.cmake
-- Up-to-date: /home/rod-0310/Escritorio/practicasros_ws/install/recursos/share/recursos/cmake/recursos__rosidl_typesupport_cppExport.cmake
-- Up-to-date: /home/rod-0310/Escritorio/practicasros_ws/install/recursos/share/recursos/cmake/recursos__rosidl_typesupport_cppExport-noconfig.cmake
-- Up-to-date: /home/rod-0310/Escritorio/practicasros_ws/install/recursos/share/recursos/cmake/export_recursos__rosidl_generator_pyExport.cmake
-- Up-to-date: /home/rod-0310/Escritorio/practicasros_ws/install/recursos/share/recursos/cmake/export_recursos__rosidl_generator_pyExport-noconfig.cmake
-- Up-to-date: /home/rod-0310/Escritorio/practicasros_ws/install/recursos/share/recursos/cmake/rosidl_cmake-extras.cmake
-- Up-to-date: /home/rod-0310/Escritorio/practicasros_ws/install/recursos/share/recursos/cmake/ament_cmake_export_dependencies-extras.cmake
-- Up-to-date: /home/rod-0310/Escritorio/practicasros_ws/install/recursos/share/recursos/cmake/ament_cmake_export_include_directories-extras.cmake
-- Up-to-date: /home/rod-0310/Escritorio/practicasros_ws/install/recursos/share/recursos/cmake/ament_cmake_export_libraries-extras.cmake
-- Up-to-date: /home/rod-0310/Escritorio/practicasros_ws/install/recursos/share/recursos/cmake/ament_cmake_export_targets-extras.cmake
-- Up-to-date: /home/rod-0310/Escritorio/practicasros_ws/install/recursos/share/recursos/cmake/rosidl_cmake_export_typesupport_targets-extras.cmake
-- Up-to-date: /home/rod-0310/Escritorio/practicasros_ws/install/recursos/share/recursos/cmake/rosidl_cmake_export_typesupport_libraries-extras.cmake
-- Up-to-date: /home/rod-0310/Escritorio/practicasros_ws/install/recursos/share/recursos/cmake/recursosConfig.cmake
-- Up-to-date: /home/rod-0310/Escritorio/practicasros_ws/install/recursos/share/recursos/cmake/recursosConfig-version.cmake
-- Up-to-date: /home/rod-0310/Escritorio/practicasros_ws/install/recursos/share/recursos/package.xml
