-- Found ament_cmake: 1.3.11 (/opt/ros/humble/share/ament_cmake/cmake)
-- Found geometry_msgs: 4.2.4 (/opt/ros/humble/share/geometry_msgs/cmake)
-- Found rosidl_generator_c: 3.1.6 (/opt/ros/humble/share/rosidl_generator_c/cmake)
-- Found rosidl_adapter: 3.1.6 (/opt/ros/humble/share/rosidl_adapter/cmake)
-- Found rosidl_generator_cpp: 3.1.6 (/opt/ros/humble/share/rosidl_generator_cpp/cmake)
-- Using all available rosidl_typesupport_c: rosidl_typesupport_fastrtps_c;rosidl_typesupport_introspection_c
-- Using all available rosidl_typesupport_cpp: rosidl_typesupport_fastrtps_cpp;rosidl_typesupport_introspection_cpp
-- Found rosidl_default_generators: 1.2.0 (/opt/ros/humble/share/rosidl_default_generators/cmake)
-- Found ament_cmake_ros: 0.10.0 (/opt/ros/humble/share/ament_cmake_ros/cmake)
-- Using all available rosidl_typesupport_c: rosidl_typesupport_fastrtps_c;rosidl_typesupport_introspection_c
-- Using all available rosidl_typesupport_cpp: rosidl_typesupport_fastrtps_cpp;rosidl_typesupport_introspection_cpp
-- Found PythonInterp: /usr/bin/python3 (found suitable version "3.10.12", minimum required is "3.6") 
-- Found python_cmake_module: 0.10.0 (/opt/ros/humble/share/python_cmake_module/cmake)
-- Found PythonLibs: /usr/lib/x86_64-linux-gnu/libpython3.10.so (found suitable version "3.10.12", minimum required is "3.5") 
-- Using PYTHON_EXECUTABLE: /usr/bin/python3
-- Using PYTHON_INCLUDE_DIRS: /usr/include/python3.10
-- Using PYTHON_LIBRARIES: /usr/lib/x86_64-linux-gnu/libpython3.10.so
-- Found PythonExtra: .so  
-- Found ament_lint_auto: 0.12.11 (/opt/ros/humble/share/ament_lint_auto/cmake)
-- Added test 'lint_cmake' to check CMake code style
-- Added test 'xmllint' to check XML markup files
-- Configuring done
-- Generating done
-- Build files have been written to: /home/rod-0310/Escritorio/examen_ws/build/examen_interface
[  3%] [34m[1mGenerating C code for ROS interfaces[0m
[  6%] [34m[1mGenerating C++ code for ROS interfaces[0m
[  6%] Built target ament_cmake_python_copy_examen_interface
[  6%] Built target examen_interface__cpp
[  9%] [32mBuilding C object CMakeFiles/examen_interface__rosidl_generator_c.dir/rosidl_generator_c/examen_interface/msg/detail/num__functions.c.o[0m
[ 16%] [34m[1mGenerating C++ introspection for ROS interfaces[0m
[ 19%] [34m[1mGenerating C++ type support for eProsima Fast-RTPS[0m
[ 19%] [34m[1mGenerating C++ type support dispatch for ROS interfaces[0m
running egg_info
creating examen_interface.egg-info
writing examen_interface.egg-info/PKG-INFO
writing dependency_links to examen_interface.egg-info/dependency_links.txt
writing top-level names to examen_interface.egg-info/top_level.txt
writing manifest file 'examen_interface.egg-info/SOURCES.txt'
reading manifest file 'examen_interface.egg-info/SOURCES.txt'
writing manifest file 'examen_interface.egg-info/SOURCES.txt'
[ 22%] [32m[1mLinking C shared library libexamen_interface__rosidl_generator_c.so[0m
[ 22%] Built target ament_cmake_python_build_examen_interface_egg
[ 22%] Built target examen_interface__rosidl_generator_c
[ 32%] [34m[1mGenerating C type support dispatch for ROS interfaces[0m
[ 32%] [34m[1mGenerating C introspection for ROS interfaces[0m
[ 32%] [34m[1mGenerating C type support for eProsima Fast-RTPS[0m
[ 35%] [32mBuilding CXX object CMakeFiles/examen_interface__rosidl_typesupport_cpp.dir/rosidl_typesupport_cpp/examen_interface/msg/num__type_support.cpp.o[0m
[ 38%] [32mBuilding CXX object CMakeFiles/examen_interface__rosidl_typesupport_introspection_cpp.dir/rosidl_typesupport_introspection_cpp/examen_interface/msg/detail/num__type_support.cpp.o[0m
[ 41%] [32mBuilding CXX object CMakeFiles/examen_interface__rosidl_typesupport_fastrtps_cpp.dir/rosidl_typesupport_fastrtps_cpp/examen_interface/msg/detail/dds_fastrtps/num__type_support.cpp.o[0m
[ 45%] [32mBuilding CXX object CMakeFiles/examen_interface__rosidl_typesupport_c.dir/rosidl_typesupport_c/examen_interface/msg/num__type_support.cpp.o[0m
[ 48%] [32mBuilding CXX object CMakeFiles/examen_interface__rosidl_typesupport_fastrtps_c.dir/rosidl_typesupport_fastrtps_c/examen_interface/msg/detail/num__type_support_c.cpp.o[0m
[ 51%] [32mBuilding C object CMakeFiles/examen_interface__rosidl_typesupport_introspection_c.dir/rosidl_typesupport_introspection_c/examen_interface/msg/detail/num__type_support.c.o[0m
[ 54%] [32m[1mLinking CXX shared library libexamen_interface__rosidl_typesupport_c.so[0m
[ 58%] [32m[1mLinking C shared library libexamen_interface__rosidl_typesupport_introspection_c.so[0m
[ 58%] Built target examen_interface__rosidl_typesupport_c
[ 58%] Built target examen_interface__rosidl_typesupport_introspection_c
[ 61%] [32m[1mLinking CXX shared library libexamen_interface__rosidl_typesupport_cpp.so[0m
[ 61%] Built target examen_interface__rosidl_typesupport_cpp
[ 64%] [32m[1mLinking CXX shared library libexamen_interface__rosidl_typesupport_introspection_cpp.so[0m
[ 67%] [32m[1mLinking CXX shared library libexamen_interface__rosidl_typesupport_fastrtps_cpp.so[0m
[ 67%] Built target examen_interface__rosidl_typesupport_introspection_cpp
[ 67%] Built target examen_interface__rosidl_typesupport_fastrtps_cpp
[ 70%] [32m[1mLinking CXX shared library libexamen_interface__rosidl_typesupport_fastrtps_c.so[0m
[ 70%] Built target examen_interface__rosidl_typesupport_fastrtps_c
[ 70%] Built target examen_interface
[ 74%] [34m[1mGenerating Python code for ROS interfaces[0m
[ 74%] Built target examen_interface__py
[ 77%] [32mBuilding C object CMakeFiles/examen_interface__rosidl_generator_py.dir/rosidl_generator_py/examen_interface/msg/_num_s.c.o[0m
[ 80%] [32m[1mLinking C shared library rosidl_generator_py/examen_interface/libexamen_interface__rosidl_generator_py.so[0m
[ 80%] Built target examen_interface__rosidl_generator_py
[ 83%] [32mBuilding C object CMakeFiles/examen_interface__rosidl_typesupport_fastrtps_c__pyext.dir/rosidl_generator_py/examen_interface/_examen_interface_s.ep.rosidl_typesupport_fastrtps_c.c.o[0m
[ 90%] [32mBuilding C object CMakeFiles/examen_interface__rosidl_typesupport_c__pyext.dir/rosidl_generator_py/examen_interface/_examen_interface_s.ep.rosidl_typesupport_c.c.o[0m
[ 90%] [32mBuilding C object CMakeFiles/examen_interface__rosidl_typesupport_introspection_c__pyext.dir/rosidl_generator_py/examen_interface/_examen_interface_s.ep.rosidl_typesupport_introspection_c.c.o[0m
[100%] [32m[1mLinking C shared library rosidl_generator_py/examen_interface/examen_interface_s__rosidl_typesupport_introspection_c.cpython-310-x86_64-linux-gnu.so[0m
[100%] [32m[1mLinking C shared library rosidl_generator_py/examen_interface/examen_interface_s__rosidl_typesupport_c.cpython-310-x86_64-linux-gnu.so[0m
[100%] [32m[1mLinking C shared library rosidl_generator_py/examen_interface/examen_interface_s__rosidl_typesupport_fastrtps_c.cpython-310-x86_64-linux-gnu.so[0m
[100%] Built target examen_interface__rosidl_typesupport_c__pyext
[100%] Built target examen_interface__rosidl_typesupport_fastrtps_c__pyext
[100%] Built target examen_interface__rosidl_typesupport_introspection_c__pyext
-- Install configuration: ""
-- Installing: /home/rod-0310/Escritorio/examen_ws/install/examen_interface/share/ament_index/resource_index/rosidl_interfaces/examen_interface
-- Installing: /home/rod-0310/Escritorio/examen_ws/install/examen_interface/include/examen_interface/examen_interface
-- Installing: /home/rod-0310/Escritorio/examen_ws/install/examen_interface/include/examen_interface/examen_interface/msg
-- Installing: /home/rod-0310/Escritorio/examen_ws/install/examen_interface/include/examen_interface/examen_interface/msg/detail
-- Installing: /home/rod-0310/Escritorio/examen_ws/install/examen_interface/include/examen_interface/examen_interface/msg/detail/num__functions.c
-- Installing: /home/rod-0310/Escritorio/examen_ws/install/examen_interface/include/examen_interface/examen_interface/msg/detail/num__functions.h
-- Installing: /home/rod-0310/Escritorio/examen_ws/install/examen_interface/include/examen_interface/examen_interface/msg/detail/num__struct.h
-- Installing: /home/rod-0310/Escritorio/examen_ws/install/examen_interface/include/examen_interface/examen_interface/msg/detail/num__type_support.h
-- Installing: /home/rod-0310/Escritorio/examen_ws/install/examen_interface/include/examen_interface/examen_interface/msg/num.h
-- Installing: /home/rod-0310/Escritorio/examen_ws/install/examen_interface/include/examen_interface/examen_interface/msg/rosidl_generator_c__visibility_control.h
-- Installing: /home/rod-0310/Escritorio/examen_ws/install/examen_interface/share/examen_interface/environment/library_path.sh
-- Installing: /home/rod-0310/Escritorio/examen_ws/install/examen_interface/share/examen_interface/environment/library_path.dsv
-- Installing: /home/rod-0310/Escritorio/examen_ws/install/examen_interface/lib/libexamen_interface__rosidl_generator_c.so
-- Set runtime path of "/home/rod-0310/Escritorio/examen_ws/install/examen_interface/lib/libexamen_interface__rosidl_generator_c.so" to ""
-- Up-to-date: /home/rod-0310/Escritorio/examen_ws/install/examen_interface/include/examen_interface/examen_interface
-- Up-to-date: /home/rod-0310/Escritorio/examen_ws/install/examen_interface/include/examen_interface/examen_interface/msg
-- Installing: /home/rod-0310/Escritorio/examen_ws/install/examen_interface/include/examen_interface/examen_interface/msg/rosidl_typesupport_fastrtps_c__visibility_control.h
-- Up-to-date: /home/rod-0310/Escritorio/examen_ws/install/examen_interface/include/examen_interface/examen_interface/msg/detail
-- Installing: /home/rod-0310/Escritorio/examen_ws/install/examen_interface/include/examen_interface/examen_interface/msg/detail/num__rosidl_typesupport_fastrtps_c.h
-- Installing: /home/rod-0310/Escritorio/examen_ws/install/examen_interface/lib/libexamen_interface__rosidl_typesupport_fastrtps_c.so
-- Set runtime path of "/home/rod-0310/Escritorio/examen_ws/install/examen_interface/lib/libexamen_interface__rosidl_typesupport_fastrtps_c.so" to ""
-- Up-to-date: /home/rod-0310/Escritorio/examen_ws/install/examen_interface/include/examen_interface/examen_interface
-- Up-to-date: /home/rod-0310/Escritorio/examen_ws/install/examen_interface/include/examen_interface/examen_interface/msg
-- Installing: /home/rod-0310/Escritorio/examen_ws/install/examen_interface/include/examen_interface/examen_interface/msg/rosidl_generator_cpp__visibility_control.hpp
-- Installing: /home/rod-0310/Escritorio/examen_ws/install/examen_interface/include/examen_interface/examen_interface/msg/num.hpp
-- Up-to-date: /home/rod-0310/Escritorio/examen_ws/install/examen_interface/include/examen_interface/examen_interface/msg/detail
-- Installing: /home/rod-0310/Escritorio/examen_ws/install/examen_interface/include/examen_interface/examen_interface/msg/detail/num__builder.hpp
-- Installing: /home/rod-0310/Escritorio/examen_ws/install/examen_interface/include/examen_interface/examen_interface/msg/detail/num__type_support.hpp
-- Installing: /home/rod-0310/Escritorio/examen_ws/install/examen_interface/include/examen_interface/examen_interface/msg/detail/num__traits.hpp
-- Installing: /home/rod-0310/Escritorio/examen_ws/install/examen_interface/include/examen_interface/examen_interface/msg/detail/num__struct.hpp
-- Up-to-date: /home/rod-0310/Escritorio/examen_ws/install/examen_interface/include/examen_interface/examen_interface
-- Up-to-date: /home/rod-0310/Escritorio/examen_ws/install/examen_interface/include/examen_interface/examen_interface/msg
-- Installing: /home/rod-0310/Escritorio/examen_ws/install/examen_interface/include/examen_interface/examen_interface/msg/rosidl_typesupport_fastrtps_cpp__visibility_control.h
-- Up-to-date: /home/rod-0310/Escritorio/examen_ws/install/examen_interface/include/examen_interface/examen_interface/msg/detail
-- Installing: /home/rod-0310/Escritorio/examen_ws/install/examen_interface/include/examen_interface/examen_interface/msg/detail/num__rosidl_typesupport_fastrtps_cpp.hpp
-- Installing: /home/rod-0310/Escritorio/examen_ws/install/examen_interface/include/examen_interface/examen_interface/msg/detail/dds_fastrtps
-- Installing: /home/rod-0310/Escritorio/examen_ws/install/examen_interface/lib/libexamen_interface__rosidl_typesupport_fastrtps_cpp.so
-- Set runtime path of "/home/rod-0310/Escritorio/examen_ws/install/examen_interface/lib/libexamen_interface__rosidl_typesupport_fastrtps_cpp.so" to ""
-- Up-to-date: /home/rod-0310/Escritorio/examen_ws/install/examen_interface/include/examen_interface/examen_interface
-- Up-to-date: /home/rod-0310/Escritorio/examen_ws/install/examen_interface/include/examen_interface/examen_interface/msg
-- Installing: /home/rod-0310/Escritorio/examen_ws/install/examen_interface/include/examen_interface/examen_interface/msg/rosidl_typesupport_introspection_c__visibility_control.h
-- Up-to-date: /home/rod-0310/Escritorio/examen_ws/install/examen_interface/include/examen_interface/examen_interface/msg/detail
-- Installing: /home/rod-0310/Escritorio/examen_ws/install/examen_interface/include/examen_interface/examen_interface/msg/detail/num__type_support.c
-- Installing: /home/rod-0310/Escritorio/examen_ws/install/examen_interface/include/examen_interface/examen_interface/msg/detail/num__rosidl_typesupport_introspection_c.h
-- Installing: /home/rod-0310/Escritorio/examen_ws/install/examen_interface/lib/libexamen_interface__rosidl_typesupport_introspection_c.so
-- Set runtime path of "/home/rod-0310/Escritorio/examen_ws/install/examen_interface/lib/libexamen_interface__rosidl_typesupport_introspection_c.so" to ""
-- Installing: /home/rod-0310/Escritorio/examen_ws/install/examen_interface/lib/libexamen_interface__rosidl_typesupport_c.so
-- Set runtime path of "/home/rod-0310/Escritorio/examen_ws/install/examen_interface/lib/libexamen_interface__rosidl_typesupport_c.so" to ""
-- Up-to-date: /home/rod-0310/Escritorio/examen_ws/install/examen_interface/include/examen_interface/examen_interface
-- Up-to-date: /home/rod-0310/Escritorio/examen_ws/install/examen_interface/include/examen_interface/examen_interface/msg
-- Up-to-date: /home/rod-0310/Escritorio/examen_ws/install/examen_interface/include/examen_interface/examen_interface/msg/detail
-- Installing: /home/rod-0310/Escritorio/examen_ws/install/examen_interface/include/examen_interface/examen_interface/msg/detail/num__rosidl_typesupport_introspection_cpp.hpp
-- Installing: /home/rod-0310/Escritorio/examen_ws/install/examen_interface/include/examen_interface/examen_interface/msg/detail/num__type_support.cpp
-- Installing: /home/rod-0310/Escritorio/examen_ws/install/examen_interface/lib/libexamen_interface__rosidl_typesupport_introspection_cpp.so
-- Set runtime path of "/home/rod-0310/Escritorio/examen_ws/install/examen_interface/lib/libexamen_interface__rosidl_typesupport_introspection_cpp.so" to ""
-- Installing: /home/rod-0310/Escritorio/examen_ws/install/examen_interface/lib/libexamen_interface__rosidl_typesupport_cpp.so
-- Set runtime path of "/home/rod-0310/Escritorio/examen_ws/install/examen_interface/lib/libexamen_interface__rosidl_typesupport_cpp.so" to ""
-- Installing: /home/rod-0310/Escritorio/examen_ws/install/examen_interface/share/examen_interface/environment/pythonpath.sh
-- Installing: /home/rod-0310/Escritorio/examen_ws/install/examen_interface/share/examen_interface/environment/pythonpath.dsv
-- Installing: /home/rod-0310/Escritorio/examen_ws/install/examen_interface/local/lib/python3.10/dist-packages/examen_interface-0.0.0-py3.10.egg-info
-- Installing: /home/rod-0310/Escritorio/examen_ws/install/examen_interface/local/lib/python3.10/dist-packages/examen_interface-0.0.0-py3.10.egg-info/top_level.txt
-- Installing: /home/rod-0310/Escritorio/examen_ws/install/examen_interface/local/lib/python3.10/dist-packages/examen_interface-0.0.0-py3.10.egg-info/dependency_links.txt
-- Installing: /home/rod-0310/Escritorio/examen_ws/install/examen_interface/local/lib/python3.10/dist-packages/examen_interface-0.0.0-py3.10.egg-info/SOURCES.txt
-- Installing: /home/rod-0310/Escritorio/examen_ws/install/examen_interface/local/lib/python3.10/dist-packages/examen_interface-0.0.0-py3.10.egg-info/PKG-INFO
-- Installing: /home/rod-0310/Escritorio/examen_ws/install/examen_interface/local/lib/python3.10/dist-packages/examen_interface
-- Installing: /home/rod-0310/Escritorio/examen_ws/install/examen_interface/local/lib/python3.10/dist-packages/examen_interface/_examen_interface_s.ep.rosidl_typesupport_c.c
-- Installing: /home/rod-0310/Escritorio/examen_ws/install/examen_interface/local/lib/python3.10/dist-packages/examen_interface/_examen_interface_s.ep.rosidl_typesupport_fastrtps_c.c
-- Installing: /home/rod-0310/Escritorio/examen_ws/install/examen_interface/local/lib/python3.10/dist-packages/examen_interface/__init__.py
-- Installing: /home/rod-0310/Escritorio/examen_ws/install/examen_interface/local/lib/python3.10/dist-packages/examen_interface/examen_interface_s__rosidl_typesupport_fastrtps_c.cpython-310-x86_64-linux-gnu.so
-- Installing: /home/rod-0310/Escritorio/examen_ws/install/examen_interface/local/lib/python3.10/dist-packages/examen_interface/_examen_interface_s.ep.rosidl_typesupport_introspection_c.c
-- Installing: /home/rod-0310/Escritorio/examen_ws/install/examen_interface/local/lib/python3.10/dist-packages/examen_interface/msg
-- Installing: /home/rod-0310/Escritorio/examen_ws/install/examen_interface/local/lib/python3.10/dist-packages/examen_interface/msg/__init__.py
-- Installing: /home/rod-0310/Escritorio/examen_ws/install/examen_interface/local/lib/python3.10/dist-packages/examen_interface/msg/_num.py
-- Installing: /home/rod-0310/Escritorio/examen_ws/install/examen_interface/local/lib/python3.10/dist-packages/examen_interface/msg/_num_s.c
-- Installing: /home/rod-0310/Escritorio/examen_ws/install/examen_interface/local/lib/python3.10/dist-packages/examen_interface/examen_interface_s__rosidl_typesupport_c.cpython-310-x86_64-linux-gnu.so
-- Installing: /home/rod-0310/Escritorio/examen_ws/install/examen_interface/local/lib/python3.10/dist-packages/examen_interface/examen_interface_s__rosidl_typesupport_introspection_c.cpython-310-x86_64-linux-gnu.so
-- Installing: /home/rod-0310/Escritorio/examen_ws/install/examen_interface/local/lib/python3.10/dist-packages/examen_interface/libexamen_interface__rosidl_generator_py.so
Listing '/home/rod-0310/Escritorio/examen_ws/install/examen_interface/local/lib/python3.10/dist-packages/examen_interface'...
Compiling '/home/rod-0310/Escritorio/examen_ws/install/examen_interface/local/lib/python3.10/dist-packages/examen_interface/__init__.py'...
Listing '/home/rod-0310/Escritorio/examen_ws/install/examen_interface/local/lib/python3.10/dist-packages/examen_interface/msg'...
Compiling '/home/rod-0310/Escritorio/examen_ws/install/examen_interface/local/lib/python3.10/dist-packages/examen_interface/msg/__init__.py'...
Compiling '/home/rod-0310/Escritorio/examen_ws/install/examen_interface/local/lib/python3.10/dist-packages/examen_interface/msg/_num.py'...
-- Installing: /home/rod-0310/Escritorio/examen_ws/install/examen_interface/local/lib/python3.10/dist-packages/examen_interface/examen_interface_s__rosidl_typesupport_fastrtps_c.cpython-310-x86_64-linux-gnu.so
-- Set runtime path of "/home/rod-0310/Escritorio/examen_ws/install/examen_interface/local/lib/python3.10/dist-packages/examen_interface/examen_interface_s__rosidl_typesupport_fastrtps_c.cpython-310-x86_64-linux-gnu.so" to ""
-- Installing: /home/rod-0310/Escritorio/examen_ws/install/examen_interface/local/lib/python3.10/dist-packages/examen_interface/examen_interface_s__rosidl_typesupport_introspection_c.cpython-310-x86_64-linux-gnu.so
-- Set runtime path of "/home/rod-0310/Escritorio/examen_ws/install/examen_interface/local/lib/python3.10/dist-packages/examen_interface/examen_interface_s__rosidl_typesupport_introspection_c.cpython-310-x86_64-linux-gnu.so" to ""
-- Installing: /home/rod-0310/Escritorio/examen_ws/install/examen_interface/local/lib/python3.10/dist-packages/examen_interface/examen_interface_s__rosidl_typesupport_c.cpython-310-x86_64-linux-gnu.so
-- Set runtime path of "/home/rod-0310/Escritorio/examen_ws/install/examen_interface/local/lib/python3.10/dist-packages/examen_interface/examen_interface_s__rosidl_typesupport_c.cpython-310-x86_64-linux-gnu.so" to ""
-- Installing: /home/rod-0310/Escritorio/examen_ws/install/examen_interface/lib/libexamen_interface__rosidl_generator_py.so
-- Set runtime path of "/home/rod-0310/Escritorio/examen_ws/install/examen_interface/lib/libexamen_interface__rosidl_generator_py.so" to ""
-- Installing: /home/rod-0310/Escritorio/examen_ws/install/examen_interface/share/examen_interface/msg/Num.idl
-- Installing: /home/rod-0310/Escritorio/examen_ws/install/examen_interface/share/examen_interface/msg/Num.msg
-- Installing: /home/rod-0310/Escritorio/examen_ws/install/examen_interface/share/ament_index/resource_index/package_run_dependencies/examen_interface
-- Up-to-date: /home/rod-0310/Escritorio/examen_ws/install/examen_interface/share/ament_index/resource_index/parent_prefix_path/examen_interface
-- Up-to-date: /home/rod-0310/Escritorio/examen_ws/install/examen_interface/share/examen_interface/environment/ament_prefix_path.sh
-- Installing: /home/rod-0310/Escritorio/examen_ws/install/examen_interface/share/examen_interface/environment/ament_prefix_path.dsv
-- Up-to-date: /home/rod-0310/Escritorio/examen_ws/install/examen_interface/share/examen_interface/environment/path.sh
-- Installing: /home/rod-0310/Escritorio/examen_ws/install/examen_interface/share/examen_interface/environment/path.dsv
-- Up-to-date: /home/rod-0310/Escritorio/examen_ws/install/examen_interface/share/examen_interface/local_setup.bash
-- Installing: /home/rod-0310/Escritorio/examen_ws/install/examen_interface/share/examen_interface/local_setup.sh
-- Up-to-date: /home/rod-0310/Escritorio/examen_ws/install/examen_interface/share/examen_interface/local_setup.zsh
-- Installing: /home/rod-0310/Escritorio/examen_ws/install/examen_interface/share/examen_interface/local_setup.dsv
-- Installing: /home/rod-0310/Escritorio/examen_ws/install/examen_interface/share/examen_interface/package.dsv
-- Up-to-date: /home/rod-0310/Escritorio/examen_ws/install/examen_interface/share/ament_index/resource_index/packages/examen_interface
-- Installing: /home/rod-0310/Escritorio/examen_ws/install/examen_interface/share/examen_interface/cmake/export_examen_interface__rosidl_generator_cExport.cmake
-- Installing: /home/rod-0310/Escritorio/examen_ws/install/examen_interface/share/examen_interface/cmake/export_examen_interface__rosidl_generator_cExport-noconfig.cmake
-- Installing: /home/rod-0310/Escritorio/examen_ws/install/examen_interface/share/examen_interface/cmake/export_examen_interface__rosidl_typesupport_fastrtps_cExport.cmake
-- Installing: /home/rod-0310/Escritorio/examen_ws/install/examen_interface/share/examen_interface/cmake/export_examen_interface__rosidl_typesupport_fastrtps_cExport-noconfig.cmake
-- Installing: /home/rod-0310/Escritorio/examen_ws/install/examen_interface/share/examen_interface/cmake/export_examen_interface__rosidl_generator_cppExport.cmake
-- Installing: /home/rod-0310/Escritorio/examen_ws/install/examen_interface/share/examen_interface/cmake/export_examen_interface__rosidl_typesupport_fastrtps_cppExport.cmake
-- Installing: /home/rod-0310/Escritorio/examen_ws/install/examen_interface/share/examen_interface/cmake/export_examen_interface__rosidl_typesupport_fastrtps_cppExport-noconfig.cmake
-- Installing: /home/rod-0310/Escritorio/examen_ws/install/examen_interface/share/examen_interface/cmake/examen_interface__rosidl_typesupport_introspection_cExport.cmake
-- Installing: /home/rod-0310/Escritorio/examen_ws/install/examen_interface/share/examen_interface/cmake/examen_interface__rosidl_typesupport_introspection_cExport-noconfig.cmake
-- Installing: /home/rod-0310/Escritorio/examen_ws/install/examen_interface/share/examen_interface/cmake/examen_interface__rosidl_typesupport_cExport.cmake
-- Installing: /home/rod-0310/Escritorio/examen_ws/install/examen_interface/share/examen_interface/cmake/examen_interface__rosidl_typesupport_cExport-noconfig.cmake
-- Installing: /home/rod-0310/Escritorio/examen_ws/install/examen_interface/share/examen_interface/cmake/examen_interface__rosidl_typesupport_introspection_cppExport.cmake
-- Installing: /home/rod-0310/Escritorio/examen_ws/install/examen_interface/share/examen_interface/cmake/examen_interface__rosidl_typesupport_introspection_cppExport-noconfig.cmake
-- Installing: /home/rod-0310/Escritorio/examen_ws/install/examen_interface/share/examen_interface/cmake/examen_interface__rosidl_typesupport_cppExport.cmake
-- Installing: /home/rod-0310/Escritorio/examen_ws/install/examen_interface/share/examen_interface/cmake/examen_interface__rosidl_typesupport_cppExport-noconfig.cmake
-- Installing: /home/rod-0310/Escritorio/examen_ws/install/examen_interface/share/examen_interface/cmake/export_examen_interface__rosidl_generator_pyExport.cmake
-- Installing: /home/rod-0310/Escritorio/examen_ws/install/examen_interface/share/examen_interface/cmake/export_examen_interface__rosidl_generator_pyExport-noconfig.cmake
-- Installing: /home/rod-0310/Escritorio/examen_ws/install/examen_interface/share/examen_interface/cmake/rosidl_cmake-extras.cmake
-- Installing: /home/rod-0310/Escritorio/examen_ws/install/examen_interface/share/examen_interface/cmake/ament_cmake_export_dependencies-extras.cmake
-- Installing: /home/rod-0310/Escritorio/examen_ws/install/examen_interface/share/examen_interface/cmake/ament_cmake_export_include_directories-extras.cmake
-- Installing: /home/rod-0310/Escritorio/examen_ws/install/examen_interface/share/examen_interface/cmake/ament_cmake_export_libraries-extras.cmake
-- Installing: /home/rod-0310/Escritorio/examen_ws/install/examen_interface/share/examen_interface/cmake/ament_cmake_export_targets-extras.cmake
-- Installing: /home/rod-0310/Escritorio/examen_ws/install/examen_interface/share/examen_interface/cmake/rosidl_cmake_export_typesupport_targets-extras.cmake
-- Installing: /home/rod-0310/Escritorio/examen_ws/install/examen_interface/share/examen_interface/cmake/rosidl_cmake_export_typesupport_libraries-extras.cmake
-- Installing: /home/rod-0310/Escritorio/examen_ws/install/examen_interface/share/examen_interface/cmake/examen_interfaceConfig.cmake
-- Up-to-date: /home/rod-0310/Escritorio/examen_ws/install/examen_interface/share/examen_interface/cmake/examen_interfaceConfig-version.cmake
-- Installing: /home/rod-0310/Escritorio/examen_ws/install/examen_interface/share/examen_interface/package.xml
