[0.717s] Invoking command in '/home/rod-0310/Escritorio/practicasros_ws/src/ejercicio2': PYTHONPATH=/home/rod-0310/Escritorio/practicasros_ws/build/ejercicio2/prefix_override:/usr/lib/python3/dist-packages/colcon_core/task/python/colcon_distutils_commands:/home/rod-0310/Escritorio/practicasros_ws/install/ejercicio2/lib/python3.10/site-packages:${PYTHONPATH} /usr/bin/python3 -W ignore:setup.py install is deprecated -W ignore:easy_install command is deprecated setup.py egg_info --egg-base ../../build/ejercicio2 build --build-base /home/rod-0310/Escritorio/practicasros_ws/build/ejercicio2/build install --record /home/rod-0310/Escritorio/practicasros_ws/build/ejercicio2/install.log --single-version-externally-managed install_data
[0.908s] running egg_info
[0.909s] creating ../../build/ejercicio2/ejercicio2.egg-info
[0.909s] writing ../../build/ejercicio2/ejercicio2.egg-info/PKG-INFO
[0.909s] writing dependency_links to ../../build/ejercicio2/ejercicio2.egg-info/dependency_links.txt
[0.910s] writing entry points to ../../build/ejercicio2/ejercicio2.egg-info/entry_points.txt
[0.910s] writing requirements to ../../build/ejercicio2/ejercicio2.egg-info/requires.txt
[0.910s] writing top-level names to ../../build/ejercicio2/ejercicio2.egg-info/top_level.txt
[0.910s] writing manifest file '../../build/ejercicio2/ejercicio2.egg-info/SOURCES.txt'
[0.911s] reading manifest file '../../build/ejercicio2/ejercicio2.egg-info/SOURCES.txt'
[0.911s] adding license file 'LICENSE'
[0.911s] writing manifest file '../../build/ejercicio2/ejercicio2.egg-info/SOURCES.txt'
[0.912s] running build
[0.912s] running build_py
[0.912s] creating /home/rod-0310/Escritorio/practicasros_ws/build/ejercicio2/build
[0.912s] creating /home/rod-0310/Escritorio/practicasros_ws/build/ejercicio2/build/lib
[0.913s] creating /home/rod-0310/Escritorio/practicasros_ws/build/ejercicio2/build/lib/ejercicio2
[0.913s] copying ejercicio2/__init__.py -> /home/rod-0310/Escritorio/practicasros_ws/build/ejercicio2/build/lib/ejercicio2
[0.913s] running install
[0.913s] running install_lib
[0.913s] creating /home/rod-0310/Escritorio/practicasros_ws/install/ejercicio2/lib/python3.10/site-packages/ejercicio2
[0.914s] copying /home/rod-0310/Escritorio/practicasros_ws/build/ejercicio2/build/lib/ejercicio2/__init__.py -> /home/rod-0310/Escritorio/practicasros_ws/install/ejercicio2/lib/python3.10/site-packages/ejercicio2
[0.914s] byte-compiling /home/rod-0310/Escritorio/practicasros_ws/install/ejercicio2/lib/python3.10/site-packages/ejercicio2/__init__.py to __init__.cpython-310.pyc
[0.914s] running install_data
[0.914s] creating /home/rod-0310/Escritorio/practicasros_ws/install/ejercicio2/share/ament_index
[0.914s] creating /home/rod-0310/Escritorio/practicasros_ws/install/ejercicio2/share/ament_index/resource_index
[0.914s] creating /home/rod-0310/Escritorio/practicasros_ws/install/ejercicio2/share/ament_index/resource_index/packages
[0.914s] copying resource/ejercicio2 -> /home/rod-0310/Escritorio/practicasros_ws/install/ejercicio2/share/ament_index/resource_index/packages
[0.915s] copying package.xml -> /home/rod-0310/Escritorio/practicasros_ws/install/ejercicio2/share/ejercicio2
[0.915s] running install_egg_info
[0.915s] Copying ../../build/ejercicio2/ejercicio2.egg-info to /home/rod-0310/Escritorio/practicasros_ws/install/ejercicio2/lib/python3.10/site-packages/ejercicio2-0.0.0-py3.10.egg-info
[0.915s] running install_scripts
[0.935s] writing list of installed files to '/home/rod-0310/Escritorio/practicasros_ws/build/ejercicio2/install.log'
[0.955s] Invoked command in '/home/rod-0310/Escritorio/practicasros_ws/src/ejercicio2' returned '0': PYTHONPATH=/home/rod-0310/Escritorio/practicasros_ws/build/ejercicio2/prefix_override:/usr/lib/python3/dist-packages/colcon_core/task/python/colcon_distutils_commands:/home/rod-0310/Escritorio/practicasros_ws/install/ejercicio2/lib/python3.10/site-packages:${PYTHONPATH} /usr/bin/python3 -W ignore:setup.py install is deprecated -W ignore:easy_install command is deprecated setup.py egg_info --egg-base ../../build/ejercicio2 build --build-base /home/rod-0310/Escritorio/practicasros_ws/build/ejercicio2/build install --record /home/rod-0310/Escritorio/practicasros_ws/build/ejercicio2/install.log --single-version-externally-managed install_data
